==> Making package: tigervnc 1.9.0-1 (Fri 05 Apr 2019 09:50:45 AM UTC)
==> Checking runtime dependencies...
==> Installing missing dependencies...
resolving dependencies...
looking for conflicting packages...
warning: removing 'xproto' from target list because it conflicts with 'xorgproto'

Packages (37) cairo-1.16.0-2  desktop-file-utils-0.23+4+g92af410-1  fontconfig-2:2.13.1+12+g5f5ec56-1  glu-9.0.0-5  hicolor-icon-theme-0.17-1  libice-1.0.9-2  libpciaccess-0.14-1  libsm-1.2.3-1  libx11-1.6.7-1  libxau-1.0.8-3  libxcb-1.13.1-1  libxcursor-1.1.15-1  libxdmcp-1.1.2-2  libxext-1.3.3-2  libxfixes-5.0.3-2  libxft-2.3.2-2  libxi-1.7.9-2  libxinerama-1.1.4-1  libxkbfile-1.0.9-2  libxmu-1.1.2-2  libxrender-0.9.10-2  libxt-1.1.5-2  xcb-proto-1.13-2  xdg-utils-1.1.3-3  xorg-xset-1.2.4-1  xorgproto-2018.4-1  fltk-1.3.5-1  libdrm-2.4.97-1  libglvnd-1.1.0-1  libxdamage-1.1.4-3  libxfont2-2.0.3-1  libxtst-1.2.3-2  pixman-0.36.0-1  xkeyboard-config-2.26-1  xorg-xauth-1.0.10-2  xorg-xkbcomp-1.4.2-1  xorg-xsetroot-1.1.2-1

Total Installed Size:  51.94 MiB

:: Proceed with installation? [Y/n] 
checking keyring...
checking package integrity...
loading package files...
checking for file conflicts...
checking available disk space...
:: Processing package changes...
installing xcb-proto...
installing xorgproto...
installing libxdmcp...
installing libxau...
installing libxcb...
installing libx11...
installing libxrender...
installing libxext...
installing fontconfig...
  
  Fontconfig configuration is done via /etc/fonts/conf.avail and conf.d.
  Read /etc/fonts/conf.d/README for more information.

  Configuration via /etc/fonts/local.conf is still possible,
  but is no longer recommended for options available in conf.avail.

  Main systemwide configuration should be done by symlinks
  (especially for autohinting, sub-pixel and lcdfilter):
  
  cd /etc/fonts/conf.d
  ln -s ../conf.avail/XX-foo.conf
  
  Check also https://wiki.archlinux.org/index.php/Font_Configuration
  and https://wiki.archlinux.org/index.php/Fonts.

Rebuilding fontconfig cache... done.
installing pixman...
installing libglvnd...
installing cairo...
installing desktop-file-utils...
installing glu...
installing hicolor-icon-theme...
installing libxfixes...
installing libxcursor...
Optional dependencies for libxcursor
    gnome-themes-standard: fallback icon theme
installing libxft...
installing libxinerama...
installing libice...
installing libsm...
installing libxt...
installing libxmu...
installing xorg-xset...
installing xdg-utils...
Optional dependencies for xdg-utils
    kde-cli-tools: for KDE Plasma5 support in xdg-open
    exo: for Xfce support in xdg-open
    xorg-xprop: for Xfce support in xdg-open
    pcmanfm: for LXDE support in xdg-open
    perl-file-mimeinfo: for generic support in xdg-open
    perl-net-dbus: Perl extension to dbus used in xdg-screensaver
    perl-x11-protocol: Perl X11 protocol used in xdg-screensaver
installing fltk...
Optional dependencies for fltk
    alsa-lib: for sudoku example application [installed]
installing libxi...
installing libxtst...
installing xorg-xauth...
installing xorg-xsetroot...
installing xkeyboard-config...
installing libxkbfile...
installing xorg-xkbcomp...
installing libxdamage...
installing libxfont2...
installing libpciaccess...
installing libdrm...
:: Running post-transaction hooks...
(1/3) Arming ConditionNeedsUpdate...
(2/3) Updating the desktop file MIME type cache...
(3/3) Updating the MIME type database...
==> Checking buildtime dependencies...
==> Installing missing dependencies...
resolving dependencies...
looking for conflicting packages...

Packages (18) fribidi-1.0.5-1  jre8-openjdk-8.u212-1  lcms2-2.9-1  liblqr-0.4.2-2  libmagick-7.0.8.27-1  libomxil-bellagio-0.9.3-2  libraqm-0.5.0-1  libunwind-1.3.1-1  libxshmfence-1.3-1  libxxf86vm-1.1.4-2  lm_sensors-3.5.0-1  wayland-1.16.0-1  imagemagick-7.0.8.27-1  jdk8-openjdk-8.u212-1  mesa-19.0.1-2  xorg-font-util-1.3.1-2  xorg-util-macros-1.19.2-1  xtrans-1.3.5-2

Total Installed Size:  112.55 MiB

:: Proceed with installation? [Y/n] 
checking keyring...
checking package integrity...
loading package files...
checking for file conflicts...
checking available disk space...
:: Processing package changes...
installing xorg-font-util...
installing xorg-util-macros...
installing xtrans...
installing wayland...
installing libxxf86vm...
installing libxshmfence...
installing libomxil-bellagio...
installing libunwind...
installing lm_sensors...
Optional dependencies for lm_sensors
    rrdtool: for logging with sensord
installing mesa...
Optional dependencies for mesa
    opengl-man-pages: for the OpenGL API man pages
    mesa-vdpau: for accelerated video playback
    libva-mesa-driver: for accelerated video playback
installing lcms2...
installing liblqr...
installing fribidi...
installing libraqm...
installing libmagick...
Optional dependencies for libmagick
    ghostscript: PS/PDF support
    libheif: HEIF support
    libraw: DNG support
    librsvg: SVG support
    libwebp: WEBP support [installed]
    libwmf: WMF support
    libxml2: Magick Scripting Language [installed]
    ocl-icd: OpenCL support
    openexr: OpenEXR support
    openjpeg2: JPEG2000 support
    pango: Text rendering
installing imagemagick...
Optional dependencies for imagemagick
    imagemagick-doc: manual and API docs
installing jre8-openjdk...
when you use a non-reparenting window manager,
set _JAVA_AWT_WM_NONREPARENTING=1 in /etc/profile.d/jre.sh
Optional dependencies for jre8-openjdk
    icedtea-web: web browser plugin + Java Web Start
    alsa-lib: for basic sound support [installed]
    gtk2: for the Gtk+ look and feel - desktop usage
    java-openjfx: for JavaFX GUI components support
installing jdk8-openjdk...
:: Running post-transaction hooks...
(1/4) Warn about old perl modules
(2/4) Updating fontconfig cache...
(3/4) Reloading system manager configuration...
(4/4) Arming ConditionNeedsUpdate...
==> Retrieving sources...
  -> Found tigervnc-1.9.0.tar.gz
  -> Found xorg-server-1.20.4.tar.bz2
  -> Found vncserver.service
  -> Found vncviewer.desktop
==> Validating source files with sha256sums...
    tigervnc-1.9.0.tar.gz ... Passed
    xorg-server-1.20.4.tar.bz2 ... Passed
    vncserver.service ... Passed
    vncviewer.desktop ... Passed
==> Extracting sources...
  -> Extracting tigervnc-1.9.0.tar.gz with bsdtar
  -> Extracting xorg-server-1.20.4.tar.bz2 with bsdtar
==> Starting prepare()...
patching file configure.ac
Hunk #4 succeeded at 2033 (offset -3 lines).
Hunk #5 succeeded at 2567 (offset -4 lines).
patching file hw/Makefile.am
patching file mi/miinitext.c
==> Starting build()...
CMake Deprecation Warning at CMakeLists.txt:7 (cmake_policy):
  The OLD behavior for policy CMP0022 will be removed from a future version
  of CMake.

  The cmake-policies(7) manual explains that the OLD behaviors of all
  policies are deprecated and that a policy should be set to OLD only under
  specific short-term circumstances.  Projects should be ported to the NEW
  behavior and not rely on setting a policy to OLD.


-- The C compiler identification is GNU 8.3.0
-- The CXX compiler identification is GNU 8.3.0
-- Check for working C compiler: /usr/lib/ccache/bin/cc
-- Check for working C compiler: /usr/lib/ccache/bin/cc -- works
-- Detecting C compiler ABI info
-- Detecting C compiler ABI info - done
-- Detecting C compile features
-- Detecting C compile features - done
-- Check for working CXX compiler: /usr/lib/ccache/bin/c++
-- Check for working CXX compiler: /usr/lib/ccache/bin/c++ -- works
-- Detecting CXX compiler ABI info
-- Detecting CXX compiler ABI info - done
-- Detecting CXX compile features
-- Detecting CXX compile features - done
-- CMAKE_BUILD_TYPE = Release
-- VERSION = 1.9.0
-- BUILD_TIMESTAMP = 2019-04-05 09:51
-- 64-bit build
-- Looking for XOpenDisplay in /usr/lib/libX11.so;/usr/lib/libXext.so
-- Looking for XOpenDisplay in /usr/lib/libX11.so;/usr/lib/libXext.so - found
-- Looking for gethostbyname
-- Looking for gethostbyname - found
-- Looking for connect
-- Looking for connect - found
-- Looking for remove
-- Looking for remove - found
-- Looking for shmat
-- Looking for shmat - found
-- Looking for IceConnectionNumber in ICE
-- Looking for IceConnectionNumber in ICE - found
-- Found X11: /usr/lib/libX11.so
-- Found ZLIB: /usr/lib/libz.so (found version "1.2.11") 
-- Found Gettext: /usr/bin/msgmerge (found version "0.19.8.1") 
-- Performing Test ICONV_HAVE_WERROR
-- Performing Test ICONV_HAVE_WERROR - Success
-- Performing Test ICONV_SECOND_ARGUMENT_IS_CONST
-- Performing Test ICONV_SECOND_ARGUMENT_IS_CONST - Failed
-- Found Iconv: /usr/lib/libc.so
-- Looking for dgettext
-- Looking for dgettext - found
-- Found JPEG: /usr/lib/libjpeg.so (found version "80") 
-- Performing Test FOUND_LIBJPEG_TURBO
-- Performing Test FOUND_LIBJPEG_TURBO - Success
-- Found Java: /usr/bin/java (found version "1.8.0_212") 
-- Java compiler flags = -source 7 -target 7 -encoding UTF-8 -Xlint:all,-serial,-cast,-unchecked,-fallthrough,-dep-ann,-deprecation,-rawtypes
-- Found FLTK: /usr/lib/libfltk_images.so;/usr/lib/libfltk.so  
-- Found GnuTLS: /usr/lib/libgnutls.so (found version "3.6.7") 
-- Looking for include file security/pam_appl.h
-- Looking for include file security/pam_appl.h - found
-- Looking for pam_start
-- Looking for pam_start - found
-- Creating static libtool control file for target os
-- Creating static libtool control file for target rdr
-- Creating static libtool control file for target network
-- Creating static libtool control file for target Xregion
-- Creating static libtool control file for target rfb
-- Creating static libtool control file for target unixcommon
CMake Warning at unix/x0vncserver/CMakeLists.txt:50 (message):
  No Xrandr extension.  x0vncserver will not be able to resize session.


-- Configuring done
-- Generating done
-- Build files have been written to: /home/kth5/arch/archpower/tigervnc/src/build
Scanning dependencies of target os
Scanning dependencies of target java
Scanning dependencies of target Xregion
Scanning dependencies of target network
[  1%] Building CXX object common/os/CMakeFiles/os.dir/Mutex.cxx.o
[  2%] Building CXX object common/network/CMakeFiles/network.dir/Socket.cxx.o
[  2%] Building C object common/Xregion/CMakeFiles/Xregion.dir/Region.c.o
[  3%] Generating com/tigervnc/vncviewer/secure.png
[  4%] Generating com/jcraft/jsch/DH.class, com/jcraft/jsch/DHEC256.class, com/jcraft/jsch/DHEC384.class, com/jcraft/jsch/DHEC521.class, com/jcraft/jsch/DHECN.class, com/jcraft/jsch/DHGEX256.class, com/jcraft/jsch/DHG1.class, com/jcraft/jsch/DHG14.class, com/jcraft/jsch/DHGEX.class, com/jcraft/jsch/ECDH.class, com/jcraft/jsch/JSch.class, com/jcraft/jsch/Session.class, com/jcraft/jsch/UserAuth.class, com/jcraft/jsch/UserAuthKeyboardInteractive.class, com/jcraft/jsch/UserAuthPassword.class, com/jcraft/jsch/UserAuthPublicKey.class, com/jcraft/jsch/UserAuthNone.class, com/jcraft/jsch/jce/AES128CBC.class, com/jcraft/jsch/jce/AES128CTR.class, com/jcraft/jsch/jce/AES192CBC.class, com/jcraft/jsch/jce/AES192CTR.class, com/jcraft/jsch/jce/AES256CBC.class, com/jcraft/jsch/jce/AES256CTR.class, com/jcraft/jsch/jce/ARCFOUR.class, com/jcraft/jsch/jce/ARCFOUR128.class, com/jcraft/jsch/jce/ARCFOUR256.class, com/jcraft/jsch/jce/BlowfishCBC.class, com/jcraft/jsch/jce/DH.class, com/jcraft/jsch/jce/ECDH256.class, com/jcraft/jsch/jce/ECDH384.class, com/jcraft/jsch/jce/ECDH521.class, com/jcraft/jsch/jce/ECDHN.class, com/jcraft/jsch/jce/HMAC.class, com/jcraft/jsch/jce/HMACMD5.class, com/jcraft/jsch/jce/HMACMD596.class, com/jcraft/jsch/jce/HMACSHA1.class, com/jcraft/jsch/jce/HMACSHA196.class, com/jcraft/jsch/jce/HMACSHA256.class, com/jcraft/jsch/jce/HMACSHA512.class, com/jcraft/jsch/jce/KeyPairGenDSA.class, com/jcraft/jsch/jce/KeyPairGenECDSA.class, com/jcraft/jsch/jce/KeyPairGenRSA.class, com/jcraft/jsch/jce/MD5.class, com/jcraft/jsch/jce/PBKDF.class, com/jcraft/jsch/jce/Random.class, com/jcraft/jsch/jce/SHA1.class, com/jcraft/jsch/jce/SHA256.class, com/jcraft/jsch/jce/SHA384.class, com/jcraft/jsch/jce/SHA512.class, com/jcraft/jsch/jce/SignatureDSA.class, com/jcraft/jsch/jce/SignatureECDSA.class, com/jcraft/jsch/jce/SignatureRSA.class, com/jcraft/jsch/jce/TripleDESCBC.class, com/jcraft/jsch/jce/TripleDESCTR.class, com/jcraft/jsch/jcraft/Compression.class, com/jcraft/jsch/jcraft/HMAC.class, com/jcraft/jsch/jcraft/HMACMD596.class, com/jcraft/jsch/jcraft/HMACMD5.class, com/jcraft/jsch/jcraft/HMACSHA196.class, com/jcraft/jsch/jcraft/HMACSHA1.class
[  4%] Building CXX object common/os/CMakeFiles/os.dir/Thread.cxx.o
[  5%] Linking C static library libXregion.a
[  5%] Building CXX object common/network/CMakeFiles/network.dir/TcpSocket.cxx.o
[  6%] Building C object common/os/CMakeFiles/os.dir/w32tiger.c.o
[  6%] Building CXX object common/os/CMakeFiles/os.dir/os.cxx.o
[  7%] Linking CXX static library libos.a
[  8%] Building CXX object common/network/CMakeFiles/network.dir/UnixSocket.cxx.o
[  8%] Built target Xregion
Scanning dependencies of target tx
[  9%] Building CXX object unix/tx/CMakeFiles/tx.dir/TXWindow.cxx.o
[  9%] Linking CXX static library libnetwork.a
[  9%] Built target os
Scanning dependencies of target unixcommon
[ 10%] Building CXX object unix/common/CMakeFiles/unixcommon.dir/randr.cxx.o
[ 10%] Linking CXX static library libtx.a
[ 10%] Built target network
Scanning dependencies of target translations
[ 10%] Linking CXX static library libunixcommon.a
[ 10%] Generating bg.mo
[ 11%] Generating cs.mo
[ 11%] Built target tx
warning: [options] bootstrap class path not set in conjunction with -source 1.7
[ 11%] Generating da.mo
[ 12%] Generating de.mo
[ 12%] Generating el.mo
[ 12%] Generating es.mo
[ 13%] Generating eo.mo
[ 14%] Generating fi.mo
[ 14%] Generating com/tigervnc/vncviewer/tigervnc.ico
[ 15%] Generating fr.mo
[ 16%] Generating com/tigervnc/vncviewer/tigervnc.png
[ 16%] Generating fur.mo
[ 16%] Built target unixcommon
[ 16%] Generating com/tigervnc/vncviewer/insecure.png
Scanning dependencies of target desktop
[ 17%] Generating hu.mo
[ 17%] Generating vncviewer.desktop
[ 17%] Generating id.mo
[ 18%] Generating it.mo
[ 18%] Generating nl.mo
[ 19%] Generating pl.mo
[ 19%] Generating pt_BR.mo
[ 20%] Generating ru.mo
[ 20%] Generating sk.mo
[ 21%] Generating sr.mo
[ 21%] Built target desktop
[ 21%] Generating sv.mo
Scanning dependencies of target test_util
[ 21%] Building CXX object tests/CMakeFiles/test_util.dir/util.cxx.o
[ 22%] Generating tr.mo
[ 23%] Generating uk.mo
[ 23%] Generating vi.mo
[ 24%] Generating zh_CN.mo
[ 24%] Built target translations
[ 25%] Linking CXX static library libtest_util.a
Scanning dependencies of target rdr
[ 25%] Building CXX object common/rdr/CMakeFiles/rdr.dir/Exception.cxx.o
[ 26%] Building CXX object common/rdr/CMakeFiles/rdr.dir/FdInStream.cxx.o
[ 26%] Built target test_util
[ 26%] Building CXX object common/rdr/CMakeFiles/rdr.dir/FdOutStream.cxx.o
[ 27%] Building CXX object common/rdr/CMakeFiles/rdr.dir/FileInStream.cxx.o
[ 27%] Building CXX object common/rdr/CMakeFiles/rdr.dir/HexInStream.cxx.o
[ 28%] Building CXX object common/rdr/CMakeFiles/rdr.dir/HexOutStream.cxx.o
[ 29%] Building CXX object common/rdr/CMakeFiles/rdr.dir/InStream.cxx.o
[ 29%] Building CXX object common/rdr/CMakeFiles/rdr.dir/RandomStream.cxx.o
[ 30%] Building CXX object common/rdr/CMakeFiles/rdr.dir/TLSException.cxx.o
[ 30%] Building CXX object common/rdr/CMakeFiles/rdr.dir/TLSInStream.cxx.o
[ 31%] Building CXX object common/rdr/CMakeFiles/rdr.dir/TLSOutStream.cxx.o
[ 31%] Building CXX object common/rdr/CMakeFiles/rdr.dir/ZlibInStream.cxx.o
[ 32%] Building CXX object common/rdr/CMakeFiles/rdr.dir/ZlibOutStream.cxx.o
[ 32%] Linking CXX static library librdr.a
[ 32%] Built target rdr
Scanning dependencies of target rfb
[ 34%] Building CXX object common/rfb/CMakeFiles/rfb.dir/Blacklist.cxx.o
[ 34%] Building CXX object common/rfb/CMakeFiles/rfb.dir/Congestion.cxx.o
[ 35%] Building CXX object common/rfb/CMakeFiles/rfb.dir/CConnection.cxx.o
[ 35%] Building CXX object common/rfb/CMakeFiles/rfb.dir/CMsgHandler.cxx.o
[ 36%] Building CXX object common/rfb/CMakeFiles/rfb.dir/CMsgReader.cxx.o
[ 37%] Building CXX object common/rfb/CMakeFiles/rfb.dir/CMsgWriter.cxx.o
/home/kth5/arch/archpower/tigervnc/src/tigervnc-1.9.0/common/rfb/CMsgReader.cxx: In member function ‘void rfb::CMsgReader::readSetXCursor(int, int, const rfb::Point&)’:
/home/kth5/arch/archpower/tigervnc/src/tigervnc-1.9.0/common/rfb/CMsgReader.cxx:251:16: warning: ‘sb’ may be used uninitialized in this function [-Wmaybe-uninitialized]
         out[2] = sb;
         ~~~~~~~^~~~
/home/kth5/arch/archpower/tigervnc/src/tigervnc-1.9.0/common/rfb/CMsgReader.cxx:250:16: warning: ‘sg’ may be used uninitialized in this function [-Wmaybe-uninitialized]
         out[1] = sg;
         ~~~~~~~^~~~
/home/kth5/arch/archpower/tigervnc/src/tigervnc-1.9.0/common/rfb/CMsgReader.cxx:249:16: warning: ‘sr’ may be used uninitialized in this function [-Wmaybe-uninitialized]
         out[0] = sr;
         ~~~~~~~^~~~
/home/kth5/arch/archpower/tigervnc/src/tigervnc-1.9.0/common/rfb/CMsgReader.cxx:247:16: warning: ‘pb’ may be used uninitialized in this function [-Wmaybe-uninitialized]
         out[2] = pb;
         ~~~~~~~^~~~
/home/kth5/arch/archpower/tigervnc/src/tigervnc-1.9.0/common/rfb/CMsgReader.cxx:246:16: warning: ‘pg’ may be used uninitialized in this function [-Wmaybe-uninitialized]
         out[1] = pg;
         ~~~~~~~^~~~
/home/kth5/arch/archpower/tigervnc/src/tigervnc-1.9.0/common/rfb/CMsgReader.cxx:245:16: warning: ‘pr’ may be used uninitialized in this function [-Wmaybe-uninitialized]
         out[0] = pr;
         ~~~~~~~^~~~
[ 37%] Building CXX object common/rfb/CMakeFiles/rfb.dir/CSecurityPlain.cxx.o
[ 38%] Building CXX object common/rfb/CMakeFiles/rfb.dir/CSecurityStack.cxx.o
[ 38%] Building CXX object common/rfb/CMakeFiles/rfb.dir/CSecurityVeNCrypt.cxx.o
[ 39%] Building CXX object common/rfb/CMakeFiles/rfb.dir/CSecurityVncAuth.cxx.o
[ 39%] Building CXX object common/rfb/CMakeFiles/rfb.dir/ComparingUpdateTracker.cxx.o
[ 40%] Building CXX object common/rfb/CMakeFiles/rfb.dir/Configuration.cxx.o
[ 40%] Building CXX object common/rfb/CMakeFiles/rfb.dir/ConnParams.cxx.o
[ 41%] Building CXX object common/rfb/CMakeFiles/rfb.dir/CopyRectDecoder.cxx.o
[ 41%] Building CXX object common/rfb/CMakeFiles/rfb.dir/Cursor.cxx.o
[ 42%] Building CXX object common/rfb/CMakeFiles/rfb.dir/DecodeManager.cxx.o
[ 42%] Building CXX object common/rfb/CMakeFiles/rfb.dir/Decoder.cxx.o
[ 43%] Building C object common/rfb/CMakeFiles/rfb.dir/d3des.c.o
[ 43%] Building CXX object common/rfb/CMakeFiles/rfb.dir/EncodeManager.cxx.o
[ 44%] Building CXX object common/rfb/CMakeFiles/rfb.dir/Encoder.cxx.o
[ 45%] Building CXX object common/rfb/CMakeFiles/rfb.dir/HTTPServer.cxx.o
[ 45%] Building CXX object common/rfb/CMakeFiles/rfb.dir/HextileDecoder.cxx.o
[ 46%] Building CXX object common/rfb/CMakeFiles/rfb.dir/HextileEncoder.cxx.o
[ 46%] Building CXX object common/rfb/CMakeFiles/rfb.dir/JpegCompressor.cxx.o
[ 47%] Building CXX object common/rfb/CMakeFiles/rfb.dir/JpegDecompressor.cxx.o
[ 47%] Building CXX object common/rfb/CMakeFiles/rfb.dir/KeyRemapper.cxx.o
[ 48%] Building CXX object common/rfb/CMakeFiles/rfb.dir/LogWriter.cxx.o
[ 48%] Building CXX object common/rfb/CMakeFiles/rfb.dir/Logger.cxx.o
[ 49%] Building CXX object common/rfb/CMakeFiles/rfb.dir/Logger_file.cxx.o
[ 49%] Building CXX object common/rfb/CMakeFiles/rfb.dir/Logger_stdio.cxx.o
[ 50%] Building CXX object common/rfb/CMakeFiles/rfb.dir/Password.cxx.o
[ 50%] Building CXX object common/rfb/CMakeFiles/rfb.dir/PixelBuffer.cxx.o
[ 51%] Building CXX object common/rfb/CMakeFiles/rfb.dir/PixelFormat.cxx.o
[ 51%] Building CXX object common/rfb/CMakeFiles/rfb.dir/RREEncoder.cxx.o
[ 52%] Building CXX object common/rfb/CMakeFiles/rfb.dir/RREDecoder.cxx.o
[ 53%] Building CXX object common/rfb/CMakeFiles/rfb.dir/RawDecoder.cxx.o
[ 53%] Building CXX object common/rfb/CMakeFiles/rfb.dir/RawEncoder.cxx.o
[ 54%] Building CXX object common/rfb/CMakeFiles/rfb.dir/Region.cxx.o
[ 54%] Building CXX object common/rfb/CMakeFiles/rfb.dir/SConnection.cxx.o
[ 55%] Building CXX object common/rfb/CMakeFiles/rfb.dir/SMsgHandler.cxx.o
[ 55%] Building CXX object common/rfb/CMakeFiles/rfb.dir/SMsgReader.cxx.o
[ 56%] Building CXX object common/rfb/CMakeFiles/rfb.dir/SMsgWriter.cxx.o
[ 56%] Building CXX object common/rfb/CMakeFiles/rfb.dir/ServerCore.cxx.o
[ 57%] Building CXX object common/rfb/CMakeFiles/rfb.dir/Security.cxx.o
[ 57%] Building CXX object common/rfb/CMakeFiles/rfb.dir/SecurityServer.cxx.o
[ 58%] Building CXX object common/rfb/CMakeFiles/rfb.dir/SecurityClient.cxx.o
[ 58%] Building CXX object common/rfb/CMakeFiles/rfb.dir/SSecurityPlain.cxx.o
[ 59%] Building CXX object common/rfb/CMakeFiles/rfb.dir/SSecurityStack.cxx.o
[ 60%] Building CXX object common/rfb/CMakeFiles/rfb.dir/SSecurityVncAuth.cxx.o
[ 60%] Building CXX object common/rfb/CMakeFiles/rfb.dir/SSecurityVeNCrypt.cxx.o
[ 61%] Building CXX object common/rfb/CMakeFiles/rfb.dir/ScaleFilters.cxx.o
[ 61%] Building CXX object common/rfb/CMakeFiles/rfb.dir/Timer.cxx.o
[ 62%] Building CXX object common/rfb/CMakeFiles/rfb.dir/TightDecoder.cxx.o
[ 62%] Building CXX object common/rfb/CMakeFiles/rfb.dir/TightEncoder.cxx.o
[ 63%] Building CXX object common/rfb/CMakeFiles/rfb.dir/TightJPEGEncoder.cxx.o
[ 63%] Building CXX object common/rfb/CMakeFiles/rfb.dir/UpdateTracker.cxx.o
[ 64%] Building CXX object common/rfb/CMakeFiles/rfb.dir/VNCSConnectionST.cxx.o
[ 64%] Building CXX object common/rfb/CMakeFiles/rfb.dir/VNCServerST.cxx.o
[ 65%] Building CXX object common/rfb/CMakeFiles/rfb.dir/ZRLEEncoder.cxx.o
[ 65%] Building CXX object common/rfb/CMakeFiles/rfb.dir/ZRLEDecoder.cxx.o
[ 67%] Building CXX object common/rfb/CMakeFiles/rfb.dir/encodings.cxx.o
[ 67%] Building CXX object common/rfb/CMakeFiles/rfb.dir/util.cxx.o
[ 68%] Building CXX object common/rfb/CMakeFiles/rfb.dir/Logger_syslog.cxx.o
[ 69%] Building CXX object common/rfb/CMakeFiles/rfb.dir/UnixPasswordValidator.cxx.o
[ 69%] Building C object common/rfb/CMakeFiles/rfb.dir/pam.c.o
[ 70%] Building CXX object common/rfb/CMakeFiles/rfb.dir/CSecurityTLS.cxx.o
[ 70%] Building CXX object common/rfb/CMakeFiles/rfb.dir/SSecurityTLS.cxx.o
/home/kth5/arch/archpower/tigervnc/src/tigervnc-1.9.0/common/rfb/CSecurityTLS.cxx: In member function ‘void rfb::CSecurityTLS::checkSession()’:
/home/kth5/arch/archpower/tigervnc/src/tigervnc-1.9.0/common/rfb/CSecurityTLS.cxx:380:26: warning: argument 1 range [18446744071562067968, 18446744073709551615] exceeds maximum object size 9223372036854775807 [-Walloc-size-larger-than=]
   certinfo = new char[len];
                          ^
In file included from /usr/include/c++/8.3.0/ext/new_allocator.h:33,
                 from /usr/include/c++/8.3.0/powerpc64le-unknown-linux-gnu/bits/c++allocator.h:33,
                 from /usr/include/c++/8.3.0/bits/allocator.h:46,
                 from /usr/include/c++/8.3.0/bits/stl_tree.h:64,
                 from /usr/include/c++/8.3.0/set:60,
                 from /home/kth5/arch/archpower/tigervnc/src/tigervnc-1.9.0/common/rfb/ConnParams.h:26,
                 from /home/kth5/arch/archpower/tigervnc/src/tigervnc-1.9.0/common/rfb/SMsgHandler.h:28,
                 from /home/kth5/arch/archpower/tigervnc/src/tigervnc-1.9.0/common/rfb/SConnection.h:29,
                 from /home/kth5/arch/archpower/tigervnc/src/tigervnc-1.9.0/common/rfb/SSecurity.h:47,
                 from /home/kth5/arch/archpower/tigervnc/src/tigervnc-1.9.0/common/rfb/SSecurityStack.h:23,
                 from /home/kth5/arch/archpower/tigervnc/src/tigervnc-1.9.0/common/rfb/SSecurityVeNCrypt.h:32,
                 from /home/kth5/arch/archpower/tigervnc/src/tigervnc-1.9.0/common/rfb/CSecurityTLS.h:34,
                 from /home/kth5/arch/archpower/tigervnc/src/tigervnc-1.9.0/common/rfb/CSecurityTLS.cxx:36:
/usr/include/c++/8.3.0/new:122:7: note: in a call to allocation function ‘void* operator new [](std::size_t)’ declared here
 void* operator new[](std::size_t) _GLIBCXX_THROW (std::bad_alloc)
       ^~~~~~~~
[ 71%] Linking CXX static library librfb.a
[ 71%] Built target rfb
Scanning dependencies of target vncconfig
Scanning dependencies of target vncpasswd
Scanning dependencies of target x0vncserver
[ 72%] Building C object unix/vncconfig/CMakeFiles/vncconfig.dir/buildtime.c.o
[ 72%] Building CXX object unix/vncpasswd/CMakeFiles/vncpasswd.dir/vncpasswd.cxx.o
[ 73%] Building C object unix/x0vncserver/CMakeFiles/x0vncserver.dir/buildtime.c.o
[ 74%] Linking CXX executable vncpasswd
[ 74%] Building C object unix/vncconfig/CMakeFiles/vncconfig.dir/vncExt.c.o
[ 74%] Building CXX object unix/x0vncserver/CMakeFiles/x0vncserver.dir/Geometry.cxx.o
[ 75%] Building CXX object unix/vncconfig/CMakeFiles/vncconfig.dir/vncconfig.cxx.o
[ 76%] Building CXX object unix/x0vncserver/CMakeFiles/x0vncserver.dir/Image.cxx.o
[ 76%] Built target vncpasswd
[ 76%] Building CXX object unix/vncconfig/CMakeFiles/vncconfig.dir/QueryConnectDialog.cxx.o
Scanning dependencies of target vncviewer
[ 76%] Building CXX object unix/x0vncserver/CMakeFiles/x0vncserver.dir/PollingManager.cxx.o
[ 77%] Building CXX object vncviewer/CMakeFiles/vncviewer.dir/menukey.cxx.o
[ 78%] Linking CXX executable vncconfig
[ 78%] Building CXX object vncviewer/CMakeFiles/vncviewer.dir/CConn.cxx.o
[ 79%] Building CXX object unix/x0vncserver/CMakeFiles/x0vncserver.dir/PollingScheduler.cxx.o
[ 79%] Building CXX object unix/x0vncserver/CMakeFiles/x0vncserver.dir/TimeMillis.cxx.o
[ 79%] Built target vncconfig
Scanning dependencies of target fbperf
[ 80%] Building C object unix/x0vncserver/CMakeFiles/x0vncserver.dir/qnum_to_xorgevdev.c.o
[ 81%] Building CXX object vncviewer/CMakeFiles/vncviewer.dir/DesktopWindow.cxx.o
[ 82%] Building CXX object tests/CMakeFiles/fbperf.dir/fbperf.cxx.o
[ 82%] Building C object unix/x0vncserver/CMakeFiles/x0vncserver.dir/qnum_to_xorgkbd.c.o
[ 83%] Building CXX object unix/x0vncserver/CMakeFiles/x0vncserver.dir/x0vncserver.cxx.o
[ 83%] Building CXX object tests/CMakeFiles/fbperf.dir/__/vncviewer/PlatformPixelBuffer.cxx.o
[ 83%] Building CXX object vncviewer/CMakeFiles/vncviewer.dir/UserDialog.cxx.o
[ 84%] Building CXX object tests/CMakeFiles/fbperf.dir/__/vncviewer/Surface.cxx.o
/home/kth5/arch/archpower/tigervnc/src/tigervnc-1.9.0/vncviewer/UserDialog.cxx: In member function ‘virtual void UserDialog::getUserPasswd(bool, char**, char**)’:
/home/kth5/arch/archpower/tigervnc/src/tigervnc-1.9.0/vncviewer/UserDialog.cxx:172:21: warning: ‘username’ may be used uninitialized in this function [-Wmaybe-uninitialized]
       *user = strDup(username->value());
               ~~~~~~^~~~~~~~~~~~~~~~~~~
[ 85%] Building CXX object vncviewer/CMakeFiles/vncviewer.dir/ServerDialog.cxx.o
[ 85%] Building CXX object unix/x0vncserver/CMakeFiles/x0vncserver.dir/XPixelBuffer.cxx.o
[ 86%] Building CXX object tests/CMakeFiles/fbperf.dir/__/vncviewer/Surface_X11.cxx.o
[ 87%] Building CXX object unix/x0vncserver/CMakeFiles/x0vncserver.dir/XDesktop.cxx.o
[ 87%] Building CXX object vncviewer/CMakeFiles/vncviewer.dir/Surface.cxx.o
[ 88%] Building CXX object vncviewer/CMakeFiles/vncviewer.dir/OptionsDialog.cxx.o
[ 88%] Linking CXX executable fbperf
[ 88%] Building C object unix/x0vncserver/CMakeFiles/x0vncserver.dir/RandrGlue.c.o
[ 88%] Building CXX object vncviewer/CMakeFiles/vncviewer.dir/PlatformPixelBuffer.cxx.o
[ 89%] Building CXX object unix/x0vncserver/CMakeFiles/x0vncserver.dir/__/vncconfig/QueryConnectDialog.cxx.o
[ 90%] Building CXX object vncviewer/CMakeFiles/vncviewer.dir/Viewport.cxx.o
[ 90%] Built target fbperf
Scanning dependencies of target convperf
[ 90%] Building CXX object tests/CMakeFiles/convperf.dir/convperf.cxx.o
[ 91%] Linking CXX executable x0vncserver
[ 92%] Linking CXX executable convperf
[ 92%] Building CXX object vncviewer/CMakeFiles/vncviewer.dir/parameters.cxx.o
[ 92%] Built target convperf
[ 92%] Built target x0vncserver
Scanning dependencies of target conv
Scanning dependencies of target decperf
[ 92%] Building CXX object tests/CMakeFiles/conv.dir/conv.cxx.o
[ 93%] Building C object vncviewer/CMakeFiles/vncviewer.dir/keysym2ucs.c.o
[ 93%] Building CXX object tests/CMakeFiles/decperf.dir/decperf.cxx.o
[ 93%] Building CXX object vncviewer/CMakeFiles/vncviewer.dir/vncviewer.cxx.o
[ 94%] Linking CXX executable conv
[ 95%] Linking CXX executable decperf
[ 95%] Built target conv
Scanning dependencies of target encperf
[ 96%] Building CXX object tests/CMakeFiles/encperf.dir/encperf.cxx.o
[ 96%] Built target decperf
[ 97%] Building C object vncviewer/CMakeFiles/vncviewer.dir/xkb_to_qnum.c.o
[ 97%] Linking CXX executable encperf
Scanning dependencies of target hostport
[ 98%] Building CXX object tests/CMakeFiles/hostport.dir/hostport.cxx.o
[ 98%] Linking CXX executable hostport
[ 98%] Built target encperf
[ 98%] Built target hostport
[ 98%] Building CXX object vncviewer/CMakeFiles/vncviewer.dir/Surface_X11.cxx.o
/home/kth5/arch/archpower/tigervnc/src/tigervnc-1.9.0/vncviewer/vncviewer.cxx: In function ‘int main(int, char**)’:
/home/kth5/arch/archpower/tigervnc/src/tigervnc-1.9.0/vncviewer/vncviewer.cxx:527:14: warning: ‘char* strncpy(char*, const char*, size_t)’ specified bound 64 equals destination size [-Wstringop-truncation]
       strncpy(defaultServerName, configServerName, VNCSERVERNAMELEN);
       ~~~~~~~^~~~~~~~~~~~~~~~~~~~~~~~~~~~~~~~~~~~~~~~~~~~~~~~~~~~~~~
In function ‘void potentiallyLoadConfigurationFile(char*)’,
    inlined from ‘int main(int, char**)’ at /home/kth5/arch/archpower/tigervnc/src/tigervnc-1.9.0/vncviewer/vncviewer.cxx:557:35:
/home/kth5/arch/archpower/tigervnc/src/tigervnc-1.9.0/vncviewer/vncviewer.cxx:396:14: warning: ‘char* strncpy(char*, const char*, size_t)’ specified bound 64 equals destination size [-Wstringop-truncation]
       strncpy(vncServerName, newServerName, VNCSERVERNAMELEN);
       ~~~~~~~^~~~~~~~~~~~~~~~~~~~~~~~~~~~~~~~~~~~~~~~~~~~~~~~
[100%] Linking CXX executable vncviewer
[100%] Built target vncviewer
Note: Some input files use or override a deprecated API.
Note: Recompile with -Xlint:deprecation for details.
Note: Some input files use unchecked or unsafe operations.
Note: Recompile with -Xlint:unchecked for details.
1 warning
[100%] Generating VncViewer.jar
-- Generating self-signed certificate
-- Signing /home/kth5/arch/archpower/tigervnc/src/build/java/VncViewer.jar
[100%] Built target java
autoreconf: Entering directory `.'
autoreconf: configure.ac: not using Gettext
autoreconf: running: aclocal --force -I m4
autoreconf: configure.ac: tracing
autoreconf: running: libtoolize --copy --force
libtoolize: putting auxiliary files in '.'.
libtoolize: copying file './ltmain.sh'
libtoolize: putting macros in AC_CONFIG_MACRO_DIRS, 'm4'.
libtoolize: copying file 'm4/libtool.m4'
libtoolize: copying file 'm4/ltoptions.m4'
libtoolize: copying file 'm4/ltsugar.m4'
libtoolize: copying file 'm4/ltversion.m4'
libtoolize: copying file 'm4/lt~obsolete.m4'
autoreconf: running: /usr/bin/autoconf --force
autoreconf: running: /usr/bin/autoheader --force
autoreconf: running: automake --add-missing --copy --force-missing
configure.ac:35: installing './compile'
configure.ac:34: installing './missing'
Xext/Makefile.am: installing './depcomp'
hw/dmx/Makefile.am:25: warning: source file '$(top_srcdir)/mi/miinitext.c' is in a subdirectory,
hw/dmx/Makefile.am:25: but option 'subdir-objects' is disabled
automake: warning: possible forward-incompatibility.
automake: At least a source file is in a subdirectory, but the 'subdir-objects'
automake: automake option hasn't been enabled.  For now, the corresponding output
automake: object file(s) will be placed in the top-level directory.  However,
automake: this behaviour will change in future Automake versions: they will
automake: unconditionally cause object files to be placed in the same subdirectory
automake: of the corresponding sources.
automake: You are advised to start using 'subdir-objects' option throughout your
automake: project, to avoid future incompatibilities.
hw/dmx/Makefile.am:6: warning: source file '$(top_srcdir)/Xext/panoramiX.c' is in a subdirectory,
hw/dmx/Makefile.am:6: but option 'subdir-objects' is disabled
hw/dmx/config/Makefile.am:23: warning: source file '$(top_srcdir)/os/strlcpy.c' is in a subdirectory,
hw/dmx/config/Makefile.am:23: but option 'subdir-objects' is disabled
hw/dmx/config/Makefile.am:42: warning: source file '$(top_srcdir)/hw/dmx/dmxlog.c' is in a subdirectory,
hw/dmx/config/Makefile.am:42: but option 'subdir-objects' is disabled
hw/kdrive/src/Makefile.am:15: warning: source file '$(top_srcdir)/mi/miinitext.c' is in a subdirectory,
hw/kdrive/src/Makefile.am:15: but option 'subdir-objects' is disabled
hw/vfb/Makefile.am:9: warning: source file '$(top_srcdir)/mi/miinitext.c' is in a subdirectory,
hw/vfb/Makefile.am:9: but option 'subdir-objects' is disabled
hw/vnc/Makefile.am:33: warning: source file '$(top_srcdir)/Xi/stubs.c' is in a subdirectory,
hw/vnc/Makefile.am:33: but option 'subdir-objects' is disabled
hw/vnc/Makefile.am:33: warning: source file '$(top_srcdir)/mi/miinitext.c' is in a subdirectory,
hw/vnc/Makefile.am:33: but option 'subdir-objects' is disabled
hw/vnc/Makefile.am:33: warning: source file '$(top_srcdir)/fb/fbcmap_mi.c' is in a subdirectory,
hw/vnc/Makefile.am:33: but option 'subdir-objects' is disabled
hw/xfree86/dixmods/Makefile.am:47: warning: source file '$(top_srcdir)/mi/miinitext.c' is in a subdirectory,
hw/xfree86/dixmods/Makefile.am:47: but option 'subdir-objects' is disabled
hw/xfree86/glamor_egl/Makefile.am:24: warning: source file '$(top_srcdir)/glamor/glamor_egl.c' is in a subdirectory,
hw/xfree86/glamor_egl/Makefile.am:24: but option 'subdir-objects' is disabled
hw/xfree86/glamor_egl/Makefile.am:24: warning: source file '$(top_srcdir)/glamor/glamor_eglmodule.c' is in a subdirectory,
hw/xfree86/glamor_egl/Makefile.am:24: but option 'subdir-objects' is disabled
hw/xfree86/int10/Makefile.am:24: warning: source file '$(srcdir)/../os-support/linux/int10/vm86/linux_vm86.c' is in a subdirectory,
hw/xfree86/int10/Makefile.am:24: but option 'subdir-objects' is disabled
hw/xfree86/int10/Makefile.am:24: warning: source file '$(srcdir)/../os-support/linux/int10/linux.c' is in a subdirectory,
hw/xfree86/int10/Makefile.am:24: but option 'subdir-objects' is disabled
hw/xfree86/os-support/bsd/Makefile.am:56: warning: source file '$(srcdir)/../shared/posix_tty.c' is in a subdirectory,
hw/xfree86/os-support/bsd/Makefile.am:56: but option 'subdir-objects' is disabled
hw/xfree86/os-support/bsd/Makefile.am:56: warning: source file '$(srcdir)/../shared/sigio.c' is in a subdirectory,
hw/xfree86/os-support/bsd/Makefile.am:56: but option 'subdir-objects' is disabled
hw/xfree86/os-support/bsd/Makefile.am:56: warning: source file '$(srcdir)/../shared/vidmem.c' is in a subdirectory,
hw/xfree86/os-support/bsd/Makefile.am:56: but option 'subdir-objects' is disabled
hw/xfree86/os-support/bsd/Makefile.am:28: warning: source file '$(srcdir)/../shared/ioperm_noop.c' is in a subdirectory,
hw/xfree86/os-support/bsd/Makefile.am:28: but option 'subdir-objects' is disabled
hw/xfree86/os-support/bsd/Makefile.am:21: warning: source file '$(srcdir)/../shared/agp_noop.c' is in a subdirectory,
hw/xfree86/os-support/bsd/Makefile.am:21: but option 'subdir-objects' is disabled
hw/xfree86/os-support/bsd/Makefile.am:21: warning: source file '$(srcdir)/../linux/lnx_agp.c' is in a subdirectory,
hw/xfree86/os-support/bsd/Makefile.am:21: but option 'subdir-objects' is disabled
hw/xfree86/os-support/bsd/Makefile.am:8: warning: source file '$(srcdir)/../shared/pm_noop.c' is in a subdirectory,
hw/xfree86/os-support/bsd/Makefile.am:8: but option 'subdir-objects' is disabled
hw/xfree86/os-support/bsd/Makefile.am:8: warning: source file '$(srcdir)/bsd_apm.c' is in a subdirectory,
hw/xfree86/os-support/bsd/Makefile.am:8: but option 'subdir-objects' is disabled
hw/xfree86/os-support/bsd/Makefile.am:8: warning: source file '$(srcdir)/bsd_kqueue_apm.c' is in a subdirectory,
hw/xfree86/os-support/bsd/Makefile.am:8: but option 'subdir-objects' is disabled
hw/xfree86/os-support/bsd/Makefile.am:17: warning: source file '$(srcdir)/../shared/kmod_noop.c' is in a subdirectory,
hw/xfree86/os-support/bsd/Makefile.am:17: but option 'subdir-objects' is disabled
hw/xfree86/os-support/hurd/Makefile.am:3: warning: source file '$(srcdir)/../shared/VTsw_noop.c' is in a subdirectory,
hw/xfree86/os-support/hurd/Makefile.am:3: but option 'subdir-objects' is disabled
hw/xfree86/os-support/hurd/Makefile.am:3: warning: source file '$(srcdir)/../shared/posix_tty.c' is in a subdirectory,
hw/xfree86/os-support/hurd/Makefile.am:3: but option 'subdir-objects' is disabled
hw/xfree86/os-support/hurd/Makefile.am:3: warning: source file '$(srcdir)/../shared/vidmem.c' is in a subdirectory,
hw/xfree86/os-support/hurd/Makefile.am:3: but option 'subdir-objects' is disabled
hw/xfree86/os-support/hurd/Makefile.am:3: warning: source file '$(srcdir)/../shared/sigiostubs.c' is in a subdirectory,
hw/xfree86/os-support/hurd/Makefile.am:3: but option 'subdir-objects' is disabled
hw/xfree86/os-support/hurd/Makefile.am:3: warning: source file '$(srcdir)/../shared/pm_noop.c' is in a subdirectory,
hw/xfree86/os-support/hurd/Makefile.am:3: but option 'subdir-objects' is disabled
hw/xfree86/os-support/hurd/Makefile.am:3: warning: source file '$(srcdir)/../shared/kmod_noop.c' is in a subdirectory,
hw/xfree86/os-support/hurd/Makefile.am:3: but option 'subdir-objects' is disabled
hw/xfree86/os-support/hurd/Makefile.am:3: warning: source file '$(srcdir)/../shared/agp_noop.c' is in a subdirectory,
hw/xfree86/os-support/hurd/Makefile.am:3: but option 'subdir-objects' is disabled
hw/xfree86/os-support/linux/Makefile.am:21: warning: source file '$(srcdir)/../shared/VTsw_usl.c' is in a subdirectory,
hw/xfree86/os-support/linux/Makefile.am:21: but option 'subdir-objects' is disabled
hw/xfree86/os-support/linux/Makefile.am:21: warning: source file '$(srcdir)/../shared/posix_tty.c' is in a subdirectory,
hw/xfree86/os-support/linux/Makefile.am:21: but option 'subdir-objects' is disabled
hw/xfree86/os-support/linux/Makefile.am:21: warning: source file '$(srcdir)/../shared/vidmem.c' is in a subdirectory,
hw/xfree86/os-support/linux/Makefile.am:21: but option 'subdir-objects' is disabled
hw/xfree86/os-support/linux/Makefile.am:21: warning: source file '$(srcdir)/../shared/sigio.c' is in a subdirectory,
hw/xfree86/os-support/linux/Makefile.am:21: but option 'subdir-objects' is disabled
hw/xfree86/os-support/solaris/Makefile.am:8: warning: source file '$(srcdir)/../shared/agp_noop.c' is in a subdirectory,
hw/xfree86/os-support/solaris/Makefile.am:8: but option 'subdir-objects' is disabled
hw/xfree86/os-support/solaris/Makefile.am:20: warning: source file '$(srcdir)/../shared/kmod_noop.c' is in a subdirectory,
hw/xfree86/os-support/solaris/Makefile.am:20: but option 'subdir-objects' is disabled
hw/xfree86/os-support/solaris/Makefile.am:20: warning: source file '$(srcdir)/../shared/posix_tty.c' is in a subdirectory,
hw/xfree86/os-support/solaris/Makefile.am:20: but option 'subdir-objects' is disabled
hw/xfree86/os-support/solaris/Makefile.am:20: warning: source file '$(srcdir)/../shared/sigio.c' is in a subdirectory,
hw/xfree86/os-support/solaris/Makefile.am:20: but option 'subdir-objects' is disabled
hw/xfree86/os-support/solaris/Makefile.am:20: warning: source file '$(srcdir)/../shared/vidmem.c' is in a subdirectory,
hw/xfree86/os-support/solaris/Makefile.am:20: but option 'subdir-objects' is disabled
hw/xfree86/os-support/solaris/Makefile.am:2: warning: source file '$(srcdir)/../shared/VTsw_noop.c' is in a subdirectory,
hw/xfree86/os-support/solaris/Makefile.am:2: but option 'subdir-objects' is disabled
hw/xfree86/os-support/stub/Makefile.am:7: warning: source file '$(srcdir)/../shared/VTsw_noop.c' is in a subdirectory,
hw/xfree86/os-support/stub/Makefile.am:7: but option 'subdir-objects' is disabled
hw/xfree86/os-support/stub/Makefile.am:7: warning: source file '$(srcdir)/../shared/agp_noop.c' is in a subdirectory,
hw/xfree86/os-support/stub/Makefile.am:7: but option 'subdir-objects' is disabled
hw/xfree86/os-support/stub/Makefile.am:7: warning: source file '$(srcdir)/../shared/ioperm_noop.c' is in a subdirectory,
hw/xfree86/os-support/stub/Makefile.am:7: but option 'subdir-objects' is disabled
hw/xfree86/os-support/stub/Makefile.am:7: warning: source file '$(srcdir)/../shared/kmod_noop.c' is in a subdirectory,
hw/xfree86/os-support/stub/Makefile.am:7: but option 'subdir-objects' is disabled
hw/xfree86/os-support/stub/Makefile.am:7: warning: source file '$(srcdir)/../shared/pm_noop.c' is in a subdirectory,
hw/xfree86/os-support/stub/Makefile.am:7: but option 'subdir-objects' is disabled
hw/xfree86/os-support/stub/Makefile.am:7: warning: source file '$(srcdir)/../shared/vidmem.c' is in a subdirectory,
hw/xfree86/os-support/stub/Makefile.am:7: but option 'subdir-objects' is disabled
hw/xfree86/os-support/stub/Makefile.am:7: warning: source file '$(srcdir)/../shared/posix_tty.c' is in a subdirectory,
hw/xfree86/os-support/stub/Makefile.am:7: but option 'subdir-objects' is disabled
hw/xfree86/os-support/stub/Makefile.am:7: warning: source file '$(srcdir)/../shared/sigio.c' is in a subdirectory,
hw/xfree86/os-support/stub/Makefile.am:7: but option 'subdir-objects' is disabled
hw/xfree86/utils/cvt/Makefile.am:31: warning: source file '$(top_srcdir)/hw/xfree86/modes/xf86cvt.c' is in a subdirectory,
hw/xfree86/utils/cvt/Makefile.am:31: but option 'subdir-objects' is disabled
hw/xfree86/utils/cvt/Makefile.am:31: warning: source file '$(top_srcdir)/os/xprintf.c' is in a subdirectory,
hw/xfree86/utils/cvt/Makefile.am:31: but option 'subdir-objects' is disabled
hw/xnest/Makefile.am:9: warning: source file '$(top_srcdir)/mi/miinitext.c' is in a subdirectory,
hw/xnest/Makefile.am:9: but option 'subdir-objects' is disabled
hw/xquartz/Makefile.am:22: warning: source file '$(top_srcdir)/mi/miinitext.c' is in a subdirectory,
hw/xquartz/Makefile.am:22: but option 'subdir-objects' is disabled
hw/xquartz/mach-startup/Makefile.am:12: warning: source file '$(top_srcdir)/os/strndup.c' is in a subdirectory,
hw/xquartz/mach-startup/Makefile.am:12: but option 'subdir-objects' is disabled
hw/xwayland/Makefile.am:12: warning: source file '$(top_srcdir)/Xi/stubs.c' is in a subdirectory,
hw/xwayland/Makefile.am:12: but option 'subdir-objects' is disabled
hw/xwayland/Makefile.am:12: warning: source file '$(top_srcdir)/mi/miinitext.c' is in a subdirectory,
hw/xwayland/Makefile.am:12: but option 'subdir-objects' is disabled
hw/xwin/Makefile.am:46: warning: source file '$(top_srcdir)/mi/miinitext.c' is in a subdirectory,
hw/xwin/Makefile.am:46: but option 'subdir-objects' is disabled
test/Makefile.am:84: warning: source file 'xi1/protocol-xchangedevicecontrol.c' is in a subdirectory,
test/Makefile.am:84: but option 'subdir-objects' is disabled
test/Makefile.am:84: warning: source file 'xi2/protocol-common.c' is in a subdirectory,
test/Makefile.am:84: but option 'subdir-objects' is disabled
test/Makefile.am:84: warning: source file 'xi2/protocol-xiqueryversion.c' is in a subdirectory,
test/Makefile.am:84: but option 'subdir-objects' is disabled
test/Makefile.am:84: warning: source file 'xi2/protocol-xiquerydevice.c' is in a subdirectory,
test/Makefile.am:84: but option 'subdir-objects' is disabled
test/Makefile.am:84: warning: source file 'xi2/protocol-xiselectevents.c' is in a subdirectory,
test/Makefile.am:84: but option 'subdir-objects' is disabled
test/Makefile.am:84: warning: source file 'xi2/protocol-xigetselectedevents.c' is in a subdirectory,
test/Makefile.am:84: but option 'subdir-objects' is disabled
test/Makefile.am:84: warning: source file 'xi2/protocol-xisetclientpointer.c' is in a subdirectory,
test/Makefile.am:84: but option 'subdir-objects' is disabled
test/Makefile.am:84: warning: source file 'xi2/protocol-xigetclientpointer.c' is in a subdirectory,
test/Makefile.am:84: but option 'subdir-objects' is disabled
test/Makefile.am:84: warning: source file 'xi2/protocol-xiquerypointer.c' is in a subdirectory,
test/Makefile.am:84: but option 'subdir-objects' is disabled
test/Makefile.am:84: warning: source file 'xi2/protocol-xipassivegrabdevice.c' is in a subdirectory,
test/Makefile.am:84: but option 'subdir-objects' is disabled
test/Makefile.am:84: warning: source file 'xi2/protocol-xiwarppointer.c' is in a subdirectory,
test/Makefile.am:84: but option 'subdir-objects' is disabled
test/Makefile.am:84: warning: source file 'xi2/protocol-eventconvert.c' is in a subdirectory,
test/Makefile.am:84: but option 'subdir-objects' is disabled
test/Makefile.am:84: warning: source file 'xi2/xi2.c' is in a subdirectory,
test/Makefile.am:84: but option 'subdir-objects' is disabled
autoreconf: Leaving directory `.'
checking for a BSD-compatible install... /usr/bin/install -c
checking whether build environment is sane... yes
checking for a thread-safe mkdir -p... /usr/bin/mkdir -p
checking for gawk... gawk
checking whether make sets $(MAKE)... yes
checking whether make supports nested variables... yes
checking whether make supports the include directive... yes (GNU style)
checking for gcc... gcc
checking whether the C compiler works... yes
checking for C compiler default output file name... a.out
checking for suffix of executables... 
checking whether we are cross compiling... no
checking for suffix of object files... o
checking whether we are using the GNU C compiler... yes
checking whether gcc accepts -g... yes
checking for gcc option to accept ISO C89... none needed
checking whether gcc understands -c and -o together... yes
checking dependency style of gcc... gcc3
checking how to run the C preprocessor... gcc -E
checking for grep that handles long lines and -e... /usr/bin/grep
checking for egrep... /usr/bin/grep -E
checking for ANSI C header files... yes
checking for sys/types.h... yes
checking for sys/stat.h... yes
checking for stdlib.h... yes
checking for string.h... yes
checking for memory.h... yes
checking for strings.h... yes
checking for inttypes.h... yes
checking for stdint.h... yes
checking for unistd.h... yes
checking minix/config.h usability... no
checking minix/config.h presence... no
checking for minix/config.h... no
checking whether it is safe to define __EXTENSIONS__... yes
checking for gcc option to accept ISO C99... none needed
checking whether __clang__ is declared... no
checking whether __INTEL_COMPILER is declared... no
checking whether __SUNPRO_C is declared... no
checking for pkg-config... /usr/bin/pkg-config
checking pkg-config is at least version 0.9.0... yes
checking build system type... powerpc64le-unknown-linux-gnu
checking host system type... powerpc64le-unknown-linux-gnu
checking for a sed that does not truncate output... /usr/bin/sed
checking if gcc supports -Werror=unknown-warning-option... no
checking if gcc supports -Werror=unused-command-line-argument... no
checking if gcc supports -Wall... yes
checking if gcc supports -Wpointer-arith... yes
checking if gcc supports -Wmissing-declarations... yes
checking if gcc supports -Wformat=2... yes
checking if gcc supports -Wstrict-prototypes... yes
checking if gcc supports -Wmissing-prototypes... yes
checking if gcc supports -Wnested-externs... yes
checking if gcc supports -Wbad-function-cast... yes
checking if gcc supports -Wold-style-definition... yes
checking if gcc supports -Wdeclaration-after-statement... yes
checking if gcc supports -Wunused... yes
checking if gcc supports -Wuninitialized... yes
checking if gcc supports -Wshadow... yes
checking if gcc supports -Wmissing-noreturn... yes
checking if gcc supports -Wmissing-format-attribute... yes
checking if gcc supports -Wredundant-decls... yes
checking if gcc supports -Wlogical-op... yes
configure: WARNING: You have chosen not to turn some select compiler warnings into errors.  This should not be necessary.  Please report why you needed to do so in a bug report at https://gitlab.freedesktop.org/xorg/xserver/issues
checking if gcc supports -Wimplicit... yes
checking if gcc supports -Wnonnull... yes
checking if gcc supports -Winit-self... yes
checking if gcc supports -Wmain... yes
checking if gcc supports -Wmissing-braces... yes
checking if gcc supports -Wsequence-point... yes
checking if gcc supports -Wreturn-type... yes
checking if gcc supports -Wtrigraphs... yes
checking if gcc supports -Warray-bounds... yes
checking if gcc supports -Wwrite-strings... yes
checking if gcc supports -Waddress... yes
checking if gcc supports -Wint-to-pointer-cast... yes
checking if gcc supports -Wpointer-to-int-cast... yes
checking if gcc supports -pedantic... yes
checking if gcc supports -Werror... yes
checking if gcc supports -Werror=attributes... yes
checking whether make supports nested variables... (cached) yes
checking for doxygen... no
configure: WARNING: doxygen not found - documentation targets will be skipped
checking for X.Org SGML entities >= 1.8... no
checking whether to build documentation... yes
checking whether to build developer documentation... no
checking for xmlto... /usr/bin/xmlto
checking the xmlto version... 0.0.28
checking for fop... no
configure: WARNING: fop not found - documentation targets will be skipped
checking for xsltproc... /usr/bin/xsltproc
checking whether to build unit test cases... no
checking whether the linker accepts -Wl,-wrap,exit... yes
checking dependency style of gcc... gcc3
checking for g++... g++
checking whether we are using the GNU C++ compiler... yes
checking whether g++ accepts -g... yes
checking dependency style of g++... gcc3
checking whether ln -s works... yes
checking how to print strings... printf
checking for a sed that does not truncate output... (cached) /usr/bin/sed
checking for fgrep... /usr/bin/grep -F
checking for ld used by gcc... /usr/bin/ld
checking if the linker (/usr/bin/ld) is GNU ld... yes
checking for BSD- or MS-compatible name lister (nm)... /usr/bin/nm -B
checking the name lister (/usr/bin/nm -B) interface... BSD nm
checking the maximum length of command line arguments... 1572864
checking how to convert powerpc64le-unknown-linux-gnu file names to powerpc64le-unknown-linux-gnu format... func_convert_file_noop
checking how to convert powerpc64le-unknown-linux-gnu file names to toolchain format... func_convert_file_noop
checking for /usr/bin/ld option to reload object files... -r
checking for objdump... objdump
checking how to recognize dependent libraries... pass_all
checking for dlltool... no
checking how to associate runtime and link libraries... printf %s\n
checking for ar... ar
checking for archiver @FILE support... @
checking for strip... strip
checking for ranlib... ranlib
checking command to parse /usr/bin/nm -B output from gcc object... ok
checking for sysroot... no
checking for a working dd... /usr/bin/dd
checking how to truncate binary pipes... /usr/bin/dd bs=4096 count=1
checking for mt... no
checking if : is a manifest tool... no
checking for dlfcn.h... yes
checking for objdir... .libs
checking if gcc supports -fno-rtti -fno-exceptions... no
checking for gcc option to produce PIC... -fPIC -DPIC
checking if gcc PIC flag -fPIC -DPIC works... yes
checking if gcc static flag -static works... yes
checking if gcc supports -c -o file.o... yes
checking if gcc supports -c -o file.o... (cached) yes
checking whether the gcc linker (/usr/bin/ld) supports shared libraries... yes
checking whether -lc should be explicitly linked in... no
checking dynamic linker characteristics... GNU/Linux ld.so
checking how to hardcode library paths into programs... immediate
checking whether stripping libraries is possible... yes
checking if libtool supports shared libraries... yes
checking whether to build shared libraries... yes
checking whether to build static libraries... no
checking how to run the C++ preprocessor... g++ -E
checking for ld used by g++... /usr/bin/ld
checking if the linker (/usr/bin/ld) is GNU ld... yes
checking whether the g++ linker (/usr/bin/ld) supports shared libraries... yes
checking for g++ option to produce PIC... -fPIC -DPIC
checking if g++ PIC flag -fPIC -DPIC works... yes
checking if g++ static flag -static works... yes
checking if g++ supports -c -o file.o... yes
checking if g++ supports -c -o file.o... (cached) yes
checking whether the g++ linker (/usr/bin/ld) supports shared libraries... yes
checking dynamic linker characteristics... (cached) GNU/Linux ld.so
checking how to hardcode library paths into programs... immediate
checking for pkg-config... (cached) /usr/bin/pkg-config
checking pkg-config is at least version 0.9.0... yes
checking for flex... flex
checking lex output file root... lex.yy
checking lex library... -lfl
checking whether yytext is a pointer... yes
checking for bison... bison -y
checking for special C compiler options needed for large files... no
checking for _FILE_OFFSET_BITS value needed for large files... no
checking for cpp... /usr/lib/ccache/bin/cpp
checking if /usr/lib/ccache/bin/cpp requires -undef... yes
checking if /usr/lib/ccache/bin/cpp requires -traditional... yes
checking for dirent.h that defines DIR... yes
checking for library containing opendir... none required
checking for ANSI C header files... (cached) yes
checking fcntl.h usability... yes
checking fcntl.h presence... yes
checking for fcntl.h... yes
checking for stdlib.h... (cached) yes
checking for string.h... (cached) yes
checking for unistd.h... (cached) yes
checking for dlfcn.h... (cached) yes
checking stropts.h usability... yes
checking stropts.h presence... yes
checking for stropts.h... yes
checking fnmatch.h usability... yes
checking fnmatch.h presence... yes
checking for fnmatch.h... yes
checking sys/mkdev.h usability... no
checking sys/mkdev.h presence... no
checking for sys/mkdev.h... no
checking sys/sysmacros.h usability... yes
checking sys/sysmacros.h presence... yes
checking for sys/sysmacros.h... yes
checking sys/utsname.h usability... yes
checking sys/utsname.h presence... yes
checking for sys/utsname.h... yes
checking for an ANSI C-conforming const... yes
checking for typeof syntax and keyword spelling... typeof
checking whether byte ordering is bigendian... no
checking size of unsigned long... 8
checking for pid_t... yes
checking for dlopen... no
checking for dlopen in -ldl... yes
checking for backtrace... yes
checking for geteuid... yes
checking for getuid... yes
checking for issetugid... no
checking for getresuid... yes
checking for getdtablesize... yes
checking for getifaddrs... yes
checking for getpeereid... no
checking for getpeerucred... no
checking for getprogname... no
checking for getzoneid... no
checking for mmap... yes
checking for posix_fallocate... yes
checking for seteuid... yes
checking for shmctl64... no
checking for strncasecmp... yes
checking for vasprintf... yes
checking for vsnprintf... yes
checking for walkcontext... no
checking for setitimer... yes
checking for poll... yes
checking for epoll_create1... yes
checking for mkostemp... yes
checking for reallocarray... yes
checking for strcasecmp... yes
checking for strcasestr... yes
checking for strlcat... no
checking for strlcpy... no
checking for strndup... yes
checking for timingsafe_memcmp... no
checking for arc4random_buf in -lbsd... yes
checking for arc4random_buf... yes
checking whether program_invocation_short_name is declared... yes
checking for SO_PEERCRED in sys/socket.h... yes
checking for sqrt in -lm... yes
checking for cbrt... yes
checking linux/agpgart.h usability... yes
checking linux/agpgart.h presence... yes
checking for linux/agpgart.h... yes
checking sys/agpio.h usability... no
checking sys/agpio.h presence... no
checking for sys/agpio.h... no
checking sys/agpgart.h usability... no
checking sys/agpgart.h presence... no
checking for sys/agpgart.h... no
checking linux/fb.h usability... yes
checking linux/fb.h presence... yes
checking for linux/fb.h... yes
checking for sys/linker.h... no
checking for SYSV IPC... yes
checking machine/apmvar.h usability... no
checking machine/apmvar.h presence... no
checking for machine/apmvar.h... no
checking execinfo.h usability... yes
checking execinfo.h presence... yes
checking for execinfo.h... yes
checking for backtrace in -lc... yes
checking for fallback input driver... libinput
checking for root directory for font files... /usr/share/fonts
checking for directory for misc files... ${FONTROOTDIR}/misc
checking for directory for OTF files... ${FONTROOTDIR}/OTF
checking for directory for TTF files... ${FONTROOTDIR}/TTF
checking for directory for Type1 files... ${FONTROOTDIR}/Type1
checking for directory for 75dpi files... ${FONTROOTDIR}/75dpi
checking for directory for 100dpi files... ${FONTROOTDIR}/100dpi
checking for default font path... ${FONTROOTDIR}/misc/,${FONTROOTDIR}/TTF/,${FONTROOTDIR}/OTF/,${FONTROOTDIR}/Type1/,${FONTROOTDIR}/100dpi/,${FONTROOTDIR}/75dpi/
checking to see if we can install the Xorg server as root... no
checking if Xtrans should support UNIX socket connections... yes
checking if Xtrans should support TCP socket connections... yes
checking for library containing socket... none required
checking for library containing gethostbyname... none required
checking for getaddrinfo... yes
checking if IPv6 support should be built... yes
checking for struct sockaddr_in.sin_len... no
checking for socklen_t... yes
checking for struct msghdr.msg_control... yes
checking if Xtrans should support os-specific local connections... no
checking for authdes_seccreate... no
checking for authdes_create... yes
checking for library containing getsecretkey... none required
checking if Secure RPC authentication ("SUN-DES-1") should be supported... yes
checking for PIXMAN... yes
checking whether PTHREAD_MUTEX_RECURSIVE is declared... yes
checking if compiler needs -Werror to reject unknown flags... no
checking for the pthreads library -lpthreads... no
checking whether pthreads work without any flags... no
checking whether pthreads work with -Kthread... no
checking whether pthreads work with -kthread... no
checking for the pthreads library -llthread... no
checking whether pthreads work with -pthread... yes
checking for joinable pthread attribute... PTHREAD_CREATE_JOINABLE
checking if more special flags are required for pthreads... no
checking for PTHREAD_PRIO_INHERIT... yes
checking for pthread_setname_np(const char*)... no
checking for pthread_setname_np(pthread_t, const char*)... yes
checking for SYSTEMD_DAEMON... yes
checking for UDEV... yes
checking for DBUS... yes
checking for HAL... no
checking for glibc...... yes
checking for clock_gettime... yes
checking for a useful monotonic clock ...... yes
checking whether to track client ids... yes
checking for DRI2PROTO... yes
Checking temp dir /run/shm
Checking temp dir /var/tmp
checking for DRI3PROTO... yes
checking for sigaction... yes
checking for XSHMFENCE... yes
configure: DRI3 enabled
checking for LIBDRM... yes
checking for XLIB... yes
checking for GL... yes
checking for XDMCP... yes
checking for SHA1Init... no
checking for CC_SHA1_Init... no
checking for wincrypt.h... no
checking for SHA1Init in -lmd... no
checking for LIBSHA1... no
checking for nettle_sha1_init in -lnettle... yes
checking for gcry_md_open in -lgcrypt... yes
checking for SHA1_Init in -lcrypto... yes
checking for OPENSSL... yes
checking for SHA1 implementation... libnettle
checking for XSERVERCFLAGS... yes
checking for XSERVERLIBS... yes
checking for LIBUNWIND... yes
checking if SVR4 needs to be defined... no
checking whether to build Xvfb DDX... no
checking for XNESTMODULES... yes
checking whether to build Xnest DDX... no
checking whether to build Xorg DDX... no
checking whether to build XWin DDX... no
checking dependency style of $(CC)... none
checking for DMXMODULES... yes
checking for XDMXCONFIG_DEP... no
checking whether to build Xdmx DDX... no
checking for XWAYLANDMODULES... no
checking whether to build Xwayland DDX... no
configure: WARNING:
             ***********************************************
             Neither HAL nor udev backend will be enabled.
             Input device hotplugging will not be available!
             ***********************************************
checking that generated files are newer than configure... done
configure: creating ./config.status
config.status: creating Makefile
config.status: creating glx/Makefile
config.status: creating include/Makefile
config.status: creating composite/Makefile
config.status: creating damageext/Makefile
config.status: creating dbe/Makefile
config.status: creating dix/Makefile
config.status: creating doc/Makefile
config.status: creating doc/dtrace/Makefile
config.status: creating man/Makefile
config.status: creating fb/Makefile
config.status: creating glamor/Makefile
config.status: creating record/Makefile
config.status: creating config/Makefile
config.status: creating mi/Makefile
config.status: creating miext/Makefile
config.status: creating miext/sync/Makefile
config.status: creating miext/damage/Makefile
config.status: creating miext/shadow/Makefile
config.status: creating miext/rootless/Makefile
config.status: creating os/Makefile
config.status: creating pseudoramiX/Makefile
config.status: creating randr/Makefile
config.status: creating render/Makefile
config.status: creating xkb/Makefile
config.status: creating Xext/Makefile
config.status: creating Xi/Makefile
config.status: creating xfixes/Makefile
config.status: creating exa/Makefile
config.status: creating dri3/Makefile
config.status: creating present/Makefile
config.status: creating hw/Makefile
config.status: creating hw/xfree86/Makefile
config.status: creating hw/xfree86/Xorg.sh
config.status: creating hw/xfree86/common/Makefile
config.status: creating hw/xfree86/common/xf86Build.h
config.status: creating hw/xfree86/ddc/Makefile
config.status: creating hw/xfree86/dixmods/Makefile
config.status: creating hw/xfree86/doc/Makefile
config.status: creating hw/xfree86/dri/Makefile
config.status: creating hw/xfree86/dri2/Makefile
config.status: creating hw/xfree86/dri2/pci_ids/Makefile
config.status: creating hw/xfree86/drivers/Makefile
config.status: creating hw/xfree86/drivers/modesetting/Makefile
config.status: creating hw/xfree86/exa/Makefile
config.status: creating hw/xfree86/exa/man/Makefile
config.status: creating hw/xfree86/fbdevhw/Makefile
config.status: creating hw/xfree86/fbdevhw/man/Makefile
config.status: creating hw/xfree86/glamor_egl/Makefile
config.status: creating hw/xfree86/i2c/Makefile
config.status: creating hw/xfree86/int10/Makefile
config.status: creating hw/xfree86/loader/Makefile
config.status: creating hw/xfree86/man/Makefile
config.status: creating hw/xfree86/modes/Makefile
config.status: creating hw/xfree86/os-support/Makefile
config.status: creating hw/xfree86/os-support/bsd/Makefile
config.status: creating hw/xfree86/os-support/bus/Makefile
config.status: creating hw/xfree86/os-support/hurd/Makefile
config.status: creating hw/xfree86/os-support/misc/Makefile
config.status: creating hw/xfree86/os-support/linux/Makefile
config.status: creating hw/xfree86/os-support/solaris/Makefile
config.status: creating hw/xfree86/os-support/stub/Makefile
config.status: creating hw/xfree86/parser/Makefile
config.status: creating hw/xfree86/ramdac/Makefile
config.status: creating hw/xfree86/shadowfb/Makefile
config.status: creating hw/xfree86/vbe/Makefile
config.status: creating hw/xfree86/vgahw/Makefile
config.status: creating hw/xfree86/x86emu/Makefile
config.status: creating hw/xfree86/xkb/Makefile
config.status: creating hw/xfree86/utils/Makefile
config.status: creating hw/xfree86/utils/man/Makefile
config.status: creating hw/xfree86/utils/cvt/Makefile
config.status: creating hw/xfree86/utils/gtf/Makefile
config.status: creating hw/dmx/config/Makefile
config.status: creating hw/dmx/config/man/Makefile
config.status: creating hw/dmx/doc/Makefile
config.status: creating hw/dmx/doxygen/doxygen.conf
config.status: creating hw/dmx/doxygen/Makefile
config.status: creating hw/dmx/examples/Makefile
config.status: creating hw/dmx/input/Makefile
config.status: creating hw/dmx/glxProxy/Makefile
config.status: creating hw/dmx/Makefile
config.status: creating hw/dmx/man/Makefile
config.status: creating hw/vfb/Makefile
config.status: creating hw/vfb/man/Makefile
config.status: creating hw/vnc/Makefile
config.status: creating hw/xnest/Makefile
config.status: creating hw/xnest/man/Makefile
config.status: creating hw/xwin/Makefile
config.status: creating hw/xwin/dri/Makefile
config.status: creating hw/xwin/glx/Makefile
config.status: creating hw/xwin/man/Makefile
config.status: creating hw/xwin/winclipboard/Makefile
config.status: creating hw/xquartz/Makefile
config.status: creating hw/xquartz/GL/Makefile
config.status: creating hw/xquartz/bundle/Makefile
config.status: creating hw/xquartz/man/Makefile
config.status: creating hw/xquartz/mach-startup/Makefile
config.status: creating hw/xquartz/pbproxy/Makefile
config.status: creating hw/xquartz/xpr/Makefile
config.status: creating hw/kdrive/Makefile
config.status: creating hw/kdrive/ephyr/Makefile
config.status: creating hw/kdrive/ephyr/man/Makefile
config.status: creating hw/kdrive/src/Makefile
config.status: creating hw/xwayland/Makefile
config.status: creating test/Makefile
config.status: creating xserver.ent
config.status: creating xorg-server.pc
config.status: creating include/do-not-use-config.h
config.status: creating include/xorg-server.h
config.status: creating include/dix-config.h
config.status: creating include/xorg-config.h
config.status: creating include/xkb-config.h
config.status: creating include/xwin-config.h
config.status: creating include/xwayland-config.h
config.status: creating include/version-config.h
config.status: executing depfiles commands
config.status: executing libtool commands
config.status: executing sdksyms commands
Making all in doc
make[1]: Entering directory '/home/kth5/arch/archpower/tigervnc/src/tigervnc-1.9.0/unix/xserver/doc'
Making all in dtrace
make[2]: Entering directory '/home/kth5/arch/archpower/tigervnc/src/tigervnc-1.9.0/unix/xserver/doc/dtrace'
make[2]: Nothing to be done for 'all'.
make[2]: Leaving directory '/home/kth5/arch/archpower/tigervnc/src/tigervnc-1.9.0/unix/xserver/doc/dtrace'
make[2]: Entering directory '/home/kth5/arch/archpower/tigervnc/src/tigervnc-1.9.0/unix/xserver/doc'
make[2]: Nothing to be done for 'all-am'.
make[2]: Leaving directory '/home/kth5/arch/archpower/tigervnc/src/tigervnc-1.9.0/unix/xserver/doc'
make[1]: Leaving directory '/home/kth5/arch/archpower/tigervnc/src/tigervnc-1.9.0/unix/xserver/doc'
Making all in man
make[1]: Entering directory '/home/kth5/arch/archpower/tigervnc/src/tigervnc-1.9.0/unix/xserver/man'
  GEN      Xserver.1
make[1]: Leaving directory '/home/kth5/arch/archpower/tigervnc/src/tigervnc-1.9.0/unix/xserver/man'
Making all in include
make[1]: Entering directory '/home/kth5/arch/archpower/tigervnc/src/tigervnc-1.9.0/unix/xserver/include'
make  all-am
make[2]: Entering directory '/home/kth5/arch/archpower/tigervnc/src/tigervnc-1.9.0/unix/xserver/include'
make[2]: Leaving directory '/home/kth5/arch/archpower/tigervnc/src/tigervnc-1.9.0/unix/xserver/include'
make[1]: Leaving directory '/home/kth5/arch/archpower/tigervnc/src/tigervnc-1.9.0/unix/xserver/include'
Making all in dix
make[1]: Entering directory '/home/kth5/arch/archpower/tigervnc/src/tigervnc-1.9.0/unix/xserver/dix'
make  all-am
make[2]: Entering directory '/home/kth5/arch/archpower/tigervnc/src/tigervnc-1.9.0/unix/xserver/dix'
  CC       colormap.lo
  CC       atom.lo
  CC       devices.lo
  CC       cursor.lo
  CC       dispatch.lo
  CC       dixfonts.lo
  CC       main.lo
  CC       dixutils.lo
  CC       enterleave.lo
  CC       events.lo
  CC       eventconvert.lo
  CC       extension.lo
  CC       gc.lo
  CC       getevents.lo
  CC       globals.lo
  CC       glyphcurs.lo
  CC       grabs.lo
  CC       initatoms.lo
  CC       inpututils.lo
  CC       pixmap.lo
  CC       privates.lo
  CC       property.lo
  CC       ptrveloc.lo
  CC       region.lo
  CC       registry.lo
  CC       resource.lo
  CC       selection.lo
  CC       swaprep.lo
  CC       swapreq.lo
  CC       tables.lo
  CC       touch.lo
  CC       window.lo
  CC       stubmain.lo
  CCLD     libmain.la
  CCLD     libdix.la
make[2]: Leaving directory '/home/kth5/arch/archpower/tigervnc/src/tigervnc-1.9.0/unix/xserver/dix'
make[1]: Leaving directory '/home/kth5/arch/archpower/tigervnc/src/tigervnc-1.9.0/unix/xserver/dix'
Making all in fb
make[1]: Entering directory '/home/kth5/arch/archpower/tigervnc/src/tigervnc-1.9.0/unix/xserver/fb'
  CC       libfb_la-fballpriv.lo
  CC       libfb_la-fbarc.lo
  CC       libfb_la-fbbits.lo
  CC       libfb_la-fbblt.lo
  CC       libfb_la-fbbltone.lo
  CC       libfb_la-fbcmap_mi.lo
  CC       libfb_la-fbcopy.lo
  CC       libfb_la-fbfill.lo
  CC       libfb_la-fbfillrect.lo
  CC       libfb_la-fbfillsp.lo
  CC       libfb_la-fbgc.lo
  CC       libfb_la-fbgetsp.lo
  CC       libfb_la-fbglyph.lo
  CC       libfb_la-fbimage.lo
  CC       libfb_la-fbline.lo
  CC       libfb_la-fboverlay.lo
  CC       libfb_la-fbpict.lo
  CC       libfb_la-fbpixmap.lo
  CC       libfb_la-fbpoint.lo
  CC       libfb_la-fbpush.lo
  CC       libfb_la-fbscreen.lo
  CC       libfb_la-fbseg.lo
  CC       libfb_la-fbsetsp.lo
  CC       libfb_la-fbsolid.lo
  CC       libfb_la-fbtrap.lo
  CC       libfb_la-fbutil.lo
  CC       libfb_la-fbwindow.lo
  CC       libwfb_la-fballpriv.lo
  CC       libwfb_la-fbarc.lo
  CC       libwfb_la-fbbits.lo
  CC       libwfb_la-fbblt.lo
  CC       libwfb_la-fbbltone.lo
  CC       libwfb_la-fbcmap_mi.lo
  CC       libwfb_la-fbcopy.lo
  CC       libwfb_la-fbfill.lo
  CC       libwfb_la-fbfillrect.lo
  CC       libwfb_la-fbfillsp.lo
  CC       libwfb_la-fbgc.lo
  CC       libwfb_la-fbgetsp.lo
  CC       libwfb_la-fbglyph.lo
  CC       libwfb_la-fbimage.lo
  CC       libwfb_la-fbline.lo
  CC       libwfb_la-fboverlay.lo
  CC       libwfb_la-fbpict.lo
  CC       libwfb_la-fbpixmap.lo
  CC       libwfb_la-fbpoint.lo
  CC       libwfb_la-fbpush.lo
  CC       libwfb_la-fbscreen.lo
  CC       libwfb_la-fbseg.lo
  CC       libwfb_la-fbsetsp.lo
  CC       libwfb_la-fbsolid.lo
  CC       libwfb_la-fbtrap.lo
  CC       libwfb_la-fbutil.lo
  CC       libwfb_la-fbwindow.lo
  CCLD     libfb.la
  CCLD     libwfb.la
make[1]: Leaving directory '/home/kth5/arch/archpower/tigervnc/src/tigervnc-1.9.0/unix/xserver/fb'
Making all in mi
make[1]: Entering directory '/home/kth5/arch/archpower/tigervnc/src/tigervnc-1.9.0/unix/xserver/mi'
  CC       miarc.lo
  CC       mibitblt.lo
  CC       micmap.lo
  CC       micopy.lo
  CC       midash.lo
  CC       midispcur.lo
  CC       mieq.lo
  CC       miexpose.lo
  CC       mifillarc.lo
  CC       mifillrct.lo
  CC       migc.lo
  CC       miglblt.lo
  CC       mioverlay.lo
  CC       mipointer.lo
  CC       mipoly.lo
  CC       mipolypnt.lo
  CC       mipolyrect.lo
  CC       mipolyseg.lo
  CC       mipolytext.lo
  CC       mipushpxl.lo
  CC       miscrinit.lo
  CC       misprite.lo
  CC       mivaltree.lo
  CC       miwideline.lo
  CC       miwindow.lo
  CC       mizerarc.lo
  CC       mizerclip.lo
  CC       mizerline.lo
  CCLD     libmi.la
make[1]: Leaving directory '/home/kth5/arch/archpower/tigervnc/src/tigervnc-1.9.0/unix/xserver/mi'
Making all in Xext
make[1]: Entering directory '/home/kth5/arch/archpower/tigervnc/src/tigervnc-1.9.0/unix/xserver/Xext'
  CC       bigreq.lo
  CC       shape.lo
  CC       geext.lo
  CC       sleepuntil.lo
  CC       sync.lo
  CC       xcmisc.lo
  CC       xtest.lo
  CC       shm.lo
  CC       xvmain.lo
  CC       xvdisp.lo
  CC       xvmc.lo
  CC       hashtable.lo
  CC       xres.lo
  CC       saver.lo
  CC       panoramiX.lo
  CC       panoramiXprocs.lo
  CC       panoramiXSwap.lo
  CC       xace.lo
  CC       dpms.lo
  CC       vidmode.lo
  CCLD     libXvidmode.la
  CCLD     libXext.la
make[1]: Leaving directory '/home/kth5/arch/archpower/tigervnc/src/tigervnc-1.9.0/unix/xserver/Xext'
Making all in miext
make[1]: Entering directory '/home/kth5/arch/archpower/tigervnc/src/tigervnc-1.9.0/unix/xserver/miext'
Making all in sync
make[2]: Entering directory '/home/kth5/arch/archpower/tigervnc/src/tigervnc-1.9.0/unix/xserver/miext/sync'
  CC       misync.lo
  CC       misyncshm.lo
  CC       misyncfd.lo
  CCLD     libsync.la
make[2]: Leaving directory '/home/kth5/arch/archpower/tigervnc/src/tigervnc-1.9.0/unix/xserver/miext/sync'
Making all in damage
make[2]: Entering directory '/home/kth5/arch/archpower/tigervnc/src/tigervnc-1.9.0/unix/xserver/miext/damage'
  CC       damage.lo
  CCLD     libdamage.la
make[2]: Leaving directory '/home/kth5/arch/archpower/tigervnc/src/tigervnc-1.9.0/unix/xserver/miext/damage'
Making all in shadow
make[2]: Entering directory '/home/kth5/arch/archpower/tigervnc/src/tigervnc-1.9.0/unix/xserver/miext/shadow'
  CC       sh3224.lo
  CC       shafb4.lo
  CC       shadow.lo
  CC       shafb8.lo
  CC       shiplan2p4.lo
  CC       shiplan2p8.lo
  CC       shpacked.lo
  CC       shplanar8.lo
  CC       shplanar.lo
  CC       shrot16pack_180.lo
  CC       shrot16pack_270.lo
  CC       shrot16pack_270YX.lo
  CC       shrot16pack_90.lo
  CC       shrot16pack_90YX.lo
  CC       shrot16pack.lo
  CC       shrot32pack_180.lo
  CC       shrot32pack_270.lo
  CC       shrot32pack_90.lo
  CC       shrot32pack.lo
  CC       shrot8pack_180.lo
  CC       shrot8pack_270.lo
  CC       shrot8pack_90.lo
  CC       shrot8pack.lo
  CC       shrotate.lo
  CCLD     libshadow.la
make[2]: Leaving directory '/home/kth5/arch/archpower/tigervnc/src/tigervnc-1.9.0/unix/xserver/miext/shadow'
Making all in rootless
make[2]: Entering directory '/home/kth5/arch/archpower/tigervnc/src/tigervnc-1.9.0/unix/xserver/miext/rootless'
  CC       rootlessCommon.lo
  CC       rootlessGC.lo
  CC       rootlessScreen.lo
  CC       rootlessValTree.lo
  CC       rootlessWindow.lo
  CCLD     librootless.la
make[2]: Leaving directory '/home/kth5/arch/archpower/tigervnc/src/tigervnc-1.9.0/unix/xserver/miext/rootless'
make[2]: Entering directory '/home/kth5/arch/archpower/tigervnc/src/tigervnc-1.9.0/unix/xserver/miext'
make[2]: Nothing to be done for 'all-am'.
make[2]: Leaving directory '/home/kth5/arch/archpower/tigervnc/src/tigervnc-1.9.0/unix/xserver/miext'
make[1]: Leaving directory '/home/kth5/arch/archpower/tigervnc/src/tigervnc-1.9.0/unix/xserver/miext'
Making all in os
make[1]: Entering directory '/home/kth5/arch/archpower/tigervnc/src/tigervnc-1.9.0/unix/xserver/os'
  CC       WaitFor.lo
  CC       access.lo
  CC       auth.lo
  CC       backtrace.lo
  CC       client.lo
  CC       connection.lo
  CC       inputthread.lo
  CC       io.lo
  CC       mitauth.lo
  CC       oscolor.lo
  CC       osinit.lo
  CC       ospoll.lo
  CC       utils.lo
  CC       xdmauth.lo
  CC       xsha1.lo
  CC       xstrans.lo
  CC       xprintf.lo
  CC       log.lo
  CC       rpcauth.lo
  CC       xdmcp.lo
  CC       busfault.lo
  CC       strlcat.lo
  CC       strlcpy.lo
  CC       timingsafe_memcmp.lo
  CCLD     libos.la
make[1]: Leaving directory '/home/kth5/arch/archpower/tigervnc/src/tigervnc-1.9.0/unix/xserver/os'
Making all in randr
make[1]: Entering directory '/home/kth5/arch/archpower/tigervnc/src/tigervnc-1.9.0/unix/xserver/randr'
  CC       randr.lo
  CC       rrinfo.lo
  CC       rrcrtc.lo
  CC       rrdispatch.lo
  CC       rrlease.lo
  CC       rrmode.lo
  CC       rrmonitor.lo
  CC       rroutput.lo
  CC       rrpointer.lo
  CC       rrproperty.lo
  CC       rrprovider.lo
  CC       rrproviderproperty.lo
  CC       rrscreen.lo
  CC       rrsdispatch.lo
  CC       rrtransform.lo
  CC       rrxinerama.lo
  CCLD     librandr.la
make[1]: Leaving directory '/home/kth5/arch/archpower/tigervnc/src/tigervnc-1.9.0/unix/xserver/randr'
Making all in render
make[1]: Entering directory '/home/kth5/arch/archpower/tigervnc/src/tigervnc-1.9.0/unix/xserver/render'
  CC       filter.lo
  CC       glyph.lo
  CC       animcur.lo
  CC       matrix.lo
  CC       miindex.lo
  CC       mipict.lo
  CC       mirect.lo
  CC       mitrap.lo
  CC       mitri.lo
  CC       picture.lo
  CC       render.lo
  CCLD     librender.la
make[1]: Leaving directory '/home/kth5/arch/archpower/tigervnc/src/tigervnc-1.9.0/unix/xserver/render'
Making all in Xi
make[1]: Entering directory '/home/kth5/arch/archpower/tigervnc/src/tigervnc-1.9.0/unix/xserver/Xi'
  CC       allowev.lo
  CC       chgfctl.lo
  CC       chgdctl.lo
  CC       chgkbd.lo
  CC       chgkmap.lo
  CC       chgprop.lo
  CC       chgptr.lo
  CC       closedev.lo
  CC       devbell.lo
  CC       exevents.lo
  CC       extinit.lo
  CC       getbmap.lo
  CC       getdctl.lo
  CC       getfctl.lo
  CC       getfocus.lo
  CC       getkmap.lo
  CC       getmmap.lo
  CC       getprop.lo
  CC       getselev.lo
  CC       getvers.lo
  CC       grabdev.lo
  CC       grabdevb.lo
  CC       grabdevk.lo
  CC       gtmotion.lo
  CC       listdev.lo
  CC       opendev.lo
  CC       queryst.lo
  CC       selectev.lo
  CC       sendexev.lo
  CC       setbmap.lo
  CC       setdval.lo
  CC       setfocus.lo
  CC       setmmap.lo
  CC       setmode.lo
  CC       ungrdev.lo
  CC       ungrdevb.lo
  CC       ungrdevk.lo
  CC       xiallowev.lo
  CC       xibarriers.lo
  CC       xichangecursor.lo
  CC       xichangehierarchy.lo
  CC       xigetclientpointer.lo
  CC       xigrabdev.lo
  CC       xipassivegrab.lo
  CC       xiproperty.lo
  CC       xiquerydevice.lo
  CC       xiquerypointer.lo
  CC       xiqueryversion.lo
  CC       xiselectev.lo
  CC       xisetclientpointer.lo
  CC       xisetdevfocus.lo
  CC       xiwarppointer.lo
  CC       stubs.lo
  CCLD     libXi.la
  CCLD     libXistubs.la
make[1]: Leaving directory '/home/kth5/arch/archpower/tigervnc/src/tigervnc-1.9.0/unix/xserver/Xi'
Making all in xkb
make[1]: Entering directory '/home/kth5/arch/archpower/tigervnc/src/tigervnc-1.9.0/unix/xserver/xkb'
  CC       ddxBeep.lo
  CC       ddxCtrls.lo
  CC       ddxLEDs.lo
  CC       ddxLoad.lo
  CC       xkb.lo
  CC       xkbUtils.lo
  CC       xkbEvents.lo
  CC       xkbAccessX.lo
  CC       xkbSwap.lo
  CC       xkbLEDs.lo
  CC       xkbInit.lo
  CC       xkbActions.lo
  CC       xkbPrKeyEv.lo
  CC       maprules.lo
  CC       xkmread.lo
  CC       xkbtext.lo
  CC       xkbfmisc.lo
  CC       xkbout.lo
  CC       XKBMisc.lo
  CC       XKBAlloc.lo
  CC       XKBGAlloc.lo
  CC       XKBMAlloc.lo
  CC       ddxVT.lo
  CC       ddxPrivate.lo
  CC       ddxKillSrv.lo
  CCLD     libxkbstubs.la
xkb.c: In function ‘ProcXkbSetMap’:
xkb.c:2630:5: warning: ISO C90 forbids mixed declarations and code [-Wdeclaration-after-statement]
     DeviceIntPtr master = GetMaster(dev, MASTER_KEYBOARD);
     ^~~~~~~~~~~~
  CCLD     libxkb.la
make[1]: Leaving directory '/home/kth5/arch/archpower/tigervnc/src/tigervnc-1.9.0/unix/xserver/xkb'
Making all in dbe
make[1]: Entering directory '/home/kth5/arch/archpower/tigervnc/src/tigervnc-1.9.0/unix/xserver/dbe'
  CC       dbe.lo
  CC       midbe.lo
  CCLD     libdbe.la
make[1]: Leaving directory '/home/kth5/arch/archpower/tigervnc/src/tigervnc-1.9.0/unix/xserver/dbe'
Making all in record
make[1]: Entering directory '/home/kth5/arch/archpower/tigervnc/src/tigervnc-1.9.0/unix/xserver/record'
  CC       record.lo
  CC       set.lo
  CCLD     librecord.la
make[1]: Leaving directory '/home/kth5/arch/archpower/tigervnc/src/tigervnc-1.9.0/unix/xserver/record'
Making all in xfixes
make[1]: Entering directory '/home/kth5/arch/archpower/tigervnc/src/tigervnc-1.9.0/unix/xserver/xfixes'
  CC       region.lo
  CC       cursor.lo
  CC       saveset.lo
  CC       select.lo
  CC       xfixes.lo
  CCLD     libxfixes.la
make[1]: Leaving directory '/home/kth5/arch/archpower/tigervnc/src/tigervnc-1.9.0/unix/xserver/xfixes'
Making all in damageext
make[1]: Entering directory '/home/kth5/arch/archpower/tigervnc/src/tigervnc-1.9.0/unix/xserver/damageext'
  CC       damageext.lo
  CCLD     libdamageext.la
make[1]: Leaving directory '/home/kth5/arch/archpower/tigervnc/src/tigervnc-1.9.0/unix/xserver/damageext'
Making all in composite
make[1]: Entering directory '/home/kth5/arch/archpower/tigervnc/src/tigervnc-1.9.0/unix/xserver/composite'
  CC       compalloc.lo
  CC       compext.lo
  CC       compinit.lo
  CC       compoverlay.lo
  CC       compwindow.lo
  CCLD     libcomposite.la
make[1]: Leaving directory '/home/kth5/arch/archpower/tigervnc/src/tigervnc-1.9.0/unix/xserver/composite'
Making all in glx
make[1]: Entering directory '/home/kth5/arch/archpower/tigervnc/src/tigervnc-1.9.0/unix/xserver/glx'
  CC       indirect_dispatch.lo
  CC       indirect_dispatch_swap.lo
  CC       indirect_reqsize.lo
  CC       indirect_size_get.lo
indirect_dispatch_swap.c:85:1: warning: ‘bswap_CARD64’ defined but not used [-Wunused-function]
 bswap_CARD64(const void *src)
 ^~~~~~~~~~~~
  CC       indirect_table.lo
  CC       clientinfo.lo
  CC       createcontext.lo
  CC       extension_string.lo
  CC       indirect_util.lo
  CC       indirect_program.lo
  CC       indirect_texture_compression.lo
  CC       glxcmds.lo
  CC       glxcmdsswap.lo
  CC       glxext.lo
  CC       glxdriswrast.lo
  CC       glxdricommon.lo
  CC       glxscreens.lo
  CC       render2.lo
  CC       render2swap.lo
  CC       renderpix.lo
  CC       renderpixswap.lo
  CC       rensize.lo
  CC       single2.lo
  CC       single2swap.lo
  CC       singlepix.lo
  CC       singlepixswap.lo
  CC       singlesize.lo
  CC       swap_interval.lo
  CC       xfont.lo
  CC       glxdri2.lo
  CC       vndcmds.lo
  CC       vndext.lo
  CC       vndservermapping.lo
  CC       vndservervendor.lo
  CCLD     libglx.la
  CCLD     libglxdri.la
  CCLD     libglxvnd.la
make[1]: Leaving directory '/home/kth5/arch/archpower/tigervnc/src/tigervnc-1.9.0/unix/xserver/glx'
Making all in present
make[1]: Entering directory '/home/kth5/arch/archpower/tigervnc/src/tigervnc-1.9.0/unix/xserver/present'
  CC       present.lo
  CC       present_event.lo
  CC       present_execute.lo
  CC       present_fake.lo
  CC       present_fence.lo
  CC       present_notify.lo
  CC       present_request.lo
  CC       present_scmd.lo
  CC       present_screen.lo
  CC       present_vblank.lo
  CC       present_wnmd.lo
  CCLD     libpresent.la
make[1]: Leaving directory '/home/kth5/arch/archpower/tigervnc/src/tigervnc-1.9.0/unix/xserver/present'
Making all in dri3
make[1]: Entering directory '/home/kth5/arch/archpower/tigervnc/src/tigervnc-1.9.0/unix/xserver/dri3'
  CC       dri3_screen.lo
  CC       dri3.lo
  CC       dri3_request.lo
  CCLD     libdri3.la
make[1]: Leaving directory '/home/kth5/arch/archpower/tigervnc/src/tigervnc-1.9.0/unix/xserver/dri3'
Making all in exa
make[1]: Entering directory '/home/kth5/arch/archpower/tigervnc/src/tigervnc-1.9.0/unix/xserver/exa'
  CC       exa_classic.lo
  CC       exa.lo
  CC       exa_driver.lo
  CC       exa_migration_classic.lo
  CC       exa_mixed.lo
  CC       exa_migration_mixed.lo
  CC       exa_accel.lo
  CC       exa_glyphs.lo
  CC       exa_offscreen.lo
  CC       exa_render.lo
  CC       exa_unaccel.lo
  CCLD     libexa.la
make[1]: Leaving directory '/home/kth5/arch/archpower/tigervnc/src/tigervnc-1.9.0/unix/xserver/exa'
Making all in config
make[1]: Entering directory '/home/kth5/arch/archpower/tigervnc/src/tigervnc-1.9.0/unix/xserver/config'
  CC       config.lo
  CCLD     libconfig.la
make[1]: Leaving directory '/home/kth5/arch/archpower/tigervnc/src/tigervnc-1.9.0/unix/xserver/config'
Making all in hw
make[1]: Entering directory '/home/kth5/arch/archpower/tigervnc/src/tigervnc-1.9.0/unix/xserver/hw'
Making all in vnc
make[2]: Entering directory '/home/kth5/arch/archpower/tigervnc/src/tigervnc-1.9.0/unix/xserver/hw/vnc'
  CC       Xvnc-xvnc.o
  CC       Xvnc-stubs.o
  CC       Xvnc-miinitext.o
  CC       Xvnc-fbcmap_mi.o
  CC       Xvnc-buildtime.o
  CC       libvnccommon_la-vncExt.lo
  CXX      libvnccommon_la-vncExtInit.lo
  CC       libvnccommon_la-vncHooks.lo
  CC       libvnccommon_la-vncSelection.lo
cc1plus: warning: command line option ‘-Wstrict-prototypes’ is valid for C/ObjC but not for C++
cc1plus: warning: command line option ‘-Wmissing-prototypes’ is valid for C/ObjC but not for C++
cc1plus: warning: command line option ‘-Wnested-externs’ is valid for C/ObjC but not for C++
cc1plus: warning: command line option ‘-Wbad-function-cast’ is valid for C/ObjC but not for C++
cc1plus: warning: command line option ‘-Wold-style-definition’ is valid for C/ObjC but not for C++
cc1plus: warning: command line option ‘-Wdeclaration-after-statement’ is valid for C/ObjC but not for C++
cc1plus: warning: command line option ‘-Wimplicit’ is valid for C/ObjC but not for C++
cc1plus: warning: command line option ‘-Wpointer-to-int-cast’ is valid for C/ObjC but not for C++
  CC       libvnccommon_la-vncBlockHandler.lo
vncSelection.c: In function ‘vncConvertSelection’:
vncSelection.c:267:8: warning: pointer targets in assignment from ‘char *’ to ‘const unsigned char *’ differ in signedness [-Wpointer-sign]
     in = clientCutText;
        ^
vncSelection.c: In function ‘vncClientCutText’:
vncSelection.c:109:6: warning: ‘rc’ may be used uninitialized in this function [-Wmaybe-uninitialized]
   if (rc != Success)
      ^
  CC       libvnccommon_la-XorgGlue.lo
  CC       libvnccommon_la-RandrGlue.lo
xvnc.c: In function ‘vfbInstallColormap’:
xvnc.c:704:12: warning: variable ‘pVisual’ set but not used [-Wunused-but-set-variable]
  VisualPtr pVisual;
            ^~~~~~~
xvnc.c: In function ‘vncRandRCanCreateModes’:
xvnc.c:1407:5: warning: old-style function definition [-Wold-style-definition]
 int vncRandRCanCreateModes()
     ^~~~~~~~~~~~~~~~~~~~~~
xvnc.c: At top level:
xvnc.c:1728:13: warning: redundant redeclaration of ‘GlxExtensionInit’ [-Wredundant-decls]
 extern void GlxExtensionInit(void);
             ^~~~~~~~~~~~~~~~
In file included from ../../include/globals.h:6,
                 from ../../include/opaque.h:34,
                 from ../../include/windowstr.h:60,
                 from ../../fb/fb.h:38,
                 from xvnc.c:54:
../../include/extinit.h:81:13: note: previous declaration of ‘GlxExtensionInit’ was here
 extern void GlxExtensionInit(void);
             ^~~~~~~~~~~~~~~~
xvnc.c:1730:24: warning: ‘glxExt’ defined but not used [-Wunused-variable]
 static ExtensionModule glxExt = {
                        ^~~~~~
  CXX      libvnccommon_la-RFBGlue.lo
  CXX      libvnccommon_la-XserverDesktop.lo
cc1plus: warning: command line option ‘-Wstrict-prototypes’ is valid for C/ObjC but not for C++
cc1plus: warning: command line option ‘-Wmissing-prototypes’ is valid for C/ObjC but not for C++
cc1plus: warning: command line option ‘-Wnested-externs’ is valid for C/ObjC but not for C++
cc1plus: warning: command line option ‘-Wbad-function-cast’ is valid for C/ObjC but not for C++
cc1plus: warning: command line option ‘-Wold-style-definition’ is valid for C/ObjC but not for C++
cc1plus: warning: command line option ‘-Wdeclaration-after-statement’ is valid for C/ObjC but not for C++
cc1plus: warning: command line option ‘-Wimplicit’ is valid for C/ObjC but not for C++
cc1plus: warning: command line option ‘-Wpointer-to-int-cast’ is valid for C/ObjC but not for C++
  CC       libvnccommon_la-Input.lo
  CC       libvnccommon_la-InputXKB.lo
cc1plus: warning: command line option ‘-Wstrict-prototypes’ is valid for C/ObjC but not for C++
cc1plus: warning: command line option ‘-Wmissing-prototypes’ is valid for C/ObjC but not for C++
cc1plus: warning: command line option ‘-Wnested-externs’ is valid for C/ObjC but not for C++
cc1plus: warning: command line option ‘-Wbad-function-cast’ is valid for C/ObjC but not for C++
cc1plus: warning: command line option ‘-Wold-style-definition’ is valid for C/ObjC but not for C++
cc1plus: warning: command line option ‘-Wdeclaration-after-statement’ is valid for C/ObjC but not for C++
cc1plus: warning: command line option ‘-Wimplicit’ is valid for C/ObjC but not for C++
cc1plus: warning: command line option ‘-Wpointer-to-int-cast’ is valid for C/ObjC but not for C++
XserverDesktop.cc: In constructor ‘XserverDesktop::XserverDesktop(int, std::__cxx11::list<network::SocketListener*>, std::__cxx11::list<network::SocketListener*>, const char*, const rfb::PixelFormat&, int, int, void*, int)’:
XserverDesktop.cc:114:55: warning: declaration of ‘stride’ shadows a member of ‘XserverDesktop’ [-Wshadow]
                                void* fbptr, int stride)
                                                       ^
In file included from ../../../../common/rfb/SDesktop.h:40,
                 from ../../../../common/rfb/VNCServerST.h:29,
                 from XserverDesktop.cc:37:
../../../../common/rfb/PixelBuffer.h:159:9: note: shadowed declaration is here
     int stride;
         ^~~~~~
XserverDesktop.cc: In member function ‘virtual void XserverDesktop::grabRegion(const rfb::Region&)’:
XserverDesktop.cc:580:9: warning: declaration of ‘stride’ shadows a member of ‘XserverDesktop’ [-Wshadow]
     int stride;
         ^~~~~~
In file included from ../../../../common/rfb/SDesktop.h:40,
                 from ../../../../common/rfb/VNCServerST.h:29,
                 from XserverDesktop.cc:37:
../../../../common/rfb/PixelBuffer.h:159:9: note: shadowed declaration is here
     int stride;
         ^~~~~~
make[2]: *** No rule to make target '../../../../common/network/libnetwork.la', needed by 'Xvnc'.  Stop.
make[2]: *** Waiting for unfinished jobs....
  CC       libvnccommon_la-qnum_to_xorgkbd.lo
  CC       libvnccommon_la-qnum_to_xorgevdev.lo
make[2]: Leaving directory '/home/kth5/arch/archpower/tigervnc/src/tigervnc-1.9.0/unix/xserver/hw/vnc'
make[1]: *** [Makefile:624: all-recursive] Error 1
make[1]: Leaving directory '/home/kth5/arch/archpower/tigervnc/src/tigervnc-1.9.0/unix/xserver/hw'
make: *** [Makefile:824: all-recursive] Error 1
==> ERROR: A failure occurred in build().
    Aborting...
==> Removing installed dependencies...
checking dependencies...
:: harfbuzz optionally requires cairo: hb-view program
:: hwloc optionally requires cairo
:: openssh optionally requires xorg-xauth: X11 forwarding
:: python2-sphinx optionally requires imagemagick: ext.imageconverter

Packages (55) cairo-1.16.0-2  desktop-file-utils-0.23+4+g92af410-1  fltk-1.3.5-1  fontconfig-2:2.13.1+12+g5f5ec56-1  fribidi-1.0.5-1  glu-9.0.0-5  hicolor-icon-theme-0.17-1  imagemagick-7.0.8.27-1  jdk8-openjdk-8.u212-1  jre8-openjdk-8.u212-1  lcms2-2.9-1  libdrm-2.4.97-1  libglvnd-1.1.0-1  libice-1.0.9-2  liblqr-0.4.2-2  libmagick-7.0.8.27-1  libomxil-bellagio-0.9.3-2  libpciaccess-0.14-1  libraqm-0.5.0-1  libsm-1.2.3-1  libunwind-1.3.1-1  libx11-1.6.7-1  libxau-1.0.8-3  libxcb-1.13.1-1  libxcursor-1.1.15-1  libxdamage-1.1.4-3  libxdmcp-1.1.2-2  libxext-1.3.3-2  libxfixes-5.0.3-2  libxfont2-2.0.3-1  libxft-2.3.2-2  libxi-1.7.9-2  libxinerama-1.1.4-1  libxkbfile-1.0.9-2  libxmu-1.1.2-2  libxrender-0.9.10-2  libxshmfence-1.3-1  libxt-1.1.5-2  libxtst-1.2.3-2  libxxf86vm-1.1.4-2  lm_sensors-3.5.0-1  mesa-19.0.1-2  pixman-0.36.0-1  wayland-1.16.0-1  xcb-proto-1.13-2  xdg-utils-1.1.3-3  xkeyboard-config-2.26-1  xorg-font-util-1.3.1-2  xorg-util-macros-1.19.2-1  xorg-xauth-1.0.10-2  xorg-xkbcomp-1.4.2-1  xorg-xset-1.2.4-1  xorg-xsetroot-1.1.2-1  xorgproto-2018.4-1  xtrans-1.3.5-2

Total Removed Size:  164.49 MiB

:: Do you want to remove these packages? [Y/n] 
:: Processing package changes...
removing xtrans...
removing xorg-xsetroot...
removing xorg-xkbcomp...
removing xorg-xauth...
removing xorg-util-macros...
removing xorg-font-util...
removing xkeyboard-config...
removing mesa...
removing wayland...
removing lm_sensors...
removing libxxf86vm...
removing libxtst...
removing libxshmfence...
removing libxkbfile...
removing libxi...
removing libxfont2...
removing libxdamage...
removing libunwind...
removing libomxil-bellagio...
removing libdrm...
removing libpciaccess...
removing jdk8-openjdk...
removing jre8-openjdk...
removing imagemagick...
removing libmagick...
removing libraqm...
removing liblqr...
removing lcms2...
removing fribidi...
removing fltk...
removing xdg-utils...
removing xorg-xset...
removing libxmu...
removing libxt...
removing libsm...
removing libice...
removing libxinerama...
removing libxft...
removing libxcursor...
removing libxfixes...
removing hicolor-icon-theme...
removing glu...
removing desktop-file-utils...
removing cairo...
removing pixman...
removing libxrender...
removing libglvnd...
removing libxext...
removing libx11...
removing libxcb...
removing xcb-proto...
removing libxdmcp...
removing libxau...
removing xorgproto...
removing fontconfig...

  Check for dead symlinks and leftover files 
  in /etc/fonts/conf.d/
  
:: Running post-transaction hooks...
(1/3) Reloading system manager configuration...
(2/3) Arming ConditionNeedsUpdate...
(3/3) Updating the MIME type database...
