-- The C compiler identification is GNU 13.2.1
-- The CXX compiler identification is GNU 13.2.1
-- Detecting C compiler ABI info
-- Detecting C compiler ABI info - done
-- Check for working C compiler: /usr/lib/ccache/bin/powerpc64le-unknown-linux-gnu-gcc - skipped
-- Detecting C compile features
-- Detecting C compile features - done
-- Detecting CXX compiler ABI info
-- Detecting CXX compiler ABI info - done
-- Check for working CXX compiler: /usr/lib/ccache/bin/powerpc64le-unknown-linux-gnu-g++ - skipped
-- Detecting CXX compile features
-- Detecting CXX compile features - done
-- 

-- Installing in the same prefix as Qt, adopting their path scheme.
-- Looking for __GLIBC__
-- Looking for __GLIBC__ - found
-- Performing Test _OFFT_IS_64BIT
-- Performing Test _OFFT_IS_64BIT - Success
-- Performing Test HAVE_DATE_TIME
-- Performing Test HAVE_DATE_TIME - Success
-- Performing Test BSYMBOLICFUNCTIONS_AVAILABLE
-- Performing Test BSYMBOLICFUNCTIONS_AVAILABLE - Success
-- Found KF5CoreAddons: /usr/lib/cmake/KF5CoreAddons/KF5CoreAddonsConfig.cmake (found version "5.114.0") 
-- Found KF5Config: /usr/lib/cmake/KF5Config/KF5ConfigConfig.cmake (found version "5.114.0") 
-- Found KF5DBusAddons: /usr/lib/cmake/KF5DBusAddons/KF5DBusAddonsConfig.cmake (found version "5.114.0") 
-- Found Gettext: /usr/bin/msgmerge (found version "0.22.4") 
-- Found KF5I18n: /usr/lib/cmake/KF5I18n/KF5I18nConfig.cmake (found version "5.114.0") 
CMake Warning at /usr/share/ECM/find-modules/FindKF5.cmake:52 (find_package):
  Could not find a configuration file for package "KF5IdleTime" that is
  compatible with requested version "5.114.0".

  The following configuration files were considered but not accepted:

    /usr/lib/cmake/KF5IdleTime/KF5IdleTimeConfig.cmake, version: 5.113.0
    /lib/cmake/KF5IdleTime/KF5IdleTimeConfig.cmake, version: 5.113.0

Call Stack (most recent call first):
  CMakeLists.txt:69 (find_package)


-- Could NOT find KF5IdleTime , checked the following files:
    /usr/lib/cmake/KF5IdleTime/KF5IdleTimeConfig.cmake (version 5.113.0)
    /lib/cmake/KF5IdleTime/KF5IdleTimeConfig.cmake (version 5.113.0)

-- Found KF5Solid: /usr/lib/cmake/KF5Solid/KF5SolidConfig.cmake (found version "5.114.0") 
CMake Warning at /usr/share/ECM/find-modules/FindKF5.cmake:52 (find_package):
  Could not find a configuration file for package "KF5FileMetaData" that is
  compatible with requested version "5.114.0".

  The following configuration files were considered but not accepted:

    /usr/lib/cmake/KF5FileMetaData/KF5FileMetaDataConfig.cmake, version: 5.113.0
    /lib/cmake/KF5FileMetaData/KF5FileMetaDataConfig.cmake, version: 5.113.0

Call Stack (most recent call first):
  CMakeLists.txt:69 (find_package)


-- Could NOT find KF5FileMetaData , checked the following files:
    /usr/lib/cmake/KF5FileMetaData/KF5FileMetaDataConfig.cmake (version 5.113.0)
    /lib/cmake/KF5FileMetaData/KF5FileMetaDataConfig.cmake (version 5.113.0)

-- Found KF5Crash: /usr/lib/cmake/KF5Crash/KF5CrashConfig.cmake (found version "5.114.0") 
-- Found X11: /usr/include   
-- Looking for XOpenDisplay in /usr/lib/libX11.so;/usr/lib/libXext.so
-- Looking for XOpenDisplay in /usr/lib/libX11.so;/usr/lib/libXext.so - found
-- Looking for gethostbyname
-- Looking for gethostbyname - found
-- Looking for connect
-- Looking for connect - found
-- Looking for remove
-- Looking for remove - found
-- Looking for shmat
-- Looking for shmat - found
-- Looking for IceConnectionNumber in ICE
-- Looking for IceConnectionNumber in ICE - found
-- Found KF5KIO: /usr/lib/cmake/KF5KIO/KF5KIOConfig.cmake (found version "5.114.0") 
CMake Error at /usr/share/cmake/Modules/FindPackageHandleStandardArgs.cmake:230 (message):
  Could NOT find KF5 (missing: IdleTime FileMetaData) (found suitable version
  "5.114.0", minimum required is "5.114.0")
Call Stack (most recent call first):
  /usr/share/cmake/Modules/FindPackageHandleStandardArgs.cmake:600 (_FPHSA_FAILURE_MESSAGE)
  /usr/share/ECM/find-modules/FindKF5.cmake:93 (find_package_handle_standard_args)
  CMakeLists.txt:69 (find_package)


-- Configuring incomplete, errors occurred!
[1m[31m==> ERROR:[0m[1m A failure occurred in build().[0m
[1m    Aborting...[0m
