running install
running build
running build_py
running install_lib
creating /build/python-toposort/pkg/python-toposort/usr
creating /build/python-toposort/pkg/python-toposort/usr/lib
creating /build/python-toposort/pkg/python-toposort/usr/lib/python3.9
creating /build/python-toposort/pkg/python-toposort/usr/lib/python3.9/site-packages
copying build/lib/toposort.py -> /build/python-toposort/pkg/python-toposort/usr/lib/python3.9/site-packages
byte-compiling /build/python-toposort/pkg/python-toposort/usr/lib/python3.9/site-packages/toposort.py to toposort.cpython-39.pyc
writing byte-compilation script '/tmp/tmpnmh1uu7p.py'
/usr/bin/python /tmp/tmpnmh1uu7p.py
removing /tmp/tmpnmh1uu7p.py
running install_egg_info
running egg_info
writing toposort.egg-info/PKG-INFO
writing dependency_links to toposort.egg-info/dependency_links.txt
writing top-level names to toposort.egg-info/top_level.txt
reading manifest file 'toposort.egg-info/SOURCES.txt'
reading manifest template 'MANIFEST.in'
adding license file 'LICENSE.txt'
adding license file 'NOTICE'
writing manifest file 'toposort.egg-info/SOURCES.txt'
Copying toposort.egg-info to /build/python-toposort/pkg/python-toposort/usr/lib/python3.9/site-packages/toposort-1.6-py3.9.egg-info
running install_scripts
