+ exec meson setup --prefix /usr --libexecdir lib --sbindir bin --buildtype plain --auto-features enabled --wrap-mode nodownload -D b_lto=true -D b_pie=true gexiv2-gexiv2-0.14.0 build -D gtk_doc=true
The Meson build system
Version: 0.59.2
Source dir: /build/libgexiv2/src/gexiv2-gexiv2-0.14.0
Build dir: /build/libgexiv2/src/build
Build type: native build
Project name: gexiv2
Project version: 0.14.0
C compiler for the host machine: ccache cc (gcc 11.2.0 "cc (Arch POWER) 11.2.0")
C linker for the host machine: cc ld.bfd 2.37
C++ compiler for the host machine: ccache c++ (gcc 11.2.0 "c++ (Arch POWER) 11.2.0")
C++ linker for the host machine: c++ ld.bfd 2.37
Host machine cpu family: ppc64
Host machine cpu: ppc64le
Message: Project API version: 0.10
Found pkg-config: /usr/bin/pkg-config (1.8.0)
Run-time dependency exiv2 found: YES 0.27.4
Run-time dependency gobject-2.0 found: YES 2.70.0
Run-time dependency gio-2.0 found: YES 2.70.0
Library m found: YES
Program python3 (gi) found: YES (/usr/bin/python3) modules: gi
Checking if "BMFF support in exiv2" with dependency exiv2 compiles: YES 
Program g-ir-scanner found: YES (/usr/bin/g-ir-scanner)
Vala compiler for the host machine: valac (valac 0.54.2)
Configuring gexiv2-version.h using configuration
Program glib-mkenums found: YES (/usr/bin/glib-mkenums)
Run-time dependency gobject-introspection-1.0 found: YES 1.70.0
Dependency gobject-introspection-1.0 found: YES 1.70.0 (cached)
Program g-ir-scanner found: YES (/usr/bin/g-ir-scanner)
Dependency gobject-introspection-1.0 found: YES 1.70.0 (cached)
Program g-ir-compiler found: YES (/usr/bin/g-ir-compiler)
Program vapigen found: YES (/usr/bin/vapigen)
Configuring gtkdocentities.ent using configuration
Program gtkdoc-scan found: YES (/usr/bin/gtkdoc-scan)
Program gtkdoc-scangobj found: YES (/usr/bin/gtkdoc-scangobj)
Program gtkdoc-mkdb found: YES (/usr/bin/gtkdoc-mkdb)
Program gtkdoc-mkhtml found: YES (/usr/bin/gtkdoc-mkhtml)
Program gtkdoc-fixxref found: YES (/usr/bin/gtkdoc-fixxref)
Message: Installing 'GExiv2.py' into '/usr/lib/python3.9/site-packages/gi/overrides'
Configuring gexiv2.py using configuration
Configuring test_metadata.py using configuration
Configuring python3-test using configuration
Program python3-test found: YES (/build/libgexiv2/src/build/test/python3-test)
Build targets in project: 10

Found ninja-1.10.2 at /usr/bin/ninja
ninja: Entering directory `build'
[1/23] Generating gexiv2-enums.h with a custom command (wrapped by meson to capture output)
[2/23] Compiling C object test/gexiv2-regression.p/gexiv2-regression.c.o
[3/23] Generating gexiv2-enums.cpp with a custom command (wrapped by meson to capture output)
[4/23] Compiling C++ object gexiv2/libgexiv2.so.2.14.0.p/meson-generated_.._gexiv2-enums.cpp.o
[5/23] Compiling C++ object gexiv2/libgexiv2.so.2.14.0.p/gexiv2-log.cpp.o
[6/23] Compiling C++ object gexiv2/libgexiv2.so.2.14.0.p/gexiv2-metadata-xmp.cpp.o
[7/23] Compiling C++ object gexiv2/libgexiv2.so.2.14.0.p/gexiv2-metadata-iptc.cpp.o
[8/23] Compiling C++ object gexiv2/libgexiv2.so.2.14.0.p/gexiv2-preview-properties.cpp.o
[9/23] Compiling C++ object gexiv2/libgexiv2.so.2.14.0.p/gexiv2-preview-image.cpp.o
[10/23] Compiling C++ object gexiv2/libgexiv2.so.2.14.0.p/gexiv2-metadata-gps.cpp.o
[11/23] Compiling C++ object gexiv2/libgexiv2.so.2.14.0.p/gexiv2-stream-io.cpp.o
[12/23] Compiling C++ object gexiv2/libgexiv2.so.2.14.0.p/gexiv2-metadata-exif.cpp.o
[13/23] Compiling C++ object gexiv2/libgexiv2.so.2.14.0.p/gexiv2-metadata.cpp.o
[14/23] Compiling C++ object gexiv2/libgexiv2.so.2.14.0.p/gexiv2-startup.cpp.o
[15/23] Linking target gexiv2/libgexiv2.so.2.14.0
../gexiv2-gexiv2-0.14.0/gexiv2/gexiv2-metadata.cpp: In function ‘gexiv2_metadata_init_internal’:
../gexiv2-gexiv2-0.14.0/gexiv2/gexiv2-metadata.cpp:357:13: note: the layout of aggregates containing vectors with 8-byte alignment has changed in GCC 5
  357 | static void gexiv2_metadata_init_internal(GExiv2Metadata* self, GError** error) {
      |             ^
[16/23] Generating symbol file gexiv2/libgexiv2.so.2.14.0.p/libgexiv2.so.2.14.0.symbols
[17/23] Linking target test/gexiv2-regression
[18/23] Generating GExiv2-0.10.gir with a custom command
g-ir-scanner: link: gcc -o /build/libgexiv2/src/build/tmp-introspectqnco4zcl/GExiv2-0.10 -O3 -pipe -mcpu=power8 -mabi=altivec -maltivec /build/libgexiv2/src/build/tmp-introspectqnco4zcl/GExiv2-0.10.o -L. -Wl,-rpath,. -Wl,--no-as-needed -L/build/libgexiv2/src/build/gexiv2 -Wl,-rpath,/build/libgexiv2/src/build/gexiv2 -lgexiv2 -lgobject-2.0 -lglib-2.0 -lexiv2 -lgio-2.0 -lgirepository-1.0 -lgio-2.0 -lgobject-2.0 -Wl,--export-dynamic -lgmodule-2.0 -pthread -lglib-2.0 -lglib-2.0 -Wl,-O1,--sort-common,--as-needed,-z,relro,-z,now
[19/23] Generating GExiv2-0.10.typelib with a custom command
[20/23] Generating gexiv2.vapi with a custom command
[21/23] Compiling Vala source gexiv2/gexiv2.vapi ../gexiv2-gexiv2-0.14.0/tools/gexiv2-tool.vala
[22/23] Compiling C object tools/gexiv2-tool.p/meson-generated_gexiv2-tool.c.o
[23/23] Linking target tools/gexiv2-tool
