patching file gold/configure
Hunk #1 succeeded at 5235 (offset 55 lines).
patching file gold/configure.ac
Hunk #1 succeeded at 182 (offset 1 line).
patching file ld/configure.tgt
Hunk #1 succeeded at 221 (offset 1 line).
Hunk #2 succeeded at 1044 (offset 18 lines).
patching file bfd/config.bfd
Hunk #1 succeeded at 491 (offset 18 lines).
Hunk #2 succeeded at 1482 (offset 55 lines).
patching file bfd/elflink.c
patching file ld/testsuite/ld-plugin/lto.exp
patching file ld/testsuite/ld-plugin/pr28879a.cc
patching file ld/testsuite/ld-plugin/pr28879b.cc
patching file bfd/elfxx-riscv.c
Hunk #1 succeeded at 2414 (offset 12 lines).
patching file bfd/elfxx-riscv.h
patching file gas/config/tc-riscv.c
Hunk #2 succeeded at 2229 (offset -6 lines).
Hunk #3 succeeded at 2242 (offset -6 lines).
Hunk #4 succeeded at 2268 (offset -6 lines).
Hunk #5 succeeded at 2326 (offset -6 lines).
Hunk #6 succeeded at 3269 (offset -6 lines).
Hunk #7 succeeded at 4287 (offset -6 lines).
patching file gas/testsuite/gas/riscv/c-fld-fsd-fail.l
patching file gas/testsuite/gas/riscv/march-imply-i2p1-01.l
