make: Entering directory '/build/powerpc-unknown-linux-gnu-binutils/src/binutils-2.38'
make[1]: Entering directory '/build/powerpc-unknown-linux-gnu-binutils/src/binutils-2.38'
/bin/sh ./mkinstalldirs /build/powerpc-unknown-linux-gnu-binutils/pkg/powerpc-unknown-linux-gnu-binutils/usr /build/powerpc-unknown-linux-gnu-binutils/pkg/powerpc-unknown-linux-gnu-binutils/usr
make[1]: Nothing to be done for 'install-target'.
mkdir -p -- /build/powerpc-unknown-linux-gnu-binutils/pkg/powerpc-unknown-linux-gnu-binutils/usr /build/powerpc-unknown-linux-gnu-binutils/pkg/powerpc-unknown-linux-gnu-binutils/usr
make[2]: Entering directory '/build/powerpc-unknown-linux-gnu-binutils/src/binutils-2.38/etc'
make[2]: Entering directory '/build/powerpc-unknown-linux-gnu-binutils/src/binutils-2.38/intl'
make[2]: Nothing to be done for 'install'.
make[2]: Leaving directory '/build/powerpc-unknown-linux-gnu-binutils/src/binutils-2.38/intl'
make[3]: Entering directory '/build/powerpc-unknown-linux-gnu-binutils/src/binutils-2.38/etc'
make[3]: Nothing to be done for 'install-exec-am'.
make[3]: Nothing to be done for 'install-data-am'.
make[3]: Leaving directory '/build/powerpc-unknown-linux-gnu-binutils/src/binutils-2.38/etc'
make[2]: Leaving directory '/build/powerpc-unknown-linux-gnu-binutils/src/binutils-2.38/etc'
make[2]: Entering directory '/build/powerpc-unknown-linux-gnu-binutils/src/binutils-2.38/libiberty'
make[2]: Entering directory '/build/powerpc-unknown-linux-gnu-binutils/src/binutils-2.38/gprof'
make  install-recursive
make[2]: Entering directory '/build/powerpc-unknown-linux-gnu-binutils/src/binutils-2.38/gas'
make[3]: Entering directory '/build/powerpc-unknown-linux-gnu-binutils/src/binutils-2.38/gprof'
make[3]: Entering directory '/build/powerpc-unknown-linux-gnu-binutils/src/binutils-2.38/libiberty/testsuite'
make[3]: Nothing to be done for 'all'.
make[3]: Leaving directory '/build/powerpc-unknown-linux-gnu-binutils/src/binutils-2.38/libiberty/testsuite'
make[3]: Entering directory '/build/powerpc-unknown-linux-gnu-binutils/src/binutils-2.38/libiberty/testsuite'
make[3]: Nothing to be done for 'install'.
make[3]: Leaving directory '/build/powerpc-unknown-linux-gnu-binutils/src/binutils-2.38/libiberty/testsuite'
Making install in po
if test -n ""; then \
	/bin/sh ./../mkinstalldirs /build/powerpc-unknown-linux-gnu-binutils/pkg/powerpc-unknown-linux-gnu-binutils/usr/lib/`powerpc64le-unknown-linux-gnu-gcc -O2 -pipe -mcpu=power8 -mabi=altivec -maltivec     -print-multi-os-directory`; \
	/usr/bin/install -c -m 644 ./libiberty.a /build/powerpc-unknown-linux-gnu-binutils/pkg/powerpc-unknown-linux-gnu-binutils/usr/lib/`powerpc64le-unknown-linux-gnu-gcc -O2 -pipe -mcpu=power8 -mabi=altivec -maltivec     -print-multi-os-directory`/./libiberty.an; \
	( cd /build/powerpc-unknown-linux-gnu-binutils/pkg/powerpc-unknown-linux-gnu-binutils/usr/lib/`powerpc64le-unknown-linux-gnu-gcc -O2 -pipe -mcpu=power8 -mabi=altivec -maltivec     -print-multi-os-directory` ; chmod 644 ./libiberty.an ;ranlib --plugin /usr/lib/gcc/powerpc64le-unknown-linux-gnu/12.1.0/liblto_plugin.so ./libiberty.an ); \
	mv -f /build/powerpc-unknown-linux-gnu-binutils/pkg/powerpc-unknown-linux-gnu-binutils/usr/lib/`powerpc64le-unknown-linux-gnu-gcc -O2 -pipe -mcpu=power8 -mabi=altivec -maltivec     -print-multi-os-directory`/./libiberty.an /build/powerpc-unknown-linux-gnu-binutils/pkg/powerpc-unknown-linux-gnu-binutils/usr/lib/`powerpc64le-unknown-linux-gnu-gcc -O2 -pipe -mcpu=power8 -mabi=altivec -maltivec     -print-multi-os-directory`/./libiberty.a; \
	case "" in \
	  /*)    thd=;; \
	  *)     thd=/usr/include/;; \
	esac; \
	/bin/sh ./../mkinstalldirs /build/powerpc-unknown-linux-gnu-binutils/pkg/powerpc-unknown-linux-gnu-binutils${thd}; \
	for h in ./../include/ansidecl.h ./../include/demangle.h ./../include/dyn-string.h ./../include/fibheap.h ./../include/floatformat.h ./../include/hashtab.h ./../include/libiberty.h ./../include/objalloc.h ./../include/partition.h ./../include/safe-ctype.h ./../include/sort.h ./../include/splay-tree.h ./../include/timeval-utils.h; do \
	  /usr/bin/install -c -m 644 $h /build/powerpc-unknown-linux-gnu-binutils/pkg/powerpc-unknown-linux-gnu-binutils${thd}; \
	done; \
fi
make[3]: Entering directory '/build/powerpc-unknown-linux-gnu-binutils/src/binutils-2.38/gas/po'
make[3]: Nothing to be done for 'install'.
make[3]: Leaving directory '/build/powerpc-unknown-linux-gnu-binutils/src/binutils-2.38/gas/po'
Making install in po
make[2]: Entering directory '/build/powerpc-unknown-linux-gnu-binutils/src/binutils-2.38/bfd'
make  install-recursive
make[2]: Leaving directory '/build/powerpc-unknown-linux-gnu-binutils/src/binutils-2.38/libiberty'
make[4]: Entering directory '/build/powerpc-unknown-linux-gnu-binutils/src/binutils-2.38/gprof/po'
make[4]: Nothing to be done for 'install'.
make[4]: Leaving directory '/build/powerpc-unknown-linux-gnu-binutils/src/binutils-2.38/gprof/po'
make[2]: Entering directory '/build/powerpc-unknown-linux-gnu-binutils/src/binutils-2.38/gold'
Making install in po
make[4]: Entering directory '/build/powerpc-unknown-linux-gnu-binutils/src/binutils-2.38/gprof'
make[3]: Entering directory '/build/powerpc-unknown-linux-gnu-binutils/src/binutils-2.38/gold/po'
make[3]: Nothing to be done for 'install'.
make[3]: Leaving directory '/build/powerpc-unknown-linux-gnu-binutils/src/binutils-2.38/gold/po'
Making install in testsuite
make[3]: Entering directory '/build/powerpc-unknown-linux-gnu-binutils/src/binutils-2.38/gold/testsuite'
Makefile:4013: warning: overriding recipe for target 'incremental_comdat_test_1'
Makefile:4005: warning: ignoring old recipe for target 'incremental_comdat_test_1'
Makefile:4025: warning: overriding recipe for target 'incremental_common_test_1'
Makefile:4017: warning: ignoring old recipe for target 'incremental_common_test_1'
Makefile:4037: warning: overriding recipe for target 'incremental_copy_test'
Makefile:4029: warning: ignoring old recipe for target 'incremental_copy_test'
Makefile:4049: warning: overriding recipe for target 'incremental_test_2'
Makefile:4041: warning: ignoring old recipe for target 'incremental_test_2'
Makefile:4061: warning: overriding recipe for target 'incremental_test_3'
Makefile:4053: warning: ignoring old recipe for target 'incremental_test_3'
Makefile:4073: warning: overriding recipe for target 'incremental_test_4'
Makefile:4065: warning: ignoring old recipe for target 'incremental_test_4'
Makefile:4085: warning: overriding recipe for target 'incremental_test_5'
Makefile:4077: warning: ignoring old recipe for target 'incremental_test_5'
Makefile:4097: warning: overriding recipe for target 'incremental_test_6'
Makefile:4089: warning: ignoring old recipe for target 'incremental_test_6'
Makefile:4365: warning: overriding recipe for target 'pr17704a_test'
Makefile:4357: warning: ignoring old recipe for target 'pr17704a_test'
Makefile:4593: warning: overriding recipe for target 'two_file_mixed_pie_test'
Makefile:4585: warning: ignoring old recipe for target 'two_file_mixed_pie_test'
make[3]: Entering directory '/build/powerpc-unknown-linux-gnu-binutils/src/binutils-2.38/gas'
make[3]: Entering directory '/build/powerpc-unknown-linux-gnu-binutils/src/binutils-2.38/bfd'
Making install in doc
make  install-am
make[4]: Entering directory '/build/powerpc-unknown-linux-gnu-binutils/src/binutils-2.38/bfd/doc'
make[4]: Entering directory '/build/powerpc-unknown-linux-gnu-binutils/src/binutils-2.38/gold/testsuite'
Makefile:4013: warning: overriding recipe for target 'incremental_comdat_test_1'
Makefile:4005: warning: ignoring old recipe for target 'incremental_comdat_test_1'
Makefile:4025: warning: overriding recipe for target 'incremental_common_test_1'
Makefile:4017: warning: ignoring old recipe for target 'incremental_common_test_1'
Makefile:4037: warning: overriding recipe for target 'incremental_copy_test'
Makefile:4029: warning: ignoring old recipe for target 'incremental_copy_test'
Makefile:4049: warning: overriding recipe for target 'incremental_test_2'
Makefile:4041: warning: ignoring old recipe for target 'incremental_test_2'
Makefile:4061: warning: overriding recipe for target 'incremental_test_3'
Makefile:4053: warning: ignoring old recipe for target 'incremental_test_3'
Makefile:4073: warning: overriding recipe for target 'incremental_test_4'
Makefile:4065: warning: ignoring old recipe for target 'incremental_test_4'
Makefile:4085: warning: overriding recipe for target 'incremental_test_5'
Makefile:4077: warning: ignoring old recipe for target 'incremental_test_5'
Makefile:4097: warning: overriding recipe for target 'incremental_test_6'
Makefile:4089: warning: ignoring old recipe for target 'incremental_test_6'
Makefile:4365: warning: overriding recipe for target 'pr17704a_test'
Makefile:4357: warning: ignoring old recipe for target 'pr17704a_test'
Makefile:4593: warning: overriding recipe for target 'two_file_mixed_pie_test'
Makefile:4585: warning: ignoring old recipe for target 'two_file_mixed_pie_test'
make[5]: Entering directory '/build/powerpc-unknown-linux-gnu-binutils/src/binutils-2.38/gprof'
 /usr/bin/mkdir -p '/build/powerpc-unknown-linux-gnu-binutils/pkg/powerpc-unknown-linux-gnu-binutils/usr/share/info'
 /usr/bin/mkdir -p '/build/powerpc-unknown-linux-gnu-binutils/pkg/powerpc-unknown-linux-gnu-binutils/usr/share/info'
 /usr/bin/mkdir -p '/build/powerpc-unknown-linux-gnu-binutils/pkg/powerpc-unknown-linux-gnu-binutils/usr/share/man/man1'
 /usr/bin/mkdir -p '/build/powerpc-unknown-linux-gnu-binutils/pkg/powerpc-unknown-linux-gnu-binutils/usr/bin'
 /usr/bin/install -c -m 644 'gprof.1' '/build/powerpc-unknown-linux-gnu-binutils/pkg/powerpc-unknown-linux-gnu-binutils/usr/share/man/man1/powerpc-unknown-linux-gnu-gprof.1'
 /usr/bin/install -c -m 644 ./bfd.info '/build/powerpc-unknown-linux-gnu-binutils/pkg/powerpc-unknown-linux-gnu-binutils/usr/share/info'
 /usr/bin/install -c -m 644 ./gprof.info '/build/powerpc-unknown-linux-gnu-binutils/pkg/powerpc-unknown-linux-gnu-binutils/usr/share/info'
make[5]: Entering directory '/build/powerpc-unknown-linux-gnu-binutils/src/binutils-2.38/gold/testsuite'
Makefile:4013: warning: overriding recipe for target 'incremental_comdat_test_1'
Makefile:4005: warning: ignoring old recipe for target 'incremental_comdat_test_1'
Makefile:4025: warning: overriding recipe for target 'incremental_common_test_1'
Makefile:4017: warning: ignoring old recipe for target 'incremental_common_test_1'
Makefile:4037: warning: overriding recipe for target 'incremental_copy_test'
Makefile:4029: warning: ignoring old recipe for target 'incremental_copy_test'
Makefile:4049: warning: overriding recipe for target 'incremental_test_2'
Makefile:4041: warning: ignoring old recipe for target 'incremental_test_2'
Makefile:4061: warning: overriding recipe for target 'incremental_test_3'
Makefile:4053: warning: ignoring old recipe for target 'incremental_test_3'
Makefile:4073: warning: overriding recipe for target 'incremental_test_4'
Makefile:4065: warning: ignoring old recipe for target 'incremental_test_4'
Makefile:4085: warning: overriding recipe for target 'incremental_test_5'
Makefile:4077: warning: ignoring old recipe for target 'incremental_test_5'
Makefile:4097: warning: overriding recipe for target 'incremental_test_6'
Makefile:4089: warning: ignoring old recipe for target 'incremental_test_6'
  /bin/sh ./libtool   --mode=install /usr/bin/install -c gprof '/build/powerpc-unknown-linux-gnu-binutils/pkg/powerpc-unknown-linux-gnu-binutils/usr/bin/./powerpc-unknown-linux-gnu-gprof'
Makefile:4365: warning: overriding recipe for target 'pr17704a_test'
Makefile:4357: warning: ignoring old recipe for target 'pr17704a_test'
Makefile:4593: warning: overriding recipe for target 'two_file_mixed_pie_test'
Makefile:4585: warning: ignoring old recipe for target 'two_file_mixed_pie_test'
 install-info --info-dir='/build/powerpc-unknown-linux-gnu-binutils/pkg/powerpc-unknown-linux-gnu-binutils/usr/share/info' '/build/powerpc-unknown-linux-gnu-binutils/pkg/powerpc-unknown-linux-gnu-binutils/usr/share/info/bfd.info'
 install-info --info-dir='/build/powerpc-unknown-linux-gnu-binutils/pkg/powerpc-unknown-linux-gnu-binutils/usr/share/info' '/build/powerpc-unknown-linux-gnu-binutils/pkg/powerpc-unknown-linux-gnu-binutils/usr/share/info/gprof.info'
make[4]: Leaving directory '/build/powerpc-unknown-linux-gnu-binutils/src/binutils-2.38/bfd/doc'
Making install in po
libtool: install: /usr/bin/install -c gprof /build/powerpc-unknown-linux-gnu-binutils/pkg/powerpc-unknown-linux-gnu-binutils/usr/bin/./powerpc-unknown-linux-gnu-gprof
make[4]: Entering directory '/build/powerpc-unknown-linux-gnu-binutils/src/binutils-2.38/bfd/po'
make[4]: Nothing to be done for 'install'.
make[4]: Leaving directory '/build/powerpc-unknown-linux-gnu-binutils/src/binutils-2.38/bfd/po'
make[5]: Leaving directory '/build/powerpc-unknown-linux-gnu-binutils/src/binutils-2.38/gprof'
make[4]: Leaving directory '/build/powerpc-unknown-linux-gnu-binutils/src/binutils-2.38/gprof'
make[3]: Leaving directory '/build/powerpc-unknown-linux-gnu-binutils/src/binutils-2.38/gprof'
make[2]: Leaving directory '/build/powerpc-unknown-linux-gnu-binutils/src/binutils-2.38/gprof'
make[5]: Nothing to be done for 'install-exec-am'.
make[5]: Nothing to be done for 'install-data-am'.
make[5]: Leaving directory '/build/powerpc-unknown-linux-gnu-binutils/src/binutils-2.38/gold/testsuite'
make[4]: Leaving directory '/build/powerpc-unknown-linux-gnu-binutils/src/binutils-2.38/gold/testsuite'
make[3]: Leaving directory '/build/powerpc-unknown-linux-gnu-binutils/src/binutils-2.38/gold/testsuite'
make[4]: Entering directory '/build/powerpc-unknown-linux-gnu-binutils/src/binutils-2.38/gas'
make[4]: Entering directory '/build/powerpc-unknown-linux-gnu-binutils/src/binutils-2.38/bfd'
make[3]: Entering directory '/build/powerpc-unknown-linux-gnu-binutils/src/binutils-2.38/gold'
Making install-info in po
make[5]: Entering directory '/build/powerpc-unknown-linux-gnu-binutils/src/binutils-2.38/gas/po'
make[5]: Nothing to be done for 'install-info'.
make[5]: Leaving directory '/build/powerpc-unknown-linux-gnu-binutils/src/binutils-2.38/gas/po'
 /usr/bin/mkdir -p '/build/powerpc-unknown-linux-gnu-binutils/pkg/powerpc-unknown-linux-gnu-binutils/usr/share/man/man1'
 /usr/bin/mkdir -p '/build/powerpc-unknown-linux-gnu-binutils/pkg/powerpc-unknown-linux-gnu-binutils/usr/share/info'
 /usr/bin/install -c -m 644 'doc/as.1' '/build/powerpc-unknown-linux-gnu-binutils/pkg/powerpc-unknown-linux-gnu-binutils/usr/share/man/man1/powerpc-unknown-linux-gnu-as.1'
 /usr/bin/install -c -m 644 ./doc/as.info '/build/powerpc-unknown-linux-gnu-binutils/pkg/powerpc-unknown-linux-gnu-binutils/usr/share/info'
/bin/sh ./../mkinstalldirs /build/powerpc-unknown-linux-gnu-binutils/pkg/powerpc-unknown-linux-gnu-binutils/usr/bin
 install-info --info-dir='/build/powerpc-unknown-linux-gnu-binutils/pkg/powerpc-unknown-linux-gnu-binutils/usr/share/info' '/build/powerpc-unknown-linux-gnu-binutils/pkg/powerpc-unknown-linux-gnu-binutils/usr/share/info/as.info'
  /bin/sh ./libtool  --mode=install /usr/bin/install -c as-new /usr/bin/powerpc-unknown-linux-gnu-as
make[5]: Entering directory '/build/powerpc-unknown-linux-gnu-binutils/src/binutils-2.38/gas'
 /usr/bin/mkdir -p '/build/powerpc-unknown-linux-gnu-binutils/pkg/powerpc-unknown-linux-gnu-binutils/usr/share/info'
libtool: install: /usr/bin/install -c as-new /build/powerpc-unknown-linux-gnu-binutils/pkg/powerpc-unknown-linux-gnu-binutils/usr/bin/powerpc-unknown-linux-gnu-as
/bin/sh ./../mkinstalldirs /build/powerpc-unknown-linux-gnu-binutils/pkg/powerpc-unknown-linux-gnu-binutils/usr/powerpc-unknown-linux-gnu/bin
 /usr/bin/install -c -m 644 ./doc/as.info '/build/powerpc-unknown-linux-gnu-binutils/pkg/powerpc-unknown-linux-gnu-binutils/usr/share/info'
mkdir -p -- /build/powerpc-unknown-linux-gnu-binutils/pkg/powerpc-unknown-linux-gnu-binutils/usr/powerpc-unknown-linux-gnu/bin
n=`echo as | sed 's&^&powerpc-unknown-linux-gnu-&'`; \
if [ "/usr/bin/$n" != "/usr/powerpc-unknown-linux-gnu/bin/as" ]; then \
  rm -f /build/powerpc-unknown-linux-gnu-binutils/pkg/powerpc-unknown-linux-gnu-binutils/usr/powerpc-unknown-linux-gnu/bin/as; \
  ln /build/powerpc-unknown-linux-gnu-binutils/pkg/powerpc-unknown-linux-gnu-binutils/usr/bin/$n /build/powerpc-unknown-linux-gnu-binutils/pkg/powerpc-unknown-linux-gnu-binutils/usr/powerpc-unknown-linux-gnu/bin/as >/dev/null 2>/dev/null \
    ||  /bin/sh ./libtool --mode=install /usr/bin/install -c as-new /build/powerpc-unknown-linux-gnu-binutils/pkg/powerpc-unknown-linux-gnu-binutils/usr/powerpc-unknown-linux-gnu/bin/as; \
else \
  true ; \
fi
 install-info --info-dir='/build/powerpc-unknown-linux-gnu-binutils/pkg/powerpc-unknown-linux-gnu-binutils/usr/share/info' '/build/powerpc-unknown-linux-gnu-binutils/pkg/powerpc-unknown-linux-gnu-binutils/usr/share/info/as.info'
make[5]: Leaving directory '/build/powerpc-unknown-linux-gnu-binutils/src/binutils-2.38/gas'
make[4]: Leaving directory '/build/powerpc-unknown-linux-gnu-binutils/src/binutils-2.38/gas'
make[3]: Leaving directory '/build/powerpc-unknown-linux-gnu-binutils/src/binutils-2.38/gas'
make[2]: Leaving directory '/build/powerpc-unknown-linux-gnu-binutils/src/binutils-2.38/gas'
make[5]: Entering directory '/build/powerpc-unknown-linux-gnu-binutils/src/binutils-2.38/bfd'
make[5]: Nothing to be done for 'install-exec-am'.
make[5]: Leaving directory '/build/powerpc-unknown-linux-gnu-binutils/src/binutils-2.38/bfd'
make[4]: Leaving directory '/build/powerpc-unknown-linux-gnu-binutils/src/binutils-2.38/bfd'
make[3]: Leaving directory '/build/powerpc-unknown-linux-gnu-binutils/src/binutils-2.38/bfd'
make[2]: Leaving directory '/build/powerpc-unknown-linux-gnu-binutils/src/binutils-2.38/bfd'
make[4]: Entering directory '/build/powerpc-unknown-linux-gnu-binutils/src/binutils-2.38/gold'
make[2]: Entering directory '/build/powerpc-unknown-linux-gnu-binutils/src/binutils-2.38/opcodes'
make[2]: Entering directory '/build/powerpc-unknown-linux-gnu-binutils/src/binutils-2.38/libctf'
Making install in .
make[3]: Entering directory '/build/powerpc-unknown-linux-gnu-binutils/src/binutils-2.38/opcodes'
/bin/sh ./../mkinstalldirs /build/powerpc-unknown-linux-gnu-binutils/pkg/powerpc-unknown-linux-gnu-binutils/usr/bin /build/powerpc-unknown-linux-gnu-binutils/pkg/powerpc-unknown-linux-gnu-binutils/usr/powerpc-unknown-linux-gnu/bin
 /usr/bin/mkdir -p '/build/powerpc-unknown-linux-gnu-binutils/pkg/powerpc-unknown-linux-gnu-binutils/usr/bin'
Making install-info in po
n=`echo ld.gold | sed 's&^&powerpc-unknown-linux-gnu-&'`; \
 /usr/bin/install -c \
  ld-new /build/powerpc-unknown-linux-gnu-binutils/pkg/powerpc-unknown-linux-gnu-binutils/usr/bin/${n}; \
if test "/usr/bin" != "/usr/powerpc-unknown-linux-gnu/bin"; then \
  rm -f /build/powerpc-unknown-linux-gnu-binutils/pkg/powerpc-unknown-linux-gnu-binutils/usr/powerpc-unknown-linux-gnu/bin/ld.gold; \
  ln /build/powerpc-unknown-linux-gnu-binutils/pkg/powerpc-unknown-linux-gnu-binutils/usr/bin/${n} /build/powerpc-unknown-linux-gnu-binutils/pkg/powerpc-unknown-linux-gnu-binutils/usr/powerpc-unknown-linux-gnu/bin/ld.gold >/dev/null 2>/dev/null \
  ||  /usr/bin/install -c ld-new /build/powerpc-unknown-linux-gnu-binutils/pkg/powerpc-unknown-linux-gnu-binutils/usr/powerpc-unknown-linux-gnu/bin/ld.gold; \
fi; \
if test "x" = "xyes"; then \
  ld=`echo ld | sed 's&^&powerpc-unknown-linux-gnu-&'`; \
  rm -f /build/powerpc-unknown-linux-gnu-binutils/pkg/powerpc-unknown-linux-gnu-binutils/usr/bin/${ld}; \
  ln /build/powerpc-unknown-linux-gnu-binutils/pkg/powerpc-unknown-linux-gnu-binutils/usr/bin/${n} /build/powerpc-unknown-linux-gnu-binutils/pkg/powerpc-unknown-linux-gnu-binutils/usr/bin/${ld} >/dev/null 2>/dev/null \
  ||  /usr/bin/install -c ld-new /build/powerpc-unknown-linux-gnu-binutils/pkg/powerpc-unknown-linux-gnu-binutils/usr/bin/${ld}; \
  if test "/usr/bin" != "/usr/powerpc-unknown-linux-gnu/bin"; then \
    rm -f /build/powerpc-unknown-linux-gnu-binutils/pkg/powerpc-unknown-linux-gnu-binutils/usr/powerpc-unknown-linux-gnu/bin/ld; \
    ln /build/powerpc-unknown-linux-gnu-binutils/pkg/powerpc-unknown-linux-gnu-binutils/usr/bin/${n} /build/powerpc-unknown-linux-gnu-binutils/pkg/powerpc-unknown-linux-gnu-binutils/usr/powerpc-unknown-linux-gnu/bin/ld >/dev/null 2>/dev/null \
    ||  /usr/bin/install -c ld-new /build/powerpc-unknown-linux-gnu-binutils/pkg/powerpc-unknown-linux-gnu-binutils/usr/powerpc-unknown-linux-gnu/bin/ld; \
  fi; \
fi
make[5]: Entering directory '/build/powerpc-unknown-linux-gnu-binutils/src/binutils-2.38/gold/po'
make[5]: Nothing to be done for 'install-info'.
make[5]: Leaving directory '/build/powerpc-unknown-linux-gnu-binutils/src/binutils-2.38/gold/po'
Making install-info in testsuite
  /usr/bin/install -c dwp '/build/powerpc-unknown-linux-gnu-binutils/pkg/powerpc-unknown-linux-gnu-binutils/usr/bin/./powerpc-unknown-linux-gnu-dwp'
make[5]: Entering directory '/build/powerpc-unknown-linux-gnu-binutils/src/binutils-2.38/gold/testsuite'
Makefile:4013: warning: overriding recipe for target 'incremental_comdat_test_1'
Makefile:4005: warning: ignoring old recipe for target 'incremental_comdat_test_1'
Makefile:4025: warning: overriding recipe for target 'incremental_common_test_1'
Makefile:4017: warning: ignoring old recipe for target 'incremental_common_test_1'
Makefile:4037: warning: overriding recipe for target 'incremental_copy_test'
Makefile:4029: warning: ignoring old recipe for target 'incremental_copy_test'
Makefile:4049: warning: overriding recipe for target 'incremental_test_2'
Makefile:4041: warning: ignoring old recipe for target 'incremental_test_2'
Makefile:4061: warning: overriding recipe for target 'incremental_test_3'
Makefile:4053: warning: ignoring old recipe for target 'incremental_test_3'
Makefile:4073: warning: overriding recipe for target 'incremental_test_4'
Makefile:4065: warning: ignoring old recipe for target 'incremental_test_4'
Makefile:4085: warning: overriding recipe for target 'incremental_test_5'
Makefile:4077: warning: ignoring old recipe for target 'incremental_test_5'
Makefile:4097: warning: overriding recipe for target 'incremental_test_6'
Makefile:4089: warning: ignoring old recipe for target 'incremental_test_6'
Makefile:4365: warning: overriding recipe for target 'pr17704a_test'
Makefile:4357: warning: ignoring old recipe for target 'pr17704a_test'
Makefile:4593: warning: overriding recipe for target 'two_file_mixed_pie_test'
Makefile:4585: warning: ignoring old recipe for target 'two_file_mixed_pie_test'
make[3]: Entering directory '/build/powerpc-unknown-linux-gnu-binutils/src/binutils-2.38/libctf'
 /usr/bin/mkdir -p '/build/powerpc-unknown-linux-gnu-binutils/pkg/powerpc-unknown-linux-gnu-binutils/usr/share/info'
make[5]: Nothing to be done for 'install-info'.
make[5]: Leaving directory '/build/powerpc-unknown-linux-gnu-binutils/src/binutils-2.38/gold/testsuite'
 /usr/bin/install -c -m 644 ./doc/ctf-spec.info '/build/powerpc-unknown-linux-gnu-binutils/pkg/powerpc-unknown-linux-gnu-binutils/usr/share/info'
make[4]: Entering directory '/build/powerpc-unknown-linux-gnu-binutils/src/binutils-2.38/opcodes'
make[4]: Nothing to be done for 'install-exec-am'.
 install-info --info-dir='/build/powerpc-unknown-linux-gnu-binutils/pkg/powerpc-unknown-linux-gnu-binutils/usr/share/info' '/build/powerpc-unknown-linux-gnu-binutils/pkg/powerpc-unknown-linux-gnu-binutils/usr/share/info/ctf-spec.info'
make[3]: Leaving directory '/build/powerpc-unknown-linux-gnu-binutils/src/binutils-2.38/libctf'
make[2]: Leaving directory '/build/powerpc-unknown-linux-gnu-binutils/src/binutils-2.38/libctf'
make[4]: Leaving directory '/build/powerpc-unknown-linux-gnu-binutils/src/binutils-2.38/opcodes'
make[3]: Leaving directory '/build/powerpc-unknown-linux-gnu-binutils/src/binutils-2.38/opcodes'
Making install in po
make[3]: Entering directory '/build/powerpc-unknown-linux-gnu-binutils/src/binutils-2.38/opcodes/po'
make[3]: Nothing to be done for 'install'.
make[3]: Leaving directory '/build/powerpc-unknown-linux-gnu-binutils/src/binutils-2.38/opcodes/po'
make[2]: Leaving directory '/build/powerpc-unknown-linux-gnu-binutils/src/binutils-2.38/opcodes'
make[5]: Entering directory '/build/powerpc-unknown-linux-gnu-binutils/src/binutils-2.38/gold'
make[5]: Nothing to be done for 'install-info-am'.
make[5]: Leaving directory '/build/powerpc-unknown-linux-gnu-binutils/src/binutils-2.38/gold'
make[4]: Leaving directory '/build/powerpc-unknown-linux-gnu-binutils/src/binutils-2.38/gold'
make[3]: Leaving directory '/build/powerpc-unknown-linux-gnu-binutils/src/binutils-2.38/gold'
make[2]: Leaving directory '/build/powerpc-unknown-linux-gnu-binutils/src/binutils-2.38/gold'
make[2]: Entering directory '/build/powerpc-unknown-linux-gnu-binutils/src/binutils-2.38/binutils'
make  install-recursive
make[3]: Entering directory '/build/powerpc-unknown-linux-gnu-binutils/src/binutils-2.38/binutils'
Making install in po
make[4]: Entering directory '/build/powerpc-unknown-linux-gnu-binutils/src/binutils-2.38/binutils/po'
make[4]: Nothing to be done for 'install'.
make[4]: Leaving directory '/build/powerpc-unknown-linux-gnu-binutils/src/binutils-2.38/binutils/po'
make[4]: Entering directory '/build/powerpc-unknown-linux-gnu-binutils/src/binutils-2.38/binutils'
make[2]: Entering directory '/build/powerpc-unknown-linux-gnu-binutils/src/binutils-2.38/ld'
make  install-recursive
make[5]: Entering directory '/build/powerpc-unknown-linux-gnu-binutils/src/binutils-2.38/binutils'
make[3]: Entering directory '/build/powerpc-unknown-linux-gnu-binutils/src/binutils-2.38/ld'
Making install in po
make[4]: Entering directory '/build/powerpc-unknown-linux-gnu-binutils/src/binutils-2.38/ld/po'
make[4]: Nothing to be done for 'install'.
make[4]: Leaving directory '/build/powerpc-unknown-linux-gnu-binutils/src/binutils-2.38/ld/po'
 /usr/bin/mkdir -p '/build/powerpc-unknown-linux-gnu-binutils/pkg/powerpc-unknown-linux-gnu-binutils/usr/bin'
 /usr/bin/mkdir -p '/build/powerpc-unknown-linux-gnu-binutils/pkg/powerpc-unknown-linux-gnu-binutils/usr/share/man/man1'
 /usr/bin/mkdir -p '/build/powerpc-unknown-linux-gnu-binutils/pkg/powerpc-unknown-linux-gnu-binutils/usr/share/info'
 /usr/bin/install -c embedspu '/build/powerpc-unknown-linux-gnu-binutils/pkg/powerpc-unknown-linux-gnu-binutils/usr/bin/./powerpc-unknown-linux-gnu-embedspu'
 /usr/bin/install -c -m 644 'doc/addr2line.1' '/build/powerpc-unknown-linux-gnu-binutils/pkg/powerpc-unknown-linux-gnu-binutils/usr/share/man/man1/powerpc-unknown-linux-gnu-addr2line.1'
 /usr/bin/mkdir -p '/build/powerpc-unknown-linux-gnu-binutils/pkg/powerpc-unknown-linux-gnu-binutils/usr/bin'
 /usr/bin/install -c -m 644 ./doc/binutils.info '/build/powerpc-unknown-linux-gnu-binutils/pkg/powerpc-unknown-linux-gnu-binutils/usr/share/info'
 /usr/bin/install -c -m 644 'doc/ar.1' '/build/powerpc-unknown-linux-gnu-binutils/pkg/powerpc-unknown-linux-gnu-binutils/usr/share/man/man1/powerpc-unknown-linux-gnu-ar.1'
 /usr/bin/install -c -m 644 'doc/dlltool.1' '/build/powerpc-unknown-linux-gnu-binutils/pkg/powerpc-unknown-linux-gnu-binutils/usr/share/man/man1/powerpc-unknown-linux-gnu-dlltool.1'
 /usr/bin/install -c -m 644 'doc/nm.1' '/build/powerpc-unknown-linux-gnu-binutils/pkg/powerpc-unknown-linux-gnu-binutils/usr/share/man/man1/powerpc-unknown-linux-gnu-nm.1'
 /usr/bin/install -c -m 644 'doc/objcopy.1' '/build/powerpc-unknown-linux-gnu-binutils/pkg/powerpc-unknown-linux-gnu-binutils/usr/share/man/man1/powerpc-unknown-linux-gnu-objcopy.1'
 /usr/bin/install -c -m 644 'doc/objdump.1' '/build/powerpc-unknown-linux-gnu-binutils/pkg/powerpc-unknown-linux-gnu-binutils/usr/share/man/man1/powerpc-unknown-linux-gnu-objdump.1'
  /bin/sh ./libtool   --mode=install /usr/bin/install -c size '/build/powerpc-unknown-linux-gnu-binutils/pkg/powerpc-unknown-linux-gnu-binutils/usr/bin/./powerpc-unknown-linux-gnu-size'
 /usr/bin/install -c -m 644 'doc/ranlib.1' '/build/powerpc-unknown-linux-gnu-binutils/pkg/powerpc-unknown-linux-gnu-binutils/usr/share/man/man1/powerpc-unknown-linux-gnu-ranlib.1'
 /usr/bin/install -c -m 644 'doc/readelf.1' '/build/powerpc-unknown-linux-gnu-binutils/pkg/powerpc-unknown-linux-gnu-binutils/usr/share/man/man1/powerpc-unknown-linux-gnu-readelf.1'
 /usr/bin/install -c -m 644 'doc/size.1' '/build/powerpc-unknown-linux-gnu-binutils/pkg/powerpc-unknown-linux-gnu-binutils/usr/share/man/man1/powerpc-unknown-linux-gnu-size.1'
 install-info --info-dir='/build/powerpc-unknown-linux-gnu-binutils/pkg/powerpc-unknown-linux-gnu-binutils/usr/share/info' '/build/powerpc-unknown-linux-gnu-binutils/pkg/powerpc-unknown-linux-gnu-binutils/usr/share/info/binutils.info'
 /usr/bin/install -c -m 644 'doc/strings.1' '/build/powerpc-unknown-linux-gnu-binutils/pkg/powerpc-unknown-linux-gnu-binutils/usr/share/man/man1/powerpc-unknown-linux-gnu-strings.1'
 /usr/bin/install -c -m 644 'doc/strip.1' '/build/powerpc-unknown-linux-gnu-binutils/pkg/powerpc-unknown-linux-gnu-binutils/usr/share/man/man1/powerpc-unknown-linux-gnu-strip.1'
 /usr/bin/install -c -m 644 'doc/elfedit.1' '/build/powerpc-unknown-linux-gnu-binutils/pkg/powerpc-unknown-linux-gnu-binutils/usr/share/man/man1/powerpc-unknown-linux-gnu-elfedit.1'
 /usr/bin/install -c -m 644 'doc/windres.1' '/build/powerpc-unknown-linux-gnu-binutils/pkg/powerpc-unknown-linux-gnu-binutils/usr/share/man/man1/powerpc-unknown-linux-gnu-windres.1'
 /usr/bin/install -c -m 644 'doc/windmc.1' '/build/powerpc-unknown-linux-gnu-binutils/pkg/powerpc-unknown-linux-gnu-binutils/usr/share/man/man1/powerpc-unknown-linux-gnu-windmc.1'
 /usr/bin/install -c -m 644 'doc/c++filt.1' '/build/powerpc-unknown-linux-gnu-binutils/pkg/powerpc-unknown-linux-gnu-binutils/usr/share/man/man1/powerpc-unknown-linux-gnu-c++filt.1'
libtool: install: /usr/bin/install -c size /build/powerpc-unknown-linux-gnu-binutils/pkg/powerpc-unknown-linux-gnu-binutils/usr/bin/./powerpc-unknown-linux-gnu-size
  /bin/sh ./libtool   --mode=install /usr/bin/install -c objdump '/build/powerpc-unknown-linux-gnu-binutils/pkg/powerpc-unknown-linux-gnu-binutils/usr/bin/./powerpc-unknown-linux-gnu-objdump'
libtool: install: /usr/bin/install -c objdump /build/powerpc-unknown-linux-gnu-binutils/pkg/powerpc-unknown-linux-gnu-binutils/usr/bin/./powerpc-unknown-linux-gnu-objdump
  /bin/sh ./libtool   --mode=install /usr/bin/install -c ar '/build/powerpc-unknown-linux-gnu-binutils/pkg/powerpc-unknown-linux-gnu-binutils/usr/bin/./powerpc-unknown-linux-gnu-ar'
libtool: install: /usr/bin/install -c ar /build/powerpc-unknown-linux-gnu-binutils/pkg/powerpc-unknown-linux-gnu-binutils/usr/bin/./powerpc-unknown-linux-gnu-ar
  /bin/sh ./libtool   --mode=install /usr/bin/install -c strings '/build/powerpc-unknown-linux-gnu-binutils/pkg/powerpc-unknown-linux-gnu-binutils/usr/bin/./powerpc-unknown-linux-gnu-strings'
libtool: install: /usr/bin/install -c strings /build/powerpc-unknown-linux-gnu-binutils/pkg/powerpc-unknown-linux-gnu-binutils/usr/bin/./powerpc-unknown-linux-gnu-strings
make[4]: Entering directory '/build/powerpc-unknown-linux-gnu-binutils/src/binutils-2.38/ld'
  /bin/sh ./libtool   --mode=install /usr/bin/install -c ranlib '/build/powerpc-unknown-linux-gnu-binutils/pkg/powerpc-unknown-linux-gnu-binutils/usr/bin/./powerpc-unknown-linux-gnu-ranlib'
libtool: install: /usr/bin/install -c ranlib /build/powerpc-unknown-linux-gnu-binutils/pkg/powerpc-unknown-linux-gnu-binutils/usr/bin/./powerpc-unknown-linux-gnu-ranlib
  /bin/sh ./libtool   --mode=install /usr/bin/install -c objcopy '/build/powerpc-unknown-linux-gnu-binutils/pkg/powerpc-unknown-linux-gnu-binutils/usr/bin/./powerpc-unknown-linux-gnu-objcopy'
libtool: install: /usr/bin/install -c objcopy /build/powerpc-unknown-linux-gnu-binutils/pkg/powerpc-unknown-linux-gnu-binutils/usr/bin/./powerpc-unknown-linux-gnu-objcopy
  /bin/sh ./libtool   --mode=install /usr/bin/install -c addr2line '/build/powerpc-unknown-linux-gnu-binutils/pkg/powerpc-unknown-linux-gnu-binutils/usr/bin/./powerpc-unknown-linux-gnu-addr2line'
libtool: install: /usr/bin/install -c addr2line /build/powerpc-unknown-linux-gnu-binutils/pkg/powerpc-unknown-linux-gnu-binutils/usr/bin/./powerpc-unknown-linux-gnu-addr2line
  /bin/sh ./libtool   --mode=install /usr/bin/install -c readelf '/build/powerpc-unknown-linux-gnu-binutils/pkg/powerpc-unknown-linux-gnu-binutils/usr/bin/./powerpc-unknown-linux-gnu-readelf'
libtool: install: /usr/bin/install -c readelf /build/powerpc-unknown-linux-gnu-binutils/pkg/powerpc-unknown-linux-gnu-binutils/usr/bin/./powerpc-unknown-linux-gnu-readelf
  /bin/sh ./libtool   --mode=install /usr/bin/install -c elfedit '/build/powerpc-unknown-linux-gnu-binutils/pkg/powerpc-unknown-linux-gnu-binutils/usr/bin/./powerpc-unknown-linux-gnu-elfedit'
libtool: install: /usr/bin/install -c elfedit /build/powerpc-unknown-linux-gnu-binutils/pkg/powerpc-unknown-linux-gnu-binutils/usr/bin/./powerpc-unknown-linux-gnu-elfedit
  /bin/sh ./libtool  --mode=install /usr/bin/install -c nm-new /usr/bin/powerpc-unknown-linux-gnu-nm
make[5]: Entering directory '/build/powerpc-unknown-linux-gnu-binutils/src/binutils-2.38/ld'
libtool: install: /usr/bin/install -c nm-new /build/powerpc-unknown-linux-gnu-binutils/pkg/powerpc-unknown-linux-gnu-binutils/usr/bin/powerpc-unknown-linux-gnu-nm
  /bin/sh ./libtool  --mode=install /usr/bin/install -c strip-new /usr/bin/powerpc-unknown-linux-gnu-strip
libtool: install: /usr/bin/install -c strip-new /build/powerpc-unknown-linux-gnu-binutils/pkg/powerpc-unknown-linux-gnu-binutils/usr/bin/powerpc-unknown-linux-gnu-strip
 /usr/bin/mkdir -p '/build/powerpc-unknown-linux-gnu-binutils/pkg/powerpc-unknown-linux-gnu-binutils/usr/share/man/man1'
 /usr/bin/mkdir -p '/build/powerpc-unknown-linux-gnu-binutils/pkg/powerpc-unknown-linux-gnu-binutils/usr/share/info'
 /usr/bin/mkdir -p '/build/powerpc-unknown-linux-gnu-binutils/pkg/powerpc-unknown-linux-gnu-binutils/usr/lib/bfd-plugins'
  /bin/sh ./libtool  --mode=install /usr/bin/install -c cxxfilt /usr/bin/powerpc-unknown-linux-gnu-c++filt
 /usr/bin/mkdir -p '/build/powerpc-unknown-linux-gnu-binutils/pkg/powerpc-unknown-linux-gnu-binutils/usr/bin'
 /bin/sh ./libtool   --mode=install /usr/bin/install -c   libdep.la '/build/powerpc-unknown-linux-gnu-binutils/pkg/powerpc-unknown-linux-gnu-binutils/usr/lib/bfd-plugins'
 /usr/bin/install -c -m 644 'ld.1' '/build/powerpc-unknown-linux-gnu-binutils/pkg/powerpc-unknown-linux-gnu-binutils/usr/share/man/man1/powerpc-unknown-linux-gnu-ld.1'
 /usr/bin/install -c -m 644 ./ld.info '/build/powerpc-unknown-linux-gnu-binutils/pkg/powerpc-unknown-linux-gnu-binutils/usr/share/info'
  /bin/sh ./libtool   --mode=install /usr/bin/install -c ld-new '/build/powerpc-unknown-linux-gnu-binutils/pkg/powerpc-unknown-linux-gnu-binutils/usr/bin/./powerpc-unknown-linux-gnu-ld.bfd'
 install-info --info-dir='/build/powerpc-unknown-linux-gnu-binutils/pkg/powerpc-unknown-linux-gnu-binutils/usr/share/info' '/build/powerpc-unknown-linux-gnu-binutils/pkg/powerpc-unknown-linux-gnu-binutils/usr/share/info/ld.info'
libtool: install: /usr/bin/install -c .libs/libdep.so /build/powerpc-unknown-linux-gnu-binutils/pkg/powerpc-unknown-linux-gnu-binutils/usr/lib/bfd-plugins/libdep.so
libtool: install: /usr/bin/install -c cxxfilt /build/powerpc-unknown-linux-gnu-binutils/pkg/powerpc-unknown-linux-gnu-binutils/usr/bin/powerpc-unknown-linux-gnu-c++filt
libtool: install: /usr/bin/install -c .libs/libdep.lai /build/powerpc-unknown-linux-gnu-binutils/pkg/powerpc-unknown-linux-gnu-binutils/usr/lib/bfd-plugins/libdep.la
libtool: install: /usr/bin/install -c ld-new /build/powerpc-unknown-linux-gnu-binutils/pkg/powerpc-unknown-linux-gnu-binutils/usr/bin/./powerpc-unknown-linux-gnu-ld.bfd
libtool: install: warning: remember to run `libtool --finish /nowhere'
/bin/sh ./../mkinstalldirs /build/powerpc-unknown-linux-gnu-binutils/pkg/powerpc-unknown-linux-gnu-binutils/usr/powerpc-unknown-linux-gnu/lib/ldscripts
/bin/sh ./../mkinstalldirs /build/powerpc-unknown-linux-gnu-binutils/pkg/powerpc-unknown-linux-gnu-binutils/usr/powerpc-unknown-linux-gnu/bin
for i in nm-new strip-new ar ranlib dlltool objdump objcopy readelf; do \
  if [ -f $i ]; then \
    j=`echo $i | sed -e 's/-new//'`; \
    k=`echo $j | sed 's&^&powerpc-unknown-linux-gnu-&'`; \
    if [ "/usr/bin/$k" != "/usr/powerpc-unknown-linux-gnu/bin/$j" ]; then \
      rm -f /build/powerpc-unknown-linux-gnu-binutils/pkg/powerpc-unknown-linux-gnu-binutils/usr/powerpc-unknown-linux-gnu/bin/$j; \
      ln /build/powerpc-unknown-linux-gnu-binutils/pkg/powerpc-unknown-linux-gnu-binutils/usr/bin/$k /build/powerpc-unknown-linux-gnu-binutils/pkg/powerpc-unknown-linux-gnu-binutils/usr/powerpc-unknown-linux-gnu/bin/$j >/dev/null 2>/dev/null \
	||  /bin/sh ./libtool --mode=install /usr/bin/install -c $i /build/powerpc-unknown-linux-gnu-binutils/pkg/powerpc-unknown-linux-gnu-binutils/usr/powerpc-unknown-linux-gnu/bin/$j; \
    fi; \
  else true; \
  fi; \
done
mkdir -p -- /build/powerpc-unknown-linux-gnu-binutils/pkg/powerpc-unknown-linux-gnu-binutils/usr/powerpc-unknown-linux-gnu/lib/ldscripts
/bin/sh ./../mkinstalldirs /build/powerpc-unknown-linux-gnu-binutils/pkg/powerpc-unknown-linux-gnu-binutils/usr/powerpc-unknown-linux-gnu/bin
for f in ldscripts/* ; do \
  /usr/bin/install -c -m 644 $f /build/powerpc-unknown-linux-gnu-binutils/pkg/powerpc-unknown-linux-gnu-binutils/usr/powerpc-unknown-linux-gnu/lib/$f ; \
done
n=`echo ld.bfd | sed 's/^ld-new$/ld.bfd/;s&^&powerpc-unknown-linux-gnu-&'`; \
if test "/usr/bin" != "/usr/powerpc-unknown-linux-gnu/bin"; then \
  rm -f /build/powerpc-unknown-linux-gnu-binutils/pkg/powerpc-unknown-linux-gnu-binutils/usr/powerpc-unknown-linux-gnu/bin/ld.bfd; \
  ln /build/powerpc-unknown-linux-gnu-binutils/pkg/powerpc-unknown-linux-gnu-binutils/usr/bin/$n /build/powerpc-unknown-linux-gnu-binutils/pkg/powerpc-unknown-linux-gnu-binutils/usr/powerpc-unknown-linux-gnu/bin/ld.bfd >/dev/null 2>/dev/null \
  ||  /bin/sh ./libtool --mode=install /usr/bin/install -c ld-new /build/powerpc-unknown-linux-gnu-binutils/pkg/powerpc-unknown-linux-gnu-binutils/usr/powerpc-unknown-linux-gnu/bin/ld.bfd; \
fi; \
if test "xyes" = "xyes"; then \
  ld=`echo ld | sed 's/^ld-new$/ld.bfd/;s&^&powerpc-unknown-linux-gnu-&'`; \
  rm -f /build/powerpc-unknown-linux-gnu-binutils/pkg/powerpc-unknown-linux-gnu-binutils/usr/bin/$ld; \
  ln /build/powerpc-unknown-linux-gnu-binutils/pkg/powerpc-unknown-linux-gnu-binutils/usr/bin/$n /build/powerpc-unknown-linux-gnu-binutils/pkg/powerpc-unknown-linux-gnu-binutils/usr/bin/$ld >/dev/null 2>/dev/null \
  ||  /bin/sh ./libtool --mode=install /usr/bin/install -c ld-new /build/powerpc-unknown-linux-gnu-binutils/pkg/powerpc-unknown-linux-gnu-binutils/usr/bin/$ld; \
  if test "/usr/bin" != "/usr/powerpc-unknown-linux-gnu/bin"; then \
    rm -f /build/powerpc-unknown-linux-gnu-binutils/pkg/powerpc-unknown-linux-gnu-binutils/usr/powerpc-unknown-linux-gnu/bin/ld; \
    ln /build/powerpc-unknown-linux-gnu-binutils/pkg/powerpc-unknown-linux-gnu-binutils/usr/bin/$n /build/powerpc-unknown-linux-gnu-binutils/pkg/powerpc-unknown-linux-gnu-binutils/usr/powerpc-unknown-linux-gnu/bin/ld >/dev/null 2>/dev/null \
    ||  /bin/sh ./libtool --mode=install /usr/bin/install -c ld-new /build/powerpc-unknown-linux-gnu-binutils/pkg/powerpc-unknown-linux-gnu-binutils/usr/powerpc-unknown-linux-gnu/bin/ld; \
  fi; \
fi
make[5]: Leaving directory '/build/powerpc-unknown-linux-gnu-binutils/src/binutils-2.38/binutils'
make[4]: Leaving directory '/build/powerpc-unknown-linux-gnu-binutils/src/binutils-2.38/binutils'
make[3]: Leaving directory '/build/powerpc-unknown-linux-gnu-binutils/src/binutils-2.38/binutils'
make[2]: Leaving directory '/build/powerpc-unknown-linux-gnu-binutils/src/binutils-2.38/binutils'
rm -f /build/powerpc-unknown-linux-gnu-binutils/pkg/powerpc-unknown-linux-gnu-binutils/usr/lib/bfd-plugins/libdep.la
rm -f /build/powerpc-unknown-linux-gnu-binutils/pkg/powerpc-unknown-linux-gnu-binutils/usr/lib/bfd-plugins/libdep.dll.a
make[5]: Leaving directory '/build/powerpc-unknown-linux-gnu-binutils/src/binutils-2.38/ld'
make[4]: Leaving directory '/build/powerpc-unknown-linux-gnu-binutils/src/binutils-2.38/ld'
make[3]: Leaving directory '/build/powerpc-unknown-linux-gnu-binutils/src/binutils-2.38/ld'
make[2]: Leaving directory '/build/powerpc-unknown-linux-gnu-binutils/src/binutils-2.38/ld'
make[1]: Leaving directory '/build/powerpc-unknown-linux-gnu-binutils/src/binutils-2.38'
make: Leaving directory '/build/powerpc-unknown-linux-gnu-binutils/src/binutils-2.38'
