running egg_info
writing nspektr.egg-info/PKG-INFO
writing dependency_links to nspektr.egg-info/dependency_links.txt
writing requirements to nspektr.egg-info/requires.txt
writing top-level names to nspektr.egg-info/top_level.txt
listing git files failed - pretending there aren't any
reading manifest file 'nspektr.egg-info/SOURCES.txt'
adding license file 'LICENSE'
running bdist_wheel
running build
running build_py
running egg_info
writing nspektr.egg-info/PKG-INFO
writing dependency_links to nspektr.egg-info/dependency_links.txt
writing requirements to nspektr.egg-info/requires.txt
writing top-level names to nspektr.egg-info/top_level.txt
listing git files failed - pretending there aren't any
reading manifest file 'nspektr.egg-info/SOURCES.txt'
adding license file 'LICENSE'
installing to build/bdist.linux-ppc64le/wheel
running install
running install_lib
copying build/lib/nspektr/_compat.py -> build/bdist.linux-ppc64le/wheel/nspektr
copying build/lib/nspektr/__init__.py -> build/bdist.linux-ppc64le/wheel/nspektr
running install_egg_info
running install_scripts
adding license file "LICENSE" (matched pattern "LICEN[CS]E*")
creating build/bdist.linux-ppc64le/wheel/nspektr-0.4.0.dist-info/WHEEL
creating '/build/python-nspektr/src/nspektr-0.4.0/dist/tmpd_m6c4h9/nspektr-0.4.0-py3-none-any.whl' and adding 'build/bdist.linux-ppc64le/wheel' to it
adding 'nspektr/__init__.py'
adding 'nspektr/_compat.py'
adding 'nspektr-0.4.0.dist-info/LICENSE'
adding 'nspektr-0.4.0.dist-info/METADATA'
adding 'nspektr-0.4.0.dist-info/WHEEL'
adding 'nspektr-0.4.0.dist-info/top_level.txt'
adding 'nspektr-0.4.0.dist-info/RECORD'
removing build/bdist.linux-ppc64le/wheel
* Getting dependencies for wheel...
* Building wheel...
Successfully built nspektr-0.4.0-py3-none-any.whl
