CMake Deprecation Warning at CMakeLists.txt:1 (cmake_minimum_required):
  Compatibility with CMake < 3.5 will be removed from a future version of
  CMake.

  Update the VERSION argument <min> value or use a ...<max> suffix to tell
  CMake that the project does not need compatibility with older versions.


-- The C compiler identification is GNU 13.2.1
-- The CXX compiler identification is GNU 13.2.1
-- Detecting C compiler ABI info
-- Detecting C compiler ABI info - done
-- Check for working C compiler: /usr/lib/ccache/bin/powerpc-unknown-linux-gnu-gcc - skipped
-- Detecting C compile features
-- Detecting C compile features - done
-- Detecting CXX compiler ABI info
-- Detecting CXX compiler ABI info - done
-- Check for working CXX compiler: /usr/lib/ccache/bin/powerpc-unknown-linux-gnu-g++ - skipped
-- Detecting CXX compile features
-- Detecting CXX compile features - done
-- Found X11: /usr/include   
-- Looking for XOpenDisplay in /usr/lib/libX11.so;/usr/lib/libXext.so
-- Looking for XOpenDisplay in /usr/lib/libX11.so;/usr/lib/libXext.so - found
-- Looking for gethostbyname
-- Looking for gethostbyname - found
-- Looking for connect
-- Looking for connect - found
-- Looking for remove
-- Looking for remove - found
-- Looking for shmat
-- Looking for shmat - found
-- Looking for IceConnectionNumber in ICE
-- Looking for IceConnectionNumber in ICE - found
-- Found Perl: /usr/bin/perl (found version "5.38.2") 
-- Configuring done (3.3s)
-- Generating done (0.0s)
-- Build files have been written to: /build/lxqt-about/src/build
[  0%] Built target lxqt-about_autogen_timestamp_deps
[  1%] Automatic MOC and UIC for target lxqt-about
[  1%] Built target lxqt-about_autogen
[  3%] Generating lxqt-about_zh_TW.qm
[  4%] Generating lxqt-about.desktop
[  6%] Generating lxqt-about_ar.qm
[  7%] Generating lxqt-about_ca.qm
[ 11%] Generating lxqt-about_ast.qm
[ 11%] Generating lxqt-about_arn.qm
Updating '/build/lxqt-about/src/build/lxqt-about_ca.qm'...
    Generated 19 translation(s) (19 finished and 0 unfinished)
[ 12%] Automatic RCC for translatorsinfo.qrc
[ 14%] Generating lxqt-about_bg.qm
Updating '/build/lxqt-about/src/build/lxqt-about_zh_TW.qm'...
    Generated 17 translation(s) (17 finished and 0 unfinished)
    Ignored 2 untranslated source text(s)
Updating '/build/lxqt-about/src/build/lxqt-about_ar.qm'...
    Generated 19 translation(s) (19 finished and 0 unfinished)
Updating '/build/lxqt-about/src/build/lxqt-about_arn.qm'...
    Generated 0 translation(s) (0 finished and 0 unfinished)
    Ignored 19 untranslated source text(s)
Updating '/build/lxqt-about/src/build/lxqt-about_ast.qm'...
Updating '/build/lxqt-about/src/build/lxqt-about_bg.qm'...
    Generated 19 translation(s) (19 finished and 0 unfinished)
    Generated 17 translation(s) (17 finished and 0 unfinished)
[ 15%] Generating lxqt-about_cs.qm
[ 17%] Generating lxqt-about_de.qm
[ 19%] Generating lxqt-about_cy.qm
[ 20%] Generating lxqt-about_da.qm
Updating '/build/lxqt-about/src/build/lxqt-about_cs.qm'...
    Generated 19 translation(s) (19 finished and 0 unfinished)
Updating '/build/lxqt-about/src/build/lxqt-about_de.qm'...
    Generated 19 translation(s) (19 finished and 0 unfinished)
[ 22%] Generating lxqt-about_eo.qm
Updating '/build/lxqt-about/src/build/lxqt-about_cy.qm'...
    Generated 15 translation(s) (15 finished and 0 unfinished)
    Ignored 4 untranslated source text(s)
Updating '/build/lxqt-about/src/build/lxqt-about_da.qm'...
    Generated 19 translation(s) (19 finished and 0 unfinished)
Updating '/build/lxqt-about/src/build/lxqt-about_eo.qm'...
    Generated 5 translation(s) (5 finished and 0 unfinished)
    Ignored 14 untranslated source text(s)
[ 23%] Generating lxqt-about_es_VE.qm
[ 26%] Generating lxqt-about_en_GB.qm
[ 26%] Generating lxqt-about_el.qm
[ 28%] Generating lxqt-about_es.qm
[ 30%] Generating lxqt-about_eu.qm
[ 31%] Generating lxqt-about_et.qm
Updating '/build/lxqt-about/src/build/lxqt-about_el.qm'...
    Generated 19 translation(s) (19 finished and 0 unfinished)
[ 33%] Generating lxqt-about_fa.qm
Updating '/build/lxqt-about/src/build/lxqt-about_es.qm'...
    Generated 19 translation(s) (19 finished and 0 unfinished)
Updating '/build/lxqt-about/src/build/lxqt-about_es_VE.qm'...
    Generated 9 translation(s) (9 finished and 0 unfinished)
    Ignored 10 untranslated source text(s)
Updating '/build/lxqt-about/src/build/lxqt-about_en_GB.qm'...
    Generated 19 translation(s) (19 finished and 0 unfinished)
Updating '/build/lxqt-about/src/build/lxqt-about_et.qm'...
    Generated 19 translation(s) (19 finished and 0 unfinished)
Updating '/build/lxqt-about/src/build/lxqt-about_fa.qm'...
    Generated 19 translation(s) (19 finished and 0 unfinished)
Updating '/build/lxqt-about/src/build/lxqt-about_eu.qm'...
    Generated 19 translation(s) (19 finished and 0 unfinished)
[ 34%] Generating lxqt-about_fr.qm
[ 36%] Generating lxqt-about_fi.qm
[ 38%] Generating lxqt-about_hu.qm
[ 39%] Generating lxqt-about_he.qm
[ 41%] Generating lxqt-about_hi.qm
[ 42%] Generating lxqt-about_gl.qm
[ 44%] Generating lxqt-about_hr.qm
Updating '/build/lxqt-about/src/build/lxqt-about_fr.qm'...
    Generated 19 translation(s) (19 finished and 0 unfinished)
Updating '/build/lxqt-about/src/build/lxqt-about_he.qm'...
    Generated 19 translation(s) (19 finished and 0 unfinished)
Updating '/build/lxqt-about/src/build/lxqt-about_hi.qm'...
[ 46%] Generating lxqt-about_ia.qm
Updating '/build/lxqt-about/src/build/lxqt-about_gl.qm'...
    Generated 19 translation(s) (19 finished and 0 unfinished)
    Generated 19 translation(s) (19 finished and 0 unfinished)
Updating '/build/lxqt-about/src/build/lxqt-about_hr.qm'...
Updating '/build/lxqt-about/src/build/lxqt-about_fi.qm'...
Updating '/build/lxqt-about/src/build/lxqt-about_hu.qm'...
    Generated 19 translation(s) (19 finished and 0 unfinished)
    Generated 19 translation(s) (19 finished and 0 unfinished)
    Generated 19 translation(s) (19 finished and 0 unfinished)
Updating '/build/lxqt-about/src/build/lxqt-about_ia.qm'...
    Generated 0 translation(s) (0 finished and 0 unfinished)
    Ignored 19 untranslated source text(s)
[ 47%] Generating lxqt-about_it.qm
[ 49%] Generating lxqt-about_ko.qm
[ 50%] Generating lxqt-about_nb_NO.qm
[ 52%] Generating lxqt-about_id.qm
[ 53%] Generating lxqt-about_ja.qm
Updating '/build/lxqt-about/src/build/lxqt-about_ko.qm'...
    Generated 19 translation(s) (19 finished and 0 unfinished)
[ 55%] Generating lxqt-about_nl.qm
Updating '/build/lxqt-about/src/build/lxqt-about_it.qm'...
    Generated 19 translation(s) (19 finished and 0 unfinished)
Updating '/build/lxqt-about/src/build/lxqt-about_nb_NO.qm'...
    Generated 19 translation(s) (19 finished and 0 unfinished)
[ 57%] Generating lxqt-about_lt.qm
[ 58%] Generating lxqt-about_lv.qm
Updating '/build/lxqt-about/src/build/lxqt-about_id.qm'...
    Generated 19 translation(s) (19 finished and 0 unfinished)
Updating '/build/lxqt-about/src/build/lxqt-about_nl.qm'...
Updating '/build/lxqt-about/src/build/lxqt-about_ja.qm'...
    Generated 19 translation(s) (19 finished and 0 unfinished)
    Generated 19 translation(s) (19 finished and 0 unfinished)
Updating '/build/lxqt-about/src/build/lxqt-about_lt.qm'...
Updating '/build/lxqt-about/src/build/lxqt-about_lv.qm'...
    Generated 19 translation(s) (19 finished and 0 unfinished)
    Generated 19 translation(s) (19 finished and 0 unfinished)
[ 60%] Generating lxqt-about_oc.qm
[ 61%] Generating lxqt-about_pt.qm
[ 63%] Generating lxqt-about_pl.qm
[ 66%] Generating lxqt-about_ro_RO.qm
[ 66%] Generating lxqt-about_pt_BR.qm
Updating '/build/lxqt-about/src/build/lxqt-about_pt.qm'...
    Generated 19 translation(s) (19 finished and 0 unfinished)
[ 68%] Generating lxqt-about_si.qm
[ 69%] Generating lxqt-about_sk_SK.qm
Updating '/build/lxqt-about/src/build/lxqt-about_oc.qm'...
    Generated 19 translation(s) (19 finished and 0 unfinished)
[ 71%] Generating lxqt-about_ru.qm
Updating '/build/lxqt-about/src/build/lxqt-about_pl.qm'...
    Generated 19 translation(s) (19 finished and 0 unfinished)
Updating '/build/lxqt-about/src/build/lxqt-about_pt_BR.qm'...
    Generated 19 translation(s) (19 finished and 0 unfinished)
Updating '/build/lxqt-about/src/build/lxqt-about_si.qm'...
    Generated 19 translation(s) (19 finished and 0 unfinished)
Updating '/build/lxqt-about/src/build/lxqt-about_sk_SK.qm'...
    Generated 19 translation(s) (19 finished and 0 unfinished)
Updating '/build/lxqt-about/src/build/lxqt-about_ro_RO.qm'...
    Generated 17 translation(s) (17 finished and 0 unfinished)
    Ignored 2 untranslated source text(s)
Updating '/build/lxqt-about/src/build/lxqt-about_ru.qm'...
    Generated 19 translation(s) (19 finished and 0 unfinished)
[ 73%] Generating lxqt-about_sl.qm
[ 74%] Generating lxqt-about_sr@latin.qm
[ 76%] Generating lxqt-about_sr_RS.qm
[ 77%] Generating lxqt-about_sv.qm
[ 79%] Generating lxqt-about_tr.qm
[ 80%] Generating lxqt-about_th_TH.qm
Updating '/build/lxqt-about/src/build/lxqt-about_sl.qm'...
    Generated 19 translation(s) (19 finished and 0 unfinished)
[ 82%] Generating lxqt-about_uk.qm
Updating '/build/lxqt-about/src/build/lxqt-about_sr@latin.qm'...
    Generated 5 translation(s) (5 finished and 0 unfinished)
    Ignored 14 untranslated source text(s)
[ 84%] Generating lxqt-about_vi.qm
Updating '/build/lxqt-about/src/build/lxqt-about_sr_RS.qm'...
    Generated 18 translation(s) (17 finished and 1 unfinished)
    Ignored 1 untranslated source text(s)
Updating '/build/lxqt-about/src/build/lxqt-about_sv.qm'...
    Generated 19 translation(s) (19 finished and 0 unfinished)
Updating '/build/lxqt-about/src/build/lxqt-about_th_TH.qm'...
    Generated 9 translation(s) (9 finished and 0 unfinished)
    Ignored 10 untranslated source text(s)
Updating '/build/lxqt-about/src/build/lxqt-about_tr.qm'...
    Generated 19 translation(s) (19 finished and 0 unfinished)
Updating '/build/lxqt-about/src/build/lxqt-about_uk.qm'...
    Generated 19 translation(s) (19 finished and 0 unfinished)
Updating '/build/lxqt-about/src/build/lxqt-about_vi.qm'...
    Generated 19 translation(s) (19 finished and 0 unfinished)
[ 85%] Generating lxqt-about_zh_CN.qm
Updating '/build/lxqt-about/src/build/lxqt-about_zh_CN.qm'...
    Generated 19 translation(s) (19 finished and 0 unfinished)
[ 87%] Building CXX object CMakeFiles/lxqt-about.dir/aboutdialog/lxqtaboutdialog.cpp.o
[ 88%] Building CXX object CMakeFiles/lxqt-about.dir/aboutdialog/technicalinfo.cpp.o
[ 90%] Building CXX object CMakeFiles/lxqt-about.dir/main.cpp.o
[ 92%] Building CXX object CMakeFiles/lxqt-about.dir/LXQtAppTranslationLoader.cpp.o
[ 93%] Building CXX object CMakeFiles/lxqt-about.dir/lxqt-about_autogen/EJRQKI7XPS/qrc_translatorsinfo.cpp.o
[ 95%] Building CXX object CMakeFiles/lxqt-about.dir/lxqt-about_autogen/mocs_compilation.cpp.o
[ 96%] Building CXX object CMakeFiles/lxqt-about.dir/translatorsinfo/translatorsinfo.cpp.o
[ 98%] Linking CXX executable lxqt-about
[100%] Built target lxqt-about
