==> Making package: openbabel 2.4.1-6 (Sun May  5 09:06:38 2019)
==> Checking runtime dependencies...
==> Checking buildtime dependencies...
==> Installing missing dependencies...
resolving dependencies...
looking for conflicting packages...

Packages (53) atk-2.32.0-1  avahi-0.7+18+g1b5f401-1  cairo-1.16.0-2  desktop-file-utils-0.23+4+g92af410-1  gdk-pixbuf2-2.38.1-1  gst-plugins-base-libs-1.16.0-2  gstreamer-1.16.0-1  gtk-update-icon-cache-1:3.24.8-1  gtk2-2.24.32-1  iso-codes-4.2-1  jasper-2.0.16-1  libcups-2.2.10-3  libdaemon-0.14-4  libdatrie-0.2.12-1  libdrm-2.4.98-1  libglvnd-1.1.0-1  libgudev-232-1  libice-1.0.9-2  libnotify-0.7.8-1  libomxil-bellagio-0.9.3-2  libpciaccess-0.14-1  librsvg-2:2.44.13-1  libsm-1.2.3-1  libthai-0.1.28-1  libunwind-1.3.1-1  libx11-1.6.7-1  libxau-1.0.9-1  libxcb-1.13.1-1  libxcomposite-0.4.5-1  libxcursor-1.2.0-1  libxdamage-1.1.5-1  libxdmcp-1.1.3-1  libxext-1.3.4-1  libxfixes-5.0.3-2  libxft-2.3.3-1  libxi-1.7.9-2  libxinerama-1.1.4-1  libxrandr-1.5.2-1  libxrender-0.9.10-2  libxshmfence-1.3-1  libxv-1.0.11-2  libxxf86vm-1.1.4-2  lm_sensors-3.5.0-1  lzo-2.10-2  mesa-19.0.3-1  orc-0.4.29-1  pango-1:1.43.0-2  pixman-0.38.4-1  wayland-1.17.0-1  wxgtk-common-3.0.4-2  xcb-proto-1.13-2  xorgproto-2018.4-1  wxgtk2-3.0.4-2

Total Installed Size:  243.43 MiB

:: Proceed with installation? [Y/n] 
checking keyring...
checking package integrity...
loading package files...
checking for file conflicts...
checking available disk space...
:: Processing package changes...
installing atk...
installing libdatrie...
installing libthai...
installing xcb-proto...
installing xorgproto...
installing libxdmcp...
installing libxau...
installing libxcb...
installing libx11...
installing libxrender...
installing libxext...
installing pixman...
installing lzo...
installing libglvnd...
installing cairo...
installing libxft...
installing pango...
installing libxfixes...
installing libxcursor...
Optional dependencies for libxcursor
    gnome-themes-standard: fallback icon theme
installing libxinerama...
installing libxrandr...
installing libxi...
installing libxcomposite...
installing libxdamage...
installing libdaemon...
installing avahi...
Optional dependencies for avahi
    gtk3: avahi-discover, avahi-discover-standalone, bshell, bssh, bvnc
    gtk2: gtk2 bindings [pending]
    qt4: qt4 bindings
    qt5-base: qt5 bindings
    pygtk: avahi-bookmarks
    python2-twisted: avahi-bookmarks
    mono: mono bindings
    nss-mdns: NSS support for mDNS
    python-gobject: avahi-discover
    python-dbus: avahi-discover
installing libcups...
installing jasper...
Optional dependencies for jasper
    jasper-doc: documentation
    freeglut: jiv support
    glu: jiv support
installing gdk-pixbuf2...
installing librsvg...
installing gtk-update-icon-cache...
installing desktop-file-utils...
installing gtk2...
Optional dependencies for gtk2
    gnome-themes-standard: Default widget theme
    adwaita-icon-theme: Default icon theme
installing libunwind...
installing gstreamer...
installing orc...
installing libxv...
installing iso-codes...
installing libgudev...
installing libpciaccess...
installing libdrm...
installing wayland...
installing libxxf86vm...
installing libxshmfence...
installing libomxil-bellagio...
installing lm_sensors...
Optional dependencies for lm_sensors
    rrdtool: for logging with sensord
installing mesa...
Optional dependencies for mesa
    opengl-man-pages: for the OpenGL API man pages
    mesa-vdpau: for accelerated video playback
    libva-mesa-driver: for accelerated video playback
installing gst-plugins-base-libs...
installing libice...
installing libsm...
installing wxgtk-common...
installing libnotify...
installing wxgtk2...
:: Running post-transaction hooks...
(1/7) Probing GDK-Pixbuf loader modules...
(2/7) Probing GTK2 input method modules...
(3/7) Updating icon theme caches...
(4/7) Reloading system manager configuration...
(5/7) Creating system user accounts...
(6/7) Arming ConditionNeedsUpdate...
(7/7) Updating the desktop file MIME type cache...
==> Retrieving sources...
  -> Found openbabel-2.4.1.tar.gz
  -> Found pybel_indexerror.patch
  -> Found gcc-version.patch
==> Validating source files with md5sums...
    openbabel-2.4.1.tar.gz ... Passed
    pybel_indexerror.patch ... Passed
    gcc-version.patch ... Passed
==> Extracting sources...
  -> Extracting openbabel-2.4.1.tar.gz with bsdtar
==> Starting prepare()...
patching file scripts/python/pybel.py
patching file CMakeLists.txt
==> Removing existing $pkgdir/ directory...
==> Starting build()...
CMake Deprecation Warning at CMakeLists.txt:16 (cmake_policy):
  The OLD behavior for policy CMP0005 will be removed from a future version
  of CMake.

  The cmake-policies(7) manual explains that the OLD behaviors of all
  policies are deprecated and that a policy should be set to OLD only under
  specific short-term circumstances.  Projects should be ported to the NEW
  behavior and not rely on setting a policy to OLD.


CMake Deprecation Warning at CMakeLists.txt:18 (cmake_policy):
  The OLD behavior for policy CMP0042 will be removed from a future version
  of CMake.

  The cmake-policies(7) manual explains that the OLD behaviors of all
  policies are deprecated and that a policy should be set to OLD only under
  specific short-term circumstances.  Projects should be ported to the NEW
  behavior and not rely on setting a policy to OLD.


-- Using included inchi library.
-- Checking available shared pointer...
-- Use std::shared_ptr in memory
-- Cairo found. PNG output will be supported.
-- Attempting to build the GUI
--    wxWidgets found => GUI will be built
-- Python bindings will be compiled
-- Configuring done
-- Generating done
-- Build files have been written to: /arch/openbabel/src/build
/usr/bin/cmake -S/arch/openbabel/src/openbabel-2.4.1 -B/arch/openbabel/src/build --check-build-system CMakeFiles/Makefile.cmake 0
/usr/bin/cmake -E cmake_progress_start /arch/openbabel/src/build/CMakeFiles /arch/openbabel/src/build/CMakeFiles/progress.marks
make -f CMakeFiles/Makefile2 all
make[1]: Entering directory '/arch/openbabel/src/build'
make -f src/CMakeFiles/openbabel.dir/build.make src/CMakeFiles/openbabel.dir/depend
make -f src/formats/libinchi/CMakeFiles/inchi.dir/build.make src/formats/libinchi/CMakeFiles/inchi.dir/depend
make[2]: Entering directory '/arch/openbabel/src/build'
cd /arch/openbabel/src/build && /usr/bin/cmake -E cmake_depends "Unix Makefiles" /arch/openbabel/src/openbabel-2.4.1 /arch/openbabel/src/openbabel-2.4.1/src/formats/libinchi /arch/openbabel/src/build /arch/openbabel/src/build/src/formats/libinchi /arch/openbabel/src/build/src/formats/libinchi/CMakeFiles/inchi.dir/DependInfo.cmake --color=
make[2]: Entering directory '/arch/openbabel/src/build'
cd /arch/openbabel/src/build && /usr/bin/cmake -E cmake_depends "Unix Makefiles" /arch/openbabel/src/openbabel-2.4.1 /arch/openbabel/src/openbabel-2.4.1/src /arch/openbabel/src/build /arch/openbabel/src/build/src /arch/openbabel/src/build/src/CMakeFiles/openbabel.dir/DependInfo.cmake --color=
make[2]: Leaving directory '/arch/openbabel/src/build'
make -f src/formats/libinchi/CMakeFiles/inchi.dir/build.make src/formats/libinchi/CMakeFiles/inchi.dir/build
make[2]: Entering directory '/arch/openbabel/src/build'
make[2]: Nothing to be done for 'src/formats/libinchi/CMakeFiles/inchi.dir/build'.
make[2]: Leaving directory '/arch/openbabel/src/build'
make[2]: Leaving directory '/arch/openbabel/src/build'
make -f src/CMakeFiles/openbabel.dir/build.make src/CMakeFiles/openbabel.dir/build
[  8%] Built target inchi
make[2]: Entering directory '/arch/openbabel/src/build'
make[2]: Nothing to be done for 'src/CMakeFiles/openbabel.dir/build'.
make[2]: Leaving directory '/arch/openbabel/src/build'
[ 21%] Built target openbabel
make -f src/CMakeFiles/plugin_descriptors.dir/build.make src/CMakeFiles/plugin_descriptors.dir/depend
make -f src/CMakeFiles/plugin_ops.dir/build.make src/CMakeFiles/plugin_ops.dir/depend
make -f src/CMakeFiles/plugin_fingerprints.dir/build.make src/CMakeFiles/plugin_fingerprints.dir/depend
make -f src/CMakeFiles/plugin_forcefields.dir/build.make src/CMakeFiles/plugin_forcefields.dir/depend
make -f src/CMakeFiles/plugin_charges.dir/build.make src/CMakeFiles/plugin_charges.dir/depend
make -f src/formats/CMakeFiles/cmlreactformat.dir/build.make src/formats/CMakeFiles/cmlreactformat.dir/depend
make -f src/formats/CMakeFiles/xmlformat.dir/build.make src/formats/CMakeFiles/xmlformat.dir/depend
make -f src/formats/CMakeFiles/cmlformat.dir/build.make src/formats/CMakeFiles/cmlformat.dir/depend
make[2]: Entering directory '/arch/openbabel/src/build'
cd /arch/openbabel/src/build && /usr/bin/cmake -E cmake_depends "Unix Makefiles" /arch/openbabel/src/openbabel-2.4.1 /arch/openbabel/src/openbabel-2.4.1/src /arch/openbabel/src/build /arch/openbabel/src/build/src /arch/openbabel/src/build/src/CMakeFiles/plugin_descriptors.dir/DependInfo.cmake --color=
make[2]: Entering directory '/arch/openbabel/src/build'
cd /arch/openbabel/src/build && /usr/bin/cmake -E cmake_depends "Unix Makefiles" /arch/openbabel/src/openbabel-2.4.1 /arch/openbabel/src/openbabel-2.4.1/src /arch/openbabel/src/build /arch/openbabel/src/build/src /arch/openbabel/src/build/src/CMakeFiles/plugin_fingerprints.dir/DependInfo.cmake --color=
make[2]: Entering directory '/arch/openbabel/src/build'
cd /arch/openbabel/src/build && /usr/bin/cmake -E cmake_depends "Unix Makefiles" /arch/openbabel/src/openbabel-2.4.1 /arch/openbabel/src/openbabel-2.4.1/src/formats /arch/openbabel/src/build /arch/openbabel/src/build/src/formats /arch/openbabel/src/build/src/formats/CMakeFiles/cmlreactformat.dir/DependInfo.cmake --color=
make[2]: Entering directory '/arch/openbabel/src/build'
cd /arch/openbabel/src/build && /usr/bin/cmake -E cmake_depends "Unix Makefiles" /arch/openbabel/src/openbabel-2.4.1 /arch/openbabel/src/openbabel-2.4.1/src/formats /arch/openbabel/src/build /arch/openbabel/src/build/src/formats /arch/openbabel/src/build/src/formats/CMakeFiles/xmlformat.dir/DependInfo.cmake --color=
make[2]: Entering directory '/arch/openbabel/src/build'
cd /arch/openbabel/src/build && /usr/bin/cmake -E cmake_depends "Unix Makefiles" /arch/openbabel/src/openbabel-2.4.1 /arch/openbabel/src/openbabel-2.4.1/src /arch/openbabel/src/build /arch/openbabel/src/build/src /arch/openbabel/src/build/src/CMakeFiles/plugin_forcefields.dir/DependInfo.cmake --color=
make[2]: Entering directory '/arch/openbabel/src/build'
cd /arch/openbabel/src/build && /usr/bin/cmake -E cmake_depends "Unix Makefiles" /arch/openbabel/src/openbabel-2.4.1 /arch/openbabel/src/openbabel-2.4.1/src/formats /arch/openbabel/src/build /arch/openbabel/src/build/src/formats /arch/openbabel/src/build/src/formats/CMakeFiles/cmlformat.dir/DependInfo.cmake --color=
make[2]: Entering directory '/arch/openbabel/src/build'
cd /arch/openbabel/src/build && /usr/bin/cmake -E cmake_depends "Unix Makefiles" /arch/openbabel/src/openbabel-2.4.1 /arch/openbabel/src/openbabel-2.4.1/src /arch/openbabel/src/build /arch/openbabel/src/build/src /arch/openbabel/src/build/src/CMakeFiles/plugin_charges.dir/DependInfo.cmake --color=
make[2]: Leaving directory '/arch/openbabel/src/build'
make -f src/CMakeFiles/plugin_descriptors.dir/build.make src/CMakeFiles/plugin_descriptors.dir/build
make[2]: Leaving directory '/arch/openbabel/src/build'
make -f src/formats/CMakeFiles/xmlformat.dir/build.make src/formats/CMakeFiles/xmlformat.dir/build
make[2]: Entering directory '/arch/openbabel/src/build'
cd /arch/openbabel/src/build && /usr/bin/cmake -E cmake_depends "Unix Makefiles" /arch/openbabel/src/openbabel-2.4.1 /arch/openbabel/src/openbabel-2.4.1/src /arch/openbabel/src/build /arch/openbabel/src/build/src /arch/openbabel/src/build/src/CMakeFiles/plugin_ops.dir/DependInfo.cmake --color=
make[2]: Leaving directory '/arch/openbabel/src/build'
make -f src/CMakeFiles/plugin_fingerprints.dir/build.make src/CMakeFiles/plugin_fingerprints.dir/build
make[2]: Leaving directory '/arch/openbabel/src/build'
make -f src/CMakeFiles/plugin_forcefields.dir/build.make src/CMakeFiles/plugin_forcefields.dir/build
make[2]: Leaving directory '/arch/openbabel/src/build'
make -f src/formats/CMakeFiles/cmlreactformat.dir/build.make src/formats/CMakeFiles/cmlreactformat.dir/build
make[2]: Leaving directory '/arch/openbabel/src/build'
make -f src/formats/CMakeFiles/cmlformat.dir/build.make src/formats/CMakeFiles/cmlformat.dir/build
make[2]: Entering directory '/arch/openbabel/src/build'
make[2]: Nothing to be done for 'src/CMakeFiles/plugin_descriptors.dir/build'.
make[2]: Leaving directory '/arch/openbabel/src/build'
make[2]: Entering directory '/arch/openbabel/src/build'
make[2]: Nothing to be done for 'src/formats/CMakeFiles/xmlformat.dir/build'.
make[2]: Leaving directory '/arch/openbabel/src/build'
make[2]: Entering directory '/arch/openbabel/src/build'
make[2]: Nothing to be done for 'src/CMakeFiles/plugin_forcefields.dir/build'.
make[2]: Leaving directory '/arch/openbabel/src/build'
make[2]: Entering directory '/arch/openbabel/src/build'
make[2]: Nothing to be done for 'src/CMakeFiles/plugin_fingerprints.dir/build'.
make[2]: Leaving directory '/arch/openbabel/src/build'
make[2]: Entering directory '/arch/openbabel/src/build'
make[2]: Nothing to be done for 'src/formats/CMakeFiles/cmlformat.dir/build'.
make[2]: Leaving directory '/arch/openbabel/src/build'
make[2]: Leaving directory '/arch/openbabel/src/build'
make -f src/CMakeFiles/plugin_charges.dir/build.make src/CMakeFiles/plugin_charges.dir/build
[ 22%] Built target xmlformat
make -f src/formats/CMakeFiles/xtcformat.dir/build.make src/formats/CMakeFiles/xtcformat.dir/depend
make[2]: Entering directory '/arch/openbabel/src/build'
make[2]: Nothing to be done for 'src/formats/CMakeFiles/cmlreactformat.dir/build'.
make[2]: Leaving directory '/arch/openbabel/src/build'
[ 23%] Built target plugin_descriptors
make -f src/formats/CMakeFiles/chemdrawcdx.dir/build.make src/formats/CMakeFiles/chemdrawcdx.dir/depend
make[2]: Entering directory '/arch/openbabel/src/build'
cd /arch/openbabel/src/build && /usr/bin/cmake -E cmake_depends "Unix Makefiles" /arch/openbabel/src/openbabel-2.4.1 /arch/openbabel/src/openbabel-2.4.1/src/formats /arch/openbabel/src/build /arch/openbabel/src/build/src/formats /arch/openbabel/src/build/src/formats/CMakeFiles/xtcformat.dir/DependInfo.cmake --color=
make[2]: Entering directory '/arch/openbabel/src/build'
cd /arch/openbabel/src/build && /usr/bin/cmake -E cmake_depends "Unix Makefiles" /arch/openbabel/src/openbabel-2.4.1 /arch/openbabel/src/openbabel-2.4.1/src/formats /arch/openbabel/src/build /arch/openbabel/src/build/src/formats /arch/openbabel/src/build/src/formats/CMakeFiles/chemdrawcdx.dir/DependInfo.cmake --color=
make[2]: Leaving directory '/arch/openbabel/src/build'
make -f src/CMakeFiles/plugin_ops.dir/build.make src/CMakeFiles/plugin_ops.dir/build
[ 23%] Built target cmlreactformat
make -f src/formats/CMakeFiles/chemdoodlejsonformat.dir/build.make src/formats/CMakeFiles/chemdoodlejsonformat.dir/depend
[ 26%] Built target cmlformat
[ 26%] Built target plugin_forcefields
[ 26%] Built target plugin_fingerprints
make -f src/formats/CMakeFiles/xyzformat.dir/build.make src/formats/CMakeFiles/xyzformat.dir/depend
make -f src/formats/CMakeFiles/viewmolformat.dir/build.make src/formats/CMakeFiles/viewmolformat.dir/depend
make -f src/formats/CMakeFiles/yasaraformat.dir/build.make src/formats/CMakeFiles/yasaraformat.dir/depend
make[2]: Leaving directory '/arch/openbabel/src/build'
make -f src/formats/CMakeFiles/xtcformat.dir/build.make src/formats/CMakeFiles/xtcformat.dir/build
make[2]: Entering directory '/arch/openbabel/src/build'
cd /arch/openbabel/src/build && /usr/bin/cmake -E cmake_depends "Unix Makefiles" /arch/openbabel/src/openbabel-2.4.1 /arch/openbabel/src/openbabel-2.4.1/src/formats /arch/openbabel/src/build /arch/openbabel/src/build/src/formats /arch/openbabel/src/build/src/formats/CMakeFiles/chemdoodlejsonformat.dir/DependInfo.cmake --color=
make[2]: Entering directory '/arch/openbabel/src/build'
make[2]: Entering directory '/arch/openbabel/src/build'
cd /arch/openbabel/src/build && /usr/bin/cmake -E cmake_depends "Unix Makefiles" /arch/openbabel/src/openbabel-2.4.1 /arch/openbabel/src/openbabel-2.4.1/src/formats /arch/openbabel/src/build /arch/openbabel/src/build/src/formats /arch/openbabel/src/build/src/formats/CMakeFiles/viewmolformat.dir/DependInfo.cmake --color=
cd /arch/openbabel/src/build && /usr/bin/cmake -E cmake_depends "Unix Makefiles" /arch/openbabel/src/openbabel-2.4.1 /arch/openbabel/src/openbabel-2.4.1/src/formats /arch/openbabel/src/build /arch/openbabel/src/build/src/formats /arch/openbabel/src/build/src/formats/CMakeFiles/xyzformat.dir/DependInfo.cmake --color=
make[2]: Entering directory '/arch/openbabel/src/build'
cd /arch/openbabel/src/build && /usr/bin/cmake -E cmake_depends "Unix Makefiles" /arch/openbabel/src/openbabel-2.4.1 /arch/openbabel/src/openbabel-2.4.1/src/formats /arch/openbabel/src/build /arch/openbabel/src/build/src/formats /arch/openbabel/src/build/src/formats/CMakeFiles/yasaraformat.dir/DependInfo.cmake --color=
make[2]: Leaving directory '/arch/openbabel/src/build'
make -f src/formats/CMakeFiles/chemdrawcdx.dir/build.make src/formats/CMakeFiles/chemdrawcdx.dir/build
make[2]: Entering directory '/arch/openbabel/src/build'
make[2]: Nothing to be done for 'src/CMakeFiles/plugin_charges.dir/build'.
make[2]: Leaving directory '/arch/openbabel/src/build'
make[2]: Entering directory '/arch/openbabel/src/build'
make[2]: Nothing to be done for 'src/formats/CMakeFiles/xtcformat.dir/build'.
make[2]: Leaving directory '/arch/openbabel/src/build'
make[2]: Leaving directory '/arch/openbabel/src/build'
make -f src/formats/CMakeFiles/viewmolformat.dir/build.make src/formats/CMakeFiles/viewmolformat.dir/build
make[2]: Leaving directory '/arch/openbabel/src/build'
make[2]: Leaving directory '/arch/openbabel/src/build'
make -f src/formats/CMakeFiles/chemdoodlejsonformat.dir/build.make src/formats/CMakeFiles/chemdoodlejsonformat.dir/build
make -f src/formats/CMakeFiles/xyzformat.dir/build.make src/formats/CMakeFiles/xyzformat.dir/build
make[2]: Entering directory '/arch/openbabel/src/build'
make[2]: Nothing to be done for 'src/CMakeFiles/plugin_ops.dir/build'.
make[2]: Leaving directory '/arch/openbabel/src/build'
[ 28%] Built target plugin_charges
make -f src/formats/CMakeFiles/pdbqtformat.dir/build.make src/formats/CMakeFiles/pdbqtformat.dir/depend
make[2]: Entering directory '/arch/openbabel/src/build'
make[2]: Nothing to be done for 'src/formats/CMakeFiles/chemdrawcdx.dir/build'.
make[2]: Leaving directory '/arch/openbabel/src/build'
make[2]: Entering directory '/arch/openbabel/src/build'
cd /arch/openbabel/src/build && /usr/bin/cmake -E cmake_depends "Unix Makefiles" /arch/openbabel/src/openbabel-2.4.1 /arch/openbabel/src/openbabel-2.4.1/src/formats /arch/openbabel/src/build /arch/openbabel/src/build/src/formats /arch/openbabel/src/build/src/formats/CMakeFiles/pdbqtformat.dir/DependInfo.cmake --color=
make[2]: Leaving directory '/arch/openbabel/src/build'
make -f src/formats/CMakeFiles/yasaraformat.dir/build.make src/formats/CMakeFiles/yasaraformat.dir/build
make[2]: Entering directory '/arch/openbabel/src/build'
make[2]: Nothing to be done for 'src/formats/CMakeFiles/viewmolformat.dir/build'.
make[2]: Leaving directory '/arch/openbabel/src/build'
[ 28%] Built target xtcformat
make -f src/formats/CMakeFiles/pcmodelformat.dir/build.make src/formats/CMakeFiles/pcmodelformat.dir/depend
make[2]: Entering directory '/arch/openbabel/src/build'
make[2]: Entering directory '/arch/openbabel/src/build'
make[2]: Nothing to be done for 'src/formats/CMakeFiles/xyzformat.dir/build'.
make[2]: Leaving directory '/arch/openbabel/src/build'
make[2]: Entering directory '/arch/openbabel/src/build'
make[2]: Nothing to be done for 'src/formats/CMakeFiles/chemdoodlejsonformat.dir/build'.
make[2]: Leaving directory '/arch/openbabel/src/build'
[ 33%] Built target plugin_ops
make -f src/formats/CMakeFiles/outformat.dir/build.make src/formats/CMakeFiles/outformat.dir/depend
make[2]: Entering directory '/arch/openbabel/src/build'
cd /arch/openbabel/src/build && /usr/bin/cmake -E cmake_depends "Unix Makefiles" /arch/openbabel/src/openbabel-2.4.1 /arch/openbabel/src/openbabel-2.4.1/src/formats /arch/openbabel/src/build /arch/openbabel/src/build/src/formats /arch/openbabel/src/build/src/formats/CMakeFiles/pcmodelformat.dir/DependInfo.cmake --color=
[ 34%] Built target chemdrawcdx
make -f src/formats/CMakeFiles/opendxformat.dir/build.make src/formats/CMakeFiles/opendxformat.dir/depend
make[2]: Entering directory '/arch/openbabel/src/build'
cd /arch/openbabel/src/build && /usr/bin/cmake -E cmake_depends "Unix Makefiles" /arch/openbabel/src/openbabel-2.4.1 /arch/openbabel/src/openbabel-2.4.1/src/formats /arch/openbabel/src/build /arch/openbabel/src/build/src/formats /arch/openbabel/src/build/src/formats/CMakeFiles/outformat.dir/DependInfo.cmake --color=
make[2]: Leaving directory '/arch/openbabel/src/build'
make -f src/formats/CMakeFiles/pdbqtformat.dir/build.make src/formats/CMakeFiles/pdbqtformat.dir/build
[ 35%] Built target viewmolformat
make -f src/formats/CMakeFiles/rsmiformat.dir/build.make src/formats/CMakeFiles/rsmiformat.dir/depend
make[2]: Entering directory '/arch/openbabel/src/build'
cd /arch/openbabel/src/build && /usr/bin/cmake -E cmake_depends "Unix Makefiles" /arch/openbabel/src/openbabel-2.4.1 /arch/openbabel/src/openbabel-2.4.1/src/formats /arch/openbabel/src/build /arch/openbabel/src/build/src/formats /arch/openbabel/src/build/src/formats/CMakeFiles/opendxformat.dir/DependInfo.cmake --color=
[ 36%] Built target chemdoodlejsonformat
make[2]: Entering directory '/arch/openbabel/src/build'
cd /arch/openbabel/src/build && /usr/bin/cmake -E cmake_depends "Unix Makefiles" /arch/openbabel/src/openbabel-2.4.1 /arch/openbabel/src/openbabel-2.4.1/src/formats /arch/openbabel/src/build /arch/openbabel/src/build/src/formats /arch/openbabel/src/build/src/formats/CMakeFiles/rsmiformat.dir/DependInfo.cmake --color=
make -f src/formats/CMakeFiles/msmsformat.dir/build.make src/formats/CMakeFiles/msmsformat.dir/depend
[ 37%] Built target xyzformat
make -f src/formats/CMakeFiles/msiformat.dir/build.make src/formats/CMakeFiles/msiformat.dir/depend
[ 37%] Building CXX object src/formats/CMakeFiles/yasaraformat.dir/yasaraformat.o
cd /arch/openbabel/src/build/src/formats && /usr/lib/ccache/bin/c++  -DBUILD_LINK_AS_DLL -DHAVE_EIGEN -DHAVE_EIGEN3 -DHAVE_LIBZ -DHAVE_SHARED_POINTER -DHAVE_WXWIDGETS -DUSING_DYNAMIC_LIBS -DWXUSINGDLL -D_FILE_OFFSET_BITS=64 -D__WXGTK__ -Dyasaraformat_EXPORTS -I/arch/openbabel/src/build/include -I/arch/openbabel/src/openbabel-2.4.1/data -I/arch/openbabel/src/openbabel-2.4.1/include -I/usr/include/eigen3 -I/usr/include/cairo -I/arch/openbabel/src/openbabel-2.4.1/include/inchi -I/usr/include/libxml2 -isystem /usr/lib/wx/include/gtk2-unicode-3.0 -isystem /usr/include/wx-3.0  -O2 -pipe -mcpu=power8 -mabi=altivec -maltivec -pthread -O3 -DNDEBUG -O2 -DNDEBUG -fPIC   -DOB_MODULE_PATH="\"/usr/lib/openbabel/2.4.1\"" -o CMakeFiles/yasaraformat.dir/yasaraformat.o -c /arch/openbabel/src/openbabel-2.4.1/src/formats/yasaraformat.cpp
make[2]: Entering directory '/arch/openbabel/src/build'
make[2]: Nothing to be done for 'src/formats/CMakeFiles/pdbqtformat.dir/build'.
make[2]: Leaving directory '/arch/openbabel/src/build'
make[2]: Entering directory '/arch/openbabel/src/build'
cd /arch/openbabel/src/build && /usr/bin/cmake -E cmake_depends "Unix Makefiles" /arch/openbabel/src/openbabel-2.4.1 /arch/openbabel/src/openbabel-2.4.1/src/formats /arch/openbabel/src/build /arch/openbabel/src/build/src/formats /arch/openbabel/src/build/src/formats/CMakeFiles/msmsformat.dir/DependInfo.cmake --color=
make[2]: Leaving directory '/arch/openbabel/src/build'
make[2]: Entering directory '/arch/openbabel/src/build'
cd /arch/openbabel/src/build && /usr/bin/cmake -E cmake_depends "Unix Makefiles" /arch/openbabel/src/openbabel-2.4.1 /arch/openbabel/src/openbabel-2.4.1/src/formats /arch/openbabel/src/build /arch/openbabel/src/build/src/formats /arch/openbabel/src/build/src/formats/CMakeFiles/msiformat.dir/DependInfo.cmake --color=
make -f src/formats/CMakeFiles/pcmodelformat.dir/build.make src/formats/CMakeFiles/pcmodelformat.dir/build
make[2]: Leaving directory '/arch/openbabel/src/build'
make -f src/formats/CMakeFiles/outformat.dir/build.make src/formats/CMakeFiles/outformat.dir/build
make[2]: Leaving directory '/arch/openbabel/src/build'
make -f src/formats/CMakeFiles/opendxformat.dir/build.make src/formats/CMakeFiles/opendxformat.dir/build
make[2]: Leaving directory '/arch/openbabel/src/build'
make -f src/formats/CMakeFiles/rsmiformat.dir/build.make src/formats/CMakeFiles/rsmiformat.dir/build
make[2]: Entering directory '/arch/openbabel/src/build'
make[2]: Nothing to be done for 'src/formats/CMakeFiles/outformat.dir/build'.
make[2]: Leaving directory '/arch/openbabel/src/build'
make[2]: Entering directory '/arch/openbabel/src/build'
make[2]: Nothing to be done for 'src/formats/CMakeFiles/pcmodelformat.dir/build'.
make[2]: Leaving directory '/arch/openbabel/src/build'
make[2]: Leaving directory '/arch/openbabel/src/build'
make -f src/formats/CMakeFiles/msiformat.dir/build.make src/formats/CMakeFiles/msiformat.dir/build
[ 37%] Built target pdbqtformat
make -f src/formats/CMakeFiles/mpqcformat.dir/build.make src/formats/CMakeFiles/mpqcformat.dir/depend
make[2]: Entering directory '/arch/openbabel/src/build'
make[2]: Nothing to be done for 'src/formats/CMakeFiles/opendxformat.dir/build'.
make[2]: Leaving directory '/arch/openbabel/src/build'
make[2]: Entering directory '/arch/openbabel/src/build'
cd /arch/openbabel/src/build && /usr/bin/cmake -E cmake_depends "Unix Makefiles" /arch/openbabel/src/openbabel-2.4.1 /arch/openbabel/src/openbabel-2.4.1/src/formats /arch/openbabel/src/build /arch/openbabel/src/build/src/formats /arch/openbabel/src/build/src/formats/CMakeFiles/mpqcformat.dir/DependInfo.cmake --color=
make[2]: Leaving directory '/arch/openbabel/src/build'
make -f src/formats/CMakeFiles/msmsformat.dir/build.make src/formats/CMakeFiles/msmsformat.dir/build
make[2]: Entering directory '/arch/openbabel/src/build'
make[2]: Nothing to be done for 'src/formats/CMakeFiles/rsmiformat.dir/build'.
make[2]: Leaving directory '/arch/openbabel/src/build'
[ 38%] Built target pcmodelformat
make -f src/formats/CMakeFiles/mpdformat.dir/build.make src/formats/CMakeFiles/mpdformat.dir/depend
make[2]: Entering directory '/arch/openbabel/src/build'
make[2]: Nothing to be done for 'src/formats/CMakeFiles/msiformat.dir/build'.
make[2]: Leaving directory '/arch/openbabel/src/build'
make[2]: Entering directory '/arch/openbabel/src/build'
cd /arch/openbabel/src/build && /usr/bin/cmake -E cmake_depends "Unix Makefiles" /arch/openbabel/src/openbabel-2.4.1 /arch/openbabel/src/openbabel-2.4.1/src/formats /arch/openbabel/src/build /arch/openbabel/src/build/src/formats /arch/openbabel/src/build/src/formats/CMakeFiles/mpdformat.dir/DependInfo.cmake --color=
[ 39%] Built target outformat
make -f src/formats/CMakeFiles/pointcloudformat.dir/build.make src/formats/CMakeFiles/pointcloudformat.dir/depend
[ 39%] Built target msiformat
make[2]: Entering directory '/arch/openbabel/src/build'
make[2]: Nothing to be done for 'src/formats/CMakeFiles/msmsformat.dir/build'.
make[2]: Leaving directory '/arch/openbabel/src/build'
make -f src/formats/CMakeFiles/mmcifformat.dir/build.make src/formats/CMakeFiles/mmcifformat.dir/depend
[ 40%] Built target opendxformat
make[2]: Entering directory '/arch/openbabel/src/build'
cd /arch/openbabel/src/build && /usr/bin/cmake -E cmake_depends "Unix Makefiles" /arch/openbabel/src/openbabel-2.4.1 /arch/openbabel/src/openbabel-2.4.1/src/formats /arch/openbabel/src/build /arch/openbabel/src/build/src/formats /arch/openbabel/src/build/src/formats/CMakeFiles/pointcloudformat.dir/DependInfo.cmake --color=
make -f src/formats/CMakeFiles/mdffformat.dir/build.make src/formats/CMakeFiles/mdffformat.dir/depend
make[2]: Entering directory '/arch/openbabel/src/build'
cd /arch/openbabel/src/build && /usr/bin/cmake -E cmake_depends "Unix Makefiles" /arch/openbabel/src/openbabel-2.4.1 /arch/openbabel/src/openbabel-2.4.1/src/formats /arch/openbabel/src/build /arch/openbabel/src/build/src/formats /arch/openbabel/src/build/src/formats/CMakeFiles/mmcifformat.dir/DependInfo.cmake --color=
[ 41%] Built target rsmiformat
make -f src/formats/CMakeFiles/xedformat.dir/build.make src/formats/CMakeFiles/xedformat.dir/depend
make[2]: Leaving directory '/arch/openbabel/src/build'
make -f src/formats/CMakeFiles/mpqcformat.dir/build.make src/formats/CMakeFiles/mpqcformat.dir/build
make[2]: Entering directory '/arch/openbabel/src/build'
cd /arch/openbabel/src/build && /usr/bin/cmake -E cmake_depends "Unix Makefiles" /arch/openbabel/src/openbabel-2.4.1 /arch/openbabel/src/openbabel-2.4.1/src/formats /arch/openbabel/src/build /arch/openbabel/src/build/src/formats /arch/openbabel/src/build/src/formats/CMakeFiles/mdffformat.dir/DependInfo.cmake --color=
make[2]: Entering directory '/arch/openbabel/src/build'
cd /arch/openbabel/src/build && /usr/bin/cmake -E cmake_depends "Unix Makefiles" /arch/openbabel/src/openbabel-2.4.1 /arch/openbabel/src/openbabel-2.4.1/src/formats /arch/openbabel/src/build /arch/openbabel/src/build/src/formats /arch/openbabel/src/build/src/formats/CMakeFiles/xedformat.dir/DependInfo.cmake --color=
make[2]: Leaving directory '/arch/openbabel/src/build'
make -f src/formats/CMakeFiles/mpdformat.dir/build.make src/formats/CMakeFiles/mpdformat.dir/build
[ 42%] Built target msmsformat
make -f src/formats/CMakeFiles/lpmdformat.dir/build.make src/formats/CMakeFiles/lpmdformat.dir/depend
make[2]: Entering directory '/arch/openbabel/src/build'
make[2]: Nothing to be done for 'src/formats/CMakeFiles/mpqcformat.dir/build'.
make[2]: Leaving directory '/arch/openbabel/src/build'
make[2]: Entering directory '/arch/openbabel/src/build'
cd /arch/openbabel/src/build && /usr/bin/cmake -E cmake_depends "Unix Makefiles" /arch/openbabel/src/openbabel-2.4.1 /arch/openbabel/src/openbabel-2.4.1/src/formats /arch/openbabel/src/build /arch/openbabel/src/build/src/formats /arch/openbabel/src/build/src/formats/CMakeFiles/lpmdformat.dir/DependInfo.cmake --color=
make[2]: Leaving directory '/arch/openbabel/src/build'
make -f src/formats/CMakeFiles/mmcifformat.dir/build.make src/formats/CMakeFiles/mmcifformat.dir/build
make[2]: Leaving directory '/arch/openbabel/src/build'
make -f src/formats/CMakeFiles/pointcloudformat.dir/build.make src/formats/CMakeFiles/pointcloudformat.dir/build
make[2]: Entering directory '/arch/openbabel/src/build'
make[2]: Nothing to be done for 'src/formats/CMakeFiles/mpdformat.dir/build'.
make[2]: Leaving directory '/arch/openbabel/src/build'
make[2]: Leaving directory '/arch/openbabel/src/build'
make -f src/formats/CMakeFiles/mdffformat.dir/build.make src/formats/CMakeFiles/mdffformat.dir/build
make[2]: Leaving directory '/arch/openbabel/src/build'
make -f src/formats/CMakeFiles/xedformat.dir/build.make src/formats/CMakeFiles/xedformat.dir/build
make[2]: Entering directory '/arch/openbabel/src/build'
make[2]: Entering directory '/arch/openbabel/src/build'
make[2]: Nothing to be done for 'src/formats/CMakeFiles/mmcifformat.dir/build'.
make[2]: Nothing to be done for 'src/formats/CMakeFiles/pointcloudformat.dir/build'.
make[2]: Leaving directory '/arch/openbabel/src/build'
make[2]: Leaving directory '/arch/openbabel/src/build'
[ 42%] Built target mpqcformat
make -f src/formats/CMakeFiles/groformat.dir/build.make src/formats/CMakeFiles/groformat.dir/depend
[ 43%] Built target mpdformat
make[2]: Leaving directory '/arch/openbabel/src/build'
make -f src/formats/CMakeFiles/lpmdformat.dir/build.make src/formats/CMakeFiles/lpmdformat.dir/build
make[2]: Entering directory '/arch/openbabel/src/build'
make[2]: Nothing to be done for 'src/formats/CMakeFiles/mdffformat.dir/build'.
make[2]: Leaving directory '/arch/openbabel/src/build'
make -f src/formats/CMakeFiles/pubchemjsonformat.dir/build.make src/formats/CMakeFiles/pubchemjsonformat.dir/depend
make[2]: Entering directory '/arch/openbabel/src/build'
make[2]: Nothing to be done for 'src/formats/CMakeFiles/xedformat.dir/build'.
make[2]: Leaving directory '/arch/openbabel/src/build'
make[2]: Entering directory '/arch/openbabel/src/build'
cd /arch/openbabel/src/build && /usr/bin/cmake -E cmake_depends "Unix Makefiles" /arch/openbabel/src/openbabel-2.4.1 /arch/openbabel/src/openbabel-2.4.1/src/formats /arch/openbabel/src/build /arch/openbabel/src/build/src/formats /arch/openbabel/src/build/src/formats/CMakeFiles/pubchemjsonformat.dir/DependInfo.cmake --color=
make[2]: Entering directory '/arch/openbabel/src/build'
cd /arch/openbabel/src/build && /usr/bin/cmake -E cmake_depends "Unix Makefiles" /arch/openbabel/src/openbabel-2.4.1 /arch/openbabel/src/openbabel-2.4.1/src/formats /arch/openbabel/src/build /arch/openbabel/src/build/src/formats /arch/openbabel/src/build/src/formats/CMakeFiles/groformat.dir/DependInfo.cmake --color=
make[2]: Entering directory '/arch/openbabel/src/build'
make[2]: Nothing to be done for 'src/formats/CMakeFiles/lpmdformat.dir/build'.
make[2]: Leaving directory '/arch/openbabel/src/build'
[ 43%] Built target xedformat
make -f src/formats/CMakeFiles/gausszmatformat.dir/build.make src/formats/CMakeFiles/gausszmatformat.dir/depend
[ 43%] Built target pointcloudformat
[ 44%] Built target mmcifformat
make -f src/formats/CMakeFiles/gausscubeformat.dir/build.make src/formats/CMakeFiles/gausscubeformat.dir/depend
make -f src/formats/CMakeFiles/adfformat.dir/build.make src/formats/CMakeFiles/adfformat.dir/depend
[ 44%] Built target mdffformat
make -f src/formats/CMakeFiles/cdxmlformat.dir/build.make src/formats/CMakeFiles/cdxmlformat.dir/depend
make[2]: Entering directory '/arch/openbabel/src/build'
cd /arch/openbabel/src/build && /usr/bin/cmake -E cmake_depends "Unix Makefiles" /arch/openbabel/src/openbabel-2.4.1 /arch/openbabel/src/openbabel-2.4.1/src/formats /arch/openbabel/src/build /arch/openbabel/src/build/src/formats /arch/openbabel/src/build/src/formats/CMakeFiles/gausszmatformat.dir/DependInfo.cmake --color=
make[2]: Entering directory '/arch/openbabel/src/build'
cd /arch/openbabel/src/build && /usr/bin/cmake -E cmake_depends "Unix Makefiles" /arch/openbabel/src/openbabel-2.4.1 /arch/openbabel/src/openbabel-2.4.1/src/formats /arch/openbabel/src/build /arch/openbabel/src/build/src/formats /arch/openbabel/src/build/src/formats/CMakeFiles/gausscubeformat.dir/DependInfo.cmake --color=
make[2]: Entering directory '/arch/openbabel/src/build'
cd /arch/openbabel/src/build && /usr/bin/cmake -E cmake_depends "Unix Makefiles" /arch/openbabel/src/openbabel-2.4.1 /arch/openbabel/src/openbabel-2.4.1/src/formats /arch/openbabel/src/build /arch/openbabel/src/build/src/formats /arch/openbabel/src/build/src/formats/CMakeFiles/adfformat.dir/DependInfo.cmake --color=
make[2]: Leaving directory '/arch/openbabel/src/build'
make -f src/formats/CMakeFiles/pubchemjsonformat.dir/build.make src/formats/CMakeFiles/pubchemjsonformat.dir/build
make[2]: Leaving directory '/arch/openbabel/src/build'
make -f src/formats/CMakeFiles/groformat.dir/build.make src/formats/CMakeFiles/groformat.dir/build
make[2]: Entering directory '/arch/openbabel/src/build'
cd /arch/openbabel/src/build && /usr/bin/cmake -E cmake_depends "Unix Makefiles" /arch/openbabel/src/openbabel-2.4.1 /arch/openbabel/src/openbabel-2.4.1/src/formats /arch/openbabel/src/build /arch/openbabel/src/build/src/formats /arch/openbabel/src/build/src/formats/CMakeFiles/cdxmlformat.dir/DependInfo.cmake --color=
[ 45%] Built target lpmdformat
make -f src/formats/CMakeFiles/daltonformat.dir/build.make src/formats/CMakeFiles/daltonformat.dir/depend
make[2]: Entering directory '/arch/openbabel/src/build'
make[2]: Nothing to be done for 'src/formats/CMakeFiles/pubchemjsonformat.dir/build'.
make[2]: Leaving directory '/arch/openbabel/src/build'
make[2]: Entering directory '/arch/openbabel/src/build'
cd /arch/openbabel/src/build && /usr/bin/cmake -E cmake_depends "Unix Makefiles" /arch/openbabel/src/openbabel-2.4.1 /arch/openbabel/src/openbabel-2.4.1/src/formats /arch/openbabel/src/build /arch/openbabel/src/build/src/formats /arch/openbabel/src/build/src/formats/CMakeFiles/daltonformat.dir/DependInfo.cmake --color=
make[2]: Leaving directory '/arch/openbabel/src/build'
make -f src/formats/CMakeFiles/adfformat.dir/build.make src/formats/CMakeFiles/adfformat.dir/build
make[2]: Leaving directory '/arch/openbabel/src/build'
make -f src/formats/CMakeFiles/gausszmatformat.dir/build.make src/formats/CMakeFiles/gausszmatformat.dir/build
make[2]: Entering directory '/arch/openbabel/src/build'
make[2]: Nothing to be done for 'src/formats/CMakeFiles/groformat.dir/build'.
make[2]: Leaving directory '/arch/openbabel/src/build'
make[2]: Leaving directory '/arch/openbabel/src/build'
make -f src/formats/CMakeFiles/gausscubeformat.dir/build.make src/formats/CMakeFiles/gausscubeformat.dir/build
make[2]: Leaving directory '/arch/openbabel/src/build'
make -f src/formats/CMakeFiles/cdxmlformat.dir/build.make src/formats/CMakeFiles/cdxmlformat.dir/build
make[2]: Entering directory '/arch/openbabel/src/build'
make[2]: Nothing to be done for 'src/formats/CMakeFiles/adfformat.dir/build'.
make[2]: Leaving directory '/arch/openbabel/src/build'
[ 46%] Built target pubchemjsonformat
make -f src/formats/CMakeFiles/asciiformat.dir/build.make src/formats/CMakeFiles/asciiformat.dir/depend
make[2]: Entering directory '/arch/openbabel/src/build'
make[2]: Nothing to be done for 'src/formats/CMakeFiles/gausszmatformat.dir/build'.
make[2]: Leaving directory '/arch/openbabel/src/build'
[ 47%] Built target groformat
make[2]: Leaving directory '/arch/openbabel/src/build'
make -f src/formats/CMakeFiles/rxnformat.dir/build.make src/formats/CMakeFiles/rxnformat.dir/depend
make -f src/formats/CMakeFiles/daltonformat.dir/build.make src/formats/CMakeFiles/daltonformat.dir/build
make[2]: Entering directory '/arch/openbabel/src/build'
cd /arch/openbabel/src/build && /usr/bin/cmake -E cmake_depends "Unix Makefiles" /arch/openbabel/src/openbabel-2.4.1 /arch/openbabel/src/openbabel-2.4.1/src/formats /arch/openbabel/src/build /arch/openbabel/src/build/src/formats /arch/openbabel/src/build/src/formats/CMakeFiles/asciiformat.dir/DependInfo.cmake --color=
make[2]: Entering directory '/arch/openbabel/src/build'
make[2]: Nothing to be done for 'src/formats/CMakeFiles/gausscubeformat.dir/build'.
make[2]: Leaving directory '/arch/openbabel/src/build'
make[2]: Entering directory '/arch/openbabel/src/build'
cd /arch/openbabel/src/build && /usr/bin/cmake -E cmake_depends "Unix Makefiles" /arch/openbabel/src/openbabel-2.4.1 /arch/openbabel/src/openbabel-2.4.1/src/formats /arch/openbabel/src/build /arch/openbabel/src/build/src/formats /arch/openbabel/src/build/src/formats/CMakeFiles/rxnformat.dir/DependInfo.cmake --color=
make[2]: Entering directory '/arch/openbabel/src/build'
make[2]: Nothing to be done for 'src/formats/CMakeFiles/cdxmlformat.dir/build'.
make[2]: Leaving directory '/arch/openbabel/src/build'
make[2]: Entering directory '/arch/openbabel/src/build'
make[2]: Nothing to be done for 'src/formats/CMakeFiles/daltonformat.dir/build'.
make[2]: Leaving directory '/arch/openbabel/src/build'
[ 47%] Built target adfformat
make -f src/formats/CMakeFiles/crystal09format.dir/build.make src/formats/CMakeFiles/crystal09format.dir/depend
[ 47%] Built target gausszmatformat
[ 47%] Built target gausscubeformat
make -f src/formats/CMakeFiles/chemkinformat.dir/build.make src/formats/CMakeFiles/chemkinformat.dir/depend
make -f src/formats/CMakeFiles/jaguarformat.dir/build.make src/formats/CMakeFiles/jaguarformat.dir/depend
make[2]: Entering directory '/arch/openbabel/src/build'
cd /arch/openbabel/src/build && /usr/bin/cmake -E cmake_depends "Unix Makefiles" /arch/openbabel/src/openbabel-2.4.1 /arch/openbabel/src/openbabel-2.4.1/src/formats /arch/openbabel/src/build /arch/openbabel/src/build/src/formats /arch/openbabel/src/build/src/formats/CMakeFiles/crystal09format.dir/DependInfo.cmake --color=
make[2]: Entering directory '/arch/openbabel/src/build'
cd /arch/openbabel/src/build && /usr/bin/cmake -E cmake_depends "Unix Makefiles" /arch/openbabel/src/openbabel-2.4.1 /arch/openbabel/src/openbabel-2.4.1/src/formats /arch/openbabel/src/build /arch/openbabel/src/build/src/formats /arch/openbabel/src/build/src/formats/CMakeFiles/jaguarformat.dir/DependInfo.cmake --color=
make[2]: Entering directory '/arch/openbabel/src/build'
cd /arch/openbabel/src/build && /usr/bin/cmake -E cmake_depends "Unix Makefiles" /arch/openbabel/src/openbabel-2.4.1 /arch/openbabel/src/openbabel-2.4.1/src/formats /arch/openbabel/src/build /arch/openbabel/src/build/src/formats /arch/openbabel/src/build/src/formats/CMakeFiles/chemkinformat.dir/DependInfo.cmake --color=
make[2]: Leaving directory '/arch/openbabel/src/build'
make[2]: Leaving directory '/arch/openbabel/src/build'
make -f src/formats/CMakeFiles/asciiformat.dir/build.make src/formats/CMakeFiles/asciiformat.dir/build
make -f src/formats/CMakeFiles/rxnformat.dir/build.make src/formats/CMakeFiles/rxnformat.dir/build
[ 48%] Built target cdxmlformat
make -f src/formats/CMakeFiles/aoforceformat.dir/build.make src/formats/CMakeFiles/aoforceformat.dir/depend
[ 49%] Built target daltonformat
make -f src/formats/CMakeFiles/pubchem.dir/build.make src/formats/CMakeFiles/pubchem.dir/depend
make[2]: Entering directory '/arch/openbabel/src/build'
cd /arch/openbabel/src/build && /usr/bin/cmake -E cmake_depends "Unix Makefiles" /arch/openbabel/src/openbabel-2.4.1 /arch/openbabel/src/openbabel-2.4.1/src/formats /arch/openbabel/src/build /arch/openbabel/src/build/src/formats /arch/openbabel/src/build/src/formats/CMakeFiles/aoforceformat.dir/DependInfo.cmake --color=
make[2]: Entering directory '/arch/openbabel/src/build'
cd /arch/openbabel/src/build && /usr/bin/cmake -E cmake_depends "Unix Makefiles" /arch/openbabel/src/openbabel-2.4.1 /arch/openbabel/src/openbabel-2.4.1/src/formats /arch/openbabel/src/build /arch/openbabel/src/build/src/formats /arch/openbabel/src/build/src/formats/CMakeFiles/pubchem.dir/DependInfo.cmake --color=
make[2]: Leaving directory '/arch/openbabel/src/build'
make[2]: Leaving directory '/arch/openbabel/src/build'
make -f src/formats/CMakeFiles/crystal09format.dir/build.make src/formats/CMakeFiles/crystal09format.dir/build
make -f src/formats/CMakeFiles/jaguarformat.dir/build.make src/formats/CMakeFiles/jaguarformat.dir/build
make[2]: Entering directory '/arch/openbabel/src/build'
make[2]: Nothing to be done for 'src/formats/CMakeFiles/rxnformat.dir/build'.
make[2]: Leaving directory '/arch/openbabel/src/build'
make[2]: Entering directory '/arch/openbabel/src/build'
make[2]: Nothing to be done for 'src/formats/CMakeFiles/asciiformat.dir/build'.
make[2]: Leaving directory '/arch/openbabel/src/build'
make[2]: Leaving directory '/arch/openbabel/src/build'
make -f src/formats/CMakeFiles/chemkinformat.dir/build.make src/formats/CMakeFiles/chemkinformat.dir/build
make[2]: Entering directory '/arch/openbabel/src/build'
make[2]: Nothing to be done for 'src/formats/CMakeFiles/crystal09format.dir/build'.
make[2]: Leaving directory '/arch/openbabel/src/build'
make[2]: Entering directory '/arch/openbabel/src/build'
make[2]: Nothing to be done for 'src/formats/CMakeFiles/jaguarformat.dir/build'.
make[2]: Leaving directory '/arch/openbabel/src/build'
[ 50%] Built target asciiformat
make -f src/formats/CMakeFiles/turbomoleformat.dir/build.make src/formats/CMakeFiles/turbomoleformat.dir/depend
make[2]: Leaving directory '/arch/openbabel/src/build'
make -f src/formats/CMakeFiles/aoforceformat.dir/build.make src/formats/CMakeFiles/aoforceformat.dir/build
[ 50%] Built target rxnformat
make[2]: Entering directory '/arch/openbabel/src/build'
make[2]: Nothing to be done for 'src/formats/CMakeFiles/chemkinformat.dir/build'.
make[2]: Leaving directory '/arch/openbabel/src/build'
make[2]: Leaving directory '/arch/openbabel/src/build'
make -f src/formats/CMakeFiles/pubchem.dir/build.make src/formats/CMakeFiles/pubchem.dir/build
make -f src/formats/CMakeFiles/abinitformat.dir/build.make src/formats/CMakeFiles/abinitformat.dir/depend
make[2]: Entering directory '/arch/openbabel/src/build'
cd /arch/openbabel/src/build && /usr/bin/cmake -E cmake_depends "Unix Makefiles" /arch/openbabel/src/openbabel-2.4.1 /arch/openbabel/src/openbabel-2.4.1/src/formats /arch/openbabel/src/build /arch/openbabel/src/build/src/formats /arch/openbabel/src/build/src/formats/CMakeFiles/turbomoleformat.dir/DependInfo.cmake --color=
make[2]: Entering directory '/arch/openbabel/src/build'
cd /arch/openbabel/src/build && /usr/bin/cmake -E cmake_depends "Unix Makefiles" /arch/openbabel/src/openbabel-2.4.1 /arch/openbabel/src/openbabel-2.4.1/src/formats /arch/openbabel/src/build /arch/openbabel/src/build/src/formats /arch/openbabel/src/build/src/formats/CMakeFiles/abinitformat.dir/DependInfo.cmake --color=
[ 51%] Built target crystal09format
make -f src/formats/CMakeFiles/acesformat.dir/build.make src/formats/CMakeFiles/acesformat.dir/depend
make[2]: Entering directory '/arch/openbabel/src/build'
make[2]: Nothing to be done for 'src/formats/CMakeFiles/aoforceformat.dir/build'.
make[2]: Leaving directory '/arch/openbabel/src/build'
[ 51%] Built target jaguarformat
make[2]: Entering directory '/arch/openbabel/src/build'
cd /arch/openbabel/src/build && /usr/bin/cmake -E cmake_depends "Unix Makefiles" /arch/openbabel/src/openbabel-2.4.1 /arch/openbabel/src/openbabel-2.4.1/src/formats /arch/openbabel/src/build /arch/openbabel/src/build/src/formats /arch/openbabel/src/build/src/formats/CMakeFiles/acesformat.dir/DependInfo.cmake --color=
make -f src/formats/CMakeFiles/alchemyformat.dir/build.make src/formats/CMakeFiles/alchemyformat.dir/depend
make[2]: Entering directory '/arch/openbabel/src/build'
make[2]: Nothing to be done for 'src/formats/CMakeFiles/pubchem.dir/build'.
make[2]: Leaving directory '/arch/openbabel/src/build'
[ 51%] Built target chemkinformat
make -f src/formats/CMakeFiles/smilesformat.dir/build.make src/formats/CMakeFiles/smilesformat.dir/depend
Dependee "/arch/openbabel/src/build/src/formats/CMakeFiles/abinitformat.dir/DependInfo.cmake" is newer than depender "/arch/openbabel/src/build/src/formats/CMakeFiles/abinitformat.dir/depend.internal".
Dependee "/arch/openbabel/src/build/src/formats/CMakeFiles/CMakeDirectoryInformation.cmake" is newer than depender "/arch/openbabel/src/build/src/formats/CMakeFiles/abinitformat.dir/depend.internal".
make[2]: Entering directory '/arch/openbabel/src/build'
cd /arch/openbabel/src/build && /usr/bin/cmake -E cmake_depends "Unix Makefiles" /arch/openbabel/src/openbabel-2.4.1 /arch/openbabel/src/openbabel-2.4.1/src/formats /arch/openbabel/src/build /arch/openbabel/src/build/src/formats /arch/openbabel/src/build/src/formats/CMakeFiles/alchemyformat.dir/DependInfo.cmake --color=
make[2]: Entering directory '/arch/openbabel/src/build'
cd /arch/openbabel/src/build && /usr/bin/cmake -E cmake_depends "Unix Makefiles" /arch/openbabel/src/openbabel-2.4.1 /arch/openbabel/src/openbabel-2.4.1/src/formats /arch/openbabel/src/build /arch/openbabel/src/build/src/formats /arch/openbabel/src/build/src/formats/CMakeFiles/smilesformat.dir/DependInfo.cmake --color=
make[2]: Leaving directory '/arch/openbabel/src/build'
make -f src/formats/CMakeFiles/turbomoleformat.dir/build.make src/formats/CMakeFiles/turbomoleformat.dir/build
Dependee "/arch/openbabel/src/build/src/formats/CMakeFiles/acesformat.dir/DependInfo.cmake" is newer than depender "/arch/openbabel/src/build/src/formats/CMakeFiles/acesformat.dir/depend.internal".
Dependee "/arch/openbabel/src/build/src/formats/CMakeFiles/CMakeDirectoryInformation.cmake" is newer than depender "/arch/openbabel/src/build/src/formats/CMakeFiles/acesformat.dir/depend.internal".
[ 51%] Built target aoforceformat
make -f src/formats/CMakeFiles/CSRformat.dir/build.make src/formats/CMakeFiles/CSRformat.dir/depend
Dependee "/arch/openbabel/src/build/src/formats/CMakeFiles/alchemyformat.dir/DependInfo.cmake" is newer than depender "/arch/openbabel/src/build/src/formats/CMakeFiles/alchemyformat.dir/depend.internal".
Dependee "/arch/openbabel/src/build/src/formats/CMakeFiles/CMakeDirectoryInformation.cmake" is newer than depender "/arch/openbabel/src/build/src/formats/CMakeFiles/alchemyformat.dir/depend.internal".
[ 51%] Built target pubchem
make -f src/formats/CMakeFiles/confabreport.dir/build.make src/formats/CMakeFiles/confabreport.dir/depend
make[2]: Entering directory '/arch/openbabel/src/build'
cd /arch/openbabel/src/build && /usr/bin/cmake -E cmake_depends "Unix Makefiles" /arch/openbabel/src/openbabel-2.4.1 /arch/openbabel/src/openbabel-2.4.1/src/formats /arch/openbabel/src/build /arch/openbabel/src/build/src/formats /arch/openbabel/src/build/src/formats/CMakeFiles/CSRformat.dir/DependInfo.cmake --color=
make[2]: Entering directory '/arch/openbabel/src/build'
make[2]: Nothing to be done for 'src/formats/CMakeFiles/turbomoleformat.dir/build'.
make[2]: Leaving directory '/arch/openbabel/src/build'
make[2]: Entering directory '/arch/openbabel/src/build'
cd /arch/openbabel/src/build && /usr/bin/cmake -E cmake_depends "Unix Makefiles" /arch/openbabel/src/openbabel-2.4.1 /arch/openbabel/src/openbabel-2.4.1/src/formats /arch/openbabel/src/build /arch/openbabel/src/build/src/formats /arch/openbabel/src/build/src/formats/CMakeFiles/confabreport.dir/DependInfo.cmake --color=
Dependee "/arch/openbabel/src/build/src/formats/CMakeFiles/smilesformat.dir/DependInfo.cmake" is newer than depender "/arch/openbabel/src/build/src/formats/CMakeFiles/smilesformat.dir/depend.internal".
Dependee "/arch/openbabel/src/build/src/formats/CMakeFiles/CMakeDirectoryInformation.cmake" is newer than depender "/arch/openbabel/src/build/src/formats/CMakeFiles/smilesformat.dir/depend.internal".
Scanning dependencies of target alchemyformat
Scanning dependencies of target abinitformat
make[2]: Leaving directory '/arch/openbabel/src/build'
make -f src/formats/CMakeFiles/alchemyformat.dir/build.make src/formats/CMakeFiles/alchemyformat.dir/build
make[2]: Leaving directory '/arch/openbabel/src/build'
make -f src/formats/CMakeFiles/abinitformat.dir/build.make src/formats/CMakeFiles/abinitformat.dir/build
make[2]: Entering directory '/arch/openbabel/src/build'
Dependee "/arch/openbabel/src/build/src/formats/CMakeFiles/confabreport.dir/DependInfo.cmake" is newer than depender "/arch/openbabel/src/build/src/formats/CMakeFiles/confabreport.dir/depend.internal".
Dependee "/arch/openbabel/src/build/src/formats/CMakeFiles/CMakeDirectoryInformation.cmake" is newer than depender "/arch/openbabel/src/build/src/formats/CMakeFiles/confabreport.dir/depend.internal".
make[2]: Entering directory '/arch/openbabel/src/build'
[ 51%] Built target turbomoleformat
make -f src/formats/CMakeFiles/pdbformat.dir/build.make src/formats/CMakeFiles/pdbformat.dir/depend
Dependee "/arch/openbabel/src/build/src/formats/CMakeFiles/CSRformat.dir/DependInfo.cmake" is newer than depender "/arch/openbabel/src/build/src/formats/CMakeFiles/CSRformat.dir/depend.internal".
Dependee "/arch/openbabel/src/build/src/formats/CMakeFiles/CMakeDirectoryInformation.cmake" is newer than depender "/arch/openbabel/src/build/src/formats/CMakeFiles/CSRformat.dir/depend.internal".
Scanning dependencies of target acesformat
make[2]: Leaving directory '/arch/openbabel/src/build'
make -f src/formats/CMakeFiles/acesformat.dir/build.make src/formats/CMakeFiles/acesformat.dir/build
make[2]: Entering directory '/arch/openbabel/src/build'
cd /arch/openbabel/src/build && /usr/bin/cmake -E cmake_depends "Unix Makefiles" /arch/openbabel/src/openbabel-2.4.1 /arch/openbabel/src/openbabel-2.4.1/src/formats /arch/openbabel/src/build /arch/openbabel/src/build/src/formats /arch/openbabel/src/build/src/formats/CMakeFiles/pdbformat.dir/DependInfo.cmake --color=
[ 51%] Building CXX object src/formats/CMakeFiles/alchemyformat.dir/alchemyformat.o
cd /arch/openbabel/src/build/src/formats && /usr/lib/ccache/bin/c++  -DBUILD_LINK_AS_DLL -DHAVE_EIGEN -DHAVE_EIGEN3 -DHAVE_LIBZ -DHAVE_SHARED_POINTER -DHAVE_WXWIDGETS -DUSING_DYNAMIC_LIBS -DWXUSINGDLL -D_FILE_OFFSET_BITS=64 -D__WXGTK__ -Dalchemyformat_EXPORTS -I/arch/openbabel/src/build/include -I/arch/openbabel/src/openbabel-2.4.1/data -I/arch/openbabel/src/openbabel-2.4.1/include -I/usr/include/eigen3 -I/usr/include/cairo -I/arch/openbabel/src/openbabel-2.4.1/include/inchi -I/usr/include/libxml2 -isystem /usr/lib/wx/include/gtk2-unicode-3.0 -isystem /usr/include/wx-3.0  -O2 -pipe -mcpu=power8 -mabi=altivec -maltivec -pthread -O3 -DNDEBUG -O2 -DNDEBUG -fPIC   -DOB_MODULE_PATH="\"/usr/lib/openbabel/2.4.1\"" -o CMakeFiles/alchemyformat.dir/alchemyformat.o -c /arch/openbabel/src/openbabel-2.4.1/src/formats/alchemyformat.cpp
[ 52%] Building CXX object src/formats/CMakeFiles/abinitformat.dir/abinitformat.o
make[2]: Entering directory '/arch/openbabel/src/build'
cd /arch/openbabel/src/build/src/formats && /usr/lib/ccache/bin/c++  -DBUILD_LINK_AS_DLL -DHAVE_EIGEN -DHAVE_EIGEN3 -DHAVE_LIBZ -DHAVE_SHARED_POINTER -DHAVE_WXWIDGETS -DUSING_DYNAMIC_LIBS -DWXUSINGDLL -D_FILE_OFFSET_BITS=64 -D__WXGTK__ -Dabinitformat_EXPORTS -I/arch/openbabel/src/build/include -I/arch/openbabel/src/openbabel-2.4.1/data -I/arch/openbabel/src/openbabel-2.4.1/include -I/usr/include/eigen3 -I/usr/include/cairo -I/arch/openbabel/src/openbabel-2.4.1/include/inchi -I/usr/include/libxml2 -isystem /usr/lib/wx/include/gtk2-unicode-3.0 -isystem /usr/include/wx-3.0  -O2 -pipe -mcpu=power8 -mabi=altivec -maltivec -pthread -O3 -DNDEBUG -O2 -DNDEBUG -fPIC   -DOB_MODULE_PATH="\"/usr/lib/openbabel/2.4.1\"" -o CMakeFiles/abinitformat.dir/abinitformat.o -c /arch/openbabel/src/openbabel-2.4.1/src/formats/abinitformat.cpp
Scanning dependencies of target smilesformat
make[2]: Leaving directory '/arch/openbabel/src/build'
make -f src/formats/CMakeFiles/smilesformat.dir/build.make src/formats/CMakeFiles/smilesformat.dir/build
Dependee "/arch/openbabel/src/build/src/formats/CMakeFiles/pdbformat.dir/DependInfo.cmake" is newer than depender "/arch/openbabel/src/build/src/formats/CMakeFiles/pdbformat.dir/depend.internal".
Dependee "/arch/openbabel/src/build/src/formats/CMakeFiles/CMakeDirectoryInformation.cmake" is newer than depender "/arch/openbabel/src/build/src/formats/CMakeFiles/pdbformat.dir/depend.internal".
Scanning dependencies of target CSRformat
make[2]: Leaving directory '/arch/openbabel/src/build'
make -f src/formats/CMakeFiles/CSRformat.dir/build.make src/formats/CMakeFiles/CSRformat.dir/build
make[2]: Entering directory '/arch/openbabel/src/build'
[ 52%] Building CXX object src/formats/CMakeFiles/acesformat.dir/acesformat.o
cd /arch/openbabel/src/build/src/formats && /usr/lib/ccache/bin/c++  -DBUILD_LINK_AS_DLL -DHAVE_EIGEN -DHAVE_EIGEN3 -DHAVE_LIBZ -DHAVE_SHARED_POINTER -DHAVE_WXWIDGETS -DUSING_DYNAMIC_LIBS -DWXUSINGDLL -D_FILE_OFFSET_BITS=64 -D__WXGTK__ -Dacesformat_EXPORTS -I/arch/openbabel/src/build/include -I/arch/openbabel/src/openbabel-2.4.1/data -I/arch/openbabel/src/openbabel-2.4.1/include -I/usr/include/eigen3 -I/usr/include/cairo -I/arch/openbabel/src/openbabel-2.4.1/include/inchi -I/usr/include/libxml2 -isystem /usr/lib/wx/include/gtk2-unicode-3.0 -isystem /usr/include/wx-3.0  -O2 -pipe -mcpu=power8 -mabi=altivec -maltivec -pthread -O3 -DNDEBUG -O2 -DNDEBUG -fPIC   -DOB_MODULE_PATH="\"/usr/lib/openbabel/2.4.1\"" -o CMakeFiles/acesformat.dir/acesformat.o -c /arch/openbabel/src/openbabel-2.4.1/src/formats/acesformat.cpp
make[2]: Entering directory '/arch/openbabel/src/build'
[ 52%] Building CXX object src/formats/CMakeFiles/smilesformat.dir/smilesformat.o
cd /arch/openbabel/src/build/src/formats && /usr/lib/ccache/bin/c++  -DBUILD_LINK_AS_DLL -DHAVE_EIGEN -DHAVE_EIGEN3 -DHAVE_LIBZ -DHAVE_SHARED_POINTER -DHAVE_WXWIDGETS -DUSING_DYNAMIC_LIBS -DWXUSINGDLL -D_FILE_OFFSET_BITS=64 -D__WXGTK__ -Dsmilesformat_EXPORTS -I/arch/openbabel/src/build/include -I/arch/openbabel/src/openbabel-2.4.1/data -I/arch/openbabel/src/openbabel-2.4.1/include -I/usr/include/eigen3 -I/usr/include/cairo -I/arch/openbabel/src/openbabel-2.4.1/include/inchi -I/usr/include/libxml2 -isystem /usr/lib/wx/include/gtk2-unicode-3.0 -isystem /usr/include/wx-3.0  -O2 -pipe -mcpu=power8 -mabi=altivec -maltivec -pthread -O3 -DNDEBUG -O2 -DNDEBUG -fPIC   -DOB_MODULE_PATH="\"/usr/lib/openbabel/2.4.1\"" -o CMakeFiles/smilesformat.dir/smilesformat.o -c /arch/openbabel/src/openbabel-2.4.1/src/formats/smilesformat.cpp
Scanning dependencies of target pdbformat
[ 52%] Building CXX object src/formats/CMakeFiles/CSRformat.dir/CSRformat.o
make[2]: Leaving directory '/arch/openbabel/src/build'
make -f src/formats/CMakeFiles/pdbformat.dir/build.make src/formats/CMakeFiles/pdbformat.dir/build
cd /arch/openbabel/src/build/src/formats && /usr/lib/ccache/bin/c++  -DBUILD_LINK_AS_DLL -DCSRformat_EXPORTS -DHAVE_EIGEN -DHAVE_EIGEN3 -DHAVE_LIBZ -DHAVE_SHARED_POINTER -DHAVE_WXWIDGETS -DUSING_DYNAMIC_LIBS -DWXUSINGDLL -D_FILE_OFFSET_BITS=64 -D__WXGTK__ -I/arch/openbabel/src/build/include -I/arch/openbabel/src/openbabel-2.4.1/data -I/arch/openbabel/src/openbabel-2.4.1/include -I/usr/include/eigen3 -I/usr/include/cairo -I/arch/openbabel/src/openbabel-2.4.1/include/inchi -I/usr/include/libxml2 -isystem /usr/lib/wx/include/gtk2-unicode-3.0 -isystem /usr/include/wx-3.0  -O2 -pipe -mcpu=power8 -mabi=altivec -maltivec -pthread -O3 -DNDEBUG -O2 -DNDEBUG -fPIC   -DOB_MODULE_PATH="\"/usr/lib/openbabel/2.4.1\"" -o CMakeFiles/CSRformat.dir/CSRformat.o -c /arch/openbabel/src/openbabel-2.4.1/src/formats/CSRformat.cpp
make[2]: Entering directory '/arch/openbabel/src/build'
[ 52%] Building CXX object src/formats/CMakeFiles/pdbformat.dir/pdbformat.o
cd /arch/openbabel/src/build/src/formats && /usr/lib/ccache/bin/c++  -DBUILD_LINK_AS_DLL -DHAVE_EIGEN -DHAVE_EIGEN3 -DHAVE_LIBZ -DHAVE_SHARED_POINTER -DHAVE_WXWIDGETS -DUSING_DYNAMIC_LIBS -DWXUSINGDLL -D_FILE_OFFSET_BITS=64 -D__WXGTK__ -Dpdbformat_EXPORTS -I/arch/openbabel/src/build/include -I/arch/openbabel/src/openbabel-2.4.1/data -I/arch/openbabel/src/openbabel-2.4.1/include -I/usr/include/eigen3 -I/usr/include/cairo -I/arch/openbabel/src/openbabel-2.4.1/include/inchi -I/usr/include/libxml2 -isystem /usr/lib/wx/include/gtk2-unicode-3.0 -isystem /usr/include/wx-3.0  -O2 -pipe -mcpu=power8 -mabi=altivec -maltivec -pthread -O3 -DNDEBUG -O2 -DNDEBUG -fPIC   -DOB_MODULE_PATH="\"/usr/lib/openbabel/2.4.1\"" -o CMakeFiles/pdbformat.dir/pdbformat.o -c /arch/openbabel/src/openbabel-2.4.1/src/formats/pdbformat.cpp
Scanning dependencies of target confabreport
make[2]: Leaving directory '/arch/openbabel/src/build'
make -f src/formats/CMakeFiles/confabreport.dir/build.make src/formats/CMakeFiles/confabreport.dir/build
make[2]: Entering directory '/arch/openbabel/src/build'
[ 52%] Building CXX object src/formats/CMakeFiles/confabreport.dir/confabreport.o
cd /arch/openbabel/src/build/src/formats && /usr/lib/ccache/bin/c++  -DBUILD_LINK_AS_DLL -DHAVE_EIGEN -DHAVE_EIGEN3 -DHAVE_LIBZ -DHAVE_SHARED_POINTER -DHAVE_WXWIDGETS -DUSING_DYNAMIC_LIBS -DWXUSINGDLL -D_FILE_OFFSET_BITS=64 -D__WXGTK__ -Dconfabreport_EXPORTS -I/arch/openbabel/src/build/include -I/arch/openbabel/src/openbabel-2.4.1/data -I/arch/openbabel/src/openbabel-2.4.1/include -I/usr/include/eigen3 -I/usr/include/cairo -I/arch/openbabel/src/openbabel-2.4.1/include/inchi -I/usr/include/libxml2 -isystem /usr/lib/wx/include/gtk2-unicode-3.0 -isystem /usr/include/wx-3.0  -O2 -pipe -mcpu=power8 -mabi=altivec -maltivec -pthread -O3 -DNDEBUG -O2 -DNDEBUG -fPIC   -DOB_MODULE_PATH="\"/usr/lib/openbabel/2.4.1\"" -o CMakeFiles/confabreport.dir/confabreport.o -c /arch/openbabel/src/openbabel-2.4.1/src/formats/confabreport.cpp
/arch/openbabel/src/openbabel-2.4.1/src/formats/yasaraformat.cpp: In member function 'virtual bool OpenBabel::YOBFormat::WriteMolecule(OpenBabel::OBBase*, OpenBabel::OBConversion*)':
/arch/openbabel/src/openbabel-2.4.1/src/formats/yasaraformat.cpp:475:40: error: narrowing conversion of '-16' from 'int' to 'char' inside { } [-Wnarrowing]
   char double1[8]={0,0,0,0,0,0,-16,0x3f};
                                        ^
make[2]: *** [src/formats/CMakeFiles/yasaraformat.dir/build.make:63: src/formats/CMakeFiles/yasaraformat.dir/yasaraformat.o] Error 1
make[2]: Leaving directory '/arch/openbabel/src/build'
make[1]: *** [CMakeFiles/Makefile2:1868: src/formats/CMakeFiles/yasaraformat.dir/all] Error 2
make[1]: *** Waiting for unfinished jobs....
[ 53%] Linking CXX shared module ../../lib/confabreport.so
cd /arch/openbabel/src/build/src/formats && /usr/bin/cmake -E cmake_link_script CMakeFiles/confabreport.dir/link.txt --verbose=1
/usr/lib/ccache/bin/c++ -fPIC -O2 -pipe -mcpu=power8 -mabi=altivec -maltivec -pthread -O3 -DNDEBUG -O2 -DNDEBUG -Wl,--enable-new-dtags -Wl,--enable-new-dtags -Wl,--fatal-warnings -Wl,--no-undefined -lc -Wl,-O1,--sort-common,--as-needed,-z,relro,-z,now -shared  -o ../../lib/confabreport.so CMakeFiles/confabreport.dir/confabreport.o -Wl,-rpath,/arch/openbabel/src/build/lib: -lm -ldl -lz -lcairo ../../lib/libinchi.so.0.4.1 -lm ../../lib/libopenbabel.so.5.0.0 -lcairo -lc -lm -ldl -lz 
make[2]: Leaving directory '/arch/openbabel/src/build'
[ 53%] Built target confabreport
[ 53%] Linking CXX shared module ../../lib/alchemyformat.so
cd /arch/openbabel/src/build/src/formats && /usr/bin/cmake -E cmake_link_script CMakeFiles/alchemyformat.dir/link.txt --verbose=1
/usr/lib/ccache/bin/c++ -fPIC -O2 -pipe -mcpu=power8 -mabi=altivec -maltivec -pthread -O3 -DNDEBUG -O2 -DNDEBUG -Wl,--enable-new-dtags -Wl,--enable-new-dtags -Wl,--fatal-warnings -Wl,--no-undefined -lc -Wl,-O1,--sort-common,--as-needed,-z,relro,-z,now -shared  -o ../../lib/alchemyformat.so CMakeFiles/alchemyformat.dir/alchemyformat.o -Wl,-rpath,/arch/openbabel/src/build/lib: -lm -ldl -lz -lcairo ../../lib/libinchi.so.0.4.1 -lm ../../lib/libopenbabel.so.5.0.0 -lcairo -lc -lm -ldl -lz 
make[2]: Leaving directory '/arch/openbabel/src/build'
[ 53%] Built target alchemyformat
/arch/openbabel/src/openbabel-2.4.1/src/formats/CSRformat.cpp: In member function 'char* OpenBabel::CSRFormat::PadString(char*, int)':
/arch/openbabel/src/openbabel-2.4.1/src/formats/CSRformat.cpp:188:12: warning: 'char* strncpy(char*, const char*, size_t)' specified bound depends on the length of the source argument [-Wstringop-overflow=]
     strncpy(output, input, strlen(input));
     ~~~~~~~^~~~~~~~~~~~~~~~~~~~~~~~~~~~~~
[ 53%] Linking CXX shared module ../../lib/CSRformat.so
cd /arch/openbabel/src/build/src/formats && /usr/bin/cmake -E cmake_link_script CMakeFiles/CSRformat.dir/link.txt --verbose=1
/usr/lib/ccache/bin/c++ -fPIC -O2 -pipe -mcpu=power8 -mabi=altivec -maltivec -pthread -O3 -DNDEBUG -O2 -DNDEBUG -Wl,--enable-new-dtags -Wl,--enable-new-dtags -Wl,--fatal-warnings -Wl,--no-undefined -lc -Wl,-O1,--sort-common,--as-needed,-z,relro,-z,now -shared  -o ../../lib/CSRformat.so CMakeFiles/CSRformat.dir/CSRformat.o -Wl,-rpath,/arch/openbabel/src/build/lib: -lm -ldl -lz -lcairo ../../lib/libinchi.so.0.4.1 -lm ../../lib/libopenbabel.so.5.0.0 -lcairo -lc -lm -ldl -lz 
make[2]: Leaving directory '/arch/openbabel/src/build'
[ 53%] Built target CSRformat
[ 53%] Linking CXX shared module ../../lib/abinitformat.so
cd /arch/openbabel/src/build/src/formats && /usr/bin/cmake -E cmake_link_script CMakeFiles/abinitformat.dir/link.txt --verbose=1
/usr/lib/ccache/bin/c++ -fPIC -O2 -pipe -mcpu=power8 -mabi=altivec -maltivec -pthread -O3 -DNDEBUG -O2 -DNDEBUG -Wl,--enable-new-dtags -Wl,--enable-new-dtags -Wl,--fatal-warnings -Wl,--no-undefined -lc -Wl,-O1,--sort-common,--as-needed,-z,relro,-z,now -shared  -o ../../lib/abinitformat.so CMakeFiles/abinitformat.dir/abinitformat.o -Wl,-rpath,/arch/openbabel/src/build/lib: -lm -ldl -lz -lcairo ../../lib/libinchi.so.0.4.1 -lm ../../lib/libopenbabel.so.5.0.0 -lcairo -lc -lm -ldl -lz 
make[2]: Leaving directory '/arch/openbabel/src/build'
[ 53%] Built target abinitformat
[ 53%] Linking CXX shared module ../../lib/acesformat.so
cd /arch/openbabel/src/build/src/formats && /usr/bin/cmake -E cmake_link_script CMakeFiles/acesformat.dir/link.txt --verbose=1
/usr/lib/ccache/bin/c++ -fPIC -O2 -pipe -mcpu=power8 -mabi=altivec -maltivec -pthread -O3 -DNDEBUG -O2 -DNDEBUG -Wl,--enable-new-dtags -Wl,--enable-new-dtags -Wl,--fatal-warnings -Wl,--no-undefined -lc -Wl,-O1,--sort-common,--as-needed,-z,relro,-z,now -shared  -o ../../lib/acesformat.so CMakeFiles/acesformat.dir/acesformat.o -Wl,-rpath,/arch/openbabel/src/build/lib: -lm -ldl -lz -lcairo ../../lib/libinchi.so.0.4.1 -lm ../../lib/libopenbabel.so.5.0.0 -lcairo -lc -lm -ldl -lz 
make[2]: Leaving directory '/arch/openbabel/src/build'
[ 53%] Built target acesformat
[ 53%] Linking CXX shared module ../../lib/pdbformat.so
cd /arch/openbabel/src/build/src/formats && /usr/bin/cmake -E cmake_link_script CMakeFiles/pdbformat.dir/link.txt --verbose=1
/usr/lib/ccache/bin/c++ -fPIC -O2 -pipe -mcpu=power8 -mabi=altivec -maltivec -pthread -O3 -DNDEBUG -O2 -DNDEBUG -Wl,--enable-new-dtags -Wl,--enable-new-dtags -Wl,--fatal-warnings -Wl,--no-undefined -lc -Wl,-O1,--sort-common,--as-needed,-z,relro,-z,now -shared  -o ../../lib/pdbformat.so CMakeFiles/pdbformat.dir/pdbformat.o -Wl,-rpath,/arch/openbabel/src/build/lib: -lm -ldl -lz -lcairo ../../lib/libinchi.so.0.4.1 -lm ../../lib/libopenbabel.so.5.0.0 -lcairo -lc -lm -ldl -lz 
make[2]: Leaving directory '/arch/openbabel/src/build'
[ 53%] Built target pdbformat
[ 53%] Linking CXX shared module ../../lib/smilesformat.so
cd /arch/openbabel/src/build/src/formats && /usr/bin/cmake -E cmake_link_script CMakeFiles/smilesformat.dir/link.txt --verbose=1
/usr/lib/ccache/bin/c++ -fPIC -O2 -pipe -mcpu=power8 -mabi=altivec -maltivec -pthread -O3 -DNDEBUG -O2 -DNDEBUG -Wl,--enable-new-dtags -Wl,--enable-new-dtags -Wl,--fatal-warnings -Wl,--no-undefined -lc -Wl,-O1,--sort-common,--as-needed,-z,relro,-z,now -shared  -o ../../lib/smilesformat.so CMakeFiles/smilesformat.dir/smilesformat.o -Wl,-rpath,/arch/openbabel/src/build/lib: -lm -ldl -lz -lcairo ../../lib/libinchi.so.0.4.1 -lm ../../lib/libopenbabel.so.5.0.0 -lcairo -lc -lm -ldl -lz 
make[2]: Leaving directory '/arch/openbabel/src/build'
[ 53%] Built target smilesformat
make[1]: Leaving directory '/arch/openbabel/src/build'
make: *** [Makefile:141: all] Error 2
==> ERROR: A failure occurred in build().
    Aborting...
==> Removing installed dependencies...
checking dependencies...
:: harfbuzz optionally requires cairo: hb-view program
:: pinentry optionally requires gtk2: gtk2 backend

Packages (53) atk-2.32.0-1  avahi-0.7+18+g1b5f401-1  cairo-1.16.0-2  desktop-file-utils-0.23+4+g92af410-1  gdk-pixbuf2-2.38.1-1  gst-plugins-base-libs-1.16.0-2  gstreamer-1.16.0-1  gtk-update-icon-cache-1:3.24.8-1  gtk2-2.24.32-1  iso-codes-4.2-1  jasper-2.0.16-1  libcups-2.2.10-3  libdaemon-0.14-4  libdatrie-0.2.12-1  libdrm-2.4.98-1  libglvnd-1.1.0-1  libgudev-232-1  libice-1.0.9-2  libnotify-0.7.8-1  libomxil-bellagio-0.9.3-2  libpciaccess-0.14-1  librsvg-2:2.44.13-1  libsm-1.2.3-1  libthai-0.1.28-1  libunwind-1.3.1-1  libx11-1.6.7-1  libxau-1.0.9-1  libxcb-1.13.1-1  libxcomposite-0.4.5-1  libxcursor-1.2.0-1  libxdamage-1.1.5-1  libxdmcp-1.1.3-1  libxext-1.3.4-1  libxfixes-5.0.3-2  libxft-2.3.3-1  libxi-1.7.9-2  libxinerama-1.1.4-1  libxrandr-1.5.2-1  libxrender-0.9.10-2  libxshmfence-1.3-1  libxv-1.0.11-2  libxxf86vm-1.1.4-2  lm_sensors-3.5.0-1  lzo-2.10-2  mesa-19.0.3-1  orc-0.4.29-1  pango-1:1.43.0-2  pixman-0.38.4-1  wayland-1.17.0-1  wxgtk-common-3.0.4-2  wxgtk2-3.0.4-2  xcb-proto-1.13-2  xorgproto-2018.4-1

Total Removed Size:  243.43 MiB

:: Do you want to remove these packages? [Y/n] 
:: Processing package changes...
removing wxgtk2...
removing wxgtk-common...
removing libsm...
removing libnotify...
removing libice...
removing gtk2...
removing libxrandr...
removing libxinerama...
removing libxi...
removing libxcursor...
removing libxcomposite...
removing libcups...
removing gtk-update-icon-cache...
removing librsvg...
removing pango...
removing libxft...
removing libthai...
removing libdatrie...
removing gst-plugins-base-libs...
removing orc...
removing mesa...
removing wayland...
removing lm_sensors...
removing libxxf86vm...
removing libxshmfence...
removing libxdamage...
removing libxfixes...
removing libomxil-bellagio...
removing libdrm...
removing libpciaccess...
removing libxv...
removing libgudev...
removing iso-codes...
removing gstreamer...
removing libunwind...
removing gdk-pixbuf2...
removing jasper...
removing desktop-file-utils...
removing cairo...
removing pixman...
removing lzo...
removing libxrender...
removing libglvnd...
removing libxext...
removing libx11...
removing libxcb...
removing xcb-proto...
removing libxdmcp...
removing libxau...
removing xorgproto...
removing avahi...
removing libdaemon...
removing atk...
:: Running post-transaction hooks...
(1/2) Reloading system manager configuration...
(2/2) Arming ConditionNeedsUpdate...
