Making install in libGeoIP
make[1]: Entering directory '/build/geoip/src/geoip-api-c-1.6.12/libGeoIP'
make[2]: Entering directory '/build/geoip/src/geoip-api-c-1.6.12/libGeoIP'
 /usr/bin/mkdir -p '/build/geoip/pkg/geoip/usr/lib'
 /bin/sh ../libtool   --mode=install /usr/bin/install -c   libGeoIP.la '/build/geoip/pkg/geoip/usr/lib'
 /usr/bin/mkdir -p '/build/geoip/pkg/geoip/usr/include'
 /usr/bin/install -c -m 644 GeoIP.h GeoIPCity.h '/build/geoip/pkg/geoip/usr/include'
libtool: install: /usr/bin/install -c .libs/libGeoIP.so.1.6.12 /build/geoip/pkg/geoip/usr/lib/libGeoIP.so.1.6.12
libtool: install: (cd /build/geoip/pkg/geoip/usr/lib && { ln -s -f libGeoIP.so.1.6.12 libGeoIP.so.1 || { rm -f libGeoIP.so.1 && ln -s libGeoIP.so.1.6.12 libGeoIP.so.1; }; })
libtool: install: (cd /build/geoip/pkg/geoip/usr/lib && { ln -s -f libGeoIP.so.1.6.12 libGeoIP.so || { rm -f libGeoIP.so && ln -s libGeoIP.so.1.6.12 libGeoIP.so; }; })
libtool: install: /usr/bin/install -c .libs/libGeoIP.lai /build/geoip/pkg/geoip/usr/lib/libGeoIP.la
libtool: install: /usr/bin/install -c .libs/libGeoIP.a /build/geoip/pkg/geoip/usr/lib/libGeoIP.a
libtool: install: chmod 644 /build/geoip/pkg/geoip/usr/lib/libGeoIP.a
libtool: install: ranlib /build/geoip/pkg/geoip/usr/lib/libGeoIP.a
libtool: warning: remember to run 'libtool --finish /usr/lib'
make[2]: Leaving directory '/build/geoip/src/geoip-api-c-1.6.12/libGeoIP'
make[1]: Leaving directory '/build/geoip/src/geoip-api-c-1.6.12/libGeoIP'
Making install in apps
make[1]: Entering directory '/build/geoip/src/geoip-api-c-1.6.12/apps'
make[2]: Entering directory '/build/geoip/src/geoip-api-c-1.6.12/apps'
make[2]: Nothing to be done for 'install-data-am'.
 /usr/bin/mkdir -p '/build/geoip/pkg/geoip/usr/bin'
  /bin/sh ../libtool   --mode=install /usr/bin/install -c geoiplookup geoiplookup6 '/build/geoip/pkg/geoip/usr/bin'
libtool: warning: '../libGeoIP/libGeoIP.la' has not been installed in '/usr/lib'
libtool: install: /usr/bin/install -c .libs/geoiplookup /build/geoip/pkg/geoip/usr/bin/geoiplookup
libtool: warning: '../libGeoIP/libGeoIP.la' has not been installed in '/usr/lib'
libtool: install: /usr/bin/install -c .libs/geoiplookup6 /build/geoip/pkg/geoip/usr/bin/geoiplookup6
make[2]: Leaving directory '/build/geoip/src/geoip-api-c-1.6.12/apps'
make[1]: Leaving directory '/build/geoip/src/geoip-api-c-1.6.12/apps'
Making install in test
make[1]: Entering directory '/build/geoip/src/geoip-api-c-1.6.12/test'
make[2]: Entering directory '/build/geoip/src/geoip-api-c-1.6.12/test'
make[2]: Nothing to be done for 'install-exec-am'.
make[2]: Nothing to be done for 'install-data-am'.
make[2]: Leaving directory '/build/geoip/src/geoip-api-c-1.6.12/test'
make[1]: Leaving directory '/build/geoip/src/geoip-api-c-1.6.12/test'
Making install in man
make[1]: Entering directory '/build/geoip/src/geoip-api-c-1.6.12/man'
make[2]: Entering directory '/build/geoip/src/geoip-api-c-1.6.12/man'
make[2]: Nothing to be done for 'install-exec-am'.
 /usr/bin/mkdir -p '/build/geoip/pkg/geoip/usr/share/man/man1'
 /usr/bin/install -c -m 644 geoiplookup6.1 geoiplookup.1 '/build/geoip/pkg/geoip/usr/share/man/man1'
make  install-data-hook
make[3]: Entering directory '/build/geoip/src/geoip-api-c-1.6.12/man'
cat geoiplookup.1 | sed s,DATADIR,/usr/share/GeoIP, > /build/geoip/pkg/geoip/usr/share/man/man1/geoiplookup.1
cat geoiplookup6.1 | sed s,DATADIR,/usr/share/GeoIP, > /build/geoip/pkg/geoip/usr/share/man/man1/geoiplookup6.1
make[3]: Leaving directory '/build/geoip/src/geoip-api-c-1.6.12/man'
make[2]: Leaving directory '/build/geoip/src/geoip-api-c-1.6.12/man'
make[1]: Leaving directory '/build/geoip/src/geoip-api-c-1.6.12/man'
make[1]: Entering directory '/build/geoip/src/geoip-api-c-1.6.12'
make[2]: Entering directory '/build/geoip/src/geoip-api-c-1.6.12'
make[2]: Nothing to be done for 'install-exec-am'.
 /usr/bin/mkdir -p '/build/geoip/pkg/geoip/usr/lib/pkgconfig/'
 /usr/bin/install -c -m 644 geoip.pc '/build/geoip/pkg/geoip/usr/lib/pkgconfig/'
make[2]: Leaving directory '/build/geoip/src/geoip-api-c-1.6.12'
make[1]: Leaving directory '/build/geoip/src/geoip-api-c-1.6.12'
