checking for a BSD-compatible install... /usr/bin/install -c
checking whether build environment is sane... yes
checking for a race-free mkdir -p... /usr/bin/mkdir -p
checking for gawk... gawk
checking whether make sets $(MAKE)... yes
checking whether make supports nested variables... yes
checking whether make supports the include directive... yes (GNU style)
checking for gcc... gcc
checking whether the C compiler works... yes
checking for C compiler default output file name... a.out
checking for suffix of executables... 
checking whether we are cross compiling... no
checking for suffix of object files... o
checking whether the compiler supports GNU C... yes
checking whether gcc accepts -g... yes
checking for gcc option to enable C11 features... none needed
checking whether gcc understands -c and -o together... yes
checking dependency style of gcc... gcc3
checking for stdio.h... yes
checking for stdlib.h... yes
checking for string.h... yes
checking for inttypes.h... yes
checking for stdint.h... yes
checking for strings.h... yes
checking for sys/stat.h... yes
checking for sys/types.h... yes
checking for unistd.h... yes
checking for wchar.h... yes
checking for minix/config.h... no
checking for sys/param.h... yes
checking whether it is safe to define __EXTENSIONS__... yes
checking whether _XOPEN_SOURCE should be defined... no
checking for gcc... (cached) gcc
checking whether the compiler supports GNU C... (cached) yes
checking whether gcc accepts -g... (cached) yes
checking for gcc option to enable C11 features... (cached) none needed
checking whether gcc understands -c and -o together... (cached) yes
checking dependency style of gcc... (cached) gcc3
checking build system type... powerpc64le-unknown-linux-gnu
checking host system type... powerpc64le-unknown-linux-gnu
checking how to print strings... printf
checking for a sed that does not truncate output... /usr/bin/sed
checking for grep that handles long lines and -e... /usr/bin/grep
checking for egrep... /usr/bin/grep -E
checking for fgrep... /usr/bin/grep -F
checking for ld used by gcc... /usr/bin/ld
checking if the linker (/usr/bin/ld) is GNU ld... yes
checking for BSD- or MS-compatible name lister (nm)... /usr/bin/nm -B
checking the name lister (/usr/bin/nm -B) interface... BSD nm
checking whether ln -s works... yes
checking the maximum length of command line arguments... 1572864
checking how to convert powerpc64le-unknown-linux-gnu file names to powerpc64le-unknown-linux-gnu format... func_convert_file_noop
checking how to convert powerpc64le-unknown-linux-gnu file names to toolchain format... func_convert_file_noop
checking for /usr/bin/ld option to reload object files... -r
checking for objdump... objdump
checking how to recognize dependent libraries... pass_all
checking for dlltool... no
checking how to associate runtime and link libraries... printf %s\n
checking for ar... ar
checking for archiver @FILE support... @
checking for strip... strip
checking for ranlib... ranlib
checking command to parse /usr/bin/nm -B output from gcc object... ok
checking for sysroot... no
checking for a working dd... /usr/bin/dd
checking how to truncate binary pipes... /usr/bin/dd bs=4096 count=1
checking for mt... no
checking if : is a manifest tool... no
checking for dlfcn.h... yes
checking for objdir... .libs
checking if gcc supports -fno-rtti -fno-exceptions... no
checking for gcc option to produce PIC... -fPIC -DPIC
checking if gcc PIC flag -fPIC -DPIC works... yes
checking if gcc static flag -static works... yes
checking if gcc supports -c -o file.o... yes
checking if gcc supports -c -o file.o... (cached) yes
checking whether the gcc linker (/usr/bin/ld) supports shared libraries... yes
checking whether -lc should be explicitly linked in... no
checking dynamic linker characteristics... GNU/Linux ld.so
checking how to hardcode library paths into programs... immediate
checking whether stripping libraries is possible... yes
checking if libtool supports shared libraries... yes
checking whether to build shared libraries... yes
checking whether to build static libraries... yes
checking for byte... no
checking for ushort... yes
checking for ulong... yes
checking for u16... no
checking for u32... no
checking for off_t... yes
checking for size_t... yes
checking for ssize_t... yes
checking for uint32_t... yes
checking for uint64_t... yes
checking whether byte ordering is bigendian... no
checking for getopt... yes
checking for gettimeofday... yes
checking for pread... yes
checking for vasprintf... yes
checking for vsnprintf... yes
checking for vsprintf... yes
checking for gethostbyname... yes
checking how to run the C preprocessor... gcc -E
checking for gethostbyname_r... yes
checking for memset... yes
checking for memchr... yes
checking for munmap... yes
checking for strrchr... yes
checking for socket... yes
checking for strchr... yes
checking for strdup... yes
checking for strstr... yes
checking for GNU libc compatible malloc... yes
checking for GNU libc compatible realloc... yes
checking for getpagesize... yes
checking for working mmap... yes
checking that generated files are newer than configure... done
configure: creating ./config.status
config.status: creating Makefile
config.status: creating GeoIP.spec
config.status: creating geoip.pc
config.status: creating libGeoIP/Makefile
config.status: creating apps/Makefile
config.status: creating man/Makefile
config.status: creating test/Makefile
config.status: executing depfiles commands
config.status: executing libtool commands
Making all in libGeoIP
make[1]: Entering directory '/build/geoip/src/geoip-api-c-1.6.12/libGeoIP'
/bin/sh ../libtool  --tag=CC   --mode=compile gcc -DPACKAGE_NAME=\"GeoIP\" -DPACKAGE_TARNAME=\"GeoIP\" -DPACKAGE_VERSION=\"1.6.12\" -DPACKAGE_STRING=\"GeoIP\ 1.6.12\" -DPACKAGE_BUGREPORT=\"support@maxmind.com\" -DPACKAGE_URL=\"\" -DPACKAGE=\"GeoIP\" -DVERSION=\"1.6.12\" -DHAVE_STDIO_H=1 -DHAVE_STDLIB_H=1 -DHAVE_STRING_H=1 -DHAVE_INTTYPES_H=1 -DHAVE_STDINT_H=1 -DHAVE_STRINGS_H=1 -DHAVE_SYS_STAT_H=1 -DHAVE_SYS_TYPES_H=1 -DHAVE_UNISTD_H=1 -DHAVE_WCHAR_H=1 -DHAVE_SYS_PARAM_H=1 -DSTDC_HEADERS=1 -D_ALL_SOURCE=1 -D_DARWIN_C_SOURCE=1 -D_GNU_SOURCE=1 -D_HPUX_ALT_XOPEN_SOCKET_API=1 -D_NETBSD_SOURCE=1 -D_OPENBSD_SOURCE=1 -D_POSIX_PTHREAD_SEMANTICS=1 -D__STDC_WANT_IEC_60559_ATTRIBS_EXT__=1 -D__STDC_WANT_IEC_60559_BFP_EXT__=1 -D__STDC_WANT_IEC_60559_DFP_EXT__=1 -D__STDC_WANT_IEC_60559_FUNCS_EXT__=1 -D__STDC_WANT_IEC_60559_TYPES_EXT__=1 -D__STDC_WANT_LIB_EXT2__=1 -D__STDC_WANT_MATH_SPEC_FUNCS__=1 -D_TANDEM_SOURCE=1 -D__EXTENSIONS__=1 -DHAVE_DLFCN_H=1 -DLT_OBJDIR=\".libs/\" -DHAVE_USHORT_TYPEDEF=1 -DHAVE_ULONG_TYPEDEF=1 -DLITTLE_ENDIAN_HOST=1 -DHAVE_GETOPT=1 -DHAVE_GETTIMEOFDAY=1 -DHAVE_PREAD=1 -DHAVE_VASPRINTF=1 -DHAVE_VSNPRINTF=1 -DHAVE_VSPRINTF=1 -DHAVE_GETHOSTBYNAME=1 -DHAVE_GETHOSTBYNAME_R=1 -DGETHOSTBYNAME_R_RETURNS_INT=1 -DHAVE_MEMSET=1 -DHAVE_MEMCHR=1 -DHAVE_MUNMAP=1 -DHAVE_STRRCHR=1 -DHAVE_SOCKET=1 -DHAVE_STRCHR=1 -DHAVE_STRDUP=1 -DHAVE_STRSTR=1 -DHAVE_MALLOC=1 -DHAVE_REALLOC=1 -DHAVE_GETPAGESIZE=1 -DHAVE_MMAP=1 -I.  -DGEOIPDATADIR=\"/usr/share/GeoIP\" -Wall   -O2 -pipe -mcpu=power8 -mabi=altivec -maltivec -MT GeoIP.lo -MD -MP -MF .deps/GeoIP.Tpo -c -o GeoIP.lo GeoIP.c
/bin/sh ../libtool  --tag=CC   --mode=compile gcc -DPACKAGE_NAME=\"GeoIP\" -DPACKAGE_TARNAME=\"GeoIP\" -DPACKAGE_VERSION=\"1.6.12\" -DPACKAGE_STRING=\"GeoIP\ 1.6.12\" -DPACKAGE_BUGREPORT=\"support@maxmind.com\" -DPACKAGE_URL=\"\" -DPACKAGE=\"GeoIP\" -DVERSION=\"1.6.12\" -DHAVE_STDIO_H=1 -DHAVE_STDLIB_H=1 -DHAVE_STRING_H=1 -DHAVE_INTTYPES_H=1 -DHAVE_STDINT_H=1 -DHAVE_STRINGS_H=1 -DHAVE_SYS_STAT_H=1 -DHAVE_SYS_TYPES_H=1 -DHAVE_UNISTD_H=1 -DHAVE_WCHAR_H=1 -DHAVE_SYS_PARAM_H=1 -DSTDC_HEADERS=1 -D_ALL_SOURCE=1 -D_DARWIN_C_SOURCE=1 -D_GNU_SOURCE=1 -D_HPUX_ALT_XOPEN_SOCKET_API=1 -D_NETBSD_SOURCE=1 -D_OPENBSD_SOURCE=1 -D_POSIX_PTHREAD_SEMANTICS=1 -D__STDC_WANT_IEC_60559_ATTRIBS_EXT__=1 -D__STDC_WANT_IEC_60559_BFP_EXT__=1 -D__STDC_WANT_IEC_60559_DFP_EXT__=1 -D__STDC_WANT_IEC_60559_FUNCS_EXT__=1 -D__STDC_WANT_IEC_60559_TYPES_EXT__=1 -D__STDC_WANT_LIB_EXT2__=1 -D__STDC_WANT_MATH_SPEC_FUNCS__=1 -D_TANDEM_SOURCE=1 -D__EXTENSIONS__=1 -DHAVE_DLFCN_H=1 -DLT_OBJDIR=\".libs/\" -DHAVE_USHORT_TYPEDEF=1 -DHAVE_ULONG_TYPEDEF=1 -DLITTLE_ENDIAN_HOST=1 -DHAVE_GETOPT=1 -DHAVE_GETTIMEOFDAY=1 -DHAVE_PREAD=1 -DHAVE_VASPRINTF=1 -DHAVE_VSNPRINTF=1 -DHAVE_VSPRINTF=1 -DHAVE_GETHOSTBYNAME=1 -DHAVE_GETHOSTBYNAME_R=1 -DGETHOSTBYNAME_R_RETURNS_INT=1 -DHAVE_MEMSET=1 -DHAVE_MEMCHR=1 -DHAVE_MUNMAP=1 -DHAVE_STRRCHR=1 -DHAVE_SOCKET=1 -DHAVE_STRCHR=1 -DHAVE_STRDUP=1 -DHAVE_STRSTR=1 -DHAVE_MALLOC=1 -DHAVE_REALLOC=1 -DHAVE_GETPAGESIZE=1 -DHAVE_MMAP=1 -I.  -DGEOIPDATADIR=\"/usr/share/GeoIP\" -Wall   -O2 -pipe -mcpu=power8 -mabi=altivec -maltivec -MT GeoIP_deprecated.lo -MD -MP -MF .deps/GeoIP_deprecated.Tpo -c -o GeoIP_deprecated.lo GeoIP_deprecated.c
/bin/sh ../libtool  --tag=CC   --mode=compile gcc -DPACKAGE_NAME=\"GeoIP\" -DPACKAGE_TARNAME=\"GeoIP\" -DPACKAGE_VERSION=\"1.6.12\" -DPACKAGE_STRING=\"GeoIP\ 1.6.12\" -DPACKAGE_BUGREPORT=\"support@maxmind.com\" -DPACKAGE_URL=\"\" -DPACKAGE=\"GeoIP\" -DVERSION=\"1.6.12\" -DHAVE_STDIO_H=1 -DHAVE_STDLIB_H=1 -DHAVE_STRING_H=1 -DHAVE_INTTYPES_H=1 -DHAVE_STDINT_H=1 -DHAVE_STRINGS_H=1 -DHAVE_SYS_STAT_H=1 -DHAVE_SYS_TYPES_H=1 -DHAVE_UNISTD_H=1 -DHAVE_WCHAR_H=1 -DHAVE_SYS_PARAM_H=1 -DSTDC_HEADERS=1 -D_ALL_SOURCE=1 -D_DARWIN_C_SOURCE=1 -D_GNU_SOURCE=1 -D_HPUX_ALT_XOPEN_SOCKET_API=1 -D_NETBSD_SOURCE=1 -D_OPENBSD_SOURCE=1 -D_POSIX_PTHREAD_SEMANTICS=1 -D__STDC_WANT_IEC_60559_ATTRIBS_EXT__=1 -D__STDC_WANT_IEC_60559_BFP_EXT__=1 -D__STDC_WANT_IEC_60559_DFP_EXT__=1 -D__STDC_WANT_IEC_60559_FUNCS_EXT__=1 -D__STDC_WANT_IEC_60559_TYPES_EXT__=1 -D__STDC_WANT_LIB_EXT2__=1 -D__STDC_WANT_MATH_SPEC_FUNCS__=1 -D_TANDEM_SOURCE=1 -D__EXTENSIONS__=1 -DHAVE_DLFCN_H=1 -DLT_OBJDIR=\".libs/\" -DHAVE_USHORT_TYPEDEF=1 -DHAVE_ULONG_TYPEDEF=1 -DLITTLE_ENDIAN_HOST=1 -DHAVE_GETOPT=1 -DHAVE_GETTIMEOFDAY=1 -DHAVE_PREAD=1 -DHAVE_VASPRINTF=1 -DHAVE_VSNPRINTF=1 -DHAVE_VSPRINTF=1 -DHAVE_GETHOSTBYNAME=1 -DHAVE_GETHOSTBYNAME_R=1 -DGETHOSTBYNAME_R_RETURNS_INT=1 -DHAVE_MEMSET=1 -DHAVE_MEMCHR=1 -DHAVE_MUNMAP=1 -DHAVE_STRRCHR=1 -DHAVE_SOCKET=1 -DHAVE_STRCHR=1 -DHAVE_STRDUP=1 -DHAVE_STRSTR=1 -DHAVE_MALLOC=1 -DHAVE_REALLOC=1 -DHAVE_GETPAGESIZE=1 -DHAVE_MMAP=1 -I.  -DGEOIPDATADIR=\"/usr/share/GeoIP\" -Wall   -O2 -pipe -mcpu=power8 -mabi=altivec -maltivec -MT GeoIPCity.lo -MD -MP -MF .deps/GeoIPCity.Tpo -c -o GeoIPCity.lo GeoIPCity.c
/bin/sh ../libtool  --tag=CC   --mode=compile gcc -DPACKAGE_NAME=\"GeoIP\" -DPACKAGE_TARNAME=\"GeoIP\" -DPACKAGE_VERSION=\"1.6.12\" -DPACKAGE_STRING=\"GeoIP\ 1.6.12\" -DPACKAGE_BUGREPORT=\"support@maxmind.com\" -DPACKAGE_URL=\"\" -DPACKAGE=\"GeoIP\" -DVERSION=\"1.6.12\" -DHAVE_STDIO_H=1 -DHAVE_STDLIB_H=1 -DHAVE_STRING_H=1 -DHAVE_INTTYPES_H=1 -DHAVE_STDINT_H=1 -DHAVE_STRINGS_H=1 -DHAVE_SYS_STAT_H=1 -DHAVE_SYS_TYPES_H=1 -DHAVE_UNISTD_H=1 -DHAVE_WCHAR_H=1 -DHAVE_SYS_PARAM_H=1 -DSTDC_HEADERS=1 -D_ALL_SOURCE=1 -D_DARWIN_C_SOURCE=1 -D_GNU_SOURCE=1 -D_HPUX_ALT_XOPEN_SOCKET_API=1 -D_NETBSD_SOURCE=1 -D_OPENBSD_SOURCE=1 -D_POSIX_PTHREAD_SEMANTICS=1 -D__STDC_WANT_IEC_60559_ATTRIBS_EXT__=1 -D__STDC_WANT_IEC_60559_BFP_EXT__=1 -D__STDC_WANT_IEC_60559_DFP_EXT__=1 -D__STDC_WANT_IEC_60559_FUNCS_EXT__=1 -D__STDC_WANT_IEC_60559_TYPES_EXT__=1 -D__STDC_WANT_LIB_EXT2__=1 -D__STDC_WANT_MATH_SPEC_FUNCS__=1 -D_TANDEM_SOURCE=1 -D__EXTENSIONS__=1 -DHAVE_DLFCN_H=1 -DLT_OBJDIR=\".libs/\" -DHAVE_USHORT_TYPEDEF=1 -DHAVE_ULONG_TYPEDEF=1 -DLITTLE_ENDIAN_HOST=1 -DHAVE_GETOPT=1 -DHAVE_GETTIMEOFDAY=1 -DHAVE_PREAD=1 -DHAVE_VASPRINTF=1 -DHAVE_VSNPRINTF=1 -DHAVE_VSPRINTF=1 -DHAVE_GETHOSTBYNAME=1 -DHAVE_GETHOSTBYNAME_R=1 -DGETHOSTBYNAME_R_RETURNS_INT=1 -DHAVE_MEMSET=1 -DHAVE_MEMCHR=1 -DHAVE_MUNMAP=1 -DHAVE_STRRCHR=1 -DHAVE_SOCKET=1 -DHAVE_STRCHR=1 -DHAVE_STRDUP=1 -DHAVE_STRSTR=1 -DHAVE_MALLOC=1 -DHAVE_REALLOC=1 -DHAVE_GETPAGESIZE=1 -DHAVE_MMAP=1 -I.  -DGEOIPDATADIR=\"/usr/share/GeoIP\" -Wall   -O2 -pipe -mcpu=power8 -mabi=altivec -maltivec -MT regionName.lo -MD -MP -MF .deps/regionName.Tpo -c -o regionName.lo regionName.c
/bin/sh ../libtool  --tag=CC   --mode=compile gcc -DPACKAGE_NAME=\"GeoIP\" -DPACKAGE_TARNAME=\"GeoIP\" -DPACKAGE_VERSION=\"1.6.12\" -DPACKAGE_STRING=\"GeoIP\ 1.6.12\" -DPACKAGE_BUGREPORT=\"support@maxmind.com\" -DPACKAGE_URL=\"\" -DPACKAGE=\"GeoIP\" -DVERSION=\"1.6.12\" -DHAVE_STDIO_H=1 -DHAVE_STDLIB_H=1 -DHAVE_STRING_H=1 -DHAVE_INTTYPES_H=1 -DHAVE_STDINT_H=1 -DHAVE_STRINGS_H=1 -DHAVE_SYS_STAT_H=1 -DHAVE_SYS_TYPES_H=1 -DHAVE_UNISTD_H=1 -DHAVE_WCHAR_H=1 -DHAVE_SYS_PARAM_H=1 -DSTDC_HEADERS=1 -D_ALL_SOURCE=1 -D_DARWIN_C_SOURCE=1 -D_GNU_SOURCE=1 -D_HPUX_ALT_XOPEN_SOCKET_API=1 -D_NETBSD_SOURCE=1 -D_OPENBSD_SOURCE=1 -D_POSIX_PTHREAD_SEMANTICS=1 -D__STDC_WANT_IEC_60559_ATTRIBS_EXT__=1 -D__STDC_WANT_IEC_60559_BFP_EXT__=1 -D__STDC_WANT_IEC_60559_DFP_EXT__=1 -D__STDC_WANT_IEC_60559_FUNCS_EXT__=1 -D__STDC_WANT_IEC_60559_TYPES_EXT__=1 -D__STDC_WANT_LIB_EXT2__=1 -D__STDC_WANT_MATH_SPEC_FUNCS__=1 -D_TANDEM_SOURCE=1 -D__EXTENSIONS__=1 -DHAVE_DLFCN_H=1 -DLT_OBJDIR=\".libs/\" -DHAVE_USHORT_TYPEDEF=1 -DHAVE_ULONG_TYPEDEF=1 -DLITTLE_ENDIAN_HOST=1 -DHAVE_GETOPT=1 -DHAVE_GETTIMEOFDAY=1 -DHAVE_PREAD=1 -DHAVE_VASPRINTF=1 -DHAVE_VSNPRINTF=1 -DHAVE_VSPRINTF=1 -DHAVE_GETHOSTBYNAME=1 -DHAVE_GETHOSTBYNAME_R=1 -DGETHOSTBYNAME_R_RETURNS_INT=1 -DHAVE_MEMSET=1 -DHAVE_MEMCHR=1 -DHAVE_MUNMAP=1 -DHAVE_STRRCHR=1 -DHAVE_SOCKET=1 -DHAVE_STRCHR=1 -DHAVE_STRDUP=1 -DHAVE_STRSTR=1 -DHAVE_MALLOC=1 -DHAVE_REALLOC=1 -DHAVE_GETPAGESIZE=1 -DHAVE_MMAP=1 -I.  -DGEOIPDATADIR=\"/usr/share/GeoIP\" -Wall   -O2 -pipe -mcpu=power8 -mabi=altivec -maltivec -MT timeZone.lo -MD -MP -MF .deps/timeZone.Tpo -c -o timeZone.lo timeZone.c
libtool: compile:  gcc -DPACKAGE_NAME=\"GeoIP\" -DPACKAGE_TARNAME=\"GeoIP\" -DPACKAGE_VERSION=\"1.6.12\" "-DPACKAGE_STRING=\"GeoIP 1.6.12\"" -DPACKAGE_BUGREPORT=\"support@maxmind.com\" -DPACKAGE_URL=\"\" -DPACKAGE=\"GeoIP\" -DVERSION=\"1.6.12\" -DHAVE_STDIO_H=1 -DHAVE_STDLIB_H=1 -DHAVE_STRING_H=1 -DHAVE_INTTYPES_H=1 -DHAVE_STDINT_H=1 -DHAVE_STRINGS_H=1 -DHAVE_SYS_STAT_H=1 -DHAVE_SYS_TYPES_H=1 -DHAVE_UNISTD_H=1 -DHAVE_WCHAR_H=1 -DHAVE_SYS_PARAM_H=1 -DSTDC_HEADERS=1 -D_ALL_SOURCE=1 -D_DARWIN_C_SOURCE=1 -D_GNU_SOURCE=1 -D_HPUX_ALT_XOPEN_SOCKET_API=1 -D_NETBSD_SOURCE=1 -D_OPENBSD_SOURCE=1 -D_POSIX_PTHREAD_SEMANTICS=1 -D__STDC_WANT_IEC_60559_ATTRIBS_EXT__=1 -D__STDC_WANT_IEC_60559_BFP_EXT__=1 -D__STDC_WANT_IEC_60559_DFP_EXT__=1 -D__STDC_WANT_IEC_60559_FUNCS_EXT__=1 -D__STDC_WANT_IEC_60559_TYPES_EXT__=1 -D__STDC_WANT_LIB_EXT2__=1 -D__STDC_WANT_MATH_SPEC_FUNCS__=1 -D_TANDEM_SOURCE=1 -D__EXTENSIONS__=1 -DHAVE_DLFCN_H=1 -DLT_OBJDIR=\".libs/\" -DHAVE_USHORT_TYPEDEF=1 -DHAVE_ULONG_TYPEDEF=1 -DLITTLE_ENDIAN_HOST=1 -DHAVE_GETOPT=1 -DHAVE_GETTIMEOFDAY=1 -DHAVE_PREAD=1 -DHAVE_VASPRINTF=1 -DHAVE_VSNPRINTF=1 -DHAVE_VSPRINTF=1 -DHAVE_GETHOSTBYNAME=1 -DHAVE_GETHOSTBYNAME_R=1 -DGETHOSTBYNAME_R_RETURNS_INT=1 -DHAVE_MEMSET=1 -DHAVE_MEMCHR=1 -DHAVE_MUNMAP=1 -DHAVE_STRRCHR=1 -DHAVE_SOCKET=1 -DHAVE_STRCHR=1 -DHAVE_STRDUP=1 -DHAVE_STRSTR=1 -DHAVE_MALLOC=1 -DHAVE_REALLOC=1 -DHAVE_GETPAGESIZE=1 -DHAVE_MMAP=1 -I. -DGEOIPDATADIR=\"/usr/share/GeoIP\" -Wall -O2 -pipe -mcpu=power8 -mabi=altivec -maltivec -MT GeoIP_deprecated.lo -MD -MP -MF .deps/GeoIP_deprecated.Tpo -c GeoIP_deprecated.c  -fPIC -DPIC -o .libs/GeoIP_deprecated.o
libtool: compile:  gcc -DPACKAGE_NAME=\"GeoIP\" -DPACKAGE_TARNAME=\"GeoIP\" -DPACKAGE_VERSION=\"1.6.12\" "-DPACKAGE_STRING=\"GeoIP 1.6.12\"" -DPACKAGE_BUGREPORT=\"support@maxmind.com\" -DPACKAGE_URL=\"\" -DPACKAGE=\"GeoIP\" -DVERSION=\"1.6.12\" -DHAVE_STDIO_H=1 -DHAVE_STDLIB_H=1 -DHAVE_STRING_H=1 -DHAVE_INTTYPES_H=1 -DHAVE_STDINT_H=1 -DHAVE_STRINGS_H=1 -DHAVE_SYS_STAT_H=1 -DHAVE_SYS_TYPES_H=1 -DHAVE_UNISTD_H=1 -DHAVE_WCHAR_H=1 -DHAVE_SYS_PARAM_H=1 -DSTDC_HEADERS=1 -D_ALL_SOURCE=1 -D_DARWIN_C_SOURCE=1 -D_GNU_SOURCE=1 -D_HPUX_ALT_XOPEN_SOCKET_API=1 -D_NETBSD_SOURCE=1 -D_OPENBSD_SOURCE=1 -D_POSIX_PTHREAD_SEMANTICS=1 -D__STDC_WANT_IEC_60559_ATTRIBS_EXT__=1 -D__STDC_WANT_IEC_60559_BFP_EXT__=1 -D__STDC_WANT_IEC_60559_DFP_EXT__=1 -D__STDC_WANT_IEC_60559_FUNCS_EXT__=1 -D__STDC_WANT_IEC_60559_TYPES_EXT__=1 -D__STDC_WANT_LIB_EXT2__=1 -D__STDC_WANT_MATH_SPEC_FUNCS__=1 -D_TANDEM_SOURCE=1 -D__EXTENSIONS__=1 -DHAVE_DLFCN_H=1 -DLT_OBJDIR=\".libs/\" -DHAVE_USHORT_TYPEDEF=1 -DHAVE_ULONG_TYPEDEF=1 -DLITTLE_ENDIAN_HOST=1 -DHAVE_GETOPT=1 -DHAVE_GETTIMEOFDAY=1 -DHAVE_PREAD=1 -DHAVE_VASPRINTF=1 -DHAVE_VSNPRINTF=1 -DHAVE_VSPRINTF=1 -DHAVE_GETHOSTBYNAME=1 -DHAVE_GETHOSTBYNAME_R=1 -DGETHOSTBYNAME_R_RETURNS_INT=1 -DHAVE_MEMSET=1 -DHAVE_MEMCHR=1 -DHAVE_MUNMAP=1 -DHAVE_STRRCHR=1 -DHAVE_SOCKET=1 -DHAVE_STRCHR=1 -DHAVE_STRDUP=1 -DHAVE_STRSTR=1 -DHAVE_MALLOC=1 -DHAVE_REALLOC=1 -DHAVE_GETPAGESIZE=1 -DHAVE_MMAP=1 -I. -DGEOIPDATADIR=\"/usr/share/GeoIP\" -Wall -O2 -pipe -mcpu=power8 -mabi=altivec -maltivec -MT regionName.lo -MD -MP -MF .deps/regionName.Tpo -c regionName.c  -fPIC -DPIC -o .libs/regionName.o
libtool: compile:  gcc -DPACKAGE_NAME=\"GeoIP\" -DPACKAGE_TARNAME=\"GeoIP\" -DPACKAGE_VERSION=\"1.6.12\" "-DPACKAGE_STRING=\"GeoIP 1.6.12\"" -DPACKAGE_BUGREPORT=\"support@maxmind.com\" -DPACKAGE_URL=\"\" -DPACKAGE=\"GeoIP\" -DVERSION=\"1.6.12\" -DHAVE_STDIO_H=1 -DHAVE_STDLIB_H=1 -DHAVE_STRING_H=1 -DHAVE_INTTYPES_H=1 -DHAVE_STDINT_H=1 -DHAVE_STRINGS_H=1 -DHAVE_SYS_STAT_H=1 -DHAVE_SYS_TYPES_H=1 -DHAVE_UNISTD_H=1 -DHAVE_WCHAR_H=1 -DHAVE_SYS_PARAM_H=1 -DSTDC_HEADERS=1 -D_ALL_SOURCE=1 -D_DARWIN_C_SOURCE=1 -D_GNU_SOURCE=1 -D_HPUX_ALT_XOPEN_SOCKET_API=1 -D_NETBSD_SOURCE=1 -D_OPENBSD_SOURCE=1 -D_POSIX_PTHREAD_SEMANTICS=1 -D__STDC_WANT_IEC_60559_ATTRIBS_EXT__=1 -D__STDC_WANT_IEC_60559_BFP_EXT__=1 -D__STDC_WANT_IEC_60559_DFP_EXT__=1 -D__STDC_WANT_IEC_60559_FUNCS_EXT__=1 -D__STDC_WANT_IEC_60559_TYPES_EXT__=1 -D__STDC_WANT_LIB_EXT2__=1 -D__STDC_WANT_MATH_SPEC_FUNCS__=1 -D_TANDEM_SOURCE=1 -D__EXTENSIONS__=1 -DHAVE_DLFCN_H=1 -DLT_OBJDIR=\".libs/\" -DHAVE_USHORT_TYPEDEF=1 -DHAVE_ULONG_TYPEDEF=1 -DLITTLE_ENDIAN_HOST=1 -DHAVE_GETOPT=1 -DHAVE_GETTIMEOFDAY=1 -DHAVE_PREAD=1 -DHAVE_VASPRINTF=1 -DHAVE_VSNPRINTF=1 -DHAVE_VSPRINTF=1 -DHAVE_GETHOSTBYNAME=1 -DHAVE_GETHOSTBYNAME_R=1 -DGETHOSTBYNAME_R_RETURNS_INT=1 -DHAVE_MEMSET=1 -DHAVE_MEMCHR=1 -DHAVE_MUNMAP=1 -DHAVE_STRRCHR=1 -DHAVE_SOCKET=1 -DHAVE_STRCHR=1 -DHAVE_STRDUP=1 -DHAVE_STRSTR=1 -DHAVE_MALLOC=1 -DHAVE_REALLOC=1 -DHAVE_GETPAGESIZE=1 -DHAVE_MMAP=1 -I. -DGEOIPDATADIR=\"/usr/share/GeoIP\" -Wall -O2 -pipe -mcpu=power8 -mabi=altivec -maltivec -MT GeoIP.lo -MD -MP -MF .deps/GeoIP.Tpo -c GeoIP.c  -fPIC -DPIC -o .libs/GeoIP.o
libtool: compile:  gcc -DPACKAGE_NAME=\"GeoIP\" -DPACKAGE_TARNAME=\"GeoIP\" -DPACKAGE_VERSION=\"1.6.12\" "-DPACKAGE_STRING=\"GeoIP 1.6.12\"" -DPACKAGE_BUGREPORT=\"support@maxmind.com\" -DPACKAGE_URL=\"\" -DPACKAGE=\"GeoIP\" -DVERSION=\"1.6.12\" -DHAVE_STDIO_H=1 -DHAVE_STDLIB_H=1 -DHAVE_STRING_H=1 -DHAVE_INTTYPES_H=1 -DHAVE_STDINT_H=1 -DHAVE_STRINGS_H=1 -DHAVE_SYS_STAT_H=1 -DHAVE_SYS_TYPES_H=1 -DHAVE_UNISTD_H=1 -DHAVE_WCHAR_H=1 -DHAVE_SYS_PARAM_H=1 -DSTDC_HEADERS=1 -D_ALL_SOURCE=1 -D_DARWIN_C_SOURCE=1 -D_GNU_SOURCE=1 -D_HPUX_ALT_XOPEN_SOCKET_API=1 -D_NETBSD_SOURCE=1 -D_OPENBSD_SOURCE=1 -D_POSIX_PTHREAD_SEMANTICS=1 -D__STDC_WANT_IEC_60559_ATTRIBS_EXT__=1 -D__STDC_WANT_IEC_60559_BFP_EXT__=1 -D__STDC_WANT_IEC_60559_DFP_EXT__=1 -D__STDC_WANT_IEC_60559_FUNCS_EXT__=1 -D__STDC_WANT_IEC_60559_TYPES_EXT__=1 -D__STDC_WANT_LIB_EXT2__=1 -D__STDC_WANT_MATH_SPEC_FUNCS__=1 -D_TANDEM_SOURCE=1 -D__EXTENSIONS__=1 -DHAVE_DLFCN_H=1 -DLT_OBJDIR=\".libs/\" -DHAVE_USHORT_TYPEDEF=1 -DHAVE_ULONG_TYPEDEF=1 -DLITTLE_ENDIAN_HOST=1 -DHAVE_GETOPT=1 -DHAVE_GETTIMEOFDAY=1 -DHAVE_PREAD=1 -DHAVE_VASPRINTF=1 -DHAVE_VSNPRINTF=1 -DHAVE_VSPRINTF=1 -DHAVE_GETHOSTBYNAME=1 -DHAVE_GETHOSTBYNAME_R=1 -DGETHOSTBYNAME_R_RETURNS_INT=1 -DHAVE_MEMSET=1 -DHAVE_MEMCHR=1 -DHAVE_MUNMAP=1 -DHAVE_STRRCHR=1 -DHAVE_SOCKET=1 -DHAVE_STRCHR=1 -DHAVE_STRDUP=1 -DHAVE_STRSTR=1 -DHAVE_MALLOC=1 -DHAVE_REALLOC=1 -DHAVE_GETPAGESIZE=1 -DHAVE_MMAP=1 -I. -DGEOIPDATADIR=\"/usr/share/GeoIP\" -Wall -O2 -pipe -mcpu=power8 -mabi=altivec -maltivec -MT GeoIPCity.lo -MD -MP -MF .deps/GeoIPCity.Tpo -c GeoIPCity.c  -fPIC -DPIC -o .libs/GeoIPCity.o
libtool: compile:  gcc -DPACKAGE_NAME=\"GeoIP\" -DPACKAGE_TARNAME=\"GeoIP\" -DPACKAGE_VERSION=\"1.6.12\" "-DPACKAGE_STRING=\"GeoIP 1.6.12\"" -DPACKAGE_BUGREPORT=\"support@maxmind.com\" -DPACKAGE_URL=\"\" -DPACKAGE=\"GeoIP\" -DVERSION=\"1.6.12\" -DHAVE_STDIO_H=1 -DHAVE_STDLIB_H=1 -DHAVE_STRING_H=1 -DHAVE_INTTYPES_H=1 -DHAVE_STDINT_H=1 -DHAVE_STRINGS_H=1 -DHAVE_SYS_STAT_H=1 -DHAVE_SYS_TYPES_H=1 -DHAVE_UNISTD_H=1 -DHAVE_WCHAR_H=1 -DHAVE_SYS_PARAM_H=1 -DSTDC_HEADERS=1 -D_ALL_SOURCE=1 -D_DARWIN_C_SOURCE=1 -D_GNU_SOURCE=1 -D_HPUX_ALT_XOPEN_SOCKET_API=1 -D_NETBSD_SOURCE=1 -D_OPENBSD_SOURCE=1 -D_POSIX_PTHREAD_SEMANTICS=1 -D__STDC_WANT_IEC_60559_ATTRIBS_EXT__=1 -D__STDC_WANT_IEC_60559_BFP_EXT__=1 -D__STDC_WANT_IEC_60559_DFP_EXT__=1 -D__STDC_WANT_IEC_60559_FUNCS_EXT__=1 -D__STDC_WANT_IEC_60559_TYPES_EXT__=1 -D__STDC_WANT_LIB_EXT2__=1 -D__STDC_WANT_MATH_SPEC_FUNCS__=1 -D_TANDEM_SOURCE=1 -D__EXTENSIONS__=1 -DHAVE_DLFCN_H=1 -DLT_OBJDIR=\".libs/\" -DHAVE_USHORT_TYPEDEF=1 -DHAVE_ULONG_TYPEDEF=1 -DLITTLE_ENDIAN_HOST=1 -DHAVE_GETOPT=1 -DHAVE_GETTIMEOFDAY=1 -DHAVE_PREAD=1 -DHAVE_VASPRINTF=1 -DHAVE_VSNPRINTF=1 -DHAVE_VSPRINTF=1 -DHAVE_GETHOSTBYNAME=1 -DHAVE_GETHOSTBYNAME_R=1 -DGETHOSTBYNAME_R_RETURNS_INT=1 -DHAVE_MEMSET=1 -DHAVE_MEMCHR=1 -DHAVE_MUNMAP=1 -DHAVE_STRRCHR=1 -DHAVE_SOCKET=1 -DHAVE_STRCHR=1 -DHAVE_STRDUP=1 -DHAVE_STRSTR=1 -DHAVE_MALLOC=1 -DHAVE_REALLOC=1 -DHAVE_GETPAGESIZE=1 -DHAVE_MMAP=1 -I. -DGEOIPDATADIR=\"/usr/share/GeoIP\" -Wall -O2 -pipe -mcpu=power8 -mabi=altivec -maltivec -MT timeZone.lo -MD -MP -MF .deps/timeZone.Tpo -c timeZone.c  -fPIC -DPIC -o .libs/timeZone.o
libtool: compile:  gcc -DPACKAGE_NAME=\"GeoIP\" -DPACKAGE_TARNAME=\"GeoIP\" -DPACKAGE_VERSION=\"1.6.12\" "-DPACKAGE_STRING=\"GeoIP 1.6.12\"" -DPACKAGE_BUGREPORT=\"support@maxmind.com\" -DPACKAGE_URL=\"\" -DPACKAGE=\"GeoIP\" -DVERSION=\"1.6.12\" -DHAVE_STDIO_H=1 -DHAVE_STDLIB_H=1 -DHAVE_STRING_H=1 -DHAVE_INTTYPES_H=1 -DHAVE_STDINT_H=1 -DHAVE_STRINGS_H=1 -DHAVE_SYS_STAT_H=1 -DHAVE_SYS_TYPES_H=1 -DHAVE_UNISTD_H=1 -DHAVE_WCHAR_H=1 -DHAVE_SYS_PARAM_H=1 -DSTDC_HEADERS=1 -D_ALL_SOURCE=1 -D_DARWIN_C_SOURCE=1 -D_GNU_SOURCE=1 -D_HPUX_ALT_XOPEN_SOCKET_API=1 -D_NETBSD_SOURCE=1 -D_OPENBSD_SOURCE=1 -D_POSIX_PTHREAD_SEMANTICS=1 -D__STDC_WANT_IEC_60559_ATTRIBS_EXT__=1 -D__STDC_WANT_IEC_60559_BFP_EXT__=1 -D__STDC_WANT_IEC_60559_DFP_EXT__=1 -D__STDC_WANT_IEC_60559_FUNCS_EXT__=1 -D__STDC_WANT_IEC_60559_TYPES_EXT__=1 -D__STDC_WANT_LIB_EXT2__=1 -D__STDC_WANT_MATH_SPEC_FUNCS__=1 -D_TANDEM_SOURCE=1 -D__EXTENSIONS__=1 -DHAVE_DLFCN_H=1 -DLT_OBJDIR=\".libs/\" -DHAVE_USHORT_TYPEDEF=1 -DHAVE_ULONG_TYPEDEF=1 -DLITTLE_ENDIAN_HOST=1 -DHAVE_GETOPT=1 -DHAVE_GETTIMEOFDAY=1 -DHAVE_PREAD=1 -DHAVE_VASPRINTF=1 -DHAVE_VSNPRINTF=1 -DHAVE_VSPRINTF=1 -DHAVE_GETHOSTBYNAME=1 -DHAVE_GETHOSTBYNAME_R=1 -DGETHOSTBYNAME_R_RETURNS_INT=1 -DHAVE_MEMSET=1 -DHAVE_MEMCHR=1 -DHAVE_MUNMAP=1 -DHAVE_STRRCHR=1 -DHAVE_SOCKET=1 -DHAVE_STRCHR=1 -DHAVE_STRDUP=1 -DHAVE_STRSTR=1 -DHAVE_MALLOC=1 -DHAVE_REALLOC=1 -DHAVE_GETPAGESIZE=1 -DHAVE_MMAP=1 -I. -DGEOIPDATADIR=\"/usr/share/GeoIP\" -Wall -O2 -pipe -mcpu=power8 -mabi=altivec -maltivec -MT GeoIP_deprecated.lo -MD -MP -MF .deps/GeoIP_deprecated.Tpo -c GeoIP_deprecated.c -o GeoIP_deprecated.o >/dev/null 2>&1
libtool: compile:  gcc -DPACKAGE_NAME=\"GeoIP\" -DPACKAGE_TARNAME=\"GeoIP\" -DPACKAGE_VERSION=\"1.6.12\" "-DPACKAGE_STRING=\"GeoIP 1.6.12\"" -DPACKAGE_BUGREPORT=\"support@maxmind.com\" -DPACKAGE_URL=\"\" -DPACKAGE=\"GeoIP\" -DVERSION=\"1.6.12\" -DHAVE_STDIO_H=1 -DHAVE_STDLIB_H=1 -DHAVE_STRING_H=1 -DHAVE_INTTYPES_H=1 -DHAVE_STDINT_H=1 -DHAVE_STRINGS_H=1 -DHAVE_SYS_STAT_H=1 -DHAVE_SYS_TYPES_H=1 -DHAVE_UNISTD_H=1 -DHAVE_WCHAR_H=1 -DHAVE_SYS_PARAM_H=1 -DSTDC_HEADERS=1 -D_ALL_SOURCE=1 -D_DARWIN_C_SOURCE=1 -D_GNU_SOURCE=1 -D_HPUX_ALT_XOPEN_SOCKET_API=1 -D_NETBSD_SOURCE=1 -D_OPENBSD_SOURCE=1 -D_POSIX_PTHREAD_SEMANTICS=1 -D__STDC_WANT_IEC_60559_ATTRIBS_EXT__=1 -D__STDC_WANT_IEC_60559_BFP_EXT__=1 -D__STDC_WANT_IEC_60559_DFP_EXT__=1 -D__STDC_WANT_IEC_60559_FUNCS_EXT__=1 -D__STDC_WANT_IEC_60559_TYPES_EXT__=1 -D__STDC_WANT_LIB_EXT2__=1 -D__STDC_WANT_MATH_SPEC_FUNCS__=1 -D_TANDEM_SOURCE=1 -D__EXTENSIONS__=1 -DHAVE_DLFCN_H=1 -DLT_OBJDIR=\".libs/\" -DHAVE_USHORT_TYPEDEF=1 -DHAVE_ULONG_TYPEDEF=1 -DLITTLE_ENDIAN_HOST=1 -DHAVE_GETOPT=1 -DHAVE_GETTIMEOFDAY=1 -DHAVE_PREAD=1 -DHAVE_VASPRINTF=1 -DHAVE_VSNPRINTF=1 -DHAVE_VSPRINTF=1 -DHAVE_GETHOSTBYNAME=1 -DHAVE_GETHOSTBYNAME_R=1 -DGETHOSTBYNAME_R_RETURNS_INT=1 -DHAVE_MEMSET=1 -DHAVE_MEMCHR=1 -DHAVE_MUNMAP=1 -DHAVE_STRRCHR=1 -DHAVE_SOCKET=1 -DHAVE_STRCHR=1 -DHAVE_STRDUP=1 -DHAVE_STRSTR=1 -DHAVE_MALLOC=1 -DHAVE_REALLOC=1 -DHAVE_GETPAGESIZE=1 -DHAVE_MMAP=1 -I. -DGEOIPDATADIR=\"/usr/share/GeoIP\" -Wall -O2 -pipe -mcpu=power8 -mabi=altivec -maltivec -MT GeoIPCity.lo -MD -MP -MF .deps/GeoIPCity.Tpo -c GeoIPCity.c -o GeoIPCity.o >/dev/null 2>&1
mv -f .deps/GeoIP_deprecated.Tpo .deps/GeoIP_deprecated.Plo
GeoIP.c: In function ‘_get_name_gl’:
GeoIP.c:2462:13: warning: ‘strncpy’ specified bound depends on the length of the source argument [-Wstringop-overflow=]
 2462 |             strncpy(org_buf, buf_pointer, len);
      |             ^~~~~~~~~~~~~~~~~~~~~~~~~~~~~~~~~~
GeoIP.c:2460:35: note: length computed here
 2460 |             len = sizeof(char) * (strlen(buf_pointer) + 1);
      |                                   ^~~~~~~~~~~~~~~~~~~
GeoIP.c:2453:13: warning: ‘strncpy’ specified bound depends on the length of the source argument [-Wstringop-overflow=]
 2453 |             strncpy(org_buf, buf, len);
      |             ^~~~~~~~~~~~~~~~~~~~~~~~~~
GeoIP.c:2451:35: note: length computed here
 2451 |             len = sizeof(char) * (strlen(buf) + 1);
      |                                   ^~~~~~~~~~~
GeoIP.c: In function ‘GeoIP_open’:
GeoIP.c:1637:5: warning: ‘strncpy’ specified bound depends on the length of the source argument [-Wstringop-overflow=]
 1637 |     strncpy(gi->file_path, filename, len);
      |     ^~~~~~~~~~~~~~~~~~~~~~~~~~~~~~~~~~~~~
GeoIP.c:1631:27: note: length computed here
 1631 |     len = sizeof(char) * (strlen(filename) + 1);
      |                           ^~~~~~~~~~~~~~~~
mv -f .deps/GeoIPCity.Tpo .deps/GeoIPCity.Plo
GeoIP.c: In function ‘_get_name_v6_gl’:
GeoIP.c:2520:13: warning: ‘strncpy’ specified bound depends on the length of the source argument [-Wstringop-overflow=]
 2520 |             strncpy(org_buf, buf_pointer, len);
      |             ^~~~~~~~~~~~~~~~~~~~~~~~~~~~~~~~~~
GeoIP.c:2518:35: note: length computed here
 2518 |             len = sizeof(char) * (strlen(buf_pointer) + 1);
      |                                   ^~~~~~~~~~~~~~~~~~~
GeoIP.c:2511:13: warning: ‘strncpy’ specified bound depends on the length of the source argument [-Wstringop-overflow=]
 2511 |             strncpy(org_buf, buf, len);
      |             ^~~~~~~~~~~~~~~~~~~~~~~~~~
GeoIP.c:2509:35: note: length computed here
 2509 |             len = sizeof(char) * (strlen(buf) + 1);
      |                                   ^~~~~~~~~~~
libtool: compile:  gcc -DPACKAGE_NAME=\"GeoIP\" -DPACKAGE_TARNAME=\"GeoIP\" -DPACKAGE_VERSION=\"1.6.12\" "-DPACKAGE_STRING=\"GeoIP 1.6.12\"" -DPACKAGE_BUGREPORT=\"support@maxmind.com\" -DPACKAGE_URL=\"\" -DPACKAGE=\"GeoIP\" -DVERSION=\"1.6.12\" -DHAVE_STDIO_H=1 -DHAVE_STDLIB_H=1 -DHAVE_STRING_H=1 -DHAVE_INTTYPES_H=1 -DHAVE_STDINT_H=1 -DHAVE_STRINGS_H=1 -DHAVE_SYS_STAT_H=1 -DHAVE_SYS_TYPES_H=1 -DHAVE_UNISTD_H=1 -DHAVE_WCHAR_H=1 -DHAVE_SYS_PARAM_H=1 -DSTDC_HEADERS=1 -D_ALL_SOURCE=1 -D_DARWIN_C_SOURCE=1 -D_GNU_SOURCE=1 -D_HPUX_ALT_XOPEN_SOCKET_API=1 -D_NETBSD_SOURCE=1 -D_OPENBSD_SOURCE=1 -D_POSIX_PTHREAD_SEMANTICS=1 -D__STDC_WANT_IEC_60559_ATTRIBS_EXT__=1 -D__STDC_WANT_IEC_60559_BFP_EXT__=1 -D__STDC_WANT_IEC_60559_DFP_EXT__=1 -D__STDC_WANT_IEC_60559_FUNCS_EXT__=1 -D__STDC_WANT_IEC_60559_TYPES_EXT__=1 -D__STDC_WANT_LIB_EXT2__=1 -D__STDC_WANT_MATH_SPEC_FUNCS__=1 -D_TANDEM_SOURCE=1 -D__EXTENSIONS__=1 -DHAVE_DLFCN_H=1 -DLT_OBJDIR=\".libs/\" -DHAVE_USHORT_TYPEDEF=1 -DHAVE_ULONG_TYPEDEF=1 -DLITTLE_ENDIAN_HOST=1 -DHAVE_GETOPT=1 -DHAVE_GETTIMEOFDAY=1 -DHAVE_PREAD=1 -DHAVE_VASPRINTF=1 -DHAVE_VSNPRINTF=1 -DHAVE_VSPRINTF=1 -DHAVE_GETHOSTBYNAME=1 -DHAVE_GETHOSTBYNAME_R=1 -DGETHOSTBYNAME_R_RETURNS_INT=1 -DHAVE_MEMSET=1 -DHAVE_MEMCHR=1 -DHAVE_MUNMAP=1 -DHAVE_STRRCHR=1 -DHAVE_SOCKET=1 -DHAVE_STRCHR=1 -DHAVE_STRDUP=1 -DHAVE_STRSTR=1 -DHAVE_MALLOC=1 -DHAVE_REALLOC=1 -DHAVE_GETPAGESIZE=1 -DHAVE_MMAP=1 -I. -DGEOIPDATADIR=\"/usr/share/GeoIP\" -Wall -O2 -pipe -mcpu=power8 -mabi=altivec -maltivec -MT GeoIP.lo -MD -MP -MF .deps/GeoIP.Tpo -c GeoIP.c -o GeoIP.o >/dev/null 2>&1
libtool: compile:  gcc -DPACKAGE_NAME=\"GeoIP\" -DPACKAGE_TARNAME=\"GeoIP\" -DPACKAGE_VERSION=\"1.6.12\" "-DPACKAGE_STRING=\"GeoIP 1.6.12\"" -DPACKAGE_BUGREPORT=\"support@maxmind.com\" -DPACKAGE_URL=\"\" -DPACKAGE=\"GeoIP\" -DVERSION=\"1.6.12\" -DHAVE_STDIO_H=1 -DHAVE_STDLIB_H=1 -DHAVE_STRING_H=1 -DHAVE_INTTYPES_H=1 -DHAVE_STDINT_H=1 -DHAVE_STRINGS_H=1 -DHAVE_SYS_STAT_H=1 -DHAVE_SYS_TYPES_H=1 -DHAVE_UNISTD_H=1 -DHAVE_WCHAR_H=1 -DHAVE_SYS_PARAM_H=1 -DSTDC_HEADERS=1 -D_ALL_SOURCE=1 -D_DARWIN_C_SOURCE=1 -D_GNU_SOURCE=1 -D_HPUX_ALT_XOPEN_SOCKET_API=1 -D_NETBSD_SOURCE=1 -D_OPENBSD_SOURCE=1 -D_POSIX_PTHREAD_SEMANTICS=1 -D__STDC_WANT_IEC_60559_ATTRIBS_EXT__=1 -D__STDC_WANT_IEC_60559_BFP_EXT__=1 -D__STDC_WANT_IEC_60559_DFP_EXT__=1 -D__STDC_WANT_IEC_60559_FUNCS_EXT__=1 -D__STDC_WANT_IEC_60559_TYPES_EXT__=1 -D__STDC_WANT_LIB_EXT2__=1 -D__STDC_WANT_MATH_SPEC_FUNCS__=1 -D_TANDEM_SOURCE=1 -D__EXTENSIONS__=1 -DHAVE_DLFCN_H=1 -DLT_OBJDIR=\".libs/\" -DHAVE_USHORT_TYPEDEF=1 -DHAVE_ULONG_TYPEDEF=1 -DLITTLE_ENDIAN_HOST=1 -DHAVE_GETOPT=1 -DHAVE_GETTIMEOFDAY=1 -DHAVE_PREAD=1 -DHAVE_VASPRINTF=1 -DHAVE_VSNPRINTF=1 -DHAVE_VSPRINTF=1 -DHAVE_GETHOSTBYNAME=1 -DHAVE_GETHOSTBYNAME_R=1 -DGETHOSTBYNAME_R_RETURNS_INT=1 -DHAVE_MEMSET=1 -DHAVE_MEMCHR=1 -DHAVE_MUNMAP=1 -DHAVE_STRRCHR=1 -DHAVE_SOCKET=1 -DHAVE_STRCHR=1 -DHAVE_STRDUP=1 -DHAVE_STRSTR=1 -DHAVE_MALLOC=1 -DHAVE_REALLOC=1 -DHAVE_GETPAGESIZE=1 -DHAVE_MMAP=1 -I. -DGEOIPDATADIR=\"/usr/share/GeoIP\" -Wall -O2 -pipe -mcpu=power8 -mabi=altivec -maltivec -MT timeZone.lo -MD -MP -MF .deps/timeZone.Tpo -c timeZone.c -o timeZone.o >/dev/null 2>&1
mv -f .deps/GeoIP.Tpo .deps/GeoIP.Plo
libtool: compile:  gcc -DPACKAGE_NAME=\"GeoIP\" -DPACKAGE_TARNAME=\"GeoIP\" -DPACKAGE_VERSION=\"1.6.12\" "-DPACKAGE_STRING=\"GeoIP 1.6.12\"" -DPACKAGE_BUGREPORT=\"support@maxmind.com\" -DPACKAGE_URL=\"\" -DPACKAGE=\"GeoIP\" -DVERSION=\"1.6.12\" -DHAVE_STDIO_H=1 -DHAVE_STDLIB_H=1 -DHAVE_STRING_H=1 -DHAVE_INTTYPES_H=1 -DHAVE_STDINT_H=1 -DHAVE_STRINGS_H=1 -DHAVE_SYS_STAT_H=1 -DHAVE_SYS_TYPES_H=1 -DHAVE_UNISTD_H=1 -DHAVE_WCHAR_H=1 -DHAVE_SYS_PARAM_H=1 -DSTDC_HEADERS=1 -D_ALL_SOURCE=1 -D_DARWIN_C_SOURCE=1 -D_GNU_SOURCE=1 -D_HPUX_ALT_XOPEN_SOCKET_API=1 -D_NETBSD_SOURCE=1 -D_OPENBSD_SOURCE=1 -D_POSIX_PTHREAD_SEMANTICS=1 -D__STDC_WANT_IEC_60559_ATTRIBS_EXT__=1 -D__STDC_WANT_IEC_60559_BFP_EXT__=1 -D__STDC_WANT_IEC_60559_DFP_EXT__=1 -D__STDC_WANT_IEC_60559_FUNCS_EXT__=1 -D__STDC_WANT_IEC_60559_TYPES_EXT__=1 -D__STDC_WANT_LIB_EXT2__=1 -D__STDC_WANT_MATH_SPEC_FUNCS__=1 -D_TANDEM_SOURCE=1 -D__EXTENSIONS__=1 -DHAVE_DLFCN_H=1 -DLT_OBJDIR=\".libs/\" -DHAVE_USHORT_TYPEDEF=1 -DHAVE_ULONG_TYPEDEF=1 -DLITTLE_ENDIAN_HOST=1 -DHAVE_GETOPT=1 -DHAVE_GETTIMEOFDAY=1 -DHAVE_PREAD=1 -DHAVE_VASPRINTF=1 -DHAVE_VSNPRINTF=1 -DHAVE_VSPRINTF=1 -DHAVE_GETHOSTBYNAME=1 -DHAVE_GETHOSTBYNAME_R=1 -DGETHOSTBYNAME_R_RETURNS_INT=1 -DHAVE_MEMSET=1 -DHAVE_MEMCHR=1 -DHAVE_MUNMAP=1 -DHAVE_STRRCHR=1 -DHAVE_SOCKET=1 -DHAVE_STRCHR=1 -DHAVE_STRDUP=1 -DHAVE_STRSTR=1 -DHAVE_MALLOC=1 -DHAVE_REALLOC=1 -DHAVE_GETPAGESIZE=1 -DHAVE_MMAP=1 -I. -DGEOIPDATADIR=\"/usr/share/GeoIP\" -Wall -O2 -pipe -mcpu=power8 -mabi=altivec -maltivec -MT regionName.lo -MD -MP -MF .deps/regionName.Tpo -c regionName.c -o regionName.o >/dev/null 2>&1
mv -f .deps/timeZone.Tpo .deps/timeZone.Plo
mv -f .deps/regionName.Tpo .deps/regionName.Plo
/bin/sh ../libtool  --tag=CC   --mode=link gcc  -O2 -pipe -mcpu=power8 -mabi=altivec -maltivec -no-undefined -version-info 7:12:6 -Wl,-O1,--sort-common,--as-needed,-z,relro,-z,now -o libGeoIP.la -rpath /usr/lib GeoIP.lo GeoIP_deprecated.lo GeoIPCity.lo regionName.lo timeZone.lo  
libtool: link: gcc -shared  -fPIC -DPIC  .libs/GeoIP.o .libs/GeoIP_deprecated.o .libs/GeoIPCity.o .libs/regionName.o .libs/timeZone.o    -O2 -mcpu=power8 -mabi=altivec -maltivec -Wl,-O1 -Wl,--sort-common -Wl,--as-needed -Wl,-z -Wl,relro -Wl,-z -Wl,now   -Wl,-soname -Wl,libGeoIP.so.1 -o .libs/libGeoIP.so.1.6.12
libtool: link: (cd ".libs" && rm -f "libGeoIP.so.1" && ln -s "libGeoIP.so.1.6.12" "libGeoIP.so.1")
libtool: link: (cd ".libs" && rm -f "libGeoIP.so" && ln -s "libGeoIP.so.1.6.12" "libGeoIP.so")
libtool: link: ar cr .libs/libGeoIP.a  GeoIP.o GeoIP_deprecated.o GeoIPCity.o regionName.o timeZone.o
libtool: link: ranlib .libs/libGeoIP.a
libtool: link: ( cd ".libs" && rm -f "libGeoIP.la" && ln -s "../libGeoIP.la" "libGeoIP.la" )
make[1]: Leaving directory '/build/geoip/src/geoip-api-c-1.6.12/libGeoIP'
Making all in apps
make[1]: Entering directory '/build/geoip/src/geoip-api-c-1.6.12/apps'
gcc -DPACKAGE_NAME=\"GeoIP\" -DPACKAGE_TARNAME=\"GeoIP\" -DPACKAGE_VERSION=\"1.6.12\" -DPACKAGE_STRING=\"GeoIP\ 1.6.12\" -DPACKAGE_BUGREPORT=\"support@maxmind.com\" -DPACKAGE_URL=\"\" -DPACKAGE=\"GeoIP\" -DVERSION=\"1.6.12\" -DHAVE_STDIO_H=1 -DHAVE_STDLIB_H=1 -DHAVE_STRING_H=1 -DHAVE_INTTYPES_H=1 -DHAVE_STDINT_H=1 -DHAVE_STRINGS_H=1 -DHAVE_SYS_STAT_H=1 -DHAVE_SYS_TYPES_H=1 -DHAVE_UNISTD_H=1 -DHAVE_WCHAR_H=1 -DHAVE_SYS_PARAM_H=1 -DSTDC_HEADERS=1 -D_ALL_SOURCE=1 -D_DARWIN_C_SOURCE=1 -D_GNU_SOURCE=1 -D_HPUX_ALT_XOPEN_SOCKET_API=1 -D_NETBSD_SOURCE=1 -D_OPENBSD_SOURCE=1 -D_POSIX_PTHREAD_SEMANTICS=1 -D__STDC_WANT_IEC_60559_ATTRIBS_EXT__=1 -D__STDC_WANT_IEC_60559_BFP_EXT__=1 -D__STDC_WANT_IEC_60559_DFP_EXT__=1 -D__STDC_WANT_IEC_60559_FUNCS_EXT__=1 -D__STDC_WANT_IEC_60559_TYPES_EXT__=1 -D__STDC_WANT_LIB_EXT2__=1 -D__STDC_WANT_MATH_SPEC_FUNCS__=1 -D_TANDEM_SOURCE=1 -D__EXTENSIONS__=1 -DHAVE_DLFCN_H=1 -DLT_OBJDIR=\".libs/\" -DHAVE_USHORT_TYPEDEF=1 -DHAVE_ULONG_TYPEDEF=1 -DLITTLE_ENDIAN_HOST=1 -DHAVE_GETOPT=1 -DHAVE_GETTIMEOFDAY=1 -DHAVE_PREAD=1 -DHAVE_VASPRINTF=1 -DHAVE_VSNPRINTF=1 -DHAVE_VSPRINTF=1 -DHAVE_GETHOSTBYNAME=1 -DHAVE_GETHOSTBYNAME_R=1 -DGETHOSTBYNAME_R_RETURNS_INT=1 -DHAVE_MEMSET=1 -DHAVE_MEMCHR=1 -DHAVE_MUNMAP=1 -DHAVE_STRRCHR=1 -DHAVE_SOCKET=1 -DHAVE_STRCHR=1 -DHAVE_STRDUP=1 -DHAVE_STRSTR=1 -DHAVE_MALLOC=1 -DHAVE_REALLOC=1 -DHAVE_GETPAGESIZE=1 -DHAVE_MMAP=1 -I.  -I../libGeoIP -DSYSCONFDIR=\"/etc/geoip\" -Wall   -O2 -pipe -mcpu=power8 -mabi=altivec -maltivec -MT geoiplookup.o -MD -MP -MF .deps/geoiplookup.Tpo -c -o geoiplookup.o geoiplookup.c
gcc -DPACKAGE_NAME=\"GeoIP\" -DPACKAGE_TARNAME=\"GeoIP\" -DPACKAGE_VERSION=\"1.6.12\" -DPACKAGE_STRING=\"GeoIP\ 1.6.12\" -DPACKAGE_BUGREPORT=\"support@maxmind.com\" -DPACKAGE_URL=\"\" -DPACKAGE=\"GeoIP\" -DVERSION=\"1.6.12\" -DHAVE_STDIO_H=1 -DHAVE_STDLIB_H=1 -DHAVE_STRING_H=1 -DHAVE_INTTYPES_H=1 -DHAVE_STDINT_H=1 -DHAVE_STRINGS_H=1 -DHAVE_SYS_STAT_H=1 -DHAVE_SYS_TYPES_H=1 -DHAVE_UNISTD_H=1 -DHAVE_WCHAR_H=1 -DHAVE_SYS_PARAM_H=1 -DSTDC_HEADERS=1 -D_ALL_SOURCE=1 -D_DARWIN_C_SOURCE=1 -D_GNU_SOURCE=1 -D_HPUX_ALT_XOPEN_SOCKET_API=1 -D_NETBSD_SOURCE=1 -D_OPENBSD_SOURCE=1 -D_POSIX_PTHREAD_SEMANTICS=1 -D__STDC_WANT_IEC_60559_ATTRIBS_EXT__=1 -D__STDC_WANT_IEC_60559_BFP_EXT__=1 -D__STDC_WANT_IEC_60559_DFP_EXT__=1 -D__STDC_WANT_IEC_60559_FUNCS_EXT__=1 -D__STDC_WANT_IEC_60559_TYPES_EXT__=1 -D__STDC_WANT_LIB_EXT2__=1 -D__STDC_WANT_MATH_SPEC_FUNCS__=1 -D_TANDEM_SOURCE=1 -D__EXTENSIONS__=1 -DHAVE_DLFCN_H=1 -DLT_OBJDIR=\".libs/\" -DHAVE_USHORT_TYPEDEF=1 -DHAVE_ULONG_TYPEDEF=1 -DLITTLE_ENDIAN_HOST=1 -DHAVE_GETOPT=1 -DHAVE_GETTIMEOFDAY=1 -DHAVE_PREAD=1 -DHAVE_VASPRINTF=1 -DHAVE_VSNPRINTF=1 -DHAVE_VSPRINTF=1 -DHAVE_GETHOSTBYNAME=1 -DHAVE_GETHOSTBYNAME_R=1 -DGETHOSTBYNAME_R_RETURNS_INT=1 -DHAVE_MEMSET=1 -DHAVE_MEMCHR=1 -DHAVE_MUNMAP=1 -DHAVE_STRRCHR=1 -DHAVE_SOCKET=1 -DHAVE_STRCHR=1 -DHAVE_STRDUP=1 -DHAVE_STRSTR=1 -DHAVE_MALLOC=1 -DHAVE_REALLOC=1 -DHAVE_GETPAGESIZE=1 -DHAVE_MMAP=1 -I.  -I../libGeoIP -DSYSCONFDIR=\"/etc/geoip\" -Wall   -O2 -pipe -mcpu=power8 -mabi=altivec -maltivec -MT geoiplookup6.o -MD -MP -MF .deps/geoiplookup6.Tpo -c -o geoiplookup6.o geoiplookup6.c
mv -f .deps/geoiplookup6.Tpo .deps/geoiplookup6.Po
/bin/sh ../libtool  --tag=CC   --mode=link gcc  -O2 -pipe -mcpu=power8 -mabi=altivec -maltivec  -Wl,-O1,--sort-common,--as-needed,-z,relro,-z,now -o geoiplookup6 geoiplookup6.o ../libGeoIP/libGeoIP.la 
mv -f .deps/geoiplookup.Tpo .deps/geoiplookup.Po
/bin/sh ../libtool  --tag=CC   --mode=link gcc  -O2 -pipe -mcpu=power8 -mabi=altivec -maltivec  -Wl,-O1,--sort-common,--as-needed,-z,relro,-z,now -o geoiplookup geoiplookup.o ../libGeoIP/libGeoIP.la 
libtool: link: gcc -O2 -pipe -mcpu=power8 -mabi=altivec -maltivec -Wl,-O1 -Wl,--sort-common -Wl,--as-needed -Wl,-z -Wl,relro -Wl,-z -Wl,now -o .libs/geoiplookup6 geoiplookup6.o  ../libGeoIP/.libs/libGeoIP.so
libtool: link: gcc -O2 -pipe -mcpu=power8 -mabi=altivec -maltivec -Wl,-O1 -Wl,--sort-common -Wl,--as-needed -Wl,-z -Wl,relro -Wl,-z -Wl,now -o .libs/geoiplookup geoiplookup.o  ../libGeoIP/.libs/libGeoIP.so
make[1]: Leaving directory '/build/geoip/src/geoip-api-c-1.6.12/apps'
Making all in test
make[1]: Entering directory '/build/geoip/src/geoip-api-c-1.6.12/test'
gcc -DPACKAGE_NAME=\"GeoIP\" -DPACKAGE_TARNAME=\"GeoIP\" -DPACKAGE_VERSION=\"1.6.12\" -DPACKAGE_STRING=\"GeoIP\ 1.6.12\" -DPACKAGE_BUGREPORT=\"support@maxmind.com\" -DPACKAGE_URL=\"\" -DPACKAGE=\"GeoIP\" -DVERSION=\"1.6.12\" -DHAVE_STDIO_H=1 -DHAVE_STDLIB_H=1 -DHAVE_STRING_H=1 -DHAVE_INTTYPES_H=1 -DHAVE_STDINT_H=1 -DHAVE_STRINGS_H=1 -DHAVE_SYS_STAT_H=1 -DHAVE_SYS_TYPES_H=1 -DHAVE_UNISTD_H=1 -DHAVE_WCHAR_H=1 -DHAVE_SYS_PARAM_H=1 -DSTDC_HEADERS=1 -D_ALL_SOURCE=1 -D_DARWIN_C_SOURCE=1 -D_GNU_SOURCE=1 -D_HPUX_ALT_XOPEN_SOCKET_API=1 -D_NETBSD_SOURCE=1 -D_OPENBSD_SOURCE=1 -D_POSIX_PTHREAD_SEMANTICS=1 -D__STDC_WANT_IEC_60559_ATTRIBS_EXT__=1 -D__STDC_WANT_IEC_60559_BFP_EXT__=1 -D__STDC_WANT_IEC_60559_DFP_EXT__=1 -D__STDC_WANT_IEC_60559_FUNCS_EXT__=1 -D__STDC_WANT_IEC_60559_TYPES_EXT__=1 -D__STDC_WANT_LIB_EXT2__=1 -D__STDC_WANT_MATH_SPEC_FUNCS__=1 -D_TANDEM_SOURCE=1 -D__EXTENSIONS__=1 -DHAVE_DLFCN_H=1 -DLT_OBJDIR=\".libs/\" -DHAVE_USHORT_TYPEDEF=1 -DHAVE_ULONG_TYPEDEF=1 -DLITTLE_ENDIAN_HOST=1 -DHAVE_GETOPT=1 -DHAVE_GETTIMEOFDAY=1 -DHAVE_PREAD=1 -DHAVE_VASPRINTF=1 -DHAVE_VSNPRINTF=1 -DHAVE_VSPRINTF=1 -DHAVE_GETHOSTBYNAME=1 -DHAVE_GETHOSTBYNAME_R=1 -DGETHOSTBYNAME_R_RETURNS_INT=1 -DHAVE_MEMSET=1 -DHAVE_MEMCHR=1 -DHAVE_MUNMAP=1 -DHAVE_STRRCHR=1 -DHAVE_SOCKET=1 -DHAVE_STRCHR=1 -DHAVE_STRDUP=1 -DHAVE_STRSTR=1 -DHAVE_MALLOC=1 -DHAVE_REALLOC=1 -DHAVE_GETPAGESIZE=1 -DHAVE_MMAP=1 -I.  -I../libGeoIP -DSRCDIR=\"..\" -Wall   -O2 -pipe -mcpu=power8 -mabi=altivec -maltivec -MT benchmark.o -MD -MP -MF .deps/benchmark.Tpo -c -o benchmark.o benchmark.c
gcc -DPACKAGE_NAME=\"GeoIP\" -DPACKAGE_TARNAME=\"GeoIP\" -DPACKAGE_VERSION=\"1.6.12\" -DPACKAGE_STRING=\"GeoIP\ 1.6.12\" -DPACKAGE_BUGREPORT=\"support@maxmind.com\" -DPACKAGE_URL=\"\" -DPACKAGE=\"GeoIP\" -DVERSION=\"1.6.12\" -DHAVE_STDIO_H=1 -DHAVE_STDLIB_H=1 -DHAVE_STRING_H=1 -DHAVE_INTTYPES_H=1 -DHAVE_STDINT_H=1 -DHAVE_STRINGS_H=1 -DHAVE_SYS_STAT_H=1 -DHAVE_SYS_TYPES_H=1 -DHAVE_UNISTD_H=1 -DHAVE_WCHAR_H=1 -DHAVE_SYS_PARAM_H=1 -DSTDC_HEADERS=1 -D_ALL_SOURCE=1 -D_DARWIN_C_SOURCE=1 -D_GNU_SOURCE=1 -D_HPUX_ALT_XOPEN_SOCKET_API=1 -D_NETBSD_SOURCE=1 -D_OPENBSD_SOURCE=1 -D_POSIX_PTHREAD_SEMANTICS=1 -D__STDC_WANT_IEC_60559_ATTRIBS_EXT__=1 -D__STDC_WANT_IEC_60559_BFP_EXT__=1 -D__STDC_WANT_IEC_60559_DFP_EXT__=1 -D__STDC_WANT_IEC_60559_FUNCS_EXT__=1 -D__STDC_WANT_IEC_60559_TYPES_EXT__=1 -D__STDC_WANT_LIB_EXT2__=1 -D__STDC_WANT_MATH_SPEC_FUNCS__=1 -D_TANDEM_SOURCE=1 -D__EXTENSIONS__=1 -DHAVE_DLFCN_H=1 -DLT_OBJDIR=\".libs/\" -DHAVE_USHORT_TYPEDEF=1 -DHAVE_ULONG_TYPEDEF=1 -DLITTLE_ENDIAN_HOST=1 -DHAVE_GETOPT=1 -DHAVE_GETTIMEOFDAY=1 -DHAVE_PREAD=1 -DHAVE_VASPRINTF=1 -DHAVE_VSNPRINTF=1 -DHAVE_VSPRINTF=1 -DHAVE_GETHOSTBYNAME=1 -DHAVE_GETHOSTBYNAME_R=1 -DGETHOSTBYNAME_R_RETURNS_INT=1 -DHAVE_MEMSET=1 -DHAVE_MEMCHR=1 -DHAVE_MUNMAP=1 -DHAVE_STRRCHR=1 -DHAVE_SOCKET=1 -DHAVE_STRCHR=1 -DHAVE_STRDUP=1 -DHAVE_STRSTR=1 -DHAVE_MALLOC=1 -DHAVE_REALLOC=1 -DHAVE_GETPAGESIZE=1 -DHAVE_MMAP=1 -I.  -I../libGeoIP -DSRCDIR=\"..\" -Wall   -O2 -pipe -mcpu=power8 -mabi=altivec -maltivec -MT test-geoip-region.o -MD -MP -MF .deps/test-geoip-region.Tpo -c -o test-geoip-region.o test-geoip-region.c
gcc -DPACKAGE_NAME=\"GeoIP\" -DPACKAGE_TARNAME=\"GeoIP\" -DPACKAGE_VERSION=\"1.6.12\" -DPACKAGE_STRING=\"GeoIP\ 1.6.12\" -DPACKAGE_BUGREPORT=\"support@maxmind.com\" -DPACKAGE_URL=\"\" -DPACKAGE=\"GeoIP\" -DVERSION=\"1.6.12\" -DHAVE_STDIO_H=1 -DHAVE_STDLIB_H=1 -DHAVE_STRING_H=1 -DHAVE_INTTYPES_H=1 -DHAVE_STDINT_H=1 -DHAVE_STRINGS_H=1 -DHAVE_SYS_STAT_H=1 -DHAVE_SYS_TYPES_H=1 -DHAVE_UNISTD_H=1 -DHAVE_WCHAR_H=1 -DHAVE_SYS_PARAM_H=1 -DSTDC_HEADERS=1 -D_ALL_SOURCE=1 -D_DARWIN_C_SOURCE=1 -D_GNU_SOURCE=1 -D_HPUX_ALT_XOPEN_SOCKET_API=1 -D_NETBSD_SOURCE=1 -D_OPENBSD_SOURCE=1 -D_POSIX_PTHREAD_SEMANTICS=1 -D__STDC_WANT_IEC_60559_ATTRIBS_EXT__=1 -D__STDC_WANT_IEC_60559_BFP_EXT__=1 -D__STDC_WANT_IEC_60559_DFP_EXT__=1 -D__STDC_WANT_IEC_60559_FUNCS_EXT__=1 -D__STDC_WANT_IEC_60559_TYPES_EXT__=1 -D__STDC_WANT_LIB_EXT2__=1 -D__STDC_WANT_MATH_SPEC_FUNCS__=1 -D_TANDEM_SOURCE=1 -D__EXTENSIONS__=1 -DHAVE_DLFCN_H=1 -DLT_OBJDIR=\".libs/\" -DHAVE_USHORT_TYPEDEF=1 -DHAVE_ULONG_TYPEDEF=1 -DLITTLE_ENDIAN_HOST=1 -DHAVE_GETOPT=1 -DHAVE_GETTIMEOFDAY=1 -DHAVE_PREAD=1 -DHAVE_VASPRINTF=1 -DHAVE_VSNPRINTF=1 -DHAVE_VSPRINTF=1 -DHAVE_GETHOSTBYNAME=1 -DHAVE_GETHOSTBYNAME_R=1 -DGETHOSTBYNAME_R_RETURNS_INT=1 -DHAVE_MEMSET=1 -DHAVE_MEMCHR=1 -DHAVE_MUNMAP=1 -DHAVE_STRRCHR=1 -DHAVE_SOCKET=1 -DHAVE_STRCHR=1 -DHAVE_STRDUP=1 -DHAVE_STRSTR=1 -DHAVE_MALLOC=1 -DHAVE_REALLOC=1 -DHAVE_GETPAGESIZE=1 -DHAVE_MMAP=1 -I.  -I../libGeoIP -DSRCDIR=\"..\" -Wall   -O2 -pipe -mcpu=power8 -mabi=altivec -maltivec -MT test-geoip-city.o -MD -MP -MF .deps/test-geoip-city.Tpo -c -o test-geoip-city.o test-geoip-city.c
gcc -DPACKAGE_NAME=\"GeoIP\" -DPACKAGE_TARNAME=\"GeoIP\" -DPACKAGE_VERSION=\"1.6.12\" -DPACKAGE_STRING=\"GeoIP\ 1.6.12\" -DPACKAGE_BUGREPORT=\"support@maxmind.com\" -DPACKAGE_URL=\"\" -DPACKAGE=\"GeoIP\" -DVERSION=\"1.6.12\" -DHAVE_STDIO_H=1 -DHAVE_STDLIB_H=1 -DHAVE_STRING_H=1 -DHAVE_INTTYPES_H=1 -DHAVE_STDINT_H=1 -DHAVE_STRINGS_H=1 -DHAVE_SYS_STAT_H=1 -DHAVE_SYS_TYPES_H=1 -DHAVE_UNISTD_H=1 -DHAVE_WCHAR_H=1 -DHAVE_SYS_PARAM_H=1 -DSTDC_HEADERS=1 -D_ALL_SOURCE=1 -D_DARWIN_C_SOURCE=1 -D_GNU_SOURCE=1 -D_HPUX_ALT_XOPEN_SOCKET_API=1 -D_NETBSD_SOURCE=1 -D_OPENBSD_SOURCE=1 -D_POSIX_PTHREAD_SEMANTICS=1 -D__STDC_WANT_IEC_60559_ATTRIBS_EXT__=1 -D__STDC_WANT_IEC_60559_BFP_EXT__=1 -D__STDC_WANT_IEC_60559_DFP_EXT__=1 -D__STDC_WANT_IEC_60559_FUNCS_EXT__=1 -D__STDC_WANT_IEC_60559_TYPES_EXT__=1 -D__STDC_WANT_LIB_EXT2__=1 -D__STDC_WANT_MATH_SPEC_FUNCS__=1 -D_TANDEM_SOURCE=1 -D__EXTENSIONS__=1 -DHAVE_DLFCN_H=1 -DLT_OBJDIR=\".libs/\" -DHAVE_USHORT_TYPEDEF=1 -DHAVE_ULONG_TYPEDEF=1 -DLITTLE_ENDIAN_HOST=1 -DHAVE_GETOPT=1 -DHAVE_GETTIMEOFDAY=1 -DHAVE_PREAD=1 -DHAVE_VASPRINTF=1 -DHAVE_VSNPRINTF=1 -DHAVE_VSPRINTF=1 -DHAVE_GETHOSTBYNAME=1 -DHAVE_GETHOSTBYNAME_R=1 -DGETHOSTBYNAME_R_RETURNS_INT=1 -DHAVE_MEMSET=1 -DHAVE_MEMCHR=1 -DHAVE_MUNMAP=1 -DHAVE_STRRCHR=1 -DHAVE_SOCKET=1 -DHAVE_STRCHR=1 -DHAVE_STRDUP=1 -DHAVE_STRSTR=1 -DHAVE_MALLOC=1 -DHAVE_REALLOC=1 -DHAVE_GETPAGESIZE=1 -DHAVE_MMAP=1 -I.  -I../libGeoIP -DSRCDIR=\"..\" -Wall   -O2 -pipe -mcpu=power8 -mabi=altivec -maltivec -MT test-geoip-org.o -MD -MP -MF .deps/test-geoip-org.Tpo -c -o test-geoip-org.o test-geoip-org.c
gcc -DPACKAGE_NAME=\"GeoIP\" -DPACKAGE_TARNAME=\"GeoIP\" -DPACKAGE_VERSION=\"1.6.12\" -DPACKAGE_STRING=\"GeoIP\ 1.6.12\" -DPACKAGE_BUGREPORT=\"support@maxmind.com\" -DPACKAGE_URL=\"\" -DPACKAGE=\"GeoIP\" -DVERSION=\"1.6.12\" -DHAVE_STDIO_H=1 -DHAVE_STDLIB_H=1 -DHAVE_STRING_H=1 -DHAVE_INTTYPES_H=1 -DHAVE_STDINT_H=1 -DHAVE_STRINGS_H=1 -DHAVE_SYS_STAT_H=1 -DHAVE_SYS_TYPES_H=1 -DHAVE_UNISTD_H=1 -DHAVE_WCHAR_H=1 -DHAVE_SYS_PARAM_H=1 -DSTDC_HEADERS=1 -D_ALL_SOURCE=1 -D_DARWIN_C_SOURCE=1 -D_GNU_SOURCE=1 -D_HPUX_ALT_XOPEN_SOCKET_API=1 -D_NETBSD_SOURCE=1 -D_OPENBSD_SOURCE=1 -D_POSIX_PTHREAD_SEMANTICS=1 -D__STDC_WANT_IEC_60559_ATTRIBS_EXT__=1 -D__STDC_WANT_IEC_60559_BFP_EXT__=1 -D__STDC_WANT_IEC_60559_DFP_EXT__=1 -D__STDC_WANT_IEC_60559_FUNCS_EXT__=1 -D__STDC_WANT_IEC_60559_TYPES_EXT__=1 -D__STDC_WANT_LIB_EXT2__=1 -D__STDC_WANT_MATH_SPEC_FUNCS__=1 -D_TANDEM_SOURCE=1 -D__EXTENSIONS__=1 -DHAVE_DLFCN_H=1 -DLT_OBJDIR=\".libs/\" -DHAVE_USHORT_TYPEDEF=1 -DHAVE_ULONG_TYPEDEF=1 -DLITTLE_ENDIAN_HOST=1 -DHAVE_GETOPT=1 -DHAVE_GETTIMEOFDAY=1 -DHAVE_PREAD=1 -DHAVE_VASPRINTF=1 -DHAVE_VSNPRINTF=1 -DHAVE_VSPRINTF=1 -DHAVE_GETHOSTBYNAME=1 -DHAVE_GETHOSTBYNAME_R=1 -DGETHOSTBYNAME_R_RETURNS_INT=1 -DHAVE_MEMSET=1 -DHAVE_MEMCHR=1 -DHAVE_MUNMAP=1 -DHAVE_STRRCHR=1 -DHAVE_SOCKET=1 -DHAVE_STRCHR=1 -DHAVE_STRDUP=1 -DHAVE_STRSTR=1 -DHAVE_MALLOC=1 -DHAVE_REALLOC=1 -DHAVE_GETPAGESIZE=1 -DHAVE_MMAP=1 -I.  -I../libGeoIP -DSRCDIR=\"..\" -Wall   -O2 -pipe -mcpu=power8 -mabi=altivec -maltivec -MT test-geoip-domain.o -MD -MP -MF .deps/test-geoip-domain.Tpo -c -o test-geoip-domain.o test-geoip-domain.c
gcc -DPACKAGE_NAME=\"GeoIP\" -DPACKAGE_TARNAME=\"GeoIP\" -DPACKAGE_VERSION=\"1.6.12\" -DPACKAGE_STRING=\"GeoIP\ 1.6.12\" -DPACKAGE_BUGREPORT=\"support@maxmind.com\" -DPACKAGE_URL=\"\" -DPACKAGE=\"GeoIP\" -DVERSION=\"1.6.12\" -DHAVE_STDIO_H=1 -DHAVE_STDLIB_H=1 -DHAVE_STRING_H=1 -DHAVE_INTTYPES_H=1 -DHAVE_STDINT_H=1 -DHAVE_STRINGS_H=1 -DHAVE_SYS_STAT_H=1 -DHAVE_SYS_TYPES_H=1 -DHAVE_UNISTD_H=1 -DHAVE_WCHAR_H=1 -DHAVE_SYS_PARAM_H=1 -DSTDC_HEADERS=1 -D_ALL_SOURCE=1 -D_DARWIN_C_SOURCE=1 -D_GNU_SOURCE=1 -D_HPUX_ALT_XOPEN_SOCKET_API=1 -D_NETBSD_SOURCE=1 -D_OPENBSD_SOURCE=1 -D_POSIX_PTHREAD_SEMANTICS=1 -D__STDC_WANT_IEC_60559_ATTRIBS_EXT__=1 -D__STDC_WANT_IEC_60559_BFP_EXT__=1 -D__STDC_WANT_IEC_60559_DFP_EXT__=1 -D__STDC_WANT_IEC_60559_FUNCS_EXT__=1 -D__STDC_WANT_IEC_60559_TYPES_EXT__=1 -D__STDC_WANT_LIB_EXT2__=1 -D__STDC_WANT_MATH_SPEC_FUNCS__=1 -D_TANDEM_SOURCE=1 -D__EXTENSIONS__=1 -DHAVE_DLFCN_H=1 -DLT_OBJDIR=\".libs/\" -DHAVE_USHORT_TYPEDEF=1 -DHAVE_ULONG_TYPEDEF=1 -DLITTLE_ENDIAN_HOST=1 -DHAVE_GETOPT=1 -DHAVE_GETTIMEOFDAY=1 -DHAVE_PREAD=1 -DHAVE_VASPRINTF=1 -DHAVE_VSNPRINTF=1 -DHAVE_VSPRINTF=1 -DHAVE_GETHOSTBYNAME=1 -DHAVE_GETHOSTBYNAME_R=1 -DGETHOSTBYNAME_R_RETURNS_INT=1 -DHAVE_MEMSET=1 -DHAVE_MEMCHR=1 -DHAVE_MUNMAP=1 -DHAVE_STRRCHR=1 -DHAVE_SOCKET=1 -DHAVE_STRCHR=1 -DHAVE_STRDUP=1 -DHAVE_STRSTR=1 -DHAVE_MALLOC=1 -DHAVE_REALLOC=1 -DHAVE_GETPAGESIZE=1 -DHAVE_MMAP=1 -I.  -I../libGeoIP -DSRCDIR=\"..\" -Wall   -O2 -pipe -mcpu=power8 -mabi=altivec -maltivec -MT test-geoip-asnum.o -MD -MP -MF .deps/test-geoip-asnum.Tpo -c -o test-geoip-asnum.o test-geoip-asnum.c
mv -f .deps/test-geoip-asnum.Tpo .deps/test-geoip-asnum.Po
gcc -DPACKAGE_NAME=\"GeoIP\" -DPACKAGE_TARNAME=\"GeoIP\" -DPACKAGE_VERSION=\"1.6.12\" -DPACKAGE_STRING=\"GeoIP\ 1.6.12\" -DPACKAGE_BUGREPORT=\"support@maxmind.com\" -DPACKAGE_URL=\"\" -DPACKAGE=\"GeoIP\" -DVERSION=\"1.6.12\" -DHAVE_STDIO_H=1 -DHAVE_STDLIB_H=1 -DHAVE_STRING_H=1 -DHAVE_INTTYPES_H=1 -DHAVE_STDINT_H=1 -DHAVE_STRINGS_H=1 -DHAVE_SYS_STAT_H=1 -DHAVE_SYS_TYPES_H=1 -DHAVE_UNISTD_H=1 -DHAVE_WCHAR_H=1 -DHAVE_SYS_PARAM_H=1 -DSTDC_HEADERS=1 -D_ALL_SOURCE=1 -D_DARWIN_C_SOURCE=1 -D_GNU_SOURCE=1 -D_HPUX_ALT_XOPEN_SOCKET_API=1 -D_NETBSD_SOURCE=1 -D_OPENBSD_SOURCE=1 -D_POSIX_PTHREAD_SEMANTICS=1 -D__STDC_WANT_IEC_60559_ATTRIBS_EXT__=1 -D__STDC_WANT_IEC_60559_BFP_EXT__=1 -D__STDC_WANT_IEC_60559_DFP_EXT__=1 -D__STDC_WANT_IEC_60559_FUNCS_EXT__=1 -D__STDC_WANT_IEC_60559_TYPES_EXT__=1 -D__STDC_WANT_LIB_EXT2__=1 -D__STDC_WANT_MATH_SPEC_FUNCS__=1 -D_TANDEM_SOURCE=1 -D__EXTENSIONS__=1 -DHAVE_DLFCN_H=1 -DLT_OBJDIR=\".libs/\" -DHAVE_USHORT_TYPEDEF=1 -DHAVE_ULONG_TYPEDEF=1 -DLITTLE_ENDIAN_HOST=1 -DHAVE_GETOPT=1 -DHAVE_GETTIMEOFDAY=1 -DHAVE_PREAD=1 -DHAVE_VASPRINTF=1 -DHAVE_VSNPRINTF=1 -DHAVE_VSPRINTF=1 -DHAVE_GETHOSTBYNAME=1 -DHAVE_GETHOSTBYNAME_R=1 -DGETHOSTBYNAME_R_RETURNS_INT=1 -DHAVE_MEMSET=1 -DHAVE_MEMCHR=1 -DHAVE_MUNMAP=1 -DHAVE_STRRCHR=1 -DHAVE_SOCKET=1 -DHAVE_STRCHR=1 -DHAVE_STRDUP=1 -DHAVE_STRSTR=1 -DHAVE_MALLOC=1 -DHAVE_REALLOC=1 -DHAVE_GETPAGESIZE=1 -DHAVE_MMAP=1 -I.  -I../libGeoIP -DSRCDIR=\"..\" -Wall   -O2 -pipe -mcpu=power8 -mabi=altivec -maltivec -MT test-geoip-isp.o -MD -MP -MF .deps/test-geoip-isp.Tpo -c -o test-geoip-isp.o test-geoip-isp.c
mv -f .deps/test-geoip-domain.Tpo .deps/test-geoip-domain.Po
mv -f .deps/test-geoip-region.Tpo .deps/test-geoip-region.Po
gcc -DPACKAGE_NAME=\"GeoIP\" -DPACKAGE_TARNAME=\"GeoIP\" -DPACKAGE_VERSION=\"1.6.12\" -DPACKAGE_STRING=\"GeoIP\ 1.6.12\" -DPACKAGE_BUGREPORT=\"support@maxmind.com\" -DPACKAGE_URL=\"\" -DPACKAGE=\"GeoIP\" -DVERSION=\"1.6.12\" -DHAVE_STDIO_H=1 -DHAVE_STDLIB_H=1 -DHAVE_STRING_H=1 -DHAVE_INTTYPES_H=1 -DHAVE_STDINT_H=1 -DHAVE_STRINGS_H=1 -DHAVE_SYS_STAT_H=1 -DHAVE_SYS_TYPES_H=1 -DHAVE_UNISTD_H=1 -DHAVE_WCHAR_H=1 -DHAVE_SYS_PARAM_H=1 -DSTDC_HEADERS=1 -D_ALL_SOURCE=1 -D_DARWIN_C_SOURCE=1 -D_GNU_SOURCE=1 -D_HPUX_ALT_XOPEN_SOCKET_API=1 -D_NETBSD_SOURCE=1 -D_OPENBSD_SOURCE=1 -D_POSIX_PTHREAD_SEMANTICS=1 -D__STDC_WANT_IEC_60559_ATTRIBS_EXT__=1 -D__STDC_WANT_IEC_60559_BFP_EXT__=1 -D__STDC_WANT_IEC_60559_DFP_EXT__=1 -D__STDC_WANT_IEC_60559_FUNCS_EXT__=1 -D__STDC_WANT_IEC_60559_TYPES_EXT__=1 -D__STDC_WANT_LIB_EXT2__=1 -D__STDC_WANT_MATH_SPEC_FUNCS__=1 -D_TANDEM_SOURCE=1 -D__EXTENSIONS__=1 -DHAVE_DLFCN_H=1 -DLT_OBJDIR=\".libs/\" -DHAVE_USHORT_TYPEDEF=1 -DHAVE_ULONG_TYPEDEF=1 -DLITTLE_ENDIAN_HOST=1 -DHAVE_GETOPT=1 -DHAVE_GETTIMEOFDAY=1 -DHAVE_PREAD=1 -DHAVE_VASPRINTF=1 -DHAVE_VSNPRINTF=1 -DHAVE_VSPRINTF=1 -DHAVE_GETHOSTBYNAME=1 -DHAVE_GETHOSTBYNAME_R=1 -DGETHOSTBYNAME_R_RETURNS_INT=1 -DHAVE_MEMSET=1 -DHAVE_MEMCHR=1 -DHAVE_MUNMAP=1 -DHAVE_STRRCHR=1 -DHAVE_SOCKET=1 -DHAVE_STRCHR=1 -DHAVE_STRDUP=1 -DHAVE_STRSTR=1 -DHAVE_MALLOC=1 -DHAVE_REALLOC=1 -DHAVE_GETPAGESIZE=1 -DHAVE_MMAP=1 -I.  -I../libGeoIP -DSRCDIR=\"..\" -Wall   -O2 -pipe -mcpu=power8 -mabi=altivec -maltivec -MT test-geoip-netspeed.o -MD -MP -MF .deps/test-geoip-netspeed.Tpo -c -o test-geoip-netspeed.o test-geoip-netspeed.c
/bin/sh ../libtool  --tag=CC   --mode=link gcc  -O2 -pipe -mcpu=power8 -mabi=altivec -maltivec  -Wl,-O1,--sort-common,--as-needed,-z,relro,-z,now -o test-geoip-region test-geoip-region.o ../libGeoIP/libGeoIP.la 
mv -f .deps/test-geoip-city.Tpo .deps/test-geoip-city.Po
mv -f .deps/test-geoip-org.Tpo .deps/test-geoip-org.Po
/bin/sh ../libtool  --tag=CC   --mode=link gcc  -O2 -pipe -mcpu=power8 -mabi=altivec -maltivec  -Wl,-O1,--sort-common,--as-needed,-z,relro,-z,now -o test-geoip-domain test-geoip-domain.o ../libGeoIP/libGeoIP.la 
mv -f .deps/benchmark.Tpo .deps/benchmark.Po
/bin/sh ../libtool  --tag=CC   --mode=link gcc  -O2 -pipe -mcpu=power8 -mabi=altivec -maltivec  -Wl,-O1,--sort-common,--as-needed,-z,relro,-z,now -o test-geoip-asnum test-geoip-asnum.o ../libGeoIP/libGeoIP.la 
/bin/sh ../libtool  --tag=CC   --mode=link gcc  -O2 -pipe -mcpu=power8 -mabi=altivec -maltivec  -Wl,-O1,--sort-common,--as-needed,-z,relro,-z,now -o benchmark benchmark.o ../libGeoIP/libGeoIP.la 
mv -f .deps/test-geoip-isp.Tpo .deps/test-geoip-isp.Po
/bin/sh ../libtool  --tag=CC   --mode=link gcc  -O2 -pipe -mcpu=power8 -mabi=altivec -maltivec  -Wl,-O1,--sort-common,--as-needed,-z,relro,-z,now -o test-geoip-city test-geoip-city.o ../libGeoIP/libGeoIP.la 
mv -f .deps/test-geoip-netspeed.Tpo .deps/test-geoip-netspeed.Po
/bin/sh ../libtool  --tag=CC   --mode=link gcc  -O2 -pipe -mcpu=power8 -mabi=altivec -maltivec  -Wl,-O1,--sort-common,--as-needed,-z,relro,-z,now -o test-geoip-org test-geoip-org.o ../libGeoIP/libGeoIP.la 
libtool: link: gcc -O2 -pipe -mcpu=power8 -mabi=altivec -maltivec -Wl,-O1 -Wl,--sort-common -Wl,--as-needed -Wl,-z -Wl,relro -Wl,-z -Wl,now -o .libs/test-geoip-region test-geoip-region.o  ../libGeoIP/.libs/libGeoIP.so
libtool: link: gcc -O2 -pipe -mcpu=power8 -mabi=altivec -maltivec -Wl,-O1 -Wl,--sort-common -Wl,--as-needed -Wl,-z -Wl,relro -Wl,-z -Wl,now -o .libs/benchmark benchmark.o  ../libGeoIP/.libs/libGeoIP.so
libtool: link: gcc -O2 -pipe -mcpu=power8 -mabi=altivec -maltivec -Wl,-O1 -Wl,--sort-common -Wl,--as-needed -Wl,-z -Wl,relro -Wl,-z -Wl,now -o .libs/test-geoip-city test-geoip-city.o  ../libGeoIP/.libs/libGeoIP.so
libtool: link: gcc -O2 -pipe -mcpu=power8 -mabi=altivec -maltivec -Wl,-O1 -Wl,--sort-common -Wl,--as-needed -Wl,-z -Wl,relro -Wl,-z -Wl,now -o .libs/test-geoip-domain test-geoip-domain.o  ../libGeoIP/.libs/libGeoIP.so
/bin/sh ../libtool  --tag=CC   --mode=link gcc  -O2 -pipe -mcpu=power8 -mabi=altivec -maltivec  -Wl,-O1,--sort-common,--as-needed,-z,relro,-z,now -o test-geoip-isp test-geoip-isp.o ../libGeoIP/libGeoIP.la 
libtool: link: gcc -O2 -pipe -mcpu=power8 -mabi=altivec -maltivec -Wl,-O1 -Wl,--sort-common -Wl,--as-needed -Wl,-z -Wl,relro -Wl,-z -Wl,now -o .libs/test-geoip-org test-geoip-org.o  ../libGeoIP/.libs/libGeoIP.so
libtool: link: gcc -O2 -pipe -mcpu=power8 -mabi=altivec -maltivec -Wl,-O1 -Wl,--sort-common -Wl,--as-needed -Wl,-z -Wl,relro -Wl,-z -Wl,now -o .libs/test-geoip-asnum test-geoip-asnum.o  ../libGeoIP/.libs/libGeoIP.so
/bin/sh ../libtool  --tag=CC   --mode=link gcc  -O2 -pipe -mcpu=power8 -mabi=altivec -maltivec  -Wl,-O1,--sort-common,--as-needed,-z,relro,-z,now -o test-geoip-netspeed test-geoip-netspeed.o ../libGeoIP/libGeoIP.la 
libtool: link: gcc -O2 -pipe -mcpu=power8 -mabi=altivec -maltivec -Wl,-O1 -Wl,--sort-common -Wl,--as-needed -Wl,-z -Wl,relro -Wl,-z -Wl,now -o .libs/test-geoip-isp test-geoip-isp.o  ../libGeoIP/.libs/libGeoIP.so
libtool: link: gcc -O2 -pipe -mcpu=power8 -mabi=altivec -maltivec -Wl,-O1 -Wl,--sort-common -Wl,--as-needed -Wl,-z -Wl,relro -Wl,-z -Wl,now -o .libs/test-geoip-netspeed test-geoip-netspeed.o  ../libGeoIP/.libs/libGeoIP.so
make[1]: Leaving directory '/build/geoip/src/geoip-api-c-1.6.12/test'
Making all in man
make[1]: Entering directory '/build/geoip/src/geoip-api-c-1.6.12/man'
rm -f geoiplookup6.1 geoiplookup6.1.tmp
rm -f geoiplookup.1 geoiplookup.1.tmp
sed -e 's|DATADIR|/usr/share/GeoIP|g' -e 's|CONF_DIR|/etc/geoip|g' './geoiplookup6.1.in' >geoiplookup6.1.tmp
sed -e 's|DATADIR|/usr/share/GeoIP|g' -e 's|CONF_DIR|/etc/geoip|g' './geoiplookup.1.in' >geoiplookup.1.tmp
mv geoiplookup.1.tmp geoiplookup.1
mv geoiplookup6.1.tmp geoiplookup6.1
make[1]: Leaving directory '/build/geoip/src/geoip-api-c-1.6.12/man'
make[1]: Entering directory '/build/geoip/src/geoip-api-c-1.6.12'
make[1]: Nothing to be done for 'all-am'.
make[1]: Leaving directory '/build/geoip/src/geoip-api-c-1.6.12'
