autoreconf: export WARNINGS=
autoreconf: Entering directory '.'
autoreconf: configure.ac: not using Gettext
autoreconf: running: aclocal --force -I m4
autoreconf: configure.ac: tracing
autoreconf: running: libtoolize --copy --force
libtoolize: putting auxiliary files in AC_CONFIG_AUX_DIR, '.'.
libtoolize: copying file './ltmain.sh'
libtoolize: putting macros in AC_CONFIG_MACRO_DIRS, 'm4'.
libtoolize: copying file 'm4/libtool.m4'
libtoolize: copying file 'm4/ltoptions.m4'
libtoolize: copying file 'm4/ltsugar.m4'
libtoolize: copying file 'm4/ltversion.m4'
libtoolize: copying file 'm4/lt~obsolete.m4'
autoreconf: configure.ac: not using Intltool
autoreconf: configure.ac: not using Gtkdoc
autoreconf: running: aclocal --force -I m4
autoreconf: running: /usr/bin/autoconf --force
configure.ac:9: warning: The macro `AC_GNU_SOURCE' is obsolete.
configure.ac:9: You should run autoupdate.
./lib/autoconf/specific.m4:312: AC_GNU_SOURCE is expanded from...
configure.ac:9: the top level
configure.ac:14: warning: The macro `AC_PROG_LIBTOOL' is obsolete.
configure.ac:14: You should run autoupdate.
m4/libtool.m4:99: AC_PROG_LIBTOOL is expanded from...
configure.ac:14: the top level
configure.ac:69: warning: AC_OUTPUT should be used without arguments.
configure.ac:69: You should run autoupdate.
configure.ac:69: warning: AC_C_BIGENDIAN should be used with AC_CONFIG_HEADERS
autoreconf: configure.ac: not using Autoheader
autoreconf: running: automake --add-missing --copy --force-missing
configure.ac:9: installing './compile'
configure.ac:14: installing './config.guess'
configure.ac:14: installing './config.sub'
configure.ac:8: installing './install-sh'
configure.ac:8: installing './missing'
apps/Makefile.am: installing './depcomp'
parallel-tests: installing './test-driver'
autoreconf: './config.sub' is updated
autoreconf: './config.guess' is updated
autoreconf: Leaving directory '.'
