==> Synchronizing chroot copy [/home/buildbot/archpower/espresso-2/root] -> [buildbot-21603]...done
:: Synchronizing package databases...
 testing-any downloading...
 testing downloading...
 base-any downloading...
 base downloading...
:: Starting full system upgrade...
 there is nothing to do
==> Making package: ruby-decode 0.22.0-4 (Thu Apr 24 10:23:46 2025)
==> Retrieving sources...
  -> Downloading ruby-decode-0.22.0.tar.gz...
  % Total    % Received % Xferd  Average Speed   Time    Time     Time  Current
                                 Dload  Upload   Total   Spent    Left  Speed

  0     0    0     0    0     0      0      0 --:--:-- --:--:-- --:--:--     0
  0     0    0     0    0     0      0      0 --:--:-- --:--:-- --:--:--     0
  0     0    0     0    0     0      0      0 --:--:-- --:--:-- --:--:--     0

100 24167    0 24167    0     0  50023      0 --:--:-- --:--:-- --:--:-- 50023
==> Validating source files with sha512sums...
    ruby-decode-0.22.0.tar.gz ... Passed
==> Validating source files with b2sums...
    ruby-decode-0.22.0.tar.gz ... Passed
==> Making package: ruby-decode 0.22.0-4 (Thu Apr 24 10:23:50 2025)
==> Checking runtime dependencies...
==> Installing missing dependencies...
resolving dependencies...
looking for conflicting packages...
warning: dependency cycle detected:
warning: rubygems will be installed before its ruby dependency

Packages (6) libyaml-0.2.5-3  ruby-ast-2.4.2-6  ruby-racc-1.8.1-1  rubygems-3.6.7-1.2  ruby-3.4.3-2  ruby-parser-3.3.7.3-2

Total Download Size:    1.44 MiB
Total Installed Size:  36.20 MiB

:: Proceed with installation? [Y/n] 
:: Retrieving packages...
 ruby-parser-3.3.7.3-2-any downloading...
 ruby-ast-2.4.2-6-any downloading...
checking keyring...
checking package integrity...
loading package files...
checking for file conflicts...
checking available disk space...
:: Processing package changes...
installing libyaml...
installing rubygems...
installing ruby...
Optional dependencies for ruby
    tk: for Ruby/TK
    ruby-docs: Documentation for Ruby
    ruby-default-gems: Default gems which are part of Ruby StdLib
    ruby-bundled-gems: Bundled gems which are part of Ruby StdLib
    ruby-stdlib: Full Ruby StdLib including default gems, bundled gems and tools
installing ruby-ast...
installing ruby-racc...
installing ruby-parser...
:: Running post-transaction hooks...
(1/1) Arming ConditionNeedsUpdate...
==> Checking buildtime dependencies...
==> Installing missing dependencies...
resolving dependencies...
looking for conflicting packages...

Packages (2) ruby-erb-4.0.4-9.1  ruby-rdoc-6.10.0-57.1

Total Installed Size:  3.31 MiB

:: Proceed with installation? [Y/n] 
checking keyring...
checking package integrity...
loading package files...
checking for file conflicts...
checking available disk space...
:: Processing package changes...
installing ruby-erb...
installing ruby-rdoc...
:: Running post-transaction hooks...
(1/1) Arming ConditionNeedsUpdate...
==> Retrieving sources...
  -> Found ruby-decode-0.22.0.tar.gz
==> WARNING: Skipping all source file integrity checks.
==> Extracting sources...
  -> Extracting ruby-decode-0.22.0.tar.gz with bsdtar
==> Starting prepare()...
==> Starting build()...
WARNING:  open-ended dependency on parser (>= 0) is not recommended
  use a bounded requirement, such as "~> x.y"
WARNING:  See https://guides.rubygems.org/specification-reference/ for help
  Successfully built RubyGem
  Name: decode
  Version: 0.22.0
  File: decode-0.22.0.gem
/build/ruby-decode/src/decode-0.22.0/tmp_install/usr/lib/ruby/gems/3.4.0/gems/decode-0.22.0/bake/decode/index.rb
/build/ruby-decode/src/decode-0.22.0/tmp_install/usr/lib/ruby/gems/3.4.0/gems/decode-0.22.0/lib/decode.rb
/build/ruby-decode/src/decode-0.22.0/tmp_install/usr/lib/ruby/gems/3.4.0/gems/decode-0.22.0/lib/decode/comment/attribute.rb
/build/ruby-decode/src/decode-0.22.0/tmp_install/usr/lib/ruby/gems/3.4.0/gems/decode-0.22.0/lib/decode/comment/node.rb
/build/ruby-decode/src/decode-0.22.0/tmp_install/usr/lib/ruby/gems/3.4.0/gems/decode-0.22.0/lib/decode/comment/option.rb
/build/ruby-decode/src/decode-0.22.0/tmp_install/usr/lib/ruby/gems/3.4.0/gems/decode-0.22.0/lib/decode/comment/parameter.rb
/build/ruby-decode/src/decode-0.22.0/tmp_install/usr/lib/ruby/gems/3.4.0/gems/decode-0.22.0/lib/decode/comment/pragma.rb
/build/ruby-decode/src/decode-0.22.0/tmp_install/usr/lib/ruby/gems/3.4.0/gems/decode-0.22.0/lib/decode/comment/raises.rb
/build/ruby-decode/src/decode-0.22.0/tmp_install/usr/lib/ruby/gems/3.4.0/gems/decode-0.22.0/lib/decode/comment/returns.rb
/build/ruby-decode/src/decode-0.22.0/tmp_install/usr/lib/ruby/gems/3.4.0/gems/decode-0.22.0/lib/decode/comment/tag.rb
/build/ruby-decode/src/decode-0.22.0/tmp_install/usr/lib/ruby/gems/3.4.0/gems/decode-0.22.0/lib/decode/comment/tags.rb
/build/ruby-decode/src/decode-0.22.0/tmp_install/usr/lib/ruby/gems/3.4.0/gems/decode-0.22.0/lib/decode/comment/text.rb
/build/ruby-decode/src/decode-0.22.0/tmp_install/usr/lib/ruby/gems/3.4.0/gems/decode-0.22.0/lib/decode/comment/throws.rb
/build/ruby-decode/src/decode-0.22.0/tmp_install/usr/lib/ruby/gems/3.4.0/gems/decode-0.22.0/lib/decode/comment/yields.rb
/build/ruby-decode/src/decode-0.22.0/tmp_install/usr/lib/ruby/gems/3.4.0/gems/decode-0.22.0/lib/decode/definition.rb
/build/ruby-decode/src/decode-0.22.0/tmp_install/usr/lib/ruby/gems/3.4.0/gems/decode-0.22.0/lib/decode/documentation.rb
/build/ruby-decode/src/decode-0.22.0/tmp_install/usr/lib/ruby/gems/3.4.0/gems/decode-0.22.0/lib/decode/index.rb
/build/ruby-decode/src/decode-0.22.0/tmp_install/usr/lib/ruby/gems/3.4.0/gems/decode-0.22.0/lib/decode/language.rb
/build/ruby-decode/src/decode-0.22.0/tmp_install/usr/lib/ruby/gems/3.4.0/gems/decode-0.22.0/lib/decode/language/generic.rb
/build/ruby-decode/src/decode-0.22.0/tmp_install/usr/lib/ruby/gems/3.4.0/gems/decode-0.22.0/lib/decode/language/reference.rb
/build/ruby-decode/src/decode-0.22.0/tmp_install/usr/lib/ruby/gems/3.4.0/gems/decode-0.22.0/lib/decode/language/ruby.rb
/build/ruby-decode/src/decode-0.22.0/tmp_install/usr/lib/ruby/gems/3.4.0/gems/decode-0.22.0/lib/decode/language/ruby/attribute.rb
/build/ruby-decode/src/decode-0.22.0/tmp_install/usr/lib/ruby/gems/3.4.0/gems/decode-0.22.0/lib/decode/language/ruby/block.rb
/build/ruby-decode/src/decode-0.22.0/tmp_install/usr/lib/ruby/gems/3.4.0/gems/decode-0.22.0/lib/decode/language/ruby/call.rb
/build/ruby-decode/src/decode-0.22.0/tmp_install/usr/lib/ruby/gems/3.4.0/gems/decode-0.22.0/lib/decode/language/ruby/class.rb
/build/ruby-decode/src/decode-0.22.0/tmp_install/usr/lib/ruby/gems/3.4.0/gems/decode-0.22.0/lib/decode/language/ruby/code.rb
/build/ruby-decode/src/decode-0.22.0/tmp_install/usr/lib/ruby/gems/3.4.0/gems/decode-0.22.0/lib/decode/language/ruby/constant.rb
/build/ruby-decode/src/decode-0.22.0/tmp_install/usr/lib/ruby/gems/3.4.0/gems/decode-0.22.0/lib/decode/language/ruby/definition.rb
/build/ruby-decode/src/decode-0.22.0/tmp_install/usr/lib/ruby/gems/3.4.0/gems/decode-0.22.0/lib/decode/language/ruby/function.rb
/build/ruby-decode/src/decode-0.22.0/tmp_install/usr/lib/ruby/gems/3.4.0/gems/decode-0.22.0/lib/decode/language/ruby/generic.rb
/build/ruby-decode/src/decode-0.22.0/tmp_install/usr/lib/ruby/gems/3.4.0/gems/decode-0.22.0/lib/decode/language/ruby/method.rb
/build/ruby-decode/src/decode-0.22.0/tmp_install/usr/lib/ruby/gems/3.4.0/gems/decode-0.22.0/lib/decode/language/ruby/module.rb
/build/ruby-decode/src/decode-0.22.0/tmp_install/usr/lib/ruby/gems/3.4.0/gems/decode-0.22.0/lib/decode/language/ruby/parser.rb
/build/ruby-decode/src/decode-0.22.0/tmp_install/usr/lib/ruby/gems/3.4.0/gems/decode-0.22.0/lib/decode/language/ruby/reference.rb
/build/ruby-decode/src/decode-0.22.0/tmp_install/usr/lib/ruby/gems/3.4.0/gems/decode-0.22.0/lib/decode/language/ruby/segment.rb
/build/ruby-decode/src/decode-0.22.0/tmp_install/usr/lib/ruby/gems/3.4.0/gems/decode-0.22.0/lib/decode/languages.rb
/build/ruby-decode/src/decode-0.22.0/tmp_install/usr/lib/ruby/gems/3.4.0/gems/decode-0.22.0/lib/decode/location.rb
/build/ruby-decode/src/decode-0.22.0/tmp_install/usr/lib/ruby/gems/3.4.0/gems/decode-0.22.0/lib/decode/scope.rb
/build/ruby-decode/src/decode-0.22.0/tmp_install/usr/lib/ruby/gems/3.4.0/gems/decode-0.22.0/lib/decode/segment.rb
/build/ruby-decode/src/decode-0.22.0/tmp_install/usr/lib/ruby/gems/3.4.0/gems/decode-0.22.0/lib/decode/source.rb
/build/ruby-decode/src/decode-0.22.0/tmp_install/usr/lib/ruby/gems/3.4.0/gems/decode-0.22.0/lib/decode/syntax/link.rb
/build/ruby-decode/src/decode-0.22.0/tmp_install/usr/lib/ruby/gems/3.4.0/gems/decode-0.22.0/lib/decode/syntax/match.rb
/build/ruby-decode/src/decode-0.22.0/tmp_install/usr/lib/ruby/gems/3.4.0/gems/decode-0.22.0/lib/decode/syntax/rewriter.rb
/build/ruby-decode/src/decode-0.22.0/tmp_install/usr/lib/ruby/gems/3.4.0/gems/decode-0.22.0/lib/decode/trie.rb
/build/ruby-decode/src/decode-0.22.0/tmp_install/usr/lib/ruby/gems/3.4.0/gems/decode-0.22.0/lib/decode/version.rb
/build/ruby-decode/src/decode-0.22.0/tmp_install/usr/lib/ruby/gems/3.4.0/gems/decode-0.22.0/license.md
/build/ruby-decode/src/decode-0.22.0/tmp_install/usr/lib/ruby/gems/3.4.0/gems/decode-0.22.0/readme.md
Successfully installed decode-0.22.0
Parsing documentation for decode-0.22.0
Parsing sources...
  2% [ 1/44]  lib/decode.rb
  4% [ 2/44]  lib/decode/comment/attribute.rb
  6% [ 3/44]  lib/decode/comment/node.rb
  9% [ 4/44]  lib/decode/comment/option.rb
 11% [ 5/44]  lib/decode/comment/parameter.rb
 13% [ 6/44]  lib/decode/comment/pragma.rb
 15% [ 7/44]  lib/decode/comment/raises.rb
 18% [ 8/44]  lib/decode/comment/returns.rb
 20% [ 9/44]  lib/decode/comment/tag.rb
 22% [10/44]  lib/decode/comment/tags.rb
 25% [11/44]  lib/decode/comment/text.rb
 27% [12/44]  lib/decode/comment/throws.rb
 29% [13/44]  lib/decode/comment/yields.rb
 31% [14/44]  lib/decode/definition.rb
 34% [15/44]  lib/decode/documentation.rb
 36% [16/44]  lib/decode/index.rb
 38% [17/44]  lib/decode/language.rb
 40% [18/44]  lib/decode/language/generic.rb
 43% [19/44]  lib/decode/language/reference.rb
 45% [20/44]  lib/decode/language/ruby.rb
 47% [21/44]  lib/decode/language/ruby/attribute.rb
 50% [22/44]  lib/decode/language/ruby/block.rb
 52% [23/44]  lib/decode/language/ruby/call.rb
 54% [24/44]  lib/decode/language/ruby/class.rb
 56% [25/44]  lib/decode/language/ruby/code.rb
 59% [26/44]  lib/decode/language/ruby/constant.rb
 61% [27/44]  lib/decode/language/ruby/definition.rb
 63% [28/44]  lib/decode/language/ruby/function.rb
 65% [29/44]  lib/decode/language/ruby/generic.rb
 68% [30/44]  lib/decode/language/ruby/method.rb
 70% [31/44]  lib/decode/language/ruby/module.rb
 72% [32/44]  lib/decode/language/ruby/parser.rb
 75% [33/44]  lib/decode/language/ruby/reference.rb
 77% [34/44]  lib/decode/language/ruby/segment.rb
 79% [35/44]  lib/decode/languages.rb
 81% [36/44]  lib/decode/location.rb
 84% [37/44]  lib/decode/scope.rb
 86% [38/44]  lib/decode/segment.rb
 88% [39/44]  lib/decode/source.rb
 90% [40/44]  lib/decode/syntax/link.rb
 93% [41/44]  lib/decode/syntax/match.rb
 95% [42/44]  lib/decode/syntax/rewriter.rb
 97% [43/44]  lib/decode/trie.rb
100% [44/44]  lib/decode/version.rb

Installing ri documentation for decode-0.22.0
Done installing documentation for decode after 0 seconds
1 gem installed
GET https://rubygems.org/latest_specs.4.8.gz
200 OK
GET https://rubygems.org/quick/Marshal.4.8/rubygems-update-3.6.8.gemspec.rz
200 OK

A new release of RubyGems is available: 3.6.7 → 3.6.8!
Run `gem update --system 3.6.8` to update your installation.

removed 'tmp_install/usr/lib/ruby/gems/3.4.0/cache/decode-0.22.0.gem'
removed directory 'tmp_install/usr/lib/ruby/gems/3.4.0/cache/'
==> Entering fakeroot environment...
==> Starting package()...
'tmp_install/usr' -> '/build/ruby-decode/pkg/ruby-decode/usr'
'tmp_install/usr/lib' -> '/build/ruby-decode/pkg/ruby-decode/usr/lib'
'tmp_install/usr/lib/ruby' -> '/build/ruby-decode/pkg/ruby-decode/usr/lib/ruby'
'tmp_install/usr/lib/ruby/gems' -> '/build/ruby-decode/pkg/ruby-decode/usr/lib/ruby/gems'
'tmp_install/usr/lib/ruby/gems/3.4.0' -> '/build/ruby-decode/pkg/ruby-decode/usr/lib/ruby/gems/3.4.0'
'tmp_install/usr/lib/ruby/gems/3.4.0/build_info' -> '/build/ruby-decode/pkg/ruby-decode/usr/lib/ruby/gems/3.4.0/build_info'
'tmp_install/usr/lib/ruby/gems/3.4.0/doc' -> '/build/ruby-decode/pkg/ruby-decode/usr/lib/ruby/gems/3.4.0/doc'
'tmp_install/usr/lib/ruby/gems/3.4.0/doc/decode-0.22.0' -> '/build/ruby-decode/pkg/ruby-decode/usr/lib/ruby/gems/3.4.0/doc/decode-0.22.0'
'tmp_install/usr/lib/ruby/gems/3.4.0/doc/decode-0.22.0/ri' -> '/build/ruby-decode/pkg/ruby-decode/usr/lib/ruby/gems/3.4.0/doc/decode-0.22.0/ri'
'tmp_install/usr/lib/ruby/gems/3.4.0/doc/decode-0.22.0/ri/Decode' -> '/build/ruby-decode/pkg/ruby-decode/usr/lib/ruby/gems/3.4.0/doc/decode-0.22.0/ri/Decode'
'tmp_install/usr/lib/ruby/gems/3.4.0/doc/decode-0.22.0/ri/Decode/Comment' -> '/build/ruby-decode/pkg/ruby-decode/usr/lib/ruby/gems/3.4.0/doc/decode-0.22.0/ri/Decode/Comment'
'tmp_install/usr/lib/ruby/gems/3.4.0/doc/decode-0.22.0/ri/Decode/Comment/Attribute' -> '/build/ruby-decode/pkg/ruby-decode/usr/lib/ruby/gems/3.4.0/doc/decode-0.22.0/ri/Decode/Comment/Attribute'
'tmp_install/usr/lib/ruby/gems/3.4.0/doc/decode-0.22.0/ri/Decode/Comment/Attribute/cdesc-Attribute.ri' -> '/build/ruby-decode/pkg/ruby-decode/usr/lib/ruby/gems/3.4.0/doc/decode-0.22.0/ri/Decode/Comment/Attribute/cdesc-Attribute.ri'
'tmp_install/usr/lib/ruby/gems/3.4.0/doc/decode-0.22.0/ri/Decode/Comment/Attribute/build-c.ri' -> '/build/ruby-decode/pkg/ruby-decode/usr/lib/ruby/gems/3.4.0/doc/decode-0.22.0/ri/Decode/Comment/Attribute/build-c.ri'
'tmp_install/usr/lib/ruby/gems/3.4.0/doc/decode-0.22.0/ri/Decode/Comment/Attribute/new-c.ri' -> '/build/ruby-decode/pkg/ruby-decode/usr/lib/ruby/gems/3.4.0/doc/decode-0.22.0/ri/Decode/Comment/Attribute/new-c.ri'
'tmp_install/usr/lib/ruby/gems/3.4.0/doc/decode-0.22.0/ri/Decode/Comment/Attribute/type-i.ri' -> '/build/ruby-decode/pkg/ruby-decode/usr/lib/ruby/gems/3.4.0/doc/decode-0.22.0/ri/Decode/Comment/Attribute/type-i.ri'
'tmp_install/usr/lib/ruby/gems/3.4.0/doc/decode-0.22.0/ri/Decode/Comment/Node' -> '/build/ruby-decode/pkg/ruby-decode/usr/lib/ruby/gems/3.4.0/doc/decode-0.22.0/ri/Decode/Comment/Node'
'tmp_install/usr/lib/ruby/gems/3.4.0/doc/decode-0.22.0/ri/Decode/Comment/Node/cdesc-Node.ri' -> '/build/ruby-decode/pkg/ruby-decode/usr/lib/ruby/gems/3.4.0/doc/decode-0.22.0/ri/Decode/Comment/Node/cdesc-Node.ri'
'tmp_install/usr/lib/ruby/gems/3.4.0/doc/decode-0.22.0/ri/Decode/Comment/Node/new-c.ri' -> '/build/ruby-decode/pkg/ruby-decode/usr/lib/ruby/gems/3.4.0/doc/decode-0.22.0/ri/Decode/Comment/Node/new-c.ri'
'tmp_install/usr/lib/ruby/gems/3.4.0/doc/decode-0.22.0/ri/Decode/Comment/Node/add-i.ri' -> '/build/ruby-decode/pkg/ruby-decode/usr/lib/ruby/gems/3.4.0/doc/decode-0.22.0/ri/Decode/Comment/Node/add-i.ri'
'tmp_install/usr/lib/ruby/gems/3.4.0/doc/decode-0.22.0/ri/Decode/Comment/Node/children%3f-i.ri' -> '/build/ruby-decode/pkg/ruby-decode/usr/lib/ruby/gems/3.4.0/doc/decode-0.22.0/ri/Decode/Comment/Node/children%3f-i.ri'
'tmp_install/usr/lib/ruby/gems/3.4.0/doc/decode-0.22.0/ri/Decode/Comment/Node/each-i.ri' -> '/build/ruby-decode/pkg/ruby-decode/usr/lib/ruby/gems/3.4.0/doc/decode-0.22.0/ri/Decode/Comment/Node/each-i.ri'
'tmp_install/usr/lib/ruby/gems/3.4.0/doc/decode-0.22.0/ri/Decode/Comment/Node/extract_text-i.ri' -> '/build/ruby-decode/pkg/ruby-decode/usr/lib/ruby/gems/3.4.0/doc/decode-0.22.0/ri/Decode/Comment/Node/extract_text-i.ri'
'tmp_install/usr/lib/ruby/gems/3.4.0/doc/decode-0.22.0/ri/Decode/Comment/Node/filter-i.ri' -> '/build/ruby-decode/pkg/ruby-decode/usr/lib/ruby/gems/3.4.0/doc/decode-0.22.0/ri/Decode/Comment/Node/filter-i.ri'
'tmp_install/usr/lib/ruby/gems/3.4.0/doc/decode-0.22.0/ri/Decode/Comment/Node/text-i.ri' -> '/build/ruby-decode/pkg/ruby-decode/usr/lib/ruby/gems/3.4.0/doc/decode-0.22.0/ri/Decode/Comment/Node/text-i.ri'
'tmp_install/usr/lib/ruby/gems/3.4.0/doc/decode-0.22.0/ri/Decode/Comment/Node/traverse-i.ri' -> '/build/ruby-decode/pkg/ruby-decode/usr/lib/ruby/gems/3.4.0/doc/decode-0.22.0/ri/Decode/Comment/Node/traverse-i.ri'
'tmp_install/usr/lib/ruby/gems/3.4.0/doc/decode-0.22.0/ri/Decode/Comment/Node/children-i.ri' -> '/build/ruby-decode/pkg/ruby-decode/usr/lib/ruby/gems/3.4.0/doc/decode-0.22.0/ri/Decode/Comment/Node/children-i.ri'
'tmp_install/usr/lib/ruby/gems/3.4.0/doc/decode-0.22.0/ri/Decode/Comment/Option' -> '/build/ruby-decode/pkg/ruby-decode/usr/lib/ruby/gems/3.4.0/doc/decode-0.22.0/ri/Decode/Comment/Option'
'tmp_install/usr/lib/ruby/gems/3.4.0/doc/decode-0.22.0/ri/Decode/Comment/Option/cdesc-Option.ri' -> '/build/ruby-decode/pkg/ruby-decode/usr/lib/ruby/gems/3.4.0/doc/decode-0.22.0/ri/Decode/Comment/Option/cdesc-Option.ri'
'tmp_install/usr/lib/ruby/gems/3.4.0/doc/decode-0.22.0/ri/Decode/Comment/Parameter' -> '/build/ruby-decode/pkg/ruby-decode/usr/lib/ruby/gems/3.4.0/doc/decode-0.22.0/ri/Decode/Comment/Parameter'
'tmp_install/usr/lib/ruby/gems/3.4.0/doc/decode-0.22.0/ri/Decode/Comment/Parameter/cdesc-Parameter.ri' -> '/build/ruby-decode/pkg/ruby-decode/usr/lib/ruby/gems/3.4.0/doc/decode-0.22.0/ri/Decode/Comment/Parameter/cdesc-Parameter.ri'
'tmp_install/usr/lib/ruby/gems/3.4.0/doc/decode-0.22.0/ri/Decode/Comment/Parameter/build-c.ri' -> '/build/ruby-decode/pkg/ruby-decode/usr/lib/ruby/gems/3.4.0/doc/decode-0.22.0/ri/Decode/Comment/Parameter/build-c.ri'
'tmp_install/usr/lib/ruby/gems/3.4.0/doc/decode-0.22.0/ri/Decode/Comment/Parameter/new-c.ri' -> '/build/ruby-decode/pkg/ruby-decode/usr/lib/ruby/gems/3.4.0/doc/decode-0.22.0/ri/Decode/Comment/Parameter/new-c.ri'
'tmp_install/usr/lib/ruby/gems/3.4.0/doc/decode-0.22.0/ri/Decode/Comment/Parameter/name-i.ri' -> '/build/ruby-decode/pkg/ruby-decode/usr/lib/ruby/gems/3.4.0/doc/decode-0.22.0/ri/Decode/Comment/Parameter/name-i.ri'
'tmp_install/usr/lib/ruby/gems/3.4.0/doc/decode-0.22.0/ri/Decode/Comment/Parameter/type-i.ri' -> '/build/ruby-decode/pkg/ruby-decode/usr/lib/ruby/gems/3.4.0/doc/decode-0.22.0/ri/Decode/Comment/Parameter/type-i.ri'
'tmp_install/usr/lib/ruby/gems/3.4.0/doc/decode-0.22.0/ri/Decode/Comment/Pragma' -> '/build/ruby-decode/pkg/ruby-decode/usr/lib/ruby/gems/3.4.0/doc/decode-0.22.0/ri/Decode/Comment/Pragma'
'tmp_install/usr/lib/ruby/gems/3.4.0/doc/decode-0.22.0/ri/Decode/Comment/Pragma/cdesc-Pragma.ri' -> '/build/ruby-decode/pkg/ruby-decode/usr/lib/ruby/gems/3.4.0/doc/decode-0.22.0/ri/Decode/Comment/Pragma/cdesc-Pragma.ri'
'tmp_install/usr/lib/ruby/gems/3.4.0/doc/decode-0.22.0/ri/Decode/Comment/Pragma/build-c.ri' -> '/build/ruby-decode/pkg/ruby-decode/usr/lib/ruby/gems/3.4.0/doc/decode-0.22.0/ri/Decode/Comment/Pragma/build-c.ri'
'tmp_install/usr/lib/ruby/gems/3.4.0/doc/decode-0.22.0/ri/Decode/Comment/Pragma/new-c.ri' -> '/build/ruby-decode/pkg/ruby-decode/usr/lib/ruby/gems/3.4.0/doc/decode-0.22.0/ri/Decode/Comment/Pragma/new-c.ri'
'tmp_install/usr/lib/ruby/gems/3.4.0/doc/decode-0.22.0/ri/Decode/Comment/Pragma/parse-c.ri' -> '/build/ruby-decode/pkg/ruby-decode/usr/lib/ruby/gems/3.4.0/doc/decode-0.22.0/ri/Decode/Comment/Pragma/parse-c.ri'
'tmp_install/usr/lib/ruby/gems/3.4.0/doc/decode-0.22.0/ri/Decode/Comment/Raises' -> '/build/ruby-decode/pkg/ruby-decode/usr/lib/ruby/gems/3.4.0/doc/decode-0.22.0/ri/Decode/Comment/Raises'
'tmp_install/usr/lib/ruby/gems/3.4.0/doc/decode-0.22.0/ri/Decode/Comment/Raises/cdesc-Raises.ri' -> '/build/ruby-decode/pkg/ruby-decode/usr/lib/ruby/gems/3.4.0/doc/decode-0.22.0/ri/Decode/Comment/Raises/cdesc-Raises.ri'
'tmp_install/usr/lib/ruby/gems/3.4.0/doc/decode-0.22.0/ri/Decode/Comment/Returns' -> '/build/ruby-decode/pkg/ruby-decode/usr/lib/ruby/gems/3.4.0/doc/decode-0.22.0/ri/Decode/Comment/Returns'
'tmp_install/usr/lib/ruby/gems/3.4.0/doc/decode-0.22.0/ri/Decode/Comment/Returns/cdesc-Returns.ri' -> '/build/ruby-decode/pkg/ruby-decode/usr/lib/ruby/gems/3.4.0/doc/decode-0.22.0/ri/Decode/Comment/Returns/cdesc-Returns.ri'
'tmp_install/usr/lib/ruby/gems/3.4.0/doc/decode-0.22.0/ri/Decode/Comment/Tag' -> '/build/ruby-decode/pkg/ruby-decode/usr/lib/ruby/gems/3.4.0/doc/decode-0.22.0/ri/Decode/Comment/Tag'
'tmp_install/usr/lib/ruby/gems/3.4.0/doc/decode-0.22.0/ri/Decode/Comment/Tag/cdesc-Tag.ri' -> '/build/ruby-decode/pkg/ruby-decode/usr/lib/ruby/gems/3.4.0/doc/decode-0.22.0/ri/Decode/Comment/Tag/cdesc-Tag.ri'
'tmp_install/usr/lib/ruby/gems/3.4.0/doc/decode-0.22.0/ri/Decode/Comment/Tag/match-c.ri' -> '/build/ruby-decode/pkg/ruby-decode/usr/lib/ruby/gems/3.4.0/doc/decode-0.22.0/ri/Decode/Comment/Tag/match-c.ri'
'tmp_install/usr/lib/ruby/gems/3.4.0/doc/decode-0.22.0/ri/Decode/Comment/Tag/new-c.ri' -> '/build/ruby-decode/pkg/ruby-decode/usr/lib/ruby/gems/3.4.0/doc/decode-0.22.0/ri/Decode/Comment/Tag/new-c.ri'
'tmp_install/usr/lib/ruby/gems/3.4.0/doc/decode-0.22.0/ri/Decode/Comment/Tag/parse-c.ri' -> '/build/ruby-decode/pkg/ruby-decode/usr/lib/ruby/gems/3.4.0/doc/decode-0.22.0/ri/Decode/Comment/Tag/parse-c.ri'
'tmp_install/usr/lib/ruby/gems/3.4.0/doc/decode-0.22.0/ri/Decode/Comment/Tag/directive-i.ri' -> '/build/ruby-decode/pkg/ruby-decode/usr/lib/ruby/gems/3.4.0/doc/decode-0.22.0/ri/Decode/Comment/Tag/directive-i.ri'
'tmp_install/usr/lib/ruby/gems/3.4.0/doc/decode-0.22.0/ri/Decode/Comment/Tags' -> '/build/ruby-decode/pkg/ruby-decode/usr/lib/ruby/gems/3.4.0/doc/decode-0.22.0/ri/Decode/Comment/Tags'
'tmp_install/usr/lib/ruby/gems/3.4.0/doc/decode-0.22.0/ri/Decode/Comment/Tags/cdesc-Tags.ri' -> '/build/ruby-decode/pkg/ruby-decode/usr/lib/ruby/gems/3.4.0/doc/decode-0.22.0/ri/Decode/Comment/Tags/cdesc-Tags.ri'
'tmp_install/usr/lib/ruby/gems/3.4.0/doc/decode-0.22.0/ri/Decode/Comment/Tags/build-c.ri' -> '/build/ruby-decode/pkg/ruby-decode/usr/lib/ruby/gems/3.4.0/doc/decode-0.22.0/ri/Decode/Comment/Tags/build-c.ri'
'tmp_install/usr/lib/ruby/gems/3.4.0/doc/decode-0.22.0/ri/Decode/Comment/Tags/new-c.ri' -> '/build/ruby-decode/pkg/ruby-decode/usr/lib/ruby/gems/3.4.0/doc/decode-0.22.0/ri/Decode/Comment/Tags/new-c.ri'
'tmp_install/usr/lib/ruby/gems/3.4.0/doc/decode-0.22.0/ri/Decode/Comment/Tags/ignore-i.ri' -> '/build/ruby-decode/pkg/ruby-decode/usr/lib/ruby/gems/3.4.0/doc/decode-0.22.0/ri/Decode/Comment/Tags/ignore-i.ri'
'tmp_install/usr/lib/ruby/gems/3.4.0/doc/decode-0.22.0/ri/Decode/Comment/Tags/parse-i.ri' -> '/build/ruby-decode/pkg/ruby-decode/usr/lib/ruby/gems/3.4.0/doc/decode-0.22.0/ri/Decode/Comment/Tags/parse-i.ri'
'tmp_install/usr/lib/ruby/gems/3.4.0/doc/decode-0.22.0/ri/Decode/Comment/Tags/valid_indentation%3f-i.ri' -> '/build/ruby-decode/pkg/ruby-decode/usr/lib/ruby/gems/3.4.0/doc/decode-0.22.0/ri/Decode/Comment/Tags/valid_indentation%3f-i.ri'
'tmp_install/usr/lib/ruby/gems/3.4.0/doc/decode-0.22.0/ri/Decode/Comment/Text' -> '/build/ruby-decode/pkg/ruby-decode/usr/lib/ruby/gems/3.4.0/doc/decode-0.22.0/ri/Decode/Comment/Text'
'tmp_install/usr/lib/ruby/gems/3.4.0/doc/decode-0.22.0/ri/Decode/Comment/Text/cdesc-Text.ri' -> '/build/ruby-decode/pkg/ruby-decode/usr/lib/ruby/gems/3.4.0/doc/decode-0.22.0/ri/Decode/Comment/Text/cdesc-Text.ri'
'tmp_install/usr/lib/ruby/gems/3.4.0/doc/decode-0.22.0/ri/Decode/Comment/Text/new-c.ri' -> '/build/ruby-decode/pkg/ruby-decode/usr/lib/ruby/gems/3.4.0/doc/decode-0.22.0/ri/Decode/Comment/Text/new-c.ri'
'tmp_install/usr/lib/ruby/gems/3.4.0/doc/decode-0.22.0/ri/Decode/Comment/Text/traverse-i.ri' -> '/build/ruby-decode/pkg/ruby-decode/usr/lib/ruby/gems/3.4.0/doc/decode-0.22.0/ri/Decode/Comment/Text/traverse-i.ri'
'tmp_install/usr/lib/ruby/gems/3.4.0/doc/decode-0.22.0/ri/Decode/Comment/Text/line-i.ri' -> '/build/ruby-decode/pkg/ruby-decode/usr/lib/ruby/gems/3.4.0/doc/decode-0.22.0/ri/Decode/Comment/Text/line-i.ri'
'tmp_install/usr/lib/ruby/gems/3.4.0/doc/decode-0.22.0/ri/Decode/Comment/Throws' -> '/build/ruby-decode/pkg/ruby-decode/usr/lib/ruby/gems/3.4.0/doc/decode-0.22.0/ri/Decode/Comment/Throws'
'tmp_install/usr/lib/ruby/gems/3.4.0/doc/decode-0.22.0/ri/Decode/Comment/Throws/cdesc-Throws.ri' -> '/build/ruby-decode/pkg/ruby-decode/usr/lib/ruby/gems/3.4.0/doc/decode-0.22.0/ri/Decode/Comment/Throws/cdesc-Throws.ri'
'tmp_install/usr/lib/ruby/gems/3.4.0/doc/decode-0.22.0/ri/Decode/Comment/Yields' -> '/build/ruby-decode/pkg/ruby-decode/usr/lib/ruby/gems/3.4.0/doc/decode-0.22.0/ri/Decode/Comment/Yields'
'tmp_install/usr/lib/ruby/gems/3.4.0/doc/decode-0.22.0/ri/Decode/Comment/Yields/cdesc-Yields.ri' -> '/build/ruby-decode/pkg/ruby-decode/usr/lib/ruby/gems/3.4.0/doc/decode-0.22.0/ri/Decode/Comment/Yields/cdesc-Yields.ri'
'tmp_install/usr/lib/ruby/gems/3.4.0/doc/decode-0.22.0/ri/Decode/Comment/Yields/build-c.ri' -> '/build/ruby-decode/pkg/ruby-decode/usr/lib/ruby/gems/3.4.0/doc/decode-0.22.0/ri/Decode/Comment/Yields/build-c.ri'
'tmp_install/usr/lib/ruby/gems/3.4.0/doc/decode-0.22.0/ri/Decode/Comment/Yields/new-c.ri' -> '/build/ruby-decode/pkg/ruby-decode/usr/lib/ruby/gems/3.4.0/doc/decode-0.22.0/ri/Decode/Comment/Yields/new-c.ri'
'tmp_install/usr/lib/ruby/gems/3.4.0/doc/decode-0.22.0/ri/Decode/Comment/Yields/block-i.ri' -> '/build/ruby-decode/pkg/ruby-decode/usr/lib/ruby/gems/3.4.0/doc/decode-0.22.0/ri/Decode/Comment/Yields/block-i.ri'
'tmp_install/usr/lib/ruby/gems/3.4.0/doc/decode-0.22.0/ri/Decode/Comment/cdesc-Comment.ri' -> '/build/ruby-decode/pkg/ruby-decode/usr/lib/ruby/gems/3.4.0/doc/decode-0.22.0/ri/Decode/Comment/cdesc-Comment.ri'
'tmp_install/usr/lib/ruby/gems/3.4.0/doc/decode-0.22.0/ri/Decode/Definition' -> '/build/ruby-decode/pkg/ruby-decode/usr/lib/ruby/gems/3.4.0/doc/decode-0.22.0/ri/Decode/Definition'
'tmp_install/usr/lib/ruby/gems/3.4.0/doc/decode-0.22.0/ri/Decode/Definition/cdesc-Definition.ri' -> '/build/ruby-decode/pkg/ruby-decode/usr/lib/ruby/gems/3.4.0/doc/decode-0.22.0/ri/Decode/Definition/cdesc-Definition.ri'
'tmp_install/usr/lib/ruby/gems/3.4.0/doc/decode-0.22.0/ri/Decode/Definition/new-c.ri' -> '/build/ruby-decode/pkg/ruby-decode/usr/lib/ruby/gems/3.4.0/doc/decode-0.22.0/ri/Decode/Definition/new-c.ri'
'tmp_install/usr/lib/ruby/gems/3.4.0/doc/decode-0.22.0/ri/Decode/Definition/container%3f-i.ri' -> '/build/ruby-decode/pkg/ruby-decode/usr/lib/ruby/gems/3.4.0/doc/decode-0.22.0/ri/Decode/Definition/container%3f-i.ri'
'tmp_install/usr/lib/ruby/gems/3.4.0/doc/decode-0.22.0/ri/Decode/Definition/convert-i.ri' -> '/build/ruby-decode/pkg/ruby-decode/usr/lib/ruby/gems/3.4.0/doc/decode-0.22.0/ri/Decode/Definition/convert-i.ri'
'tmp_install/usr/lib/ruby/gems/3.4.0/doc/decode-0.22.0/ri/Decode/Definition/documentation-i.ri' -> '/build/ruby-decode/pkg/ruby-decode/usr/lib/ruby/gems/3.4.0/doc/decode-0.22.0/ri/Decode/Definition/documentation-i.ri'
'tmp_install/usr/lib/ruby/gems/3.4.0/doc/decode-0.22.0/ri/Decode/Definition/inspect-i.ri' -> '/build/ruby-decode/pkg/ruby-decode/usr/lib/ruby/gems/3.4.0/doc/decode-0.22.0/ri/Decode/Definition/inspect-i.ri'
'tmp_install/usr/lib/ruby/gems/3.4.0/doc/decode-0.22.0/ri/Decode/Definition/lexical_path-i.ri' -> '/build/ruby-decode/pkg/ruby-decode/usr/lib/ruby/gems/3.4.0/doc/decode-0.22.0/ri/Decode/Definition/lexical_path-i.ri'
'tmp_install/usr/lib/ruby/gems/3.4.0/doc/decode-0.22.0/ri/Decode/Definition/location-i.ri' -> '/build/ruby-decode/pkg/ruby-decode/usr/lib/ruby/gems/3.4.0/doc/decode-0.22.0/ri/Decode/Definition/location-i.ri'
'tmp_install/usr/lib/ruby/gems/3.4.0/doc/decode-0.22.0/ri/Decode/Definition/long_form-i.ri' -> '/build/ruby-decode/pkg/ruby-decode/usr/lib/ruby/gems/3.4.0/doc/decode-0.22.0/ri/Decode/Definition/long_form-i.ri'
'tmp_install/usr/lib/ruby/gems/3.4.0/doc/decode-0.22.0/ri/Decode/Definition/multiline%3f-i.ri' -> '/build/ruby-decode/pkg/ruby-decode/usr/lib/ruby/gems/3.4.0/doc/decode-0.22.0/ri/Decode/Definition/multiline%3f-i.ri'
'tmp_install/usr/lib/ruby/gems/3.4.0/doc/decode-0.22.0/ri/Decode/Definition/nested%3f-i.ri' -> '/build/ruby-decode/pkg/ruby-decode/usr/lib/ruby/gems/3.4.0/doc/decode-0.22.0/ri/Decode/Definition/nested%3f-i.ri'
'tmp_install/usr/lib/ruby/gems/3.4.0/doc/decode-0.22.0/ri/Decode/Definition/nested_name-i.ri' -> '/build/ruby-decode/pkg/ruby-decode/usr/lib/ruby/gems/3.4.0/doc/decode-0.22.0/ri/Decode/Definition/nested_name-i.ri'
'tmp_install/usr/lib/ruby/gems/3.4.0/doc/decode-0.22.0/ri/Decode/Definition/path-i.ri' -> '/build/ruby-decode/pkg/ruby-decode/usr/lib/ruby/gems/3.4.0/doc/decode-0.22.0/ri/Decode/Definition/path-i.ri'
'tmp_install/usr/lib/ruby/gems/3.4.0/doc/decode-0.22.0/ri/Decode/Definition/path_name-i.ri' -> '/build/ruby-decode/pkg/ruby-decode/usr/lib/ruby/gems/3.4.0/doc/decode-0.22.0/ri/Decode/Definition/path_name-i.ri'
'tmp_install/usr/lib/ruby/gems/3.4.0/doc/decode-0.22.0/ri/Decode/Definition/public%3f-i.ri' -> '/build/ruby-decode/pkg/ruby-decode/usr/lib/ruby/gems/3.4.0/doc/decode-0.22.0/ri/Decode/Definition/public%3f-i.ri'
'tmp_install/usr/lib/ruby/gems/3.4.0/doc/decode-0.22.0/ri/Decode/Definition/qualified_form-i.ri' -> '/build/ruby-decode/pkg/ruby-decode/usr/lib/ruby/gems/3.4.0/doc/decode-0.22.0/ri/Decode/Definition/qualified_form-i.ri'
'tmp_install/usr/lib/ruby/gems/3.4.0/doc/decode-0.22.0/ri/Decode/Definition/qualified_name-i.ri' -> '/build/ruby-decode/pkg/ruby-decode/usr/lib/ruby/gems/3.4.0/doc/decode-0.22.0/ri/Decode/Definition/qualified_name-i.ri'
'tmp_install/usr/lib/ruby/gems/3.4.0/doc/decode-0.22.0/ri/Decode/Definition/short_form-i.ri' -> '/build/ruby-decode/pkg/ruby-decode/usr/lib/ruby/gems/3.4.0/doc/decode-0.22.0/ri/Decode/Definition/short_form-i.ri'
'tmp_install/usr/lib/ruby/gems/3.4.0/doc/decode-0.22.0/ri/Decode/Definition/start_with%3f-i.ri' -> '/build/ruby-decode/pkg/ruby-decode/usr/lib/ruby/gems/3.4.0/doc/decode-0.22.0/ri/Decode/Definition/start_with%3f-i.ri'
'tmp_install/usr/lib/ruby/gems/3.4.0/doc/decode-0.22.0/ri/Decode/Definition/text-i.ri' -> '/build/ruby-decode/pkg/ruby-decode/usr/lib/ruby/gems/3.4.0/doc/decode-0.22.0/ri/Decode/Definition/text-i.ri'
'tmp_install/usr/lib/ruby/gems/3.4.0/doc/decode-0.22.0/ri/Decode/Definition/to_s-i.ri' -> '/build/ruby-decode/pkg/ruby-decode/usr/lib/ruby/gems/3.4.0/doc/decode-0.22.0/ri/Decode/Definition/to_s-i.ri'
'tmp_install/usr/lib/ruby/gems/3.4.0/doc/decode-0.22.0/ri/Decode/Definition/name-i.ri' -> '/build/ruby-decode/pkg/ruby-decode/usr/lib/ruby/gems/3.4.0/doc/decode-0.22.0/ri/Decode/Definition/name-i.ri'
'tmp_install/usr/lib/ruby/gems/3.4.0/doc/decode-0.22.0/ri/Decode/Definition/parent-i.ri' -> '/build/ruby-decode/pkg/ruby-decode/usr/lib/ruby/gems/3.4.0/doc/decode-0.22.0/ri/Decode/Definition/parent-i.ri'
'tmp_install/usr/lib/ruby/gems/3.4.0/doc/decode-0.22.0/ri/Decode/Definition/language-i.ri' -> '/build/ruby-decode/pkg/ruby-decode/usr/lib/ruby/gems/3.4.0/doc/decode-0.22.0/ri/Decode/Definition/language-i.ri'
'tmp_install/usr/lib/ruby/gems/3.4.0/doc/decode-0.22.0/ri/Decode/Definition/comments-i.ri' -> '/build/ruby-decode/pkg/ruby-decode/usr/lib/ruby/gems/3.4.0/doc/decode-0.22.0/ri/Decode/Definition/comments-i.ri'
'tmp_install/usr/lib/ruby/gems/3.4.0/doc/decode-0.22.0/ri/Decode/Documentation' -> '/build/ruby-decode/pkg/ruby-decode/usr/lib/ruby/gems/3.4.0/doc/decode-0.22.0/ri/Decode/Documentation'
'tmp_install/usr/lib/ruby/gems/3.4.0/doc/decode-0.22.0/ri/Decode/Documentation/cdesc-Documentation.ri' -> '/build/ruby-decode/pkg/ruby-decode/usr/lib/ruby/gems/3.4.0/doc/decode-0.22.0/ri/Decode/Documentation/cdesc-Documentation.ri'
'tmp_install/usr/lib/ruby/gems/3.4.0/doc/decode-0.22.0/ri/Decode/Documentation/new-c.ri' -> '/build/ruby-decode/pkg/ruby-decode/usr/lib/ruby/gems/3.4.0/doc/decode-0.22.0/ri/Decode/Documentation/new-c.ri'
'tmp_install/usr/lib/ruby/gems/3.4.0/doc/decode-0.22.0/ri/Decode/Documentation/comments-i.ri' -> '/build/ruby-decode/pkg/ruby-decode/usr/lib/ruby/gems/3.4.0/doc/decode-0.22.0/ri/Decode/Documentation/comments-i.ri'
'tmp_install/usr/lib/ruby/gems/3.4.0/doc/decode-0.22.0/ri/Decode/Documentation/language-i.ri' -> '/build/ruby-decode/pkg/ruby-decode/usr/lib/ruby/gems/3.4.0/doc/decode-0.22.0/ri/Decode/Documentation/language-i.ri'
'tmp_install/usr/lib/ruby/gems/3.4.0/doc/decode-0.22.0/ri/Decode/Index' -> '/build/ruby-decode/pkg/ruby-decode/usr/lib/ruby/gems/3.4.0/doc/decode-0.22.0/ri/Decode/Index'
'tmp_install/usr/lib/ruby/gems/3.4.0/doc/decode-0.22.0/ri/Decode/Index/cdesc-Index.ri' -> '/build/ruby-decode/pkg/ruby-decode/usr/lib/ruby/gems/3.4.0/doc/decode-0.22.0/ri/Decode/Index/cdesc-Index.ri'
'tmp_install/usr/lib/ruby/gems/3.4.0/doc/decode-0.22.0/ri/Decode/Index/new-c.ri' -> '/build/ruby-decode/pkg/ruby-decode/usr/lib/ruby/gems/3.4.0/doc/decode-0.22.0/ri/Decode/Index/new-c.ri'
'tmp_install/usr/lib/ruby/gems/3.4.0/doc/decode-0.22.0/ri/Decode/Index/inspect-i.ri' -> '/build/ruby-decode/pkg/ruby-decode/usr/lib/ruby/gems/3.4.0/doc/decode-0.22.0/ri/Decode/Index/inspect-i.ri'
'tmp_install/usr/lib/ruby/gems/3.4.0/doc/decode-0.22.0/ri/Decode/Index/lookup-i.ri' -> '/build/ruby-decode/pkg/ruby-decode/usr/lib/ruby/gems/3.4.0/doc/decode-0.22.0/ri/Decode/Index/lookup-i.ri'
'tmp_install/usr/lib/ruby/gems/3.4.0/doc/decode-0.22.0/ri/Decode/Index/to_s-i.ri' -> '/build/ruby-decode/pkg/ruby-decode/usr/lib/ruby/gems/3.4.0/doc/decode-0.22.0/ri/Decode/Index/to_s-i.ri'
'tmp_install/usr/lib/ruby/gems/3.4.0/doc/decode-0.22.0/ri/Decode/Index/update-i.ri' -> '/build/ruby-decode/pkg/ruby-decode/usr/lib/ruby/gems/3.4.0/doc/decode-0.22.0/ri/Decode/Index/update-i.ri'
'tmp_install/usr/lib/ruby/gems/3.4.0/doc/decode-0.22.0/ri/Decode/Index/languages-i.ri' -> '/build/ruby-decode/pkg/ruby-decode/usr/lib/ruby/gems/3.4.0/doc/decode-0.22.0/ri/Decode/Index/languages-i.ri'
'tmp_install/usr/lib/ruby/gems/3.4.0/doc/decode-0.22.0/ri/Decode/Index/sources-i.ri' -> '/build/ruby-decode/pkg/ruby-decode/usr/lib/ruby/gems/3.4.0/doc/decode-0.22.0/ri/Decode/Index/sources-i.ri'
'tmp_install/usr/lib/ruby/gems/3.4.0/doc/decode-0.22.0/ri/Decode/Index/definitions-i.ri' -> '/build/ruby-decode/pkg/ruby-decode/usr/lib/ruby/gems/3.4.0/doc/decode-0.22.0/ri/Decode/Index/definitions-i.ri'
'tmp_install/usr/lib/ruby/gems/3.4.0/doc/decode-0.22.0/ri/Decode/Index/trie-i.ri' -> '/build/ruby-decode/pkg/ruby-decode/usr/lib/ruby/gems/3.4.0/doc/decode-0.22.0/ri/Decode/Index/trie-i.ri'
'tmp_install/usr/lib/ruby/gems/3.4.0/doc/decode-0.22.0/ri/Decode/Language' -> '/build/ruby-decode/pkg/ruby-decode/usr/lib/ruby/gems/3.4.0/doc/decode-0.22.0/ri/Decode/Language'
'tmp_install/usr/lib/ruby/gems/3.4.0/doc/decode-0.22.0/ri/Decode/Language/Generic' -> '/build/ruby-decode/pkg/ruby-decode/usr/lib/ruby/gems/3.4.0/doc/decode-0.22.0/ri/Decode/Language/Generic'
'tmp_install/usr/lib/ruby/gems/3.4.0/doc/decode-0.22.0/ri/Decode/Language/Generic/cdesc-Generic.ri' -> '/build/ruby-decode/pkg/ruby-decode/usr/lib/ruby/gems/3.4.0/doc/decode-0.22.0/ri/Decode/Language/Generic/cdesc-Generic.ri'
'tmp_install/usr/lib/ruby/gems/3.4.0/doc/decode-0.22.0/ri/Decode/Language/Generic/new-c.ri' -> '/build/ruby-decode/pkg/ruby-decode/usr/lib/ruby/gems/3.4.0/doc/decode-0.22.0/ri/Decode/Language/Generic/new-c.ri'
'tmp_install/usr/lib/ruby/gems/3.4.0/doc/decode-0.22.0/ri/Decode/Language/Generic/definitions_for-i.ri' -> '/build/ruby-decode/pkg/ruby-decode/usr/lib/ruby/gems/3.4.0/doc/decode-0.22.0/ri/Decode/Language/Generic/definitions_for-i.ri'
'tmp_install/usr/lib/ruby/gems/3.4.0/doc/decode-0.22.0/ri/Decode/Language/Generic/names-i.ri' -> '/build/ruby-decode/pkg/ruby-decode/usr/lib/ruby/gems/3.4.0/doc/decode-0.22.0/ri/Decode/Language/Generic/names-i.ri'
'tmp_install/usr/lib/ruby/gems/3.4.0/doc/decode-0.22.0/ri/Decode/Language/Generic/parser-i.ri' -> '/build/ruby-decode/pkg/ruby-decode/usr/lib/ruby/gems/3.4.0/doc/decode-0.22.0/ri/Decode/Language/Generic/parser-i.ri'
'tmp_install/usr/lib/ruby/gems/3.4.0/doc/decode-0.22.0/ri/Decode/Language/Generic/reference_for-i.ri' -> '/build/ruby-decode/pkg/ruby-decode/usr/lib/ruby/gems/3.4.0/doc/decode-0.22.0/ri/Decode/Language/Generic/reference_for-i.ri'
'tmp_install/usr/lib/ruby/gems/3.4.0/doc/decode-0.22.0/ri/Decode/Language/Generic/segments_for-i.ri' -> '/build/ruby-decode/pkg/ruby-decode/usr/lib/ruby/gems/3.4.0/doc/decode-0.22.0/ri/Decode/Language/Generic/segments_for-i.ri'
'tmp_install/usr/lib/ruby/gems/3.4.0/doc/decode-0.22.0/ri/Decode/Language/Generic/name-i.ri' -> '/build/ruby-decode/pkg/ruby-decode/usr/lib/ruby/gems/3.4.0/doc/decode-0.22.0/ri/Decode/Language/Generic/name-i.ri'
'tmp_install/usr/lib/ruby/gems/3.4.0/doc/decode-0.22.0/ri/Decode/Language/Generic/extensions-i.ri' -> '/build/ruby-decode/pkg/ruby-decode/usr/lib/ruby/gems/3.4.0/doc/decode-0.22.0/ri/Decode/Language/Generic/extensions-i.ri'
'tmp_install/usr/lib/ruby/gems/3.4.0/doc/decode-0.22.0/ri/Decode/Language/Generic/tags-i.ri' -> '/build/ruby-decode/pkg/ruby-decode/usr/lib/ruby/gems/3.4.0/doc/decode-0.22.0/ri/Decode/Language/Generic/tags-i.ri'
'tmp_install/usr/lib/ruby/gems/3.4.0/doc/decode-0.22.0/ri/Decode/Language/Reference' -> '/build/ruby-decode/pkg/ruby-decode/usr/lib/ruby/gems/3.4.0/doc/decode-0.22.0/ri/Decode/Language/Reference'
'tmp_install/usr/lib/ruby/gems/3.4.0/doc/decode-0.22.0/ri/Decode/Language/Reference/cdesc-Reference.ri' -> '/build/ruby-decode/pkg/ruby-decode/usr/lib/ruby/gems/3.4.0/doc/decode-0.22.0/ri/Decode/Language/Reference/cdesc-Reference.ri'
'tmp_install/usr/lib/ruby/gems/3.4.0/doc/decode-0.22.0/ri/Decode/Language/Reference/new-c.ri' -> '/build/ruby-decode/pkg/ruby-decode/usr/lib/ruby/gems/3.4.0/doc/decode-0.22.0/ri/Decode/Language/Reference/new-c.ri'
'tmp_install/usr/lib/ruby/gems/3.4.0/doc/decode-0.22.0/ri/Decode/Language/Reference/absolute%3f-i.ri' -> '/build/ruby-decode/pkg/ruby-decode/usr/lib/ruby/gems/3.4.0/doc/decode-0.22.0/ri/Decode/Language/Reference/absolute%3f-i.ri'
'tmp_install/usr/lib/ruby/gems/3.4.0/doc/decode-0.22.0/ri/Decode/Language/Reference/best-i.ri' -> '/build/ruby-decode/pkg/ruby-decode/usr/lib/ruby/gems/3.4.0/doc/decode-0.22.0/ri/Decode/Language/Reference/best-i.ri'
'tmp_install/usr/lib/ruby/gems/3.4.0/doc/decode-0.22.0/ri/Decode/Language/Reference/inspect-i.ri' -> '/build/ruby-decode/pkg/ruby-decode/usr/lib/ruby/gems/3.4.0/doc/decode-0.22.0/ri/Decode/Language/Reference/inspect-i.ri'
'tmp_install/usr/lib/ruby/gems/3.4.0/doc/decode-0.22.0/ri/Decode/Language/Reference/lexical_path-i.ri' -> '/build/ruby-decode/pkg/ruby-decode/usr/lib/ruby/gems/3.4.0/doc/decode-0.22.0/ri/Decode/Language/Reference/lexical_path-i.ri'
'tmp_install/usr/lib/ruby/gems/3.4.0/doc/decode-0.22.0/ri/Decode/Language/Reference/path-i.ri' -> '/build/ruby-decode/pkg/ruby-decode/usr/lib/ruby/gems/3.4.0/doc/decode-0.22.0/ri/Decode/Language/Reference/path-i.ri'
'tmp_install/usr/lib/ruby/gems/3.4.0/doc/decode-0.22.0/ri/Decode/Language/Reference/priority-i.ri' -> '/build/ruby-decode/pkg/ruby-decode/usr/lib/ruby/gems/3.4.0/doc/decode-0.22.0/ri/Decode/Language/Reference/priority-i.ri'
'tmp_install/usr/lib/ruby/gems/3.4.0/doc/decode-0.22.0/ri/Decode/Language/Reference/relative%3f-i.ri' -> '/build/ruby-decode/pkg/ruby-decode/usr/lib/ruby/gems/3.4.0/doc/decode-0.22.0/ri/Decode/Language/Reference/relative%3f-i.ri'
'tmp_install/usr/lib/ruby/gems/3.4.0/doc/decode-0.22.0/ri/Decode/Language/Reference/split-i.ri' -> '/build/ruby-decode/pkg/ruby-decode/usr/lib/ruby/gems/3.4.0/doc/decode-0.22.0/ri/Decode/Language/Reference/split-i.ri'
'tmp_install/usr/lib/ruby/gems/3.4.0/doc/decode-0.22.0/ri/Decode/Language/Reference/to_s-i.ri' -> '/build/ruby-decode/pkg/ruby-decode/usr/lib/ruby/gems/3.4.0/doc/decode-0.22.0/ri/Decode/Language/Reference/to_s-i.ri'
'tmp_install/usr/lib/ruby/gems/3.4.0/doc/decode-0.22.0/ri/Decode/Language/Reference/identifier-i.ri' -> '/build/ruby-decode/pkg/ruby-decode/usr/lib/ruby/gems/3.4.0/doc/decode-0.22.0/ri/Decode/Language/Reference/identifier-i.ri'
'tmp_install/usr/lib/ruby/gems/3.4.0/doc/decode-0.22.0/ri/Decode/Language/Reference/language-i.ri' -> '/build/ruby-decode/pkg/ruby-decode/usr/lib/ruby/gems/3.4.0/doc/decode-0.22.0/ri/Decode/Language/Reference/language-i.ri'
'tmp_install/usr/lib/ruby/gems/3.4.0/doc/decode-0.22.0/ri/Decode/Language/Ruby' -> '/build/ruby-decode/pkg/ruby-decode/usr/lib/ruby/gems/3.4.0/doc/decode-0.22.0/ri/Decode/Language/Ruby'
'tmp_install/usr/lib/ruby/gems/3.4.0/doc/decode-0.22.0/ri/Decode/Language/Ruby/Attribute' -> '/build/ruby-decode/pkg/ruby-decode/usr/lib/ruby/gems/3.4.0/doc/decode-0.22.0/ri/Decode/Language/Ruby/Attribute'
'tmp_install/usr/lib/ruby/gems/3.4.0/doc/decode-0.22.0/ri/Decode/Language/Ruby/Attribute/cdesc-Attribute.ri' -> '/build/ruby-decode/pkg/ruby-decode/usr/lib/ruby/gems/3.4.0/doc/decode-0.22.0/ri/Decode/Language/Ruby/Attribute/cdesc-Attribute.ri'
'tmp_install/usr/lib/ruby/gems/3.4.0/doc/decode-0.22.0/ri/Decode/Language/Ruby/Attribute/long_form-i.ri' -> '/build/ruby-decode/pkg/ruby-decode/usr/lib/ruby/gems/3.4.0/doc/decode-0.22.0/ri/Decode/Language/Ruby/Attribute/long_form-i.ri'
'tmp_install/usr/lib/ruby/gems/3.4.0/doc/decode-0.22.0/ri/Decode/Language/Ruby/Attribute/short_form-i.ri' -> '/build/ruby-decode/pkg/ruby-decode/usr/lib/ruby/gems/3.4.0/doc/decode-0.22.0/ri/Decode/Language/Ruby/Attribute/short_form-i.ri'
'tmp_install/usr/lib/ruby/gems/3.4.0/doc/decode-0.22.0/ri/Decode/Language/Ruby/Block' -> '/build/ruby-decode/pkg/ruby-decode/usr/lib/ruby/gems/3.4.0/doc/decode-0.22.0/ri/Decode/Language/Ruby/Block'
'tmp_install/usr/lib/ruby/gems/3.4.0/doc/decode-0.22.0/ri/Decode/Language/Ruby/Block/cdesc-Block.ri' -> '/build/ruby-decode/pkg/ruby-decode/usr/lib/ruby/gems/3.4.0/doc/decode-0.22.0/ri/Decode/Language/Ruby/Block/cdesc-Block.ri'
'tmp_install/usr/lib/ruby/gems/3.4.0/doc/decode-0.22.0/ri/Decode/Language/Ruby/Block/container%3f-i.ri' -> '/build/ruby-decode/pkg/ruby-decode/usr/lib/ruby/gems/3.4.0/doc/decode-0.22.0/ri/Decode/Language/Ruby/Block/container%3f-i.ri'
'tmp_install/usr/lib/ruby/gems/3.4.0/doc/decode-0.22.0/ri/Decode/Language/Ruby/Block/convert-i.ri' -> '/build/ruby-decode/pkg/ruby-decode/usr/lib/ruby/gems/3.4.0/doc/decode-0.22.0/ri/Decode/Language/Ruby/Block/convert-i.ri'
'tmp_install/usr/lib/ruby/gems/3.4.0/doc/decode-0.22.0/ri/Decode/Language/Ruby/Block/long_form-i.ri' -> '/build/ruby-decode/pkg/ruby-decode/usr/lib/ruby/gems/3.4.0/doc/decode-0.22.0/ri/Decode/Language/Ruby/Block/long_form-i.ri'
'tmp_install/usr/lib/ruby/gems/3.4.0/doc/decode-0.22.0/ri/Decode/Language/Ruby/Block/nested_name-i.ri' -> '/build/ruby-decode/pkg/ruby-decode/usr/lib/ruby/gems/3.4.0/doc/decode-0.22.0/ri/Decode/Language/Ruby/Block/nested_name-i.ri'
'tmp_install/usr/lib/ruby/gems/3.4.0/doc/decode-0.22.0/ri/Decode/Language/Ruby/Block/qualified_form-i.ri' -> '/build/ruby-decode/pkg/ruby-decode/usr/lib/ruby/gems/3.4.0/doc/decode-0.22.0/ri/Decode/Language/Ruby/Block/qualified_form-i.ri'
'tmp_install/usr/lib/ruby/gems/3.4.0/doc/decode-0.22.0/ri/Decode/Language/Ruby/Block/short_form-i.ri' -> '/build/ruby-decode/pkg/ruby-decode/usr/lib/ruby/gems/3.4.0/doc/decode-0.22.0/ri/Decode/Language/Ruby/Block/short_form-i.ri'
'tmp_install/usr/lib/ruby/gems/3.4.0/doc/decode-0.22.0/ri/Decode/Language/Ruby/Call' -> '/build/ruby-decode/pkg/ruby-decode/usr/lib/ruby/gems/3.4.0/doc/decode-0.22.0/ri/Decode/Language/Ruby/Call'
'tmp_install/usr/lib/ruby/gems/3.4.0/doc/decode-0.22.0/ri/Decode/Language/Ruby/Call/cdesc-Call.ri' -> '/build/ruby-decode/pkg/ruby-decode/usr/lib/ruby/gems/3.4.0/doc/decode-0.22.0/ri/Decode/Language/Ruby/Call/cdesc-Call.ri'
'tmp_install/usr/lib/ruby/gems/3.4.0/doc/decode-0.22.0/ri/Decode/Language/Ruby/Call/container%3f-i.ri' -> '/build/ruby-decode/pkg/ruby-decode/usr/lib/ruby/gems/3.4.0/doc/decode-0.22.0/ri/Decode/Language/Ruby/Call/container%3f-i.ri'
'tmp_install/usr/lib/ruby/gems/3.4.0/doc/decode-0.22.0/ri/Decode/Language/Ruby/Call/long_form-i.ri' -> '/build/ruby-decode/pkg/ruby-decode/usr/lib/ruby/gems/3.4.0/doc/decode-0.22.0/ri/Decode/Language/Ruby/Call/long_form-i.ri'
'tmp_install/usr/lib/ruby/gems/3.4.0/doc/decode-0.22.0/ri/Decode/Language/Ruby/Call/qualified_form-i.ri' -> '/build/ruby-decode/pkg/ruby-decode/usr/lib/ruby/gems/3.4.0/doc/decode-0.22.0/ri/Decode/Language/Ruby/Call/qualified_form-i.ri'
'tmp_install/usr/lib/ruby/gems/3.4.0/doc/decode-0.22.0/ri/Decode/Language/Ruby/Call/short_form-i.ri' -> '/build/ruby-decode/pkg/ruby-decode/usr/lib/ruby/gems/3.4.0/doc/decode-0.22.0/ri/Decode/Language/Ruby/Call/short_form-i.ri'
'tmp_install/usr/lib/ruby/gems/3.4.0/doc/decode-0.22.0/ri/Decode/Language/Ruby/Class' -> '/build/ruby-decode/pkg/ruby-decode/usr/lib/ruby/gems/3.4.0/doc/decode-0.22.0/ri/Decode/Language/Ruby/Class'
'tmp_install/usr/lib/ruby/gems/3.4.0/doc/decode-0.22.0/ri/Decode/Language/Ruby/Class/cdesc-Class.ri' -> '/build/ruby-decode/pkg/ruby-decode/usr/lib/ruby/gems/3.4.0/doc/decode-0.22.0/ri/Decode/Language/Ruby/Class/cdesc-Class.ri'
'tmp_install/usr/lib/ruby/gems/3.4.0/doc/decode-0.22.0/ri/Decode/Language/Ruby/Class/container%3f-i.ri' -> '/build/ruby-decode/pkg/ruby-decode/usr/lib/ruby/gems/3.4.0/doc/decode-0.22.0/ri/Decode/Language/Ruby/Class/container%3f-i.ri'
'tmp_install/usr/lib/ruby/gems/3.4.0/doc/decode-0.22.0/ri/Decode/Language/Ruby/Class/long_form-i.ri' -> '/build/ruby-decode/pkg/ruby-decode/usr/lib/ruby/gems/3.4.0/doc/decode-0.22.0/ri/Decode/Language/Ruby/Class/long_form-i.ri'
'tmp_install/usr/lib/ruby/gems/3.4.0/doc/decode-0.22.0/ri/Decode/Language/Ruby/Class/nested_name-i.ri' -> '/build/ruby-decode/pkg/ruby-decode/usr/lib/ruby/gems/3.4.0/doc/decode-0.22.0/ri/Decode/Language/Ruby/Class/nested_name-i.ri'
'tmp_install/usr/lib/ruby/gems/3.4.0/doc/decode-0.22.0/ri/Decode/Language/Ruby/Class/path_name-i.ri' -> '/build/ruby-decode/pkg/ruby-decode/usr/lib/ruby/gems/3.4.0/doc/decode-0.22.0/ri/Decode/Language/Ruby/Class/path_name-i.ri'
'tmp_install/usr/lib/ruby/gems/3.4.0/doc/decode-0.22.0/ri/Decode/Language/Ruby/Class/qualified_form-i.ri' -> '/build/ruby-decode/pkg/ruby-decode/usr/lib/ruby/gems/3.4.0/doc/decode-0.22.0/ri/Decode/Language/Ruby/Class/qualified_form-i.ri'
'tmp_install/usr/lib/ruby/gems/3.4.0/doc/decode-0.22.0/ri/Decode/Language/Ruby/Class/short_form-i.ri' -> '/build/ruby-decode/pkg/ruby-decode/usr/lib/ruby/gems/3.4.0/doc/decode-0.22.0/ri/Decode/Language/Ruby/Class/short_form-i.ri'
'tmp_install/usr/lib/ruby/gems/3.4.0/doc/decode-0.22.0/ri/Decode/Language/Ruby/Class/super_class-i.ri' -> '/build/ruby-decode/pkg/ruby-decode/usr/lib/ruby/gems/3.4.0/doc/decode-0.22.0/ri/Decode/Language/Ruby/Class/super_class-i.ri'
'tmp_install/usr/lib/ruby/gems/3.4.0/doc/decode-0.22.0/ri/Decode/Language/Ruby/Singleton' -> '/build/ruby-decode/pkg/ruby-decode/usr/lib/ruby/gems/3.4.0/doc/decode-0.22.0/ri/Decode/Language/Ruby/Singleton'
'tmp_install/usr/lib/ruby/gems/3.4.0/doc/decode-0.22.0/ri/Decode/Language/Ruby/Singleton/cdesc-Singleton.ri' -> '/build/ruby-decode/pkg/ruby-decode/usr/lib/ruby/gems/3.4.0/doc/decode-0.22.0/ri/Decode/Language/Ruby/Singleton/cdesc-Singleton.ri'
'tmp_install/usr/lib/ruby/gems/3.4.0/doc/decode-0.22.0/ri/Decode/Language/Ruby/Singleton/absolute_path-i.ri' -> '/build/ruby-decode/pkg/ruby-decode/usr/lib/ruby/gems/3.4.0/doc/decode-0.22.0/ri/Decode/Language/Ruby/Singleton/absolute_path-i.ri'
'tmp_install/usr/lib/ruby/gems/3.4.0/doc/decode-0.22.0/ri/Decode/Language/Ruby/Singleton/container%3f-i.ri' -> '/build/ruby-decode/pkg/ruby-decode/usr/lib/ruby/gems/3.4.0/doc/decode-0.22.0/ri/Decode/Language/Ruby/Singleton/container%3f-i.ri'
'tmp_install/usr/lib/ruby/gems/3.4.0/doc/decode-0.22.0/ri/Decode/Language/Ruby/Singleton/long_form-i.ri' -> '/build/ruby-decode/pkg/ruby-decode/usr/lib/ruby/gems/3.4.0/doc/decode-0.22.0/ri/Decode/Language/Ruby/Singleton/long_form-i.ri'
'tmp_install/usr/lib/ruby/gems/3.4.0/doc/decode-0.22.0/ri/Decode/Language/Ruby/Singleton/nested%3f-i.ri' -> '/build/ruby-decode/pkg/ruby-decode/usr/lib/ruby/gems/3.4.0/doc/decode-0.22.0/ri/Decode/Language/Ruby/Singleton/nested%3f-i.ri'
'tmp_install/usr/lib/ruby/gems/3.4.0/doc/decode-0.22.0/ri/Decode/Language/Ruby/Singleton/nested_name-i.ri' -> '/build/ruby-decode/pkg/ruby-decode/usr/lib/ruby/gems/3.4.0/doc/decode-0.22.0/ri/Decode/Language/Ruby/Singleton/nested_name-i.ri'
'tmp_install/usr/lib/ruby/gems/3.4.0/doc/decode-0.22.0/ri/Decode/Language/Ruby/Singleton/path-i.ri' -> '/build/ruby-decode/pkg/ruby-decode/usr/lib/ruby/gems/3.4.0/doc/decode-0.22.0/ri/Decode/Language/Ruby/Singleton/path-i.ri'
'tmp_install/usr/lib/ruby/gems/3.4.0/doc/decode-0.22.0/ri/Decode/Language/Ruby/Singleton/path_name-i.ri' -> '/build/ruby-decode/pkg/ruby-decode/usr/lib/ruby/gems/3.4.0/doc/decode-0.22.0/ri/Decode/Language/Ruby/Singleton/path_name-i.ri'
'tmp_install/usr/lib/ruby/gems/3.4.0/doc/decode-0.22.0/ri/Decode/Language/Ruby/Singleton/short_form-i.ri' -> '/build/ruby-decode/pkg/ruby-decode/usr/lib/ruby/gems/3.4.0/doc/decode-0.22.0/ri/Decode/Language/Ruby/Singleton/short_form-i.ri'
'tmp_install/usr/lib/ruby/gems/3.4.0/doc/decode-0.22.0/ri/Decode/Language/Ruby/Code' -> '/build/ruby-decode/pkg/ruby-decode/usr/lib/ruby/gems/3.4.0/doc/decode-0.22.0/ri/Decode/Language/Ruby/Code'
'tmp_install/usr/lib/ruby/gems/3.4.0/doc/decode-0.22.0/ri/Decode/Language/Ruby/Code/cdesc-Code.ri' -> '/build/ruby-decode/pkg/ruby-decode/usr/lib/ruby/gems/3.4.0/doc/decode-0.22.0/ri/Decode/Language/Ruby/Code/cdesc-Code.ri'
'tmp_install/usr/lib/ruby/gems/3.4.0/doc/decode-0.22.0/ri/Decode/Language/Ruby/Code/new-c.ri' -> '/build/ruby-decode/pkg/ruby-decode/usr/lib/ruby/gems/3.4.0/doc/decode-0.22.0/ri/Decode/Language/Ruby/Code/new-c.ri'
'tmp_install/usr/lib/ruby/gems/3.4.0/doc/decode-0.22.0/ri/Decode/Language/Ruby/Code/extract-i.ri' -> '/build/ruby-decode/pkg/ruby-decode/usr/lib/ruby/gems/3.4.0/doc/decode-0.22.0/ri/Decode/Language/Ruby/Code/extract-i.ri'
'tmp_install/usr/lib/ruby/gems/3.4.0/doc/decode-0.22.0/ri/Decode/Language/Ruby/Code/traverse-i.ri' -> '/build/ruby-decode/pkg/ruby-decode/usr/lib/ruby/gems/3.4.0/doc/decode-0.22.0/ri/Decode/Language/Ruby/Code/traverse-i.ri'
'tmp_install/usr/lib/ruby/gems/3.4.0/doc/decode-0.22.0/ri/Decode/Language/Ruby/Code/text-i.ri' -> '/build/ruby-decode/pkg/ruby-decode/usr/lib/ruby/gems/3.4.0/doc/decode-0.22.0/ri/Decode/Language/Ruby/Code/text-i.ri'
'tmp_install/usr/lib/ruby/gems/3.4.0/doc/decode-0.22.0/ri/Decode/Language/Ruby/Code/language-i.ri' -> '/build/ruby-decode/pkg/ruby-decode/usr/lib/ruby/gems/3.4.0/doc/decode-0.22.0/ri/Decode/Language/Ruby/Code/language-i.ri'
'tmp_install/usr/lib/ruby/gems/3.4.0/doc/decode-0.22.0/ri/Decode/Language/Ruby/Constant' -> '/build/ruby-decode/pkg/ruby-decode/usr/lib/ruby/gems/3.4.0/doc/decode-0.22.0/ri/Decode/Language/Ruby/Constant'
'tmp_install/usr/lib/ruby/gems/3.4.0/doc/decode-0.22.0/ri/Decode/Language/Ruby/Constant/cdesc-Constant.ri' -> '/build/ruby-decode/pkg/ruby-decode/usr/lib/ruby/gems/3.4.0/doc/decode-0.22.0/ri/Decode/Language/Ruby/Constant/cdesc-Constant.ri'
'tmp_install/usr/lib/ruby/gems/3.4.0/doc/decode-0.22.0/ri/Decode/Language/Ruby/Constant/long_form-i.ri' -> '/build/ruby-decode/pkg/ruby-decode/usr/lib/ruby/gems/3.4.0/doc/decode-0.22.0/ri/Decode/Language/Ruby/Constant/long_form-i.ri'
'tmp_install/usr/lib/ruby/gems/3.4.0/doc/decode-0.22.0/ri/Decode/Language/Ruby/Constant/nested_name-i.ri' -> '/build/ruby-decode/pkg/ruby-decode/usr/lib/ruby/gems/3.4.0/doc/decode-0.22.0/ri/Decode/Language/Ruby/Constant/nested_name-i.ri'
'tmp_install/usr/lib/ruby/gems/3.4.0/doc/decode-0.22.0/ri/Decode/Language/Ruby/Constant/short_form-i.ri' -> '/build/ruby-decode/pkg/ruby-decode/usr/lib/ruby/gems/3.4.0/doc/decode-0.22.0/ri/Decode/Language/Ruby/Constant/short_form-i.ri'
'tmp_install/usr/lib/ruby/gems/3.4.0/doc/decode-0.22.0/ri/Decode/Language/Ruby/Definition' -> '/build/ruby-decode/pkg/ruby-decode/usr/lib/ruby/gems/3.4.0/doc/decode-0.22.0/ri/Decode/Language/Ruby/Definition'
'tmp_install/usr/lib/ruby/gems/3.4.0/doc/decode-0.22.0/ri/Decode/Language/Ruby/Definition/cdesc-Definition.ri' -> '/build/ruby-decode/pkg/ruby-decode/usr/lib/ruby/gems/3.4.0/doc/decode-0.22.0/ri/Decode/Language/Ruby/Definition/cdesc-Definition.ri'
'tmp_install/usr/lib/ruby/gems/3.4.0/doc/decode-0.22.0/ri/Decode/Language/Ruby/Definition/new-c.ri' -> '/build/ruby-decode/pkg/ruby-decode/usr/lib/ruby/gems/3.4.0/doc/decode-0.22.0/ri/Decode/Language/Ruby/Definition/new-c.ri'
'tmp_install/usr/lib/ruby/gems/3.4.0/doc/decode-0.22.0/ri/Decode/Language/Ruby/Definition/location-i.ri' -> '/build/ruby-decode/pkg/ruby-decode/usr/lib/ruby/gems/3.4.0/doc/decode-0.22.0/ri/Decode/Language/Ruby/Definition/location-i.ri'
'tmp_install/usr/lib/ruby/gems/3.4.0/doc/decode-0.22.0/ri/Decode/Language/Ruby/Definition/multiline%3f-i.ri' -> '/build/ruby-decode/pkg/ruby-decode/usr/lib/ruby/gems/3.4.0/doc/decode-0.22.0/ri/Decode/Language/Ruby/Definition/multiline%3f-i.ri'
'tmp_install/usr/lib/ruby/gems/3.4.0/doc/decode-0.22.0/ri/Decode/Language/Ruby/Definition/nested_name-i.ri' -> '/build/ruby-decode/pkg/ruby-decode/usr/lib/ruby/gems/3.4.0/doc/decode-0.22.0/ri/Decode/Language/Ruby/Definition/nested_name-i.ri'
'tmp_install/usr/lib/ruby/gems/3.4.0/doc/decode-0.22.0/ri/Decode/Language/Ruby/Definition/public%3f-i.ri' -> '/build/ruby-decode/pkg/ruby-decode/usr/lib/ruby/gems/3.4.0/doc/decode-0.22.0/ri/Decode/Language/Ruby/Definition/public%3f-i.ri'
'tmp_install/usr/lib/ruby/gems/3.4.0/doc/decode-0.22.0/ri/Decode/Language/Ruby/Definition/text-i.ri' -> '/build/ruby-decode/pkg/ruby-decode/usr/lib/ruby/gems/3.4.0/doc/decode-0.22.0/ri/Decode/Language/Ruby/Definition/text-i.ri'
'tmp_install/usr/lib/ruby/gems/3.4.0/doc/decode-0.22.0/ri/Decode/Language/Ruby/Definition/node-i.ri' -> '/build/ruby-decode/pkg/ruby-decode/usr/lib/ruby/gems/3.4.0/doc/decode-0.22.0/ri/Decode/Language/Ruby/Definition/node-i.ri'
'tmp_install/usr/lib/ruby/gems/3.4.0/doc/decode-0.22.0/ri/Decode/Language/Ruby/Definition/visibility-i.ri' -> '/build/ruby-decode/pkg/ruby-decode/usr/lib/ruby/gems/3.4.0/doc/decode-0.22.0/ri/Decode/Language/Ruby/Definition/visibility-i.ri'
'tmp_install/usr/lib/ruby/gems/3.4.0/doc/decode-0.22.0/ri/Decode/Language/Ruby/Function' -> '/build/ruby-decode/pkg/ruby-decode/usr/lib/ruby/gems/3.4.0/doc/decode-0.22.0/ri/Decode/Language/Ruby/Function'
'tmp_install/usr/lib/ruby/gems/3.4.0/doc/decode-0.22.0/ri/Decode/Language/Ruby/Function/cdesc-Function.ri' -> '/build/ruby-decode/pkg/ruby-decode/usr/lib/ruby/gems/3.4.0/doc/decode-0.22.0/ri/Decode/Language/Ruby/Function/cdesc-Function.ri'
'tmp_install/usr/lib/ruby/gems/3.4.0/doc/decode-0.22.0/ri/Decode/Language/Ruby/Function/arguments_node-i.ri' -> '/build/ruby-decode/pkg/ruby-decode/usr/lib/ruby/gems/3.4.0/doc/decode-0.22.0/ri/Decode/Language/Ruby/Function/arguments_node-i.ri'
'tmp_install/usr/lib/ruby/gems/3.4.0/doc/decode-0.22.0/ri/Decode/Language/Ruby/Function/nested_name-i.ri' -> '/build/ruby-decode/pkg/ruby-decode/usr/lib/ruby/gems/3.4.0/doc/decode-0.22.0/ri/Decode/Language/Ruby/Function/nested_name-i.ri'
'tmp_install/usr/lib/ruby/gems/3.4.0/doc/decode-0.22.0/ri/Decode/Language/Ruby/Generic' -> '/build/ruby-decode/pkg/ruby-decode/usr/lib/ruby/gems/3.4.0/doc/decode-0.22.0/ri/Decode/Language/Ruby/Generic'
'tmp_install/usr/lib/ruby/gems/3.4.0/doc/decode-0.22.0/ri/Decode/Language/Ruby/Generic/cdesc-Generic.ri' -> '/build/ruby-decode/pkg/ruby-decode/usr/lib/ruby/gems/3.4.0/doc/decode-0.22.0/ri/Decode/Language/Ruby/Generic/cdesc-Generic.ri'
'tmp_install/usr/lib/ruby/gems/3.4.0/doc/decode-0.22.0/ri/Decode/Language/Ruby/Generic/code_for-i.ri' -> '/build/ruby-decode/pkg/ruby-decode/usr/lib/ruby/gems/3.4.0/doc/decode-0.22.0/ri/Decode/Language/Ruby/Generic/code_for-i.ri'
'tmp_install/usr/lib/ruby/gems/3.4.0/doc/decode-0.22.0/ri/Decode/Language/Ruby/Generic/parser-i.ri' -> '/build/ruby-decode/pkg/ruby-decode/usr/lib/ruby/gems/3.4.0/doc/decode-0.22.0/ri/Decode/Language/Ruby/Generic/parser-i.ri'
'tmp_install/usr/lib/ruby/gems/3.4.0/doc/decode-0.22.0/ri/Decode/Language/Ruby/Generic/reference_for-i.ri' -> '/build/ruby-decode/pkg/ruby-decode/usr/lib/ruby/gems/3.4.0/doc/decode-0.22.0/ri/Decode/Language/Ruby/Generic/reference_for-i.ri'
'tmp_install/usr/lib/ruby/gems/3.4.0/doc/decode-0.22.0/ri/Decode/Language/Ruby/Method' -> '/build/ruby-decode/pkg/ruby-decode/usr/lib/ruby/gems/3.4.0/doc/decode-0.22.0/ri/Decode/Language/Ruby/Method'
'tmp_install/usr/lib/ruby/gems/3.4.0/doc/decode-0.22.0/ri/Decode/Language/Ruby/Method/cdesc-Method.ri' -> '/build/ruby-decode/pkg/ruby-decode/usr/lib/ruby/gems/3.4.0/doc/decode-0.22.0/ri/Decode/Language/Ruby/Method/cdesc-Method.ri'
'tmp_install/usr/lib/ruby/gems/3.4.0/doc/decode-0.22.0/ri/Decode/Language/Ruby/Method/arguments_node-i.ri' -> '/build/ruby-decode/pkg/ruby-decode/usr/lib/ruby/gems/3.4.0/doc/decode-0.22.0/ri/Decode/Language/Ruby/Method/arguments_node-i.ri'
'tmp_install/usr/lib/ruby/gems/3.4.0/doc/decode-0.22.0/ri/Decode/Language/Ruby/Method/convert-i.ri' -> '/build/ruby-decode/pkg/ruby-decode/usr/lib/ruby/gems/3.4.0/doc/decode-0.22.0/ri/Decode/Language/Ruby/Method/convert-i.ri'
'tmp_install/usr/lib/ruby/gems/3.4.0/doc/decode-0.22.0/ri/Decode/Language/Ruby/Method/long_form-i.ri' -> '/build/ruby-decode/pkg/ruby-decode/usr/lib/ruby/gems/3.4.0/doc/decode-0.22.0/ri/Decode/Language/Ruby/Method/long_form-i.ri'
'tmp_install/usr/lib/ruby/gems/3.4.0/doc/decode-0.22.0/ri/Decode/Language/Ruby/Method/qualified_form-i.ri' -> '/build/ruby-decode/pkg/ruby-decode/usr/lib/ruby/gems/3.4.0/doc/decode-0.22.0/ri/Decode/Language/Ruby/Method/qualified_form-i.ri'
'tmp_install/usr/lib/ruby/gems/3.4.0/doc/decode-0.22.0/ri/Decode/Language/Ruby/Method/short_form-i.ri' -> '/build/ruby-decode/pkg/ruby-decode/usr/lib/ruby/gems/3.4.0/doc/decode-0.22.0/ri/Decode/Language/Ruby/Method/short_form-i.ri'
'tmp_install/usr/lib/ruby/gems/3.4.0/doc/decode-0.22.0/ri/Decode/Language/Ruby/Module' -> '/build/ruby-decode/pkg/ruby-decode/usr/lib/ruby/gems/3.4.0/doc/decode-0.22.0/ri/Decode/Language/Ruby/Module'
'tmp_install/usr/lib/ruby/gems/3.4.0/doc/decode-0.22.0/ri/Decode/Language/Ruby/Module/cdesc-Module.ri' -> '/build/ruby-decode/pkg/ruby-decode/usr/lib/ruby/gems/3.4.0/doc/decode-0.22.0/ri/Decode/Language/Ruby/Module/cdesc-Module.ri'
'tmp_install/usr/lib/ruby/gems/3.4.0/doc/decode-0.22.0/ri/Decode/Language/Ruby/Module/container%3f-i.ri' -> '/build/ruby-decode/pkg/ruby-decode/usr/lib/ruby/gems/3.4.0/doc/decode-0.22.0/ri/Decode/Language/Ruby/Module/container%3f-i.ri'
'tmp_install/usr/lib/ruby/gems/3.4.0/doc/decode-0.22.0/ri/Decode/Language/Ruby/Module/long_form-i.ri' -> '/build/ruby-decode/pkg/ruby-decode/usr/lib/ruby/gems/3.4.0/doc/decode-0.22.0/ri/Decode/Language/Ruby/Module/long_form-i.ri'
'tmp_install/usr/lib/ruby/gems/3.4.0/doc/decode-0.22.0/ri/Decode/Language/Ruby/Module/nested_name-i.ri' -> '/build/ruby-decode/pkg/ruby-decode/usr/lib/ruby/gems/3.4.0/doc/decode-0.22.0/ri/Decode/Language/Ruby/Module/nested_name-i.ri'
'tmp_install/usr/lib/ruby/gems/3.4.0/doc/decode-0.22.0/ri/Decode/Language/Ruby/Module/path_name-i.ri' -> '/build/ruby-decode/pkg/ruby-decode/usr/lib/ruby/gems/3.4.0/doc/decode-0.22.0/ri/Decode/Language/Ruby/Module/path_name-i.ri'
'tmp_install/usr/lib/ruby/gems/3.4.0/doc/decode-0.22.0/ri/Decode/Language/Ruby/Module/qualified_form-i.ri' -> '/build/ruby-decode/pkg/ruby-decode/usr/lib/ruby/gems/3.4.0/doc/decode-0.22.0/ri/Decode/Language/Ruby/Module/qualified_form-i.ri'
'tmp_install/usr/lib/ruby/gems/3.4.0/doc/decode-0.22.0/ri/Decode/Language/Ruby/Module/short_form-i.ri' -> '/build/ruby-decode/pkg/ruby-decode/usr/lib/ruby/gems/3.4.0/doc/decode-0.22.0/ri/Decode/Language/Ruby/Module/short_form-i.ri'
'tmp_install/usr/lib/ruby/gems/3.4.0/doc/decode-0.22.0/ri/Decode/Language/Ruby/Parser' -> '/build/ruby-decode/pkg/ruby-decode/usr/lib/ruby/gems/3.4.0/doc/decode-0.22.0/ri/Decode/Language/Ruby/Parser'
'tmp_install/usr/lib/ruby/gems/3.4.0/doc/decode-0.22.0/ri/Decode/Language/Ruby/Parser/cdesc-Parser.ri' -> '/build/ruby-decode/pkg/ruby-decode/usr/lib/ruby/gems/3.4.0/doc/decode-0.22.0/ri/Decode/Language/Ruby/Parser/cdesc-Parser.ri'
'tmp_install/usr/lib/ruby/gems/3.4.0/doc/decode-0.22.0/ri/Decode/Language/Ruby/Parser/new-c.ri' -> '/build/ruby-decode/pkg/ruby-decode/usr/lib/ruby/gems/3.4.0/doc/decode-0.22.0/ri/Decode/Language/Ruby/Parser/new-c.ri'
'tmp_install/usr/lib/ruby/gems/3.4.0/doc/decode-0.22.0/ri/Decode/Language/Ruby/Parser/assign_definition-i.ri' -> '/build/ruby-decode/pkg/ruby-decode/usr/lib/ruby/gems/3.4.0/doc/decode-0.22.0/ri/Decode/Language/Ruby/Parser/assign_definition-i.ri'
'tmp_install/usr/lib/ruby/gems/3.4.0/doc/decode-0.22.0/ri/Decode/Language/Ruby/Parser/constant_names_for-i.ri' -> '/build/ruby-decode/pkg/ruby-decode/usr/lib/ruby/gems/3.4.0/doc/decode-0.22.0/ri/Decode/Language/Ruby/Parser/constant_names_for-i.ri'
'tmp_install/usr/lib/ruby/gems/3.4.0/doc/decode-0.22.0/ri/Decode/Language/Ruby/Parser/definitions_for-i.ri' -> '/build/ruby-decode/pkg/ruby-decode/usr/lib/ruby/gems/3.4.0/doc/decode-0.22.0/ri/Decode/Language/Ruby/Parser/definitions_for-i.ri'
'tmp_install/usr/lib/ruby/gems/3.4.0/doc/decode-0.22.0/ri/Decode/Language/Ruby/Parser/extract_comments_for-i.ri' -> '/build/ruby-decode/pkg/ruby-decode/usr/lib/ruby/gems/3.4.0/doc/decode-0.22.0/ri/Decode/Language/Ruby/Parser/extract_comments_for-i.ri'
'tmp_install/usr/lib/ruby/gems/3.4.0/doc/decode-0.22.0/ri/Decode/Language/Ruby/Parser/kind_for-i.ri' -> '/build/ruby-decode/pkg/ruby-decode/usr/lib/ruby/gems/3.4.0/doc/decode-0.22.0/ri/Decode/Language/Ruby/Parser/kind_for-i.ri'
'tmp_install/usr/lib/ruby/gems/3.4.0/doc/decode-0.22.0/ri/Decode/Language/Ruby/Parser/lookup_definition-i.ri' -> '/build/ruby-decode/pkg/ruby-decode/usr/lib/ruby/gems/3.4.0/doc/decode-0.22.0/ri/Decode/Language/Ruby/Parser/lookup_definition-i.ri'
'tmp_install/usr/lib/ruby/gems/3.4.0/doc/decode-0.22.0/ri/Decode/Language/Ruby/Parser/name_for-i.ri' -> '/build/ruby-decode/pkg/ruby-decode/usr/lib/ruby/gems/3.4.0/doc/decode-0.22.0/ri/Decode/Language/Ruby/Parser/name_for-i.ri'
'tmp_install/usr/lib/ruby/gems/3.4.0/doc/decode-0.22.0/ri/Decode/Language/Ruby/Parser/nested_name_for-i.ri' -> '/build/ruby-decode/pkg/ruby-decode/usr/lib/ruby/gems/3.4.0/doc/decode-0.22.0/ri/Decode/Language/Ruby/Parser/nested_name_for-i.ri'
'tmp_install/usr/lib/ruby/gems/3.4.0/doc/decode-0.22.0/ri/Decode/Language/Ruby/Parser/parse_source-i.ri' -> '/build/ruby-decode/pkg/ruby-decode/usr/lib/ruby/gems/3.4.0/doc/decode-0.22.0/ri/Decode/Language/Ruby/Parser/parse_source-i.ri'
'tmp_install/usr/lib/ruby/gems/3.4.0/doc/decode-0.22.0/ri/Decode/Language/Ruby/Parser/scope_for-i.ri' -> '/build/ruby-decode/pkg/ruby-decode/usr/lib/ruby/gems/3.4.0/doc/decode-0.22.0/ri/Decode/Language/Ruby/Parser/scope_for-i.ri'
'tmp_install/usr/lib/ruby/gems/3.4.0/doc/decode-0.22.0/ri/Decode/Language/Ruby/Parser/segments_for-i.ri' -> '/build/ruby-decode/pkg/ruby-decode/usr/lib/ruby/gems/3.4.0/doc/decode-0.22.0/ri/Decode/Language/Ruby/Parser/segments_for-i.ri'
'tmp_install/usr/lib/ruby/gems/3.4.0/doc/decode-0.22.0/ri/Decode/Language/Ruby/Parser/singleton_name_for-i.ri' -> '/build/ruby-decode/pkg/ruby-decode/usr/lib/ruby/gems/3.4.0/doc/decode-0.22.0/ri/Decode/Language/Ruby/Parser/singleton_name_for-i.ri'
'tmp_install/usr/lib/ruby/gems/3.4.0/doc/decode-0.22.0/ri/Decode/Language/Ruby/Parser/walk_definitions-i.ri' -> '/build/ruby-decode/pkg/ruby-decode/usr/lib/ruby/gems/3.4.0/doc/decode-0.22.0/ri/Decode/Language/Ruby/Parser/walk_definitions-i.ri'
'tmp_install/usr/lib/ruby/gems/3.4.0/doc/decode-0.22.0/ri/Decode/Language/Ruby/Parser/walk_segments-i.ri' -> '/build/ruby-decode/pkg/ruby-decode/usr/lib/ruby/gems/3.4.0/doc/decode-0.22.0/ri/Decode/Language/Ruby/Parser/walk_segments-i.ri'
'tmp_install/usr/lib/ruby/gems/3.4.0/doc/decode-0.22.0/ri/Decode/Language/Ruby/Parser/with_visibility-i.ri' -> '/build/ruby-decode/pkg/ruby-decode/usr/lib/ruby/gems/3.4.0/doc/decode-0.22.0/ri/Decode/Language/Ruby/Parser/with_visibility-i.ri'
'tmp_install/usr/lib/ruby/gems/3.4.0/doc/decode-0.22.0/ri/Decode/Language/Ruby/Reference' -> '/build/ruby-decode/pkg/ruby-decode/usr/lib/ruby/gems/3.4.0/doc/decode-0.22.0/ri/Decode/Language/Ruby/Reference'
'tmp_install/usr/lib/ruby/gems/3.4.0/doc/decode-0.22.0/ri/Decode/Language/Ruby/Reference/cdesc-Reference.ri' -> '/build/ruby-decode/pkg/ruby-decode/usr/lib/ruby/gems/3.4.0/doc/decode-0.22.0/ri/Decode/Language/Ruby/Reference/cdesc-Reference.ri'
'tmp_install/usr/lib/ruby/gems/3.4.0/doc/decode-0.22.0/ri/Decode/Language/Ruby/Reference/append_const-c.ri' -> '/build/ruby-decode/pkg/ruby-decode/usr/lib/ruby/gems/3.4.0/doc/decode-0.22.0/ri/Decode/Language/Ruby/Reference/append_const-c.ri'
'tmp_install/usr/lib/ruby/gems/3.4.0/doc/decode-0.22.0/ri/Decode/Language/Ruby/Reference/from_const-c.ri' -> '/build/ruby-decode/pkg/ruby-decode/usr/lib/ruby/gems/3.4.0/doc/decode-0.22.0/ri/Decode/Language/Ruby/Reference/from_const-c.ri'
'tmp_install/usr/lib/ruby/gems/3.4.0/doc/decode-0.22.0/ri/Decode/Language/Ruby/Reference/split-i.ri' -> '/build/ruby-decode/pkg/ruby-decode/usr/lib/ruby/gems/3.4.0/doc/decode-0.22.0/ri/Decode/Language/Ruby/Reference/split-i.ri'
'tmp_install/usr/lib/ruby/gems/3.4.0/doc/decode-0.22.0/ri/Decode/Language/Ruby/Segment' -> '/build/ruby-decode/pkg/ruby-decode/usr/lib/ruby/gems/3.4.0/doc/decode-0.22.0/ri/Decode/Language/Ruby/Segment'
'tmp_install/usr/lib/ruby/gems/3.4.0/doc/decode-0.22.0/ri/Decode/Language/Ruby/Segment/cdesc-Segment.ri' -> '/build/ruby-decode/pkg/ruby-decode/usr/lib/ruby/gems/3.4.0/doc/decode-0.22.0/ri/Decode/Language/Ruby/Segment/cdesc-Segment.ri'
'tmp_install/usr/lib/ruby/gems/3.4.0/doc/decode-0.22.0/ri/Decode/Language/Ruby/Segment/new-c.ri' -> '/build/ruby-decode/pkg/ruby-decode/usr/lib/ruby/gems/3.4.0/doc/decode-0.22.0/ri/Decode/Language/Ruby/Segment/new-c.ri'
'tmp_install/usr/lib/ruby/gems/3.4.0/doc/decode-0.22.0/ri/Decode/Language/Ruby/Segment/code-i.ri' -> '/build/ruby-decode/pkg/ruby-decode/usr/lib/ruby/gems/3.4.0/doc/decode-0.22.0/ri/Decode/Language/Ruby/Segment/code-i.ri'
'tmp_install/usr/lib/ruby/gems/3.4.0/doc/decode-0.22.0/ri/Decode/Language/Ruby/Segment/expand-i.ri' -> '/build/ruby-decode/pkg/ruby-decode/usr/lib/ruby/gems/3.4.0/doc/decode-0.22.0/ri/Decode/Language/Ruby/Segment/expand-i.ri'
'tmp_install/usr/lib/ruby/gems/3.4.0/doc/decode-0.22.0/ri/Decode/Language/Ruby/Segment/node-i.ri' -> '/build/ruby-decode/pkg/ruby-decode/usr/lib/ruby/gems/3.4.0/doc/decode-0.22.0/ri/Decode/Language/Ruby/Segment/node-i.ri'
'tmp_install/usr/lib/ruby/gems/3.4.0/doc/decode-0.22.0/ri/Decode/Language/Ruby/cdesc-Ruby.ri' -> '/build/ruby-decode/pkg/ruby-decode/usr/lib/ruby/gems/3.4.0/doc/decode-0.22.0/ri/Decode/Language/Ruby/cdesc-Ruby.ri'
'tmp_install/usr/lib/ruby/gems/3.4.0/doc/decode-0.22.0/ri/Decode/Language/Ruby/new-c.ri' -> '/build/ruby-decode/pkg/ruby-decode/usr/lib/ruby/gems/3.4.0/doc/decode-0.22.0/ri/Decode/Language/Ruby/new-c.ri'
'tmp_install/usr/lib/ruby/gems/3.4.0/doc/decode-0.22.0/ri/Decode/Language/cdesc-Language.ri' -> '/build/ruby-decode/pkg/ruby-decode/usr/lib/ruby/gems/3.4.0/doc/decode-0.22.0/ri/Decode/Language/cdesc-Language.ri'
'tmp_install/usr/lib/ruby/gems/3.4.0/doc/decode-0.22.0/ri/Decode/Languages' -> '/build/ruby-decode/pkg/ruby-decode/usr/lib/ruby/gems/3.4.0/doc/decode-0.22.0/ri/Decode/Languages'
'tmp_install/usr/lib/ruby/gems/3.4.0/doc/decode-0.22.0/ri/Decode/Languages/cdesc-Languages.ri' -> '/build/ruby-decode/pkg/ruby-decode/usr/lib/ruby/gems/3.4.0/doc/decode-0.22.0/ri/Decode/Languages/cdesc-Languages.ri'
'tmp_install/usr/lib/ruby/gems/3.4.0/doc/decode-0.22.0/ri/Decode/Languages/all-c.ri' -> '/build/ruby-decode/pkg/ruby-decode/usr/lib/ruby/gems/3.4.0/doc/decode-0.22.0/ri/Decode/Languages/all-c.ri'
'tmp_install/usr/lib/ruby/gems/3.4.0/doc/decode-0.22.0/ri/Decode/Languages/new-c.ri' -> '/build/ruby-decode/pkg/ruby-decode/usr/lib/ruby/gems/3.4.0/doc/decode-0.22.0/ri/Decode/Languages/new-c.ri'
'tmp_install/usr/lib/ruby/gems/3.4.0/doc/decode-0.22.0/ri/Decode/Languages/add-i.ri' -> '/build/ruby-decode/pkg/ruby-decode/usr/lib/ruby/gems/3.4.0/doc/decode-0.22.0/ri/Decode/Languages/add-i.ri'
'tmp_install/usr/lib/ruby/gems/3.4.0/doc/decode-0.22.0/ri/Decode/Languages/fetch-i.ri' -> '/build/ruby-decode/pkg/ruby-decode/usr/lib/ruby/gems/3.4.0/doc/decode-0.22.0/ri/Decode/Languages/fetch-i.ri'
'tmp_install/usr/lib/ruby/gems/3.4.0/doc/decode-0.22.0/ri/Decode/Languages/freeze-i.ri' -> '/build/ruby-decode/pkg/ruby-decode/usr/lib/ruby/gems/3.4.0/doc/decode-0.22.0/ri/Decode/Languages/freeze-i.ri'
'tmp_install/usr/lib/ruby/gems/3.4.0/doc/decode-0.22.0/ri/Decode/Languages/parse_reference-i.ri' -> '/build/ruby-decode/pkg/ruby-decode/usr/lib/ruby/gems/3.4.0/doc/decode-0.22.0/ri/Decode/Languages/parse_reference-i.ri'
'tmp_install/usr/lib/ruby/gems/3.4.0/doc/decode-0.22.0/ri/Decode/Languages/reference_for-i.ri' -> '/build/ruby-decode/pkg/ruby-decode/usr/lib/ruby/gems/3.4.0/doc/decode-0.22.0/ri/Decode/Languages/reference_for-i.ri'
'tmp_install/usr/lib/ruby/gems/3.4.0/doc/decode-0.22.0/ri/Decode/Languages/source_for-i.ri' -> '/build/ruby-decode/pkg/ruby-decode/usr/lib/ruby/gems/3.4.0/doc/decode-0.22.0/ri/Decode/Languages/source_for-i.ri'
'tmp_install/usr/lib/ruby/gems/3.4.0/doc/decode-0.22.0/ri/Decode/Location' -> '/build/ruby-decode/pkg/ruby-decode/usr/lib/ruby/gems/3.4.0/doc/decode-0.22.0/ri/Decode/Location'
'tmp_install/usr/lib/ruby/gems/3.4.0/doc/decode-0.22.0/ri/Decode/Location/cdesc-Location.ri' -> '/build/ruby-decode/pkg/ruby-decode/usr/lib/ruby/gems/3.4.0/doc/decode-0.22.0/ri/Decode/Location/cdesc-Location.ri'
'tmp_install/usr/lib/ruby/gems/3.4.0/doc/decode-0.22.0/ri/Decode/Location/to_s-i.ri' -> '/build/ruby-decode/pkg/ruby-decode/usr/lib/ruby/gems/3.4.0/doc/decode-0.22.0/ri/Decode/Location/to_s-i.ri'
'tmp_install/usr/lib/ruby/gems/3.4.0/doc/decode-0.22.0/ri/Decode/Scope' -> '/build/ruby-decode/pkg/ruby-decode/usr/lib/ruby/gems/3.4.0/doc/decode-0.22.0/ri/Decode/Scope'
'tmp_install/usr/lib/ruby/gems/3.4.0/doc/decode-0.22.0/ri/Decode/Scope/cdesc-Scope.ri' -> '/build/ruby-decode/pkg/ruby-decode/usr/lib/ruby/gems/3.4.0/doc/decode-0.22.0/ri/Decode/Scope/cdesc-Scope.ri'
'tmp_install/usr/lib/ruby/gems/3.4.0/doc/decode-0.22.0/ri/Decode/Scope/container%3f-i.ri' -> '/build/ruby-decode/pkg/ruby-decode/usr/lib/ruby/gems/3.4.0/doc/decode-0.22.0/ri/Decode/Scope/container%3f-i.ri'
'tmp_install/usr/lib/ruby/gems/3.4.0/doc/decode-0.22.0/ri/Decode/Scope/short_form-i.ri' -> '/build/ruby-decode/pkg/ruby-decode/usr/lib/ruby/gems/3.4.0/doc/decode-0.22.0/ri/Decode/Scope/short_form-i.ri'
'tmp_install/usr/lib/ruby/gems/3.4.0/doc/decode-0.22.0/ri/Decode/Segment' -> '/build/ruby-decode/pkg/ruby-decode/usr/lib/ruby/gems/3.4.0/doc/decode-0.22.0/ri/Decode/Segment'
'tmp_install/usr/lib/ruby/gems/3.4.0/doc/decode-0.22.0/ri/Decode/Segment/cdesc-Segment.ri' -> '/build/ruby-decode/pkg/ruby-decode/usr/lib/ruby/gems/3.4.0/doc/decode-0.22.0/ri/Decode/Segment/cdesc-Segment.ri'
'tmp_install/usr/lib/ruby/gems/3.4.0/doc/decode-0.22.0/ri/Decode/Segment/new-c.ri' -> '/build/ruby-decode/pkg/ruby-decode/usr/lib/ruby/gems/3.4.0/doc/decode-0.22.0/ri/Decode/Segment/new-c.ri'
'tmp_install/usr/lib/ruby/gems/3.4.0/doc/decode-0.22.0/ri/Decode/Segment/code-i.ri' -> '/build/ruby-decode/pkg/ruby-decode/usr/lib/ruby/gems/3.4.0/doc/decode-0.22.0/ri/Decode/Segment/code-i.ri'
'tmp_install/usr/lib/ruby/gems/3.4.0/doc/decode-0.22.0/ri/Decode/Segment/documentation-i.ri' -> '/build/ruby-decode/pkg/ruby-decode/usr/lib/ruby/gems/3.4.0/doc/decode-0.22.0/ri/Decode/Segment/documentation-i.ri'
'tmp_install/usr/lib/ruby/gems/3.4.0/doc/decode-0.22.0/ri/Decode/Segment/comments-i.ri' -> '/build/ruby-decode/pkg/ruby-decode/usr/lib/ruby/gems/3.4.0/doc/decode-0.22.0/ri/Decode/Segment/comments-i.ri'
'tmp_install/usr/lib/ruby/gems/3.4.0/doc/decode-0.22.0/ri/Decode/Segment/language-i.ri' -> '/build/ruby-decode/pkg/ruby-decode/usr/lib/ruby/gems/3.4.0/doc/decode-0.22.0/ri/Decode/Segment/language-i.ri'
'tmp_install/usr/lib/ruby/gems/3.4.0/doc/decode-0.22.0/ri/Decode/Source' -> '/build/ruby-decode/pkg/ruby-decode/usr/lib/ruby/gems/3.4.0/doc/decode-0.22.0/ri/Decode/Source'
'tmp_install/usr/lib/ruby/gems/3.4.0/doc/decode-0.22.0/ri/Decode/Source/cdesc-Source.ri' -> '/build/ruby-decode/pkg/ruby-decode/usr/lib/ruby/gems/3.4.0/doc/decode-0.22.0/ri/Decode/Source/cdesc-Source.ri'
'tmp_install/usr/lib/ruby/gems/3.4.0/doc/decode-0.22.0/ri/Decode/Source/new-c.ri' -> '/build/ruby-decode/pkg/ruby-decode/usr/lib/ruby/gems/3.4.0/doc/decode-0.22.0/ri/Decode/Source/new-c.ri'
'tmp_install/usr/lib/ruby/gems/3.4.0/doc/decode-0.22.0/ri/Decode/Source/code-i.ri' -> '/build/ruby-decode/pkg/ruby-decode/usr/lib/ruby/gems/3.4.0/doc/decode-0.22.0/ri/Decode/Source/code-i.ri'
'tmp_install/usr/lib/ruby/gems/3.4.0/doc/decode-0.22.0/ri/Decode/Source/definitions-i.ri' -> '/build/ruby-decode/pkg/ruby-decode/usr/lib/ruby/gems/3.4.0/doc/decode-0.22.0/ri/Decode/Source/definitions-i.ri'
'tmp_install/usr/lib/ruby/gems/3.4.0/doc/decode-0.22.0/ri/Decode/Source/read-i.ri' -> '/build/ruby-decode/pkg/ruby-decode/usr/lib/ruby/gems/3.4.0/doc/decode-0.22.0/ri/Decode/Source/read-i.ri'
'tmp_install/usr/lib/ruby/gems/3.4.0/doc/decode-0.22.0/ri/Decode/Source/relative_path-i.ri' -> '/build/ruby-decode/pkg/ruby-decode/usr/lib/ruby/gems/3.4.0/doc/decode-0.22.0/ri/Decode/Source/relative_path-i.ri'
'tmp_install/usr/lib/ruby/gems/3.4.0/doc/decode-0.22.0/ri/Decode/Source/segments-i.ri' -> '/build/ruby-decode/pkg/ruby-decode/usr/lib/ruby/gems/3.4.0/doc/decode-0.22.0/ri/Decode/Source/segments-i.ri'
'tmp_install/usr/lib/ruby/gems/3.4.0/doc/decode-0.22.0/ri/Decode/Source/path-i.ri' -> '/build/ruby-decode/pkg/ruby-decode/usr/lib/ruby/gems/3.4.0/doc/decode-0.22.0/ri/Decode/Source/path-i.ri'
'tmp_install/usr/lib/ruby/gems/3.4.0/doc/decode-0.22.0/ri/Decode/Source/language-i.ri' -> '/build/ruby-decode/pkg/ruby-decode/usr/lib/ruby/gems/3.4.0/doc/decode-0.22.0/ri/Decode/Source/language-i.ri'
'tmp_install/usr/lib/ruby/gems/3.4.0/doc/decode-0.22.0/ri/Decode/Syntax' -> '/build/ruby-decode/pkg/ruby-decode/usr/lib/ruby/gems/3.4.0/doc/decode-0.22.0/ri/Decode/Syntax'
'tmp_install/usr/lib/ruby/gems/3.4.0/doc/decode-0.22.0/ri/Decode/Syntax/Link' -> '/build/ruby-decode/pkg/ruby-decode/usr/lib/ruby/gems/3.4.0/doc/decode-0.22.0/ri/Decode/Syntax/Link'
'tmp_install/usr/lib/ruby/gems/3.4.0/doc/decode-0.22.0/ri/Decode/Syntax/Link/cdesc-Link.ri' -> '/build/ruby-decode/pkg/ruby-decode/usr/lib/ruby/gems/3.4.0/doc/decode-0.22.0/ri/Decode/Syntax/Link/cdesc-Link.ri'
'tmp_install/usr/lib/ruby/gems/3.4.0/doc/decode-0.22.0/ri/Decode/Syntax/Link/new-c.ri' -> '/build/ruby-decode/pkg/ruby-decode/usr/lib/ruby/gems/3.4.0/doc/decode-0.22.0/ri/Decode/Syntax/Link/new-c.ri'
'tmp_install/usr/lib/ruby/gems/3.4.0/doc/decode-0.22.0/ri/Decode/Syntax/Link/apply-i.ri' -> '/build/ruby-decode/pkg/ruby-decode/usr/lib/ruby/gems/3.4.0/doc/decode-0.22.0/ri/Decode/Syntax/Link/apply-i.ri'
'tmp_install/usr/lib/ruby/gems/3.4.0/doc/decode-0.22.0/ri/Decode/Syntax/Link/definition-i.ri' -> '/build/ruby-decode/pkg/ruby-decode/usr/lib/ruby/gems/3.4.0/doc/decode-0.22.0/ri/Decode/Syntax/Link/definition-i.ri'
'tmp_install/usr/lib/ruby/gems/3.4.0/doc/decode-0.22.0/ri/Decode/Syntax/Match' -> '/build/ruby-decode/pkg/ruby-decode/usr/lib/ruby/gems/3.4.0/doc/decode-0.22.0/ri/Decode/Syntax/Match'
'tmp_install/usr/lib/ruby/gems/3.4.0/doc/decode-0.22.0/ri/Decode/Syntax/Match/cdesc-Match.ri' -> '/build/ruby-decode/pkg/ruby-decode/usr/lib/ruby/gems/3.4.0/doc/decode-0.22.0/ri/Decode/Syntax/Match/cdesc-Match.ri'
'tmp_install/usr/lib/ruby/gems/3.4.0/doc/decode-0.22.0/ri/Decode/Syntax/Match/new-c.ri' -> '/build/ruby-decode/pkg/ruby-decode/usr/lib/ruby/gems/3.4.0/doc/decode-0.22.0/ri/Decode/Syntax/Match/new-c.ri'
'tmp_install/usr/lib/ruby/gems/3.4.0/doc/decode-0.22.0/ri/Decode/Syntax/Match/%3c%3d%3e-i.ri' -> '/build/ruby-decode/pkg/ruby-decode/usr/lib/ruby/gems/3.4.0/doc/decode-0.22.0/ri/Decode/Syntax/Match/%3c%3d%3e-i.ri'
'tmp_install/usr/lib/ruby/gems/3.4.0/doc/decode-0.22.0/ri/Decode/Syntax/Match/apply-i.ri' -> '/build/ruby-decode/pkg/ruby-decode/usr/lib/ruby/gems/3.4.0/doc/decode-0.22.0/ri/Decode/Syntax/Match/apply-i.ri'
'tmp_install/usr/lib/ruby/gems/3.4.0/doc/decode-0.22.0/ri/Decode/Syntax/Match/offset-i.ri' -> '/build/ruby-decode/pkg/ruby-decode/usr/lib/ruby/gems/3.4.0/doc/decode-0.22.0/ri/Decode/Syntax/Match/offset-i.ri'
'tmp_install/usr/lib/ruby/gems/3.4.0/doc/decode-0.22.0/ri/Decode/Syntax/Match/size-i.ri' -> '/build/ruby-decode/pkg/ruby-decode/usr/lib/ruby/gems/3.4.0/doc/decode-0.22.0/ri/Decode/Syntax/Match/size-i.ri'
'tmp_install/usr/lib/ruby/gems/3.4.0/doc/decode-0.22.0/ri/Decode/Syntax/Match/range-i.ri' -> '/build/ruby-decode/pkg/ruby-decode/usr/lib/ruby/gems/3.4.0/doc/decode-0.22.0/ri/Decode/Syntax/Match/range-i.ri'
'tmp_install/usr/lib/ruby/gems/3.4.0/doc/decode-0.22.0/ri/Decode/Syntax/Rewriter' -> '/build/ruby-decode/pkg/ruby-decode/usr/lib/ruby/gems/3.4.0/doc/decode-0.22.0/ri/Decode/Syntax/Rewriter'
'tmp_install/usr/lib/ruby/gems/3.4.0/doc/decode-0.22.0/ri/Decode/Syntax/Rewriter/cdesc-Rewriter.ri' -> '/build/ruby-decode/pkg/ruby-decode/usr/lib/ruby/gems/3.4.0/doc/decode-0.22.0/ri/Decode/Syntax/Rewriter/cdesc-Rewriter.ri'
'tmp_install/usr/lib/ruby/gems/3.4.0/doc/decode-0.22.0/ri/Decode/Syntax/Rewriter/new-c.ri' -> '/build/ruby-decode/pkg/ruby-decode/usr/lib/ruby/gems/3.4.0/doc/decode-0.22.0/ri/Decode/Syntax/Rewriter/new-c.ri'
'tmp_install/usr/lib/ruby/gems/3.4.0/doc/decode-0.22.0/ri/Decode/Syntax/Rewriter/%3c%3c-i.ri' -> '/build/ruby-decode/pkg/ruby-decode/usr/lib/ruby/gems/3.4.0/doc/decode-0.22.0/ri/Decode/Syntax/Rewriter/%3c%3c-i.ri'
'tmp_install/usr/lib/ruby/gems/3.4.0/doc/decode-0.22.0/ri/Decode/Syntax/Rewriter/apply-i.ri' -> '/build/ruby-decode/pkg/ruby-decode/usr/lib/ruby/gems/3.4.0/doc/decode-0.22.0/ri/Decode/Syntax/Rewriter/apply-i.ri'
'tmp_install/usr/lib/ruby/gems/3.4.0/doc/decode-0.22.0/ri/Decode/Syntax/Rewriter/link_to-i.ri' -> '/build/ruby-decode/pkg/ruby-decode/usr/lib/ruby/gems/3.4.0/doc/decode-0.22.0/ri/Decode/Syntax/Rewriter/link_to-i.ri'
'tmp_install/usr/lib/ruby/gems/3.4.0/doc/decode-0.22.0/ri/Decode/Syntax/Rewriter/text_for-i.ri' -> '/build/ruby-decode/pkg/ruby-decode/usr/lib/ruby/gems/3.4.0/doc/decode-0.22.0/ri/Decode/Syntax/Rewriter/text_for-i.ri'
'tmp_install/usr/lib/ruby/gems/3.4.0/doc/decode-0.22.0/ri/Decode/Syntax/Rewriter/text-i.ri' -> '/build/ruby-decode/pkg/ruby-decode/usr/lib/ruby/gems/3.4.0/doc/decode-0.22.0/ri/Decode/Syntax/Rewriter/text-i.ri'
'tmp_install/usr/lib/ruby/gems/3.4.0/doc/decode-0.22.0/ri/Decode/Syntax/Rewriter/matches-i.ri' -> '/build/ruby-decode/pkg/ruby-decode/usr/lib/ruby/gems/3.4.0/doc/decode-0.22.0/ri/Decode/Syntax/Rewriter/matches-i.ri'
'tmp_install/usr/lib/ruby/gems/3.4.0/doc/decode-0.22.0/ri/Decode/Syntax/cdesc-Syntax.ri' -> '/build/ruby-decode/pkg/ruby-decode/usr/lib/ruby/gems/3.4.0/doc/decode-0.22.0/ri/Decode/Syntax/cdesc-Syntax.ri'
'tmp_install/usr/lib/ruby/gems/3.4.0/doc/decode-0.22.0/ri/Decode/Trie' -> '/build/ruby-decode/pkg/ruby-decode/usr/lib/ruby/gems/3.4.0/doc/decode-0.22.0/ri/Decode/Trie'
'tmp_install/usr/lib/ruby/gems/3.4.0/doc/decode-0.22.0/ri/Decode/Trie/cdesc-Trie.ri' -> '/build/ruby-decode/pkg/ruby-decode/usr/lib/ruby/gems/3.4.0/doc/decode-0.22.0/ri/Decode/Trie/cdesc-Trie.ri'
'tmp_install/usr/lib/ruby/gems/3.4.0/doc/decode-0.22.0/ri/Decode/Trie/new-c.ri' -> '/build/ruby-decode/pkg/ruby-decode/usr/lib/ruby/gems/3.4.0/doc/decode-0.22.0/ri/Decode/Trie/new-c.ri'
'tmp_install/usr/lib/ruby/gems/3.4.0/doc/decode-0.22.0/ri/Decode/Trie/each-i.ri' -> '/build/ruby-decode/pkg/ruby-decode/usr/lib/ruby/gems/3.4.0/doc/decode-0.22.0/ri/Decode/Trie/each-i.ri'
'tmp_install/usr/lib/ruby/gems/3.4.0/doc/decode-0.22.0/ri/Decode/Trie/insert-i.ri' -> '/build/ruby-decode/pkg/ruby-decode/usr/lib/ruby/gems/3.4.0/doc/decode-0.22.0/ri/Decode/Trie/insert-i.ri'
'tmp_install/usr/lib/ruby/gems/3.4.0/doc/decode-0.22.0/ri/Decode/Trie/lookup-i.ri' -> '/build/ruby-decode/pkg/ruby-decode/usr/lib/ruby/gems/3.4.0/doc/decode-0.22.0/ri/Decode/Trie/lookup-i.ri'
'tmp_install/usr/lib/ruby/gems/3.4.0/doc/decode-0.22.0/ri/Decode/Trie/traverse-i.ri' -> '/build/ruby-decode/pkg/ruby-decode/usr/lib/ruby/gems/3.4.0/doc/decode-0.22.0/ri/Decode/Trie/traverse-i.ri'
'tmp_install/usr/lib/ruby/gems/3.4.0/doc/decode-0.22.0/ri/Decode/Trie/root-i.ri' -> '/build/ruby-decode/pkg/ruby-decode/usr/lib/ruby/gems/3.4.0/doc/decode-0.22.0/ri/Decode/Trie/root-i.ri'
'tmp_install/usr/lib/ruby/gems/3.4.0/doc/decode-0.22.0/ri/Decode/Trie/Node' -> '/build/ruby-decode/pkg/ruby-decode/usr/lib/ruby/gems/3.4.0/doc/decode-0.22.0/ri/Decode/Trie/Node'
'tmp_install/usr/lib/ruby/gems/3.4.0/doc/decode-0.22.0/ri/Decode/Trie/Node/cdesc-Node.ri' -> '/build/ruby-decode/pkg/ruby-decode/usr/lib/ruby/gems/3.4.0/doc/decode-0.22.0/ri/Decode/Trie/Node/cdesc-Node.ri'
'tmp_install/usr/lib/ruby/gems/3.4.0/doc/decode-0.22.0/ri/Decode/Trie/Node/new-c.ri' -> '/build/ruby-decode/pkg/ruby-decode/usr/lib/ruby/gems/3.4.0/doc/decode-0.22.0/ri/Decode/Trie/Node/new-c.ri'
'tmp_install/usr/lib/ruby/gems/3.4.0/doc/decode-0.22.0/ri/Decode/Trie/Node/inspect-i.ri' -> '/build/ruby-decode/pkg/ruby-decode/usr/lib/ruby/gems/3.4.0/doc/decode-0.22.0/ri/Decode/Trie/Node/inspect-i.ri'
'tmp_install/usr/lib/ruby/gems/3.4.0/doc/decode-0.22.0/ri/Decode/Trie/Node/lookup-i.ri' -> '/build/ruby-decode/pkg/ruby-decode/usr/lib/ruby/gems/3.4.0/doc/decode-0.22.0/ri/Decode/Trie/Node/lookup-i.ri'
'tmp_install/usr/lib/ruby/gems/3.4.0/doc/decode-0.22.0/ri/Decode/Trie/Node/to_s-i.ri' -> '/build/ruby-decode/pkg/ruby-decode/usr/lib/ruby/gems/3.4.0/doc/decode-0.22.0/ri/Decode/Trie/Node/to_s-i.ri'
'tmp_install/usr/lib/ruby/gems/3.4.0/doc/decode-0.22.0/ri/Decode/Trie/Node/traverse-i.ri' -> '/build/ruby-decode/pkg/ruby-decode/usr/lib/ruby/gems/3.4.0/doc/decode-0.22.0/ri/Decode/Trie/Node/traverse-i.ri'
'tmp_install/usr/lib/ruby/gems/3.4.0/doc/decode-0.22.0/ri/Decode/Trie/Node/values-i.ri' -> '/build/ruby-decode/pkg/ruby-decode/usr/lib/ruby/gems/3.4.0/doc/decode-0.22.0/ri/Decode/Trie/Node/values-i.ri'
'tmp_install/usr/lib/ruby/gems/3.4.0/doc/decode-0.22.0/ri/Decode/Trie/Node/children-i.ri' -> '/build/ruby-decode/pkg/ruby-decode/usr/lib/ruby/gems/3.4.0/doc/decode-0.22.0/ri/Decode/Trie/Node/children-i.ri'
'tmp_install/usr/lib/ruby/gems/3.4.0/doc/decode-0.22.0/ri/Decode/cdesc-Decode.ri' -> '/build/ruby-decode/pkg/ruby-decode/usr/lib/ruby/gems/3.4.0/doc/decode-0.22.0/ri/Decode/cdesc-Decode.ri'
'tmp_install/usr/lib/ruby/gems/3.4.0/doc/decode-0.22.0/ri/cache.ri' -> '/build/ruby-decode/pkg/ruby-decode/usr/lib/ruby/gems/3.4.0/doc/decode-0.22.0/ri/cache.ri'
'tmp_install/usr/lib/ruby/gems/3.4.0/extensions' -> '/build/ruby-decode/pkg/ruby-decode/usr/lib/ruby/gems/3.4.0/extensions'
'tmp_install/usr/lib/ruby/gems/3.4.0/gems' -> '/build/ruby-decode/pkg/ruby-decode/usr/lib/ruby/gems/3.4.0/gems'
'tmp_install/usr/lib/ruby/gems/3.4.0/gems/decode-0.22.0' -> '/build/ruby-decode/pkg/ruby-decode/usr/lib/ruby/gems/3.4.0/gems/decode-0.22.0'
'tmp_install/usr/lib/ruby/gems/3.4.0/gems/decode-0.22.0/bake' -> '/build/ruby-decode/pkg/ruby-decode/usr/lib/ruby/gems/3.4.0/gems/decode-0.22.0/bake'
'tmp_install/usr/lib/ruby/gems/3.4.0/gems/decode-0.22.0/bake/decode' -> '/build/ruby-decode/pkg/ruby-decode/usr/lib/ruby/gems/3.4.0/gems/decode-0.22.0/bake/decode'
'tmp_install/usr/lib/ruby/gems/3.4.0/gems/decode-0.22.0/bake/decode/index.rb' -> '/build/ruby-decode/pkg/ruby-decode/usr/lib/ruby/gems/3.4.0/gems/decode-0.22.0/bake/decode/index.rb'
'tmp_install/usr/lib/ruby/gems/3.4.0/gems/decode-0.22.0/lib' -> '/build/ruby-decode/pkg/ruby-decode/usr/lib/ruby/gems/3.4.0/gems/decode-0.22.0/lib'
'tmp_install/usr/lib/ruby/gems/3.4.0/gems/decode-0.22.0/lib/decode.rb' -> '/build/ruby-decode/pkg/ruby-decode/usr/lib/ruby/gems/3.4.0/gems/decode-0.22.0/lib/decode.rb'
'tmp_install/usr/lib/ruby/gems/3.4.0/gems/decode-0.22.0/lib/decode' -> '/build/ruby-decode/pkg/ruby-decode/usr/lib/ruby/gems/3.4.0/gems/decode-0.22.0/lib/decode'
'tmp_install/usr/lib/ruby/gems/3.4.0/gems/decode-0.22.0/lib/decode/comment' -> '/build/ruby-decode/pkg/ruby-decode/usr/lib/ruby/gems/3.4.0/gems/decode-0.22.0/lib/decode/comment'
'tmp_install/usr/lib/ruby/gems/3.4.0/gems/decode-0.22.0/lib/decode/comment/attribute.rb' -> '/build/ruby-decode/pkg/ruby-decode/usr/lib/ruby/gems/3.4.0/gems/decode-0.22.0/lib/decode/comment/attribute.rb'
'tmp_install/usr/lib/ruby/gems/3.4.0/gems/decode-0.22.0/lib/decode/comment/node.rb' -> '/build/ruby-decode/pkg/ruby-decode/usr/lib/ruby/gems/3.4.0/gems/decode-0.22.0/lib/decode/comment/node.rb'
'tmp_install/usr/lib/ruby/gems/3.4.0/gems/decode-0.22.0/lib/decode/comment/option.rb' -> '/build/ruby-decode/pkg/ruby-decode/usr/lib/ruby/gems/3.4.0/gems/decode-0.22.0/lib/decode/comment/option.rb'
'tmp_install/usr/lib/ruby/gems/3.4.0/gems/decode-0.22.0/lib/decode/comment/parameter.rb' -> '/build/ruby-decode/pkg/ruby-decode/usr/lib/ruby/gems/3.4.0/gems/decode-0.22.0/lib/decode/comment/parameter.rb'
'tmp_install/usr/lib/ruby/gems/3.4.0/gems/decode-0.22.0/lib/decode/comment/pragma.rb' -> '/build/ruby-decode/pkg/ruby-decode/usr/lib/ruby/gems/3.4.0/gems/decode-0.22.0/lib/decode/comment/pragma.rb'
'tmp_install/usr/lib/ruby/gems/3.4.0/gems/decode-0.22.0/lib/decode/comment/raises.rb' -> '/build/ruby-decode/pkg/ruby-decode/usr/lib/ruby/gems/3.4.0/gems/decode-0.22.0/lib/decode/comment/raises.rb'
'tmp_install/usr/lib/ruby/gems/3.4.0/gems/decode-0.22.0/lib/decode/comment/returns.rb' -> '/build/ruby-decode/pkg/ruby-decode/usr/lib/ruby/gems/3.4.0/gems/decode-0.22.0/lib/decode/comment/returns.rb'
'tmp_install/usr/lib/ruby/gems/3.4.0/gems/decode-0.22.0/lib/decode/comment/tag.rb' -> '/build/ruby-decode/pkg/ruby-decode/usr/lib/ruby/gems/3.4.0/gems/decode-0.22.0/lib/decode/comment/tag.rb'
'tmp_install/usr/lib/ruby/gems/3.4.0/gems/decode-0.22.0/lib/decode/comment/tags.rb' -> '/build/ruby-decode/pkg/ruby-decode/usr/lib/ruby/gems/3.4.0/gems/decode-0.22.0/lib/decode/comment/tags.rb'
'tmp_install/usr/lib/ruby/gems/3.4.0/gems/decode-0.22.0/lib/decode/comment/text.rb' -> '/build/ruby-decode/pkg/ruby-decode/usr/lib/ruby/gems/3.4.0/gems/decode-0.22.0/lib/decode/comment/text.rb'
'tmp_install/usr/lib/ruby/gems/3.4.0/gems/decode-0.22.0/lib/decode/comment/throws.rb' -> '/build/ruby-decode/pkg/ruby-decode/usr/lib/ruby/gems/3.4.0/gems/decode-0.22.0/lib/decode/comment/throws.rb'
'tmp_install/usr/lib/ruby/gems/3.4.0/gems/decode-0.22.0/lib/decode/comment/yields.rb' -> '/build/ruby-decode/pkg/ruby-decode/usr/lib/ruby/gems/3.4.0/gems/decode-0.22.0/lib/decode/comment/yields.rb'
'tmp_install/usr/lib/ruby/gems/3.4.0/gems/decode-0.22.0/lib/decode/definition.rb' -> '/build/ruby-decode/pkg/ruby-decode/usr/lib/ruby/gems/3.4.0/gems/decode-0.22.0/lib/decode/definition.rb'
'tmp_install/usr/lib/ruby/gems/3.4.0/gems/decode-0.22.0/lib/decode/documentation.rb' -> '/build/ruby-decode/pkg/ruby-decode/usr/lib/ruby/gems/3.4.0/gems/decode-0.22.0/lib/decode/documentation.rb'
'tmp_install/usr/lib/ruby/gems/3.4.0/gems/decode-0.22.0/lib/decode/index.rb' -> '/build/ruby-decode/pkg/ruby-decode/usr/lib/ruby/gems/3.4.0/gems/decode-0.22.0/lib/decode/index.rb'
'tmp_install/usr/lib/ruby/gems/3.4.0/gems/decode-0.22.0/lib/decode/language.rb' -> '/build/ruby-decode/pkg/ruby-decode/usr/lib/ruby/gems/3.4.0/gems/decode-0.22.0/lib/decode/language.rb'
'tmp_install/usr/lib/ruby/gems/3.4.0/gems/decode-0.22.0/lib/decode/language' -> '/build/ruby-decode/pkg/ruby-decode/usr/lib/ruby/gems/3.4.0/gems/decode-0.22.0/lib/decode/language'
'tmp_install/usr/lib/ruby/gems/3.4.0/gems/decode-0.22.0/lib/decode/language/generic.rb' -> '/build/ruby-decode/pkg/ruby-decode/usr/lib/ruby/gems/3.4.0/gems/decode-0.22.0/lib/decode/language/generic.rb'
'tmp_install/usr/lib/ruby/gems/3.4.0/gems/decode-0.22.0/lib/decode/language/reference.rb' -> '/build/ruby-decode/pkg/ruby-decode/usr/lib/ruby/gems/3.4.0/gems/decode-0.22.0/lib/decode/language/reference.rb'
'tmp_install/usr/lib/ruby/gems/3.4.0/gems/decode-0.22.0/lib/decode/language/ruby.rb' -> '/build/ruby-decode/pkg/ruby-decode/usr/lib/ruby/gems/3.4.0/gems/decode-0.22.0/lib/decode/language/ruby.rb'
'tmp_install/usr/lib/ruby/gems/3.4.0/gems/decode-0.22.0/lib/decode/language/ruby' -> '/build/ruby-decode/pkg/ruby-decode/usr/lib/ruby/gems/3.4.0/gems/decode-0.22.0/lib/decode/language/ruby'
'tmp_install/usr/lib/ruby/gems/3.4.0/gems/decode-0.22.0/lib/decode/language/ruby/attribute.rb' -> '/build/ruby-decode/pkg/ruby-decode/usr/lib/ruby/gems/3.4.0/gems/decode-0.22.0/lib/decode/language/ruby/attribute.rb'
'tmp_install/usr/lib/ruby/gems/3.4.0/gems/decode-0.22.0/lib/decode/language/ruby/block.rb' -> '/build/ruby-decode/pkg/ruby-decode/usr/lib/ruby/gems/3.4.0/gems/decode-0.22.0/lib/decode/language/ruby/block.rb'
'tmp_install/usr/lib/ruby/gems/3.4.0/gems/decode-0.22.0/lib/decode/language/ruby/call.rb' -> '/build/ruby-decode/pkg/ruby-decode/usr/lib/ruby/gems/3.4.0/gems/decode-0.22.0/lib/decode/language/ruby/call.rb'
'tmp_install/usr/lib/ruby/gems/3.4.0/gems/decode-0.22.0/lib/decode/language/ruby/class.rb' -> '/build/ruby-decode/pkg/ruby-decode/usr/lib/ruby/gems/3.4.0/gems/decode-0.22.0/lib/decode/language/ruby/class.rb'
'tmp_install/usr/lib/ruby/gems/3.4.0/gems/decode-0.22.0/lib/decode/language/ruby/code.rb' -> '/build/ruby-decode/pkg/ruby-decode/usr/lib/ruby/gems/3.4.0/gems/decode-0.22.0/lib/decode/language/ruby/code.rb'
'tmp_install/usr/lib/ruby/gems/3.4.0/gems/decode-0.22.0/lib/decode/language/ruby/constant.rb' -> '/build/ruby-decode/pkg/ruby-decode/usr/lib/ruby/gems/3.4.0/gems/decode-0.22.0/lib/decode/language/ruby/constant.rb'
'tmp_install/usr/lib/ruby/gems/3.4.0/gems/decode-0.22.0/lib/decode/language/ruby/definition.rb' -> '/build/ruby-decode/pkg/ruby-decode/usr/lib/ruby/gems/3.4.0/gems/decode-0.22.0/lib/decode/language/ruby/definition.rb'
'tmp_install/usr/lib/ruby/gems/3.4.0/gems/decode-0.22.0/lib/decode/language/ruby/function.rb' -> '/build/ruby-decode/pkg/ruby-decode/usr/lib/ruby/gems/3.4.0/gems/decode-0.22.0/lib/decode/language/ruby/function.rb'
'tmp_install/usr/lib/ruby/gems/3.4.0/gems/decode-0.22.0/lib/decode/language/ruby/generic.rb' -> '/build/ruby-decode/pkg/ruby-decode/usr/lib/ruby/gems/3.4.0/gems/decode-0.22.0/lib/decode/language/ruby/generic.rb'
'tmp_install/usr/lib/ruby/gems/3.4.0/gems/decode-0.22.0/lib/decode/language/ruby/method.rb' -> '/build/ruby-decode/pkg/ruby-decode/usr/lib/ruby/gems/3.4.0/gems/decode-0.22.0/lib/decode/language/ruby/method.rb'
'tmp_install/usr/lib/ruby/gems/3.4.0/gems/decode-0.22.0/lib/decode/language/ruby/module.rb' -> '/build/ruby-decode/pkg/ruby-decode/usr/lib/ruby/gems/3.4.0/gems/decode-0.22.0/lib/decode/language/ruby/module.rb'
'tmp_install/usr/lib/ruby/gems/3.4.0/gems/decode-0.22.0/lib/decode/language/ruby/parser.rb' -> '/build/ruby-decode/pkg/ruby-decode/usr/lib/ruby/gems/3.4.0/gems/decode-0.22.0/lib/decode/language/ruby/parser.rb'
'tmp_install/usr/lib/ruby/gems/3.4.0/gems/decode-0.22.0/lib/decode/language/ruby/reference.rb' -> '/build/ruby-decode/pkg/ruby-decode/usr/lib/ruby/gems/3.4.0/gems/decode-0.22.0/lib/decode/language/ruby/reference.rb'
'tmp_install/usr/lib/ruby/gems/3.4.0/gems/decode-0.22.0/lib/decode/language/ruby/segment.rb' -> '/build/ruby-decode/pkg/ruby-decode/usr/lib/ruby/gems/3.4.0/gems/decode-0.22.0/lib/decode/language/ruby/segment.rb'
'tmp_install/usr/lib/ruby/gems/3.4.0/gems/decode-0.22.0/lib/decode/languages.rb' -> '/build/ruby-decode/pkg/ruby-decode/usr/lib/ruby/gems/3.4.0/gems/decode-0.22.0/lib/decode/languages.rb'
'tmp_install/usr/lib/ruby/gems/3.4.0/gems/decode-0.22.0/lib/decode/location.rb' -> '/build/ruby-decode/pkg/ruby-decode/usr/lib/ruby/gems/3.4.0/gems/decode-0.22.0/lib/decode/location.rb'
'tmp_install/usr/lib/ruby/gems/3.4.0/gems/decode-0.22.0/lib/decode/scope.rb' -> '/build/ruby-decode/pkg/ruby-decode/usr/lib/ruby/gems/3.4.0/gems/decode-0.22.0/lib/decode/scope.rb'
'tmp_install/usr/lib/ruby/gems/3.4.0/gems/decode-0.22.0/lib/decode/segment.rb' -> '/build/ruby-decode/pkg/ruby-decode/usr/lib/ruby/gems/3.4.0/gems/decode-0.22.0/lib/decode/segment.rb'
'tmp_install/usr/lib/ruby/gems/3.4.0/gems/decode-0.22.0/lib/decode/source.rb' -> '/build/ruby-decode/pkg/ruby-decode/usr/lib/ruby/gems/3.4.0/gems/decode-0.22.0/lib/decode/source.rb'
'tmp_install/usr/lib/ruby/gems/3.4.0/gems/decode-0.22.0/lib/decode/syntax' -> '/build/ruby-decode/pkg/ruby-decode/usr/lib/ruby/gems/3.4.0/gems/decode-0.22.0/lib/decode/syntax'
'tmp_install/usr/lib/ruby/gems/3.4.0/gems/decode-0.22.0/lib/decode/syntax/link.rb' -> '/build/ruby-decode/pkg/ruby-decode/usr/lib/ruby/gems/3.4.0/gems/decode-0.22.0/lib/decode/syntax/link.rb'
'tmp_install/usr/lib/ruby/gems/3.4.0/gems/decode-0.22.0/lib/decode/syntax/match.rb' -> '/build/ruby-decode/pkg/ruby-decode/usr/lib/ruby/gems/3.4.0/gems/decode-0.22.0/lib/decode/syntax/match.rb'
'tmp_install/usr/lib/ruby/gems/3.4.0/gems/decode-0.22.0/lib/decode/syntax/rewriter.rb' -> '/build/ruby-decode/pkg/ruby-decode/usr/lib/ruby/gems/3.4.0/gems/decode-0.22.0/lib/decode/syntax/rewriter.rb'
'tmp_install/usr/lib/ruby/gems/3.4.0/gems/decode-0.22.0/lib/decode/trie.rb' -> '/build/ruby-decode/pkg/ruby-decode/usr/lib/ruby/gems/3.4.0/gems/decode-0.22.0/lib/decode/trie.rb'
'tmp_install/usr/lib/ruby/gems/3.4.0/gems/decode-0.22.0/lib/decode/version.rb' -> '/build/ruby-decode/pkg/ruby-decode/usr/lib/ruby/gems/3.4.0/gems/decode-0.22.0/lib/decode/version.rb'
'tmp_install/usr/lib/ruby/gems/3.4.0/gems/decode-0.22.0/license.md' -> '/build/ruby-decode/pkg/ruby-decode/usr/lib/ruby/gems/3.4.0/gems/decode-0.22.0/license.md'
'tmp_install/usr/lib/ruby/gems/3.4.0/gems/decode-0.22.0/readme.md' -> '/build/ruby-decode/pkg/ruby-decode/usr/lib/ruby/gems/3.4.0/gems/decode-0.22.0/readme.md'
'tmp_install/usr/lib/ruby/gems/3.4.0/plugins' -> '/build/ruby-decode/pkg/ruby-decode/usr/lib/ruby/gems/3.4.0/plugins'
'tmp_install/usr/lib/ruby/gems/3.4.0/specifications' -> '/build/ruby-decode/pkg/ruby-decode/usr/lib/ruby/gems/3.4.0/specifications'
'tmp_install/usr/lib/ruby/gems/3.4.0/specifications/decode-0.22.0.gemspec' -> '/build/ruby-decode/pkg/ruby-decode/usr/lib/ruby/gems/3.4.0/specifications/decode-0.22.0.gemspec'
install: creating directory '/build/ruby-decode/pkg/ruby-decode/usr/share'
install: creating directory '/build/ruby-decode/pkg/ruby-decode/usr/share/licenses'
install: creating directory '/build/ruby-decode/pkg/ruby-decode/usr/share/licenses/ruby-decode'
'license.md' -> '/build/ruby-decode/pkg/ruby-decode/usr/share/licenses/ruby-decode/license.md'
install: creating directory '/build/ruby-decode/pkg/ruby-decode/usr/share/doc'
install: creating directory '/build/ruby-decode/pkg/ruby-decode/usr/share/doc/ruby-decode'
'license.md' -> '/build/ruby-decode/pkg/ruby-decode/usr/share/doc/ruby-decode/license.md'
'readme.md' -> '/build/ruby-decode/pkg/ruby-decode/usr/share/doc/ruby-decode/readme.md'
==> Tidying install...
  -> Removing empty directories...
  -> Removing libtool files...
  -> Purging unwanted files...
  -> Removing static library files...
  -> Stripping unneeded symbols from binaries and libraries...
  -> Compressing man and info pages...
==> Checking for packaging issues...
==> Creating package "ruby-decode"...
  -> Generating .PKGINFO file...
  -> Generating .BUILDINFO file...
  -> Generating .MTREE file...
  -> Compressing package...
==> Leaving fakeroot environment.
==> Finished making: ruby-decode 0.22.0-4 (Thu Apr 24 10:24:16 2025)
==> Removing chroot copy [/home/buildbot/archpower/espresso-2/buildbot-21603]...done
[34h[?25h