-- The C compiler identification is GNU 13.2.1
-- The CXX compiler identification is GNU 13.2.1
-- Detecting C compiler ABI info
-- Detecting C compiler ABI info - done
-- Check for working C compiler: /usr/lib/ccache/bin/powerpc64le-unknown-linux-gnu-gcc - skipped
-- Detecting C compile features
-- Detecting C compile features - done
-- Detecting CXX compiler ABI info
-- Detecting CXX compiler ABI info - done
-- Check for working CXX compiler: /usr/lib/ccache/bin/powerpc64le-unknown-linux-gnu-g++ - skipped
-- Detecting CXX compile features
-- Detecting CXX compile features - done
-- Found KF5Config: /usr/lib/cmake/KF5Config/KF5ConfigConfig.cmake (found version "5.114.0") 
-- Found KF5CoreAddons: /usr/lib/cmake/KF5CoreAddons/KF5CoreAddonsConfig.cmake (found version "5.114.0") 
-- Found KF5Crash: /usr/lib/cmake/KF5Crash/KF5CrashConfig.cmake (found version "5.114.0") 
-- Found KF5DBusAddons: /usr/lib/cmake/KF5DBusAddons/KF5DBusAddonsConfig.cmake (found version "5.114.0") 
-- Found KF5DocTools: /usr/lib/cmake/KF5DocTools/KF5DocToolsConfig.cmake (found version "5.114.0") 
-- Found KF5Emoticons: /usr/lib/cmake/KF5Emoticons/KF5EmoticonsConfig.cmake (found version "5.114.0") 
-- Found Gettext: /usr/bin/msgmerge (found version "0.22.4") 
-- Found KF5I18n: /usr/lib/cmake/KF5I18n/KF5I18nConfig.cmake (found version "5.114.0") 
-- Could NOT find KF5KCMUtils (missing: KF5KCMUtils_DIR)
-- Could NOT find KF5KCMUtils: found neither KF5KCMUtilsConfig.cmake nor kf5kcmutils-config.cmake 
-- Found X11: /usr/include   
-- Looking for XOpenDisplay in /usr/lib/libX11.so;/usr/lib/libXext.so
-- Looking for XOpenDisplay in /usr/lib/libX11.so;/usr/lib/libXext.so - found
-- Looking for gethostbyname
-- Looking for gethostbyname - found
-- Looking for connect
-- Looking for connect - found
-- Looking for remove
-- Looking for remove - found
-- Looking for shmat
-- Looking for shmat - found
-- Looking for IceConnectionNumber in ICE
-- Looking for IceConnectionNumber in ICE - found
-- Found KF5KHtml: /usr/lib/cmake/KF5KHtml/KF5KHtmlConfig.cmake (found version "5.114.0") 
-- Could NOT find KF5NotifyConfig (missing: KF5NotifyConfig_DIR)
-- Could NOT find KF5NotifyConfig: found neither KF5NotifyConfigConfig.cmake nor kf5notifyconfig-config.cmake 
-- Found KF5Parts: /usr/lib/cmake/KF5Parts/KF5PartsConfig.cmake (found version "5.114.0") 
-- Could NOT find KF5TextEditor (missing: KF5TextEditor_DIR)
-- Could NOT find KF5TextEditor: found neither KF5TextEditorConfig.cmake nor kf5texteditor-config.cmake 
-- Found KF5Wallet: /usr/lib/cmake/KF5Wallet/KF5WalletConfig.cmake (found version "5.114.0") 
-- Found KF5KDELibs4Support: /usr/lib/cmake/KF5KDELibs4Support/KF5KDELibs4SupportConfig.cmake (found version "5.114.0") 
CMake Error at /usr/share/cmake/Modules/FindPackageHandleStandardArgs.cmake:230 (message):
  Could NOT find KF5 (missing: KCMUtils NotifyConfig TextEditor) (found
  suitable version "5.114.0", minimum required is "5.25.0")
Call Stack (most recent call first):
  /usr/share/cmake/Modules/FindPackageHandleStandardArgs.cmake:600 (_FPHSA_FAILURE_MESSAGE)
  /usr/share/ECM/find-modules/FindKF5.cmake:93 (find_package_handle_standard_args)
  CMakeLists.txt:18 (find_package)


-- Configuring incomplete, errors occurred!
[1m[31m==> ERROR:[0m[1m A failure occurred in build().[0m
[1m    Aborting...[0m
