Starting build for compface
Attempting to acquire SRCDEST lock for /sources (package: compface)
SRCDEST lock acquired successfully
Using ppc32 prefix for espresso architecture to ensure 32-bit detection
Running: sudo ppc32 makechrootpkg -cuT -r /home/buildbot/archpower/espresso -d /sources
==> Synchronizing chroot copy [/home/buildbot/archpower/espresso/root] -> [buildbot-7565]...done
:: Synchronizing package databases...
 stage-any downloading...
 stage downloading...
 testing-any downloading...
 testing downloading...
 base-any downloading...
 base downloading...
:: Starting full system upgrade...
 there is nothing to do
==> Making package: compface 1.5.2-13 (Wed Aug 27 21:01:54 2025)
==> Retrieving sources...
  -> Found compface-1.5.2.tar.gz
  -> Found compface-1.5.2-build.patch
  -> Found compface-c99.patch
  -> Found compface-modern-c-porting.patch
  -> Found license-from-upstream
==> Validating source files with sha256sums...
    compface-1.5.2.tar.gz ... Passed
    compface-1.5.2-build.patch ... Passed
    compface-c99.patch ... Passed
    compface-modern-c-porting.patch ... Passed
    license-from-upstream ... Passed
==> Making package: compface 1.5.2-13 (Wed Aug 27 21:02:05 2025)
==> Checking runtime dependencies...
==> Checking buildtime dependencies...
==> Retrieving sources...
  -> Found compface-1.5.2.tar.gz
  -> Found compface-1.5.2-build.patch
  -> Found compface-c99.patch
  -> Found compface-modern-c-porting.patch
  -> Found license-from-upstream
==> WARNING: Skipping all source file integrity checks.
==> Extracting sources...
  -> Extracting compface-1.5.2.tar.gz with bsdtar
==> Starting prepare()...
patching file Makefile.in
patching file cmain.c
patching file uncmain.c
patching file arith.c
patching file cmain.c
Hunk #1 succeeded at 63 (offset 2 lines).
Hunk #2 succeeded at 121 (offset 2 lines).
Hunk #3 succeeded at 144 (offset 2 lines).
Hunk #4 succeeded at 175 (offset 2 lines).
patching file compface.c
patching file compface.h
patching file compress.c
patching file file.c
patching file gen.c
patching file uncmain.c
Hunk #1 succeeded at 59 (offset 2 lines).
Hunk #2 succeeded at 124 (offset 2 lines).
Hunk #3 succeeded at 147 (offset 2 lines).
Hunk #4 succeeded at 178 (offset 2 lines).
patching file uncompface.c
autoreconf: export WARNINGS=
autoreconf: Entering directory '.'
autoreconf: configure.ac: not using Gettext
autoreconf: running: aclocal --force
autoreconf: configure.ac: tracing
autoreconf: configure.ac: not using Libtool
autoreconf: configure.ac: not using Intltool
autoreconf: configure.ac: not using Gtkdoc
autoreconf: running: /usr/bin/autoconf --force
configure.ac:6: warning: The macro 'AC_SET_MAKE' is obsolete.
configure.ac:6: You should run autoupdate.
./lib/autoconf/oldnames.m4:72: AC_SET_MAKE is expanded from...
configure.ac:6: the top level
configure.ac:15: warning: The macro 'AC_HEADER_STDC' is obsolete.
configure.ac:15: You should run autoupdate.
./lib/autoconf/headers.m4:663: AC_HEADER_STDC is expanded from...
configure.ac:15: the top level
autoreconf: configure.ac: not using Autoheader
autoreconf: configure.ac: not using Automake
autoreconf: './install-sh' is updated
autoreconf: Leaving directory '.'
==> Starting build()...
checking whether make sets $(MAKE)... yes
checking for gcc... powerpc-unknown-linux-gnu-gcc
checking whether the C compiler works... yes
checking for C compiler default output file name... a.out
checking for suffix of executables...
checking whether we are cross compiling... no
checking for suffix of object files... o
checking whether the compiler supports GNU C... yes
checking whether powerpc-unknown-linux-gnu-gcc accepts -g... yes
checking for powerpc-unknown-linux-gnu-gcc option to enable C11 features... none needed
checking for ranlib... ranlib
checking for a BSD-compatible install... /usr/bin/install -c
checking whether ln -s works... yes
checking for stdio.h... yes
checking for stdlib.h... yes
checking for string.h... yes
checking for inttypes.h... yes
checking for stdint.h... yes
checking for strings.h... yes
checking for sys/stat.h... yes
checking for sys/types.h... yes
checking for unistd.h... yes
checking for grep that handles long lines and -e... /usr/bin/grep
checking for egrep... /usr/bin/grep -E
checking for errno.h... yes
checking for fcntl.h... yes
checking for strings.h... (cached) yes
checking for strerror... yes
configure: creating ./config.status
config.status: creating Makefile
config.status: WARNING:  'Makefile.in' seems to ignore the --datarootdir setting
powerpc-unknown-linux-gnu-gcc -c  -DPACKAGE_NAME=\"\" -DPACKAGE_TARNAME=\"\" -DPACKAGE_VERSION=\"\" -DPACKAGE_STRING=\"\" -DPACKAGE_BUGREPORT=\"\" -DPACKAGE_URL=\"\" -DHAVE_STDIO_H=1 -DHAVE_STDLIB_H=1 -DHAVE_STRING_H=1 -DHAVE_INTTYPES_H=1 -DHAVE_STDINT_H=1 -DHAVE_STRINGS_H=1 -DHAVE_SYS_STAT_H=1 -DHAVE_SYS_TYPES_H=1 -DHAVE_UNISTD_H=1 -DSTDC_HEADERS=1 -DHAVE_ERRNO_H=1 -DHAVE_FCNTL_H=1 -DHAVE_STRINGS_H=1 -DHAVE_STRERROR=1 -DHAVE_CONFIG_H -mcpu=espresso -O2 -pipe -fexceptions -Wp,-D_FORTIFY_SOURCE=2 -Wformat -Werror=format-security -fno-omit-frame-pointer -g -ffile-prefix-map=/build/compface/src=/usr/src/debug/compface -flto=auto -fPIC cmain.c
cmain.c: In function ‘main’:
cmain.c:58:39: warning: ignoring return value of ‘write’ declared with attribute ‘warn_unused_result’ [-Wunused-result]
   58 |                                 (void)write(2, fbuf, strlen(fbuf)); exit(1);}
      |                                       ^~~~~~~~~~~~~~~~~~~~~~~~~~~~
cmain.c:78:7: note: in expansion of macro ‘ERROR’
   78 |       ERROR
      |       ^~~~~
cmain.c:58:39: warning: ignoring return value of ‘write’ declared with attribute ‘warn_unused_result’ [-Wunused-result]
   58 |                                 (void)write(2, fbuf, strlen(fbuf)); exit(1);}
      |                                       ^~~~~~~~~~~~~~~~~~~~~~~~~~~~
cmain.c:89:11: note: in expansion of macro ‘ERROR’
   89 |           ERROR
      |           ^~~~~
cmain.c:58:39: warning: ignoring return value of ‘write’ declared with attribute ‘warn_unused_result’ [-Wunused-result]
   58 |                                 (void)write(2, fbuf, strlen(fbuf)); exit(1);}
      |                                       ^~~~~~~~~~~~~~~~~~~~~~~~~~~~
cmain.c:101:11: note: in expansion of macro ‘ERROR’
  101 |           ERROR
      |           ^~~~~
cmain.c:58:39: warning: ignoring return value of ‘write’ declared with attribute ‘warn_unused_result’ [-Wunused-result]
   58 |                                 (void)write(2, fbuf, strlen(fbuf)); exit(1);}
      |                                       ^~~~~~~~~~~~~~~~~~~~~~~~~~~~
cmain.c:109:17: note: in expansion of macro ‘ERROR’
  109 |                 ERROR
      |                 ^~~~~
cmain.c:58:39: warning: ignoring return value of ‘write’ declared with attribute ‘warn_unused_result’ [-Wunused-result]
   58 |                                 (void)write(2, fbuf, strlen(fbuf)); exit(1);}
      |                                       ^~~~~~~~~~~~~~~~~~~~~~~~~~~~
cmain.c:112:17: note: in expansion of macro ‘ERROR’
  112 |                 ERROR
      |                 ^~~~~
cmain.c:63:47: warning: ignoring return value of ‘write’ declared with attribute ‘warn_unused_result’ [-Wunused-result]
   63 | #define WARN {(void)strcat(fbuf, "\n"); (void)write(2, fbuf, strlen(fbuf));}
      |                                               ^~~~~~~~~~~~~~~~~~~~~~~~~~~~
cmain.c:115:17: note: in expansion of macro ‘WARN’
  115 |                 WARN
      |                 ^~~~
cmain.c: In function ‘WriteBuf’:
cmain.c:58:39: warning: ignoring return value of ‘write’ declared with attribute ‘warn_unused_result’ [-Wunused-result]
   58 |                                 (void)write(2, fbuf, strlen(fbuf)); exit(1);}
      |                                       ^~~~~~~~~~~~~~~~~~~~~~~~~~~~
cmain.c:139:25: note: in expansion of macro ‘ERROR’
  139 |                         ERROR
      |                         ^~~~~
cmain.c: In function ‘ReadBuf’:
cmain.c:58:39: warning: ignoring return value of ‘write’ declared with attribute ‘warn_unused_result’ [-Wunused-result]
   58 |                                 (void)write(2, fbuf, strlen(fbuf)); exit(1);}
      |                                       ^~~~~~~~~~~~~~~~~~~~~~~~~~~~
cmain.c:162:25: note: in expansion of macro ‘ERROR’
  162 |                         ERROR
      |                         ^~~~~
cmain.c:63:47: warning: ignoring return value of ‘write’ declared with attribute ‘warn_unused_result’ [-Wunused-result]
   63 | #define WARN {(void)strcat(fbuf, "\n"); (void)write(2, fbuf, strlen(fbuf));}
      |                                               ^~~~~~~~~~~~~~~~~~~~~~~~~~~~
cmain.c:169:25: note: in expansion of macro ‘WARN’
  169 |                         WARN
      |                         ^~~~
powerpc-unknown-linux-gnu-gcc -c  -DPACKAGE_NAME=\"\" -DPACKAGE_TARNAME=\"\" -DPACKAGE_VERSION=\"\" -DPACKAGE_STRING=\"\" -DPACKAGE_BUGREPORT=\"\" -DPACKAGE_URL=\"\" -DHAVE_STDIO_H=1 -DHAVE_STDLIB_H=1 -DHAVE_STRING_H=1 -DHAVE_INTTYPES_H=1 -DHAVE_STDINT_H=1 -DHAVE_STRINGS_H=1 -DHAVE_SYS_STAT_H=1 -DHAVE_SYS_TYPES_H=1 -DHAVE_UNISTD_H=1 -DSTDC_HEADERS=1 -DHAVE_ERRNO_H=1 -DHAVE_FCNTL_H=1 -DHAVE_STRINGS_H=1 -DHAVE_STRERROR=1 -DHAVE_CONFIG_H -mcpu=espresso -O2 -pipe -fexceptions -Wp,-D_FORTIFY_SOURCE=2 -Wformat -Werror=format-security -fno-omit-frame-pointer -g -ffile-prefix-map=/build/compface/src=/usr/src/debug/compface -flto=auto -fPIC compface.c
powerpc-unknown-linux-gnu-gcc -c  -DPACKAGE_NAME=\"\" -DPACKAGE_TARNAME=\"\" -DPACKAGE_VERSION=\"\" -DPACKAGE_STRING=\"\" -DPACKAGE_BUGREPORT=\"\" -DPACKAGE_URL=\"\" -DHAVE_STDIO_H=1 -DHAVE_STDLIB_H=1 -DHAVE_STRING_H=1 -DHAVE_INTTYPES_H=1 -DHAVE_STDINT_H=1 -DHAVE_STRINGS_H=1 -DHAVE_SYS_STAT_H=1 -DHAVE_SYS_TYPES_H=1 -DHAVE_UNISTD_H=1 -DSTDC_HEADERS=1 -DHAVE_ERRNO_H=1 -DHAVE_FCNTL_H=1 -DHAVE_STRINGS_H=1 -DHAVE_STRERROR=1 -DHAVE_CONFIG_H -mcpu=espresso -O2 -pipe -fexceptions -Wp,-D_FORTIFY_SOURCE=2 -Wformat -Werror=format-security -fno-omit-frame-pointer -g -ffile-prefix-map=/build/compface/src=/usr/src/debug/compface -flto=auto -fPIC arith.c
powerpc-unknown-linux-gnu-gcc -c  -DPACKAGE_NAME=\"\" -DPACKAGE_TARNAME=\"\" -DPACKAGE_VERSION=\"\" -DPACKAGE_STRING=\"\" -DPACKAGE_BUGREPORT=\"\" -DPACKAGE_URL=\"\" -DHAVE_STDIO_H=1 -DHAVE_STDLIB_H=1 -DHAVE_STRING_H=1 -DHAVE_INTTYPES_H=1 -DHAVE_STDINT_H=1 -DHAVE_STRINGS_H=1 -DHAVE_SYS_STAT_H=1 -DHAVE_SYS_TYPES_H=1 -DHAVE_UNISTD_H=1 -DSTDC_HEADERS=1 -DHAVE_ERRNO_H=1 -DHAVE_FCNTL_H=1 -DHAVE_STRINGS_H=1 -DHAVE_STRERROR=1 -DHAVE_CONFIG_H -mcpu=espresso -O2 -pipe -fexceptions -Wp,-D_FORTIFY_SOURCE=2 -Wformat -Werror=format-security -fno-omit-frame-pointer -g -ffile-prefix-map=/build/compface/src=/usr/src/debug/compface -flto=auto -fPIC file.c
powerpc-unknown-linux-gnu-gcc -c  -DPACKAGE_NAME=\"\" -DPACKAGE_TARNAME=\"\" -DPACKAGE_VERSION=\"\" -DPACKAGE_STRING=\"\" -DPACKAGE_BUGREPORT=\"\" -DPACKAGE_URL=\"\" -DHAVE_STDIO_H=1 -DHAVE_STDLIB_H=1 -DHAVE_STRING_H=1 -DHAVE_INTTYPES_H=1 -DHAVE_STDINT_H=1 -DHAVE_STRINGS_H=1 -DHAVE_SYS_STAT_H=1 -DHAVE_SYS_TYPES_H=1 -DHAVE_UNISTD_H=1 -DSTDC_HEADERS=1 -DHAVE_ERRNO_H=1 -DHAVE_FCNTL_H=1 -DHAVE_STRINGS_H=1 -DHAVE_STRERROR=1 -DHAVE_CONFIG_H -mcpu=espresso -O2 -pipe -fexceptions -Wp,-D_FORTIFY_SOURCE=2 -Wformat -Werror=format-security -fno-omit-frame-pointer -g -ffile-prefix-map=/build/compface/src=/usr/src/debug/compface -flto=auto -fPIC compress.c
powerpc-unknown-linux-gnu-gcc -c  -DPACKAGE_NAME=\"\" -DPACKAGE_TARNAME=\"\" -DPACKAGE_VERSION=\"\" -DPACKAGE_STRING=\"\" -DPACKAGE_BUGREPORT=\"\" -DPACKAGE_URL=\"\" -DHAVE_STDIO_H=1 -DHAVE_STDLIB_H=1 -DHAVE_STRING_H=1 -DHAVE_INTTYPES_H=1 -DHAVE_STDINT_H=1 -DHAVE_STRINGS_H=1 -DHAVE_SYS_STAT_H=1 -DHAVE_SYS_TYPES_H=1 -DHAVE_UNISTD_H=1 -DSTDC_HEADERS=1 -DHAVE_ERRNO_H=1 -DHAVE_FCNTL_H=1 -DHAVE_STRINGS_H=1 -DHAVE_STRERROR=1 -DHAVE_CONFIG_H -mcpu=espresso -O2 -pipe -fexceptions -Wp,-D_FORTIFY_SOURCE=2 -Wformat -Werror=format-security -fno-omit-frame-pointer -g -ffile-prefix-map=/build/compface/src=/usr/src/debug/compface -flto=auto -fPIC gen.c
powerpc-unknown-linux-gnu-gcc -c  -DPACKAGE_NAME=\"\" -DPACKAGE_TARNAME=\"\" -DPACKAGE_VERSION=\"\" -DPACKAGE_STRING=\"\" -DPACKAGE_BUGREPORT=\"\" -DPACKAGE_URL=\"\" -DHAVE_STDIO_H=1 -DHAVE_STDLIB_H=1 -DHAVE_STRING_H=1 -DHAVE_INTTYPES_H=1 -DHAVE_STDINT_H=1 -DHAVE_STRINGS_H=1 -DHAVE_SYS_STAT_H=1 -DHAVE_SYS_TYPES_H=1 -DHAVE_UNISTD_H=1 -DSTDC_HEADERS=1 -DHAVE_ERRNO_H=1 -DHAVE_FCNTL_H=1 -DHAVE_STRINGS_H=1 -DHAVE_STRERROR=1 -DHAVE_CONFIG_H -mcpu=espresso -O2 -pipe -fexceptions -Wp,-D_FORTIFY_SOURCE=2 -Wformat -Werror=format-security -fno-omit-frame-pointer -g -ffile-prefix-map=/build/compface/src=/usr/src/debug/compface -flto=auto -fPIC uncompface.c
powerpc-unknown-linux-gnu-gcc -shared -Wl,-soname,libcompface.so.1 -Wl,--no-warn-rwx-segments -Wl,--no-warn-execstack -Wl,-O1 -Wl,--sort-common -Wl,--as-needed -Wl,-z,relro -Wl,-z,now -flto=auto -o libcompface.so arith.o file.o compress.o gen.o uncompface.o
powerpc-unknown-linux-gnu-gcc -Wl,--no-warn-rwx-segments -Wl,--no-warn-execstack -Wl,-O1 -Wl,--sort-common -Wl,--as-needed -Wl,-z,relro -Wl,-z,now -flto=auto -o compface cmain.o compface.o -L. -lcompface
powerpc-unknown-linux-gnu-gcc -c  -DPACKAGE_NAME=\"\" -DPACKAGE_TARNAME=\"\" -DPACKAGE_VERSION=\"\" -DPACKAGE_STRING=\"\" -DPACKAGE_BUGREPORT=\"\" -DPACKAGE_URL=\"\" -DHAVE_STDIO_H=1 -DHAVE_STDLIB_H=1 -DHAVE_STRING_H=1 -DHAVE_INTTYPES_H=1 -DHAVE_STDINT_H=1 -DHAVE_STRINGS_H=1 -DHAVE_SYS_STAT_H=1 -DHAVE_SYS_TYPES_H=1 -DHAVE_UNISTD_H=1 -DSTDC_HEADERS=1 -DHAVE_ERRNO_H=1 -DHAVE_FCNTL_H=1 -DHAVE_STRINGS_H=1 -DHAVE_STRERROR=1 -DHAVE_CONFIG_H -mcpu=espresso -O2 -pipe -fexceptions -Wp,-D_FORTIFY_SOURCE=2 -Wformat -Werror=format-security -fno-omit-frame-pointer -g -ffile-prefix-map=/build/compface/src=/usr/src/debug/compface -flto=auto -fPIC uncmain.c
uncmain.c: In function ‘main’:
uncmain.c:54:39: warning: ignoring return value of ‘write’ declared with attribute ‘warn_unused_result’ [-Wunused-result]
   54 |                                 (void)write(2, fbuf, strlen(fbuf)); exit(1);}
      |                                       ^~~~~~~~~~~~~~~~~~~~~~~~~~~~
uncmain.c:81:7: note: in expansion of macro ‘ERROR’
   81 |       ERROR
      |       ^~~~~
uncmain.c:54:39: warning: ignoring return value of ‘write’ declared with attribute ‘warn_unused_result’ [-Wunused-result]
   54 |                                 (void)write(2, fbuf, strlen(fbuf)); exit(1);}
      |                                       ^~~~~~~~~~~~~~~~~~~~~~~~~~~~
uncmain.c:92:11: note: in expansion of macro ‘ERROR’
   92 |           ERROR
      |           ^~~~~
uncmain.c:54:39: warning: ignoring return value of ‘write’ declared with attribute ‘warn_unused_result’ [-Wunused-result]
   54 |                                 (void)write(2, fbuf, strlen(fbuf)); exit(1);}
      |                                       ^~~~~~~~~~~~~~~~~~~~~~~~~~~~
uncmain.c:104:11: note: in expansion of macro ‘ERROR’
  104 |           ERROR
      |           ^~~~~
uncmain.c:54:39: warning: ignoring return value of ‘write’ declared with attribute ‘warn_unused_result’ [-Wunused-result]
   54 |                                 (void)write(2, fbuf, strlen(fbuf)); exit(1);}
      |                                       ^~~~~~~~~~~~~~~~~~~~~~~~~~~~
uncmain.c:112:17: note: in expansion of macro ‘ERROR’
  112 |                 ERROR
      |                 ^~~~~
uncmain.c:54:39: warning: ignoring return value of ‘write’ declared with attribute ‘warn_unused_result’ [-Wunused-result]
   54 |                                 (void)write(2, fbuf, strlen(fbuf)); exit(1);}
      |                                       ^~~~~~~~~~~~~~~~~~~~~~~~~~~~
uncmain.c:115:17: note: in expansion of macro ‘ERROR’
  115 |                 ERROR
      |                 ^~~~~
uncmain.c:59:47: warning: ignoring return value of ‘write’ declared with attribute ‘warn_unused_result’ [-Wunused-result]
   59 | #define WARN {(void)strcat(fbuf, "\n"); (void)write(2, fbuf, strlen(fbuf));}
      |                                               ^~~~~~~~~~~~~~~~~~~~~~~~~~~~
uncmain.c:118:17: note: in expansion of macro ‘WARN’
  118 |                 WARN
      |                 ^~~~
uncmain.c: In function ‘WriteBuf’:
uncmain.c:54:39: warning: ignoring return value of ‘write’ declared with attribute ‘warn_unused_result’ [-Wunused-result]
   54 |                                 (void)write(2, fbuf, strlen(fbuf)); exit(1);}
      |                                       ^~~~~~~~~~~~~~~~~~~~~~~~~~~~
uncmain.c:142:25: note: in expansion of macro ‘ERROR’
  142 |                         ERROR
      |                         ^~~~~
uncmain.c: In function ‘ReadBuf’:
uncmain.c:54:39: warning: ignoring return value of ‘write’ declared with attribute ‘warn_unused_result’ [-Wunused-result]
   54 |                                 (void)write(2, fbuf, strlen(fbuf)); exit(1);}
      |                                       ^~~~~~~~~~~~~~~~~~~~~~~~~~~~
uncmain.c:165:25: note: in expansion of macro ‘ERROR’
  165 |                         ERROR
      |                         ^~~~~
uncmain.c:59:47: warning: ignoring return value of ‘write’ declared with attribute ‘warn_unused_result’ [-Wunused-result]
   59 | #define WARN {(void)strcat(fbuf, "\n"); (void)write(2, fbuf, strlen(fbuf));}
      |                                               ^~~~~~~~~~~~~~~~~~~~~~~~~~~~
uncmain.c:172:25: note: in expansion of macro ‘WARN’
  172 |                         WARN
      |                         ^~~~
powerpc-unknown-linux-gnu-gcc -Wl,--no-warn-rwx-segments -Wl,--no-warn-execstack -Wl,-O1 -Wl,--sort-common -Wl,--as-needed -Wl,-z,relro -Wl,-z,now -flto=auto -o uncompface uncmain.o -L. -lcompface
==> Entering fakeroot environment...
==> Starting package()...
/usr/bin/install -c -d /build/compface/pkg/compface/usr/bin /build/compface/pkg/compface/usr/lib /build/compface/pkg/compface/usr/share/man/man1 /build/compface/pkg/compface/usr/share/man/man3 /build/compface/pkg/compface/usr/include
/usr/bin/install -c ./compface /build/compface/pkg/compface/usr/bin/compface
/bin/true /build/compface/pkg/compface/usr/bin/compface
/usr/bin/install -c ./uncompface /build/compface/pkg/compface/usr/bin/uncompface
/bin/true /build/compface/pkg/compface/usr/bin/uncompface
/usr/bin/install -c -m 644 ./compface.1 /build/compface/pkg/compface/usr/share/man/man1/compface.1
cd /build/compface/pkg/compface/usr/share/man/man1 && rm -f ./uncompface.1 && ln -s compface.1 uncompface.1
/usr/bin/install -c -m 644 ./compface.3 /build/compface/pkg/compface/usr/share/man/man3/compface.3
cd /build/compface/pkg/compface/usr/share/man/man3 && rm -f ./uncompface.3 && ln -s compface.3 uncompface.3
for hdr in compface.h; do /usr/bin/install -c -m 644 ./${hdr} /build/compface/pkg/compface/usr/include/${hdr}; done
/usr/bin/install -c ./libcompface.so /build/compface/pkg/compface/usr/lib/libcompface.so.1.0.0
ln -s libcompface.so.1.0.0 /build/compface/pkg/compface/usr/lib/libcompface.so.1
ln -s libcompface.so.1 /build/compface/pkg/compface/usr/lib/libcompface.so
==> Tidying install...
  -> Removing libtool files...
  -> Purging unwanted files...
  -> Removing static library files...
  -> Stripping unneeded symbols from binaries and libraries...
  -> Compressing man and info pages...
==> Checking for packaging issues...
==> Creating package "compface"...
  -> Generating .PKGINFO file...
  -> Generating .BUILDINFO file...
  -> Generating .MTREE file...
  -> Compressing package...
==> Creating package "compface-debug"...
  -> Generating .PKGINFO file...
  -> Generating .BUILDINFO file...
  -> Generating .MTREE file...
  -> Compressing package...
==> Leaving fakeroot environment.
==> Finished making: compface 1.5.2-13 (Wed Aug 27 21:02:24 2025)
==> Removing chroot copy [/home/buildbot/archpower/espresso/buildbot-7565]...done
[34h[?25h
Build completed successfully