-- The C compiler identification is GNU 13.2.1
-- The CXX compiler identification is GNU 13.2.1
-- Detecting C compiler ABI info
-- Detecting C compiler ABI info - done
-- Check for working C compiler: /usr/lib/ccache/bin/powerpc64le-unknown-linux-gnu-gcc - skipped
-- Detecting C compile features
-- Detecting C compile features - done
-- Detecting CXX compiler ABI info
-- Detecting CXX compiler ABI info - done
-- Check for working CXX compiler: /usr/lib/ccache/bin/powerpc64le-unknown-linux-gnu-g++ - skipped
-- Detecting CXX compile features
-- Detecting CXX compile features - done
-- Installing in the same prefix as Qt, adopting their path scheme.
-- Looking for __GLIBC__
-- Looking for __GLIBC__ - found
-- Performing Test _OFFT_IS_64BIT
-- Performing Test _OFFT_IS_64BIT - Success
-- Performing Test HAVE_DATE_TIME
-- Performing Test HAVE_DATE_TIME - Success
-- Found KF5Config: /usr/lib/cmake/KF5Config/KF5ConfigConfig.cmake (found version "5.114.0") 
-- Found KF5KCMUtils: /usr/lib/cmake/KF5KCMUtils/KF5KCMUtilsConfig.cmake (found version "5.114.0") 
-- Found KF5DNSSD: /usr/lib/cmake/KF5DNSSD/KF5DNSSDConfig.cmake (found version "5.114.0") 
-- Found KF5NotifyConfig: /usr/lib/cmake/KF5NotifyConfig/KF5NotifyConfigConfig.cmake (found version "5.114.0") 
-- Found KF5Notifications: /usr/lib/cmake/KF5Notifications/KF5NotificationsConfig.cmake (found version "5.114.0") 
-- Found KF5Bookmarks: /usr/lib/cmake/KF5Bookmarks/KF5BookmarksConfig.cmake (found version "5.114.0") 
-- Found KF5IconThemes: /usr/lib/cmake/KF5IconThemes/KF5IconThemesConfig.cmake (found version "5.114.0") 
-- Found KF5XmlGui: /usr/lib/cmake/KF5XmlGui/KF5XmlGuiConfig.cmake (found version "5.114.0") 
-- Found KF5Completion: /usr/lib/cmake/KF5Completion/KF5CompletionConfig.cmake (found version "5.114.0") 
-- Found KF5Wallet: /usr/lib/cmake/KF5Wallet/KF5WalletConfig.cmake (found version "5.114.0") 
-- Found KF5WidgetsAddons: /usr/lib/cmake/KF5WidgetsAddons/KF5WidgetsAddonsConfig.cmake (found version "5.114.0") 
-- Found X11: /usr/include   
-- Looking for XOpenDisplay in /usr/lib/libX11.so;/usr/lib/libXext.so
-- Looking for XOpenDisplay in /usr/lib/libX11.so;/usr/lib/libXext.so - found
-- Looking for gethostbyname
-- Looking for gethostbyname - found
-- Looking for connect
-- Looking for connect - found
-- Looking for remove
-- Looking for remove - found
-- Looking for shmat
-- Looking for shmat - found
-- Looking for IceConnectionNumber in ICE
-- Looking for IceConnectionNumber in ICE - found
-- Found KF5WindowSystem: /usr/lib/cmake/KF5WindowSystem/KF5WindowSystemConfig.cmake (found version "5.114.0") 
-- Found Gettext: /usr/bin/msgmerge (found version "0.22.4") 
-- Found KF5I18n: /usr/lib/cmake/KF5I18n/KF5I18nConfig.cmake (found version "5.114.0") 
-- Found KF5KIO: /usr/lib/cmake/KF5KIO/KF5KIOConfig.cmake (found version "5.114.0") 
-- Found KF5: success (found suitable version "5.114.0", minimum required is "5.91.0") found components: Config KCMUtils DNSSD NotifyConfig Notifications Bookmarks IconThemes XmlGui Completion Wallet WidgetsAddons WindowSystem NotifyConfig I18n KIO 
-- Found KF5Activities: /usr/lib/cmake/KF5Activities/KF5ActivitiesConfig.cmake (found version "5.114.0") 
-- Found KF5: success (found suitable version "5.114.0", minimum required is "5.91.0") found components: Activities 
-- Performing Test CMAKE_HAVE_LIBC_PTHREAD
-- Performing Test CMAKE_HAVE_LIBC_PTHREAD - Success
-- Found Threads: TRUE  
-- Performing Test COMPILER_HAS_HIDDEN_VISIBILITY
-- Performing Test COMPILER_HAS_HIDDEN_VISIBILITY - Success
-- Performing Test COMPILER_HAS_HIDDEN_INLINE_VISIBILITY
-- Performing Test COMPILER_HAS_HIDDEN_INLINE_VISIBILITY - Success
-- Performing Test COMPILER_HAS_DEPRECATED_ATTR
-- Performing Test COMPILER_HAS_DEPRECATED_ATTR - Success
-- Performing Test LIBVNCSERVER_FOUND
-- Performing Test LIBVNCSERVER_FOUND - Success
-- Found LibVNCServer: /usr/lib/libvncserver.so
-- Found LibSSH: /usr/lib/libssh.so  
CMake Warning at CMakeLists.txt:129 (find_package):
  Could not find a configuration file for package "FreeRDP" that is
  compatible with requested version "2.10".

  The following configuration files were considered but not accepted:

    /usr/lib/cmake/FreeRDP3/FreeRDPConfig.cmake, version: 3.1.0
    /lib/cmake/FreeRDP3/FreeRDPConfig.cmake, version: 3.1.0



CMake Warning at CMakeLists.txt:143 (find_package):
  Could not find a configuration file for package "FreeRDP-Client" that is
  compatible with requested version "2.10".

  The following configuration files were considered but not accepted:

    /usr/lib/cmake/FreeRDP-Client3/FreeRDP-ClientConfig.cmake, version: 3.1.0
    /lib/cmake/FreeRDP-Client3/FreeRDP-ClientConfig.cmake, version: 3.1.0



-- The following features have been enabled:

 * VNC, Building with support for the VNC protocol. Disable with -DWITH_VNC=NO
 * RDP, Building with support for the RDP protocol. Disable with -DWITH_RDP=NO

-- The following OPTIONAL packages have been found:

 * Qt5Gui (required version >= 5.15.2)
 * Freetype
 * PkgConfig
 * Fontconfig
 * KF5Activities (required version >= 5.91.0), KActivities libraries, <https://www.kde.org>
   For tracking which remote desktops are frequently accessed
 * KF5DocTools
 * LibSSH, ssh library, <https://libssh.org/>
   Needed to build VNC+SSH tunnel support 

-- The following REQUIRED packages have been found:

 * ECM (required version >= 5.91.0)
 * Qt5 (required version >= 5.15.2)
 * Qt5Core (required version >= 5.15.2)
 * KF5Config (required version >= 5.114.0)
 * KF5KCMUtils (required version >= 5.91.0)
 * KF5DNSSD (required version >= 5.91.0)
 * KF5Notifications (required version >= 5.91.0)
 * KF5IconThemes (required version >= 5.91.0)
 * KF5Wallet (required version >= 5.91.0)
 * KF5WidgetsAddons (required version >= 5.91.0)
 * KF5NotifyConfig (required version >= 5.91.0)
 * Gettext
 * KF5I18n (required version >= 5.91.0)
 * KF5Bookmarks (required version >= 5.114.0)
 * KF5Completion (required version >= 5.114.0)
 * KF5XmlGui (required version >= 5.114.0)
 * KF5WindowSystem (required version >= 5.114.0)
 * KF5KIO (required version >= 5.91.0)
 * KF5 (required version >= 5.91.0)
 * Threads
 * LibVNCServer, VNC server / client library, <http://libvncserver.sourceforge.net/>
   Needed to build VNC client support in KRDC
 * WinPR, Windows Portable Runtime, <https://www.freerdp.com/>
   Runtime used by FreeRDP

-- The following OPTIONAL packages have not been found:

 * freetype

-- The following REQUIRED packages have not been found:

 * FreeRDP (required version >= 2.10), A free Remote Desktop Protocol (RDP) Implementation, <https://www.freerdp.com/>
   FreeRDP provides RDP support
 * FreeRDP-Client (required version >= 2.10), A free Remote Desktop Protocol (RDP) Implementation, Client libraries, <https://www.freerdp.com/>
   FreeRDP provides RDP support

CMake Error at /usr/share/cmake/Modules/FeatureSummary.cmake:464 (message):
  feature_summary() Error: REQUIRED package(s) are missing, aborting CMake
  run.
Call Stack (most recent call first):
  CMakeLists.txt:239 (feature_summary)


-- Configuring incomplete, errors occurred!
[1m[31m==> ERROR:[0m[1m A failure occurred in build().[0m
[1m    Aborting...[0m
