Starting build for python-pwdlib
Attempting to acquire SRCDEST lock for /sources (package: python-pwdlib)
SRCDEST lock acquired successfully
Checking for local GPG keys...
Importing 1 GPG keys from local keys/ directory
Importing GPG key from 857A2A1560004F80CB76929FACC9784053EA63DC.asc
Running: gpg --import /home/buildbot/.apb/builds/e44cc56a-b4ed-4e0c-bbfe-16ebaa368ea0/keys/pgp/857A2A1560004F80CB76929FACC9784053EA63DC.asc
GPG: gpg: key ACC9784053EA63DC: "François Voron <fvoron@gmail.com>" not changed
GPG: gpg: Total number processed: 1
GPG: gpg:              unchanged: 1
Local GPG key import completed
Running: sudo makechrootpkg -cuT -r /home/buildbot/archpower/powerpc64le -d /sources
==> Synchronizing chroot copy [/home/buildbot/archpower/powerpc64le/root] -> [buildbot-737846]...done
:: Synchronizing package databases...
 stage-any downloading...
 stage downloading...
 testing-any downloading...
 testing downloading...
 base-any downloading...
 base downloading...
:: Starting full system upgrade...
 there is nothing to do
==> Making package: python-pwdlib 0.3.0-2 (Wed Dec 17 14:08:59 2025)
==> Retrieving sources...
  -> Updating pwdlib git repo...
==> Validating source files with sha256sums...
    pwdlib ... Passed
==> Verifying source file signatures with gpg...
    pwdlib git repo ... Passed
==> Making package: python-pwdlib 0.3.0-2 (Wed Dec 17 14:09:03 2025)
==> Checking runtime dependencies...
==> Installing missing dependencies...
resolving dependencies...
looking for conflicting packages...

Packages (2) mpdecimal-4.0.1-1  python-3.13.9-1

Total Installed Size:  127.84 MiB

:: Proceed with installation? [Y/n]
checking keyring...
checking package integrity...
loading package files...
checking for file conflicts...
checking available disk space...
:: Processing package changes...
installing mpdecimal...
installing python...
Optional dependencies for python
    python-setuptools: for building Python packages using tooling that is usually bundled with Python
    python-pip: for installing Python packages using tooling that is usually bundled with Python
    python-pipx: for installing Python software not packaged on Arch Linux
    sqlite: for a default database integration [installed]
    xz: for lzma [installed]
    tk: for tkinter
:: Running post-transaction hooks...
(1/1) Arming ConditionNeedsUpdate...
==> Checking buildtime dependencies...
==> Installing missing dependencies...
resolving dependencies...
looking for conflicting packages...

Packages (59) argon2-20190702-6.2  perl-error-0.17030-2  perl-mailtools-2.22-2  perl-timedate-2.33-8  python-anyio-4.11.0-1  python-argon2-cffi-bindings-25.1.0-2  python-certifi-2025.10.05-1  python-cffi-2.0.0-1  python-click-8.2.1-1  python-cryptography-46.0.3-1  python-distlib-0.4.0-1  python-distro-1.9.0-3  python-editables-0.5-5  python-filelock-3.20.0-1  python-h11-0.16.0-1  python-hatch-1.15.1-1  python-httpcore-1.0.9-2  python-httpx-0.28.1-3  python-hyperlink-21.0.0-7  python-idna-3.11-1  python-iniconfig-2.1.0-1  python-jaraco.classes-3.4.0-2  python-jaraco.context-6.0.1-1  python-jaraco.functools-4.1.0-1  python-jeepney-0.9.0-1  python-keyring-25.6.0-1  python-markdown-it-py-4.0.0-1  python-mdurl-0.1.2-8  python-more-itertools-10.8.0-1  python-packaging-25.0-1  python-pathspec-0.12.1-3  python-pexpect-4.9.0-4  python-platformdirs-4.5.0-1  python-pluggy-1.6.0-1  python-ptyprocess-0.7.0-8  python-pycparser-2.23-1  python-pygments-2.19.2-1  python-pyproject-hooks-1.2.0-3  python-rich-14.2.0-1  python-secretstorage-3.3.3-6  python-shellingham-1.5.4-3  python-sniffio-1.3.1-4  python-tomli-w-1.2.0-1  python-tomlkit-0.13.3-1  python-trove-classifiers-2025.9.11.17-1  python-userpath-1.9.2-3  python-uv-0.9.17-1  python-virtualenv-20.35.4-1  python-zstandard-0.25.0-1  uv-0.9.17-1  zlib-ng-2.2.5-1  git-2.52.0-2  python-argon2-cffi-25.1.0-2  python-bcrypt-5.0.0-1  python-build-1.3.0-1  python-hatch-regex-commit-0.0.4-3  python-hatchling-1.27.0-1  python-installer-0.7.0-10  python-pytest-1:8.4.2-1

Total Download Size:     0.04 MiB
Total Installed Size:  167.21 MiB

:: Proceed with installation? [Y/n]
:: Retrieving packages...
 python-argon2-cffi-25.1.0-2-any downloading...
 python-hatch-regex-commit-0.0.4-3-any downloading...
checking keyring...
checking package integrity...
loading package files...
checking for file conflicts...
checking available disk space...
:: Processing package changes...
installing perl-error...
installing perl-timedate...
installing perl-mailtools...
installing zlib-ng...
installing git...
Optional dependencies for git
    git-zsh-completion: upstream zsh completion
    tk: gitk and git gui
    openssh: ssh transport and crypto
    man: show help with `git command --help`
    perl-libwww: git svn
    perl-term-readkey: git svn and interactive.singlekey setting
    perl-io-socket-ssl: git send-email TLS support
    perl-authen-sasl: git send-email TLS support
    perl-cgi: gitweb (web interface) support
    python: git svn & git p4 [installed]
    subversion: git svn
    org.freedesktop.secrets: keyring credential helper
    libsecret: libsecret credential helper [installed]
    less: the default pager for git
installing python-packaging...
installing python-pyproject-hooks...
installing python-build...
Optional dependencies for python-build
    python-pip: to use as the Python package installer (default)
    python-uv: to use as the Python package installer [pending]
    python-virtualenv: to use virtualenv for build isolation [pending]
installing python-editables...
installing python-pathspec...
installing python-pluggy...
installing python-trove-classifiers...
installing python-hatchling...
installing python-click...
installing python-certifi...
installing python-h11...
installing python-httpcore...
Optional dependencies for python-httpcore
    python-h2: for HTTP/2 support
    python-socksio: for SOCKS support
    python-anyio: for asyncio backend [pending]
    python-trio: for trio backend
    python-sniffio: for async support [pending]
installing python-idna...
installing python-sniffio...
installing python-anyio...
Optional dependencies for python-anyio
    python-trio: trio backend
    python-outcome: trio backend
    python-uvloop: use uvloop for asyncio backend
    python-pytest: pytest plugin [pending]
installing python-httpx...
Optional dependencies for python-httpx
    python-brotli: for brotli response decompression
    python-brotlicffi: for brotli response decompression
    python-zstandard: for zstd response decompression [pending]
    python-h2: HTTP/2 support
    python-socksio: SOCKS proxy support
    python-click: command line client support [installed]
    python-rich: command line client support [pending]
    python-pygments: command line client support [pending]
    python-trio: alternative async library
installing python-hyperlink...
installing python-more-itertools...
installing python-jaraco.classes...
installing python-jaraco.context...
installing python-jaraco.functools...
installing python-pycparser...
installing python-cffi...
Optional dependencies for python-cffi
    python-setuptools: "limited api" version checking in cffi.setuptools_ext
installing python-cryptography...
installing python-jeepney...
Optional dependencies for python-jeepney
    python-trio: support D-Bus applications with Trio
installing python-secretstorage...
installing python-keyring...
Optional dependencies for python-keyring
    libsecret: libsecret backend [installed]
    python-dbus: kwallet backend
    python-gobject: libsecret backend
    python-keyrings-alt: Alternative backends
    python-pluggy: devpi client [installed]
installing python-ptyprocess...
installing python-pexpect...
installing python-platformdirs...
installing python-mdurl...
installing python-markdown-it-py...
Optional dependencies for python-markdown-it-py
    python-mdit_py_plugins: core plugins
    python-linkify-it-py: linkify extension
installing python-pygments...
installing python-rich...
installing python-shellingham...
installing python-tomli-w...
installing python-tomlkit...
installing python-distro...
installing python-userpath...
installing uv...
installing python-uv...
installing python-distlib...
installing python-filelock...
installing python-virtualenv...
installing python-zstandard...
Optional dependencies for python-zstandard
    python-cffi [installed]
installing python-hatch...
installing python-hatch-regex-commit...
installing python-installer...
installing argon2...
installing python-argon2-cffi-bindings...
installing python-argon2-cffi...
installing python-bcrypt...
installing python-iniconfig...
installing python-pytest...
:: Running post-transaction hooks...
(1/4) Creating system user accounts...
Creating group 'git' with GID 970.
Creating user 'git' (git daemon user) with UID 970 and GID 970.
(2/4) Reloading system manager configuration...
  Skipped: Current root is not booted.
(3/4) Arming ConditionNeedsUpdate...
(4/4) Checking for old perl modules...
==> Retrieving sources...
==> WARNING: Skipping all source file integrity checks.
==> Extracting sources...
  -> Creating working copy of pwdlib git repo...
Cloning into 'pwdlib'...
done.
Switched to a new branch 'makepkg'
==> Starting build()...
* Getting build dependencies for wheel...
* Building wheel...
Successfully built pwdlib-0.3.0-py3-none-any.whl
==> Starting check()...
============================= test session starts ==============================
platform linux -- Python 3.13.9, pytest-8.4.2, pluggy-1.6.0 -- /usr/bin/python
cachedir: .pytest_cache
rootdir: /build/python-pwdlib/src/pwdlib
configfile: pyproject.toml
plugins: anyio-4.11.0
collecting ... collected 47 items
tests/hashers/test_argon2.py::test_identify[identify(valid_argon2id_hash: str)] PASSED [  2%]
tests/hashers/test_argon2.py::test_identify[identify(valid_argon2d_hash: str)] PASSED [  4%]
tests/hashers/test_argon2.py::test_identify[identify(valid_argon2i_hash: str)] PASSED [  6%]
tests/hashers/test_argon2.py::test_identify[identify(valid_argon2id_hash: bytes)] PASSED [  8%]
tests/hashers/test_argon2.py::test_identify[identify(malformed_argon2id_hash: str)] PASSED [ 10%]
tests/hashers/test_argon2.py::test_identify[identify(invalid_utf8_string: bytes)] PASSED [ 12%]
tests/hashers/test_argon2.py::test_identify[identify(empty_string: str)] PASSED [ 14%]
tests/hashers/test_argon2.py::test_identify_large_hash PASSED            [ 17%]
tests/hashers/test_argon2.py::test_hash PASSED                           [ 19%]
tests/hashers/test_argon2.py::test_verify[$argon2id$v=19$m=65536,t=3,p=4$oXPQfp7hDNMF/Rib2C2/Qg$lrTXLEEOUXGmBY+J5JaZMFBFjL+8IqmG6z0rE7nQlaY-herminetincture-True0] PASSED [ 21%]
tests/hashers/test_argon2.py::test_verify[$argon2id$v=19$m=65536,t=3,p=4$oXPQfp7hDNMF/Rib2C2/Qg$lrTXLEEOUXGmBY+J5JaZMFBFjL+8IqmG6z0rE7nQlaY-herminetincture-True1] PASSED [ 23%]
tests/hashers/test_argon2.py::test_verify[$argon2id$v=19$m=65536,t=3,p=4$oXPQfp7hDNMF/Rib2C2/Qg$lrTXLEEOUXGmBY+J5JaZMFBFjL+8IqmG6z0rE7nQlaY-INVALID_PASSWORD-False0] PASSED [ 25%]
tests/hashers/test_argon2.py::test_verify[$argon2id$v=19$m=65536,t=3,p=4$oXPQfp7hDNMF/Rib2C2/Qg$lrTXLEEOUXGmBY+J5JaZMFBFjL+8IqmG6z0rE7nQlaY-INVALID_PASSWORD-False1] PASSED [ 27%]
tests/hashers/test_argon2.py::test_invalid_type[int] PASSED              [ 29%]
tests/hashers/test_argon2.py::test_invalid_type[None] PASSED             [ 31%]
tests/hashers/test_argon2.py::test_invalid_type[list] PASSED             [ 34%]
tests/hashers/test_argon2.py::test_invalid_type[dict] PASSED             [ 36%]
tests/hashers/test_bcrypt.py::test_identify[$2b$12$DfvdxNywrah7bOla344/zOBMT4AUE.ZjQMYex05E.5j4N7qIlFAn.-True0] PASSED [ 38%]
tests/hashers/test_bcrypt.py::test_identify[$2b$12$DfvdxNywrah7bOla344/zOBMT4AUE.ZjQMYex05E.5j4N7qIlFAn.-True1] PASSED [ 40%]
tests/hashers/test_bcrypt.py::test_identify[INVALID_HASH-False0] PASSED  [ 42%]
tests/hashers/test_bcrypt.py::test_identify[INVALID_HASH-False1] PASSED  [ 44%]
tests/hashers/test_bcrypt.py::test_hash PASSED                           [ 46%]
tests/hashers/test_bcrypt.py::test_verify[$2b$12$DfvdxNywrah7bOla344/zOBMT4AUE.ZjQMYex05E.5j4N7qIlFAn.-herminetincture-True0] PASSED [ 48%]
tests/hashers/test_bcrypt.py::test_verify[$2b$12$DfvdxNywrah7bOla344/zOBMT4AUE.ZjQMYex05E.5j4N7qIlFAn.-herminetincture-True1] PASSED [ 51%]
tests/hashers/test_bcrypt.py::test_verify[$2b$12$DfvdxNywrah7bOla344/zOBMT4AUE.ZjQMYex05E.5j4N7qIlFAn.-INVALID_PASSWORD-False0] PASSED [ 53%]
tests/hashers/test_bcrypt.py::test_verify[$2b$12$DfvdxNywrah7bOla344/zOBMT4AUE.ZjQMYex05E.5j4N7qIlFAn.-INVALID_PASSWORD-False1] PASSED [ 55%]
tests/hashers/test_bcrypt.py::test_check_needs_rehash PASSED             [ 57%]
tests/hashers/test_bcrypt.py::test_invalid_type[int] PASSED              [ 59%]
tests/hashers/test_bcrypt.py::test_invalid_type[None] PASSED             [ 61%]
tests/hashers/test_bcrypt.py::test_invalid_type[list] PASSED             [ 63%]
tests/hashers/test_bcrypt.py::test_invalid_type[dict] PASSED             [ 65%]
tests/test_hash.py::test_recommended PASSED                              [ 68%]
tests/test_hash.py::test_hash PASSED                                     [ 70%]
tests/test_hash.py::test_verify[$argon2id$v=19$m=65536,t=3,p=4$kL9XbnbP2w2vHoTJI7Td1g$3RMgBVLW6+Wp4+6BX4AwPyVKzL7MoGXI53KewQvYvu8-herminetincture-True] PASSED [ 72%]
tests/test_hash.py::test_verify[$argon2id$v=19$m=65536,t=3,p=4$kL9XbnbP2w2vHoTJI7Td1g$3RMgBVLW6+Wp4+6BX4AwPyVKzL7MoGXI53KewQvYvu8-INVALID_PASSWORD-False] PASSED [ 74%]
tests/test_hash.py::test_verify[$2b$12$jPeWJ7DvFlGq6MJXok.SROFxFp5LeO3k3oUZNYZhd1P6fKeg52sO.-herminetincture-True] PASSED [ 76%]
tests/test_hash.py::test_verify[$2b$12$jPeWJ7DvFlGq6MJXok.SROFxFp5LeO3k3oUZNYZhd1P6fKeg52sO.-INVALID_PASSWORD-False] PASSED [ 78%]
tests/test_hash.py::test_verify_unknown_hash PASSED                      [ 80%]
tests/test_hash.py::test_verify_and_update[$argon2id$v=19$m=65536,t=3,p=4$kL9XbnbP2w2vHoTJI7Td1g$3RMgBVLW6+Wp4+6BX4AwPyVKzL7MoGXI53KewQvYvu8-herminetincture-True-False] PASSED [ 82%]
tests/test_hash.py::test_verify_and_update[$argon2id$v=19$m=65536,t=3,p=4$kL9XbnbP2w2vHoTJI7Td1g$3RMgBVLW6+Wp4+6BX4AwPyVKzL7MoGXI53KewQvYvu8-INVALID_PASSWORD-False-False] PASSED [ 85%]
tests/test_hash.py::test_verify_and_update[$2b$12$jPeWJ7DvFlGq6MJXok.SROFxFp5LeO3k3oUZNYZhd1P6fKeg52sO.-herminetincture-True-True] PASSED [ 87%]
tests/test_hash.py::test_verify_and_update[$2b$12$jPeWJ7DvFlGq6MJXok.SROFxFp5LeO3k3oUZNYZhd1P6fKeg52sO.-INVALID_PASSWORD-False-False] PASSED [ 89%]
tests/test_hash.py::test_verify_and_update_unknown_hash PASSED           [ 91%]
tests/test_hash.py::test_invalid_type[int] PASSED                        [ 93%]
tests/test_hash.py::test_invalid_type[None] PASSED                       [ 95%]
tests/test_hash.py::test_invalid_type[list] PASSED                       [ 97%]
tests/test_hash.py::test_invalid_type[dict] PASSED                       [100%]
============================== 47 passed in 4.46s ==============================
==> Entering fakeroot environment...
==> Starting package()...
==> Tidying install...
  -> Removing libtool files...
  -> Purging unwanted files...
  -> Removing static library files...
  -> Stripping unneeded symbols from binaries and libraries...
  -> Compressing man and info pages...
==> Checking for packaging issues...
==> Creating package "python-pwdlib"...
  -> Generating .PKGINFO file...
  -> Generating .BUILDINFO file...
  -> Generating .MTREE file...
  -> Compressing package...
==> Leaving fakeroot environment.
==> Finished making: python-pwdlib 0.3.0-2 (Wed Dec 17 14:09:20 2025)
==> Removing chroot copy [/home/buildbot/archpower/powerpc64le/buildbot-737846]...done
[34h[?25h
Build completed successfully