-- The C compiler identification is GNU 11.2.0
-- Detecting C compiler ABI info
-- Detecting C compiler ABI info - done
-- Check for working C compiler: /usr/lib/ccache/bin/powerpc64le-unknown-linux-gnu-gcc - skipped
-- Detecting C compile features
-- Detecting C compile features - done
-- DO_RS_TRACE=0
-- Looking for include file sys/file.h
-- Looking for include file sys/file.h - found
-- Looking for include file sys/stat.h
-- Looking for include file sys/stat.h - found
-- Looking for include file sys/types.h
-- Looking for include file sys/types.h - found
-- Looking for include file unistd.h
-- Looking for include file unistd.h - found
-- Looking for include file io.h
-- Looking for include file io.h - not found
-- Looking for include file fcntl.h
-- Looking for include file fcntl.h - found
-- Looking for include file mcheck.h
-- Looking for include file mcheck.h - found
-- Looking for include file zlib.h
-- Looking for include file zlib.h - found
-- Looking for include file bzlib.h
-- Looking for include file bzlib.h - found
-- Looking for __func__
-- Looking for __func__ - found
-- Looking for __FUNCTION__
-- Looking for __FUNCTION__ - found
-- Looking for fseeko
-- Looking for fseeko - found
-- Looking for fseeko64
-- Looking for fseeko64 - found
-- Looking for _fseeki64
-- Looking for _fseeki64 - not found
-- Looking for fstat64
-- Looking for fstat64 - found
-- Looking for _fstati64
-- Looking for _fstati64 - not found
-- Looking for fileno
-- Looking for fileno - found
-- Looking for _fileno
-- Looking for _fileno - not found
-- Looking for stdint.h
-- Looking for stdint.h - found
-- Looking for stddef.h
-- Looking for stddef.h - found
-- Check size of long
-- Check size of long - done
-- Check size of long long
-- Check size of long long - done
-- Check size of off_t
-- Check size of off_t - done
-- Check size of off64_t
-- Check size of off64_t - failed
-- Check size of size_t
-- Check size of size_t - done
-- Check size of unsigned int
-- Check size of unsigned int - done
-- Check size of unsigned long
-- Check size of unsigned long - done
-- Check size of unsigned short
-- Check size of unsigned short - done
-- Performing Test HAVE_PRINTF_Z
-- Performing Test HAVE_PRINTF_Z - Success
-- System is little-endian.
-- PROJECT_NAME  = librsync
-- BUILD_HOSTNAME = unknown
-- CMAKE_SYSTEM = Linux-5.17.5-arch1-1-4k
-- Found PkgConfig: /usr/bin/pkg-config (found version "1.8.0") 
-- Found POPT: PkgConfig::POPT (found version "1.18") 
-- POPT_INCLUDE_DIRS  = 
-- POPT_LIBRARIES = PkgConfig::POPT
-- Found BZip2: /usr/lib/libbz2.so (found version "1.0.8") 
-- Looking for BZ2_bzCompressInit
-- Looking for BZ2_bzCompressInit - found
-- BZIP2_INCLUDE_DIRS  = /usr/include
-- BZIP2_LIBRARIES = /usr/lib/libbz2.so
-- Found ZLIB: /usr/lib/libz.so (found version "1.2.12") 
-- ZLIB_INCLUDE_DIRS  = /usr/include
-- ZLIB_LIBRARIES = /usr/lib/libz.so
CMake Warning (dev) at /usr/share/cmake/Modules/FindPackageHandleStandardArgs.cmake:438 (message):
  The package name passed to `find_package_handle_standard_args` (LIBB2) does
  not match the name of the calling package (libb2).  This can lead to
  problems in calling code that expects `find_package` result variables
  (e.g., `_FOUND`) to follow a certain pattern.
Call Stack (most recent call first):
  cmake/Findlibb2.cmake:16 (FIND_PACKAGE_HANDLE_STANDARD_ARGS)
  CMakeLists.txt:183 (find_package)
This warning is for project developers.  Use -Wno-dev to suppress it.

-- Could NOT find LIBB2 (missing: LIBB2_LIBRARY_RELEASE LIBB2_INCLUDE_DIR) 
-- Using included blake2 implementation.
-- Could NOT find Doxygen (missing: DOXYGEN_EXECUTABLE) 
-- CMAKE_C_FLAGS  = -O2 -pipe -mcpu=power8 -mabi=altivec -maltivec -Wall -std=c99 -pedantic
-- Configuring done
-- Generating done
-- Build files have been written to: /build/librsync/src/librsync-2.3.2/build
[  1%] Building C object CMakeFiles/rabinkarp_perf.dir/tests/rabinkarp_perf.c.o
[  4%] Building C object CMakeFiles/netint_test.dir/tests/netint_test.c.o
[  4%] Building C object CMakeFiles/isprefix_test.dir/tests/isprefix_test.c.o
[  5%] Building C object CMakeFiles/rollsum_test.dir/tests/rollsum_test.c.o
[  6%] Building C object CMakeFiles/sumset_test.dir/tests/sumset_test.c.o
[  8%] Building C object CMakeFiles/checksum_test.dir/tests/checksum_test.c.o
[  9%] Building C object CMakeFiles/rabinkarp_test.dir/tests/rabinkarp_test.c.o
[ 10%] Building C object CMakeFiles/hashtable_test.dir/tests/hashtable_test.c.o
[ 12%] Building C object CMakeFiles/rabinkarp_perf.dir/src/rabinkarp.c.o
[ 13%] Building C object CMakeFiles/rollsum_test.dir/src/rollsum.c.o
[ 15%] Building C object CMakeFiles/rabinkarp_test.dir/src/rabinkarp.c.o
[ 16%] Building C object CMakeFiles/isprefix_test.dir/src/isprefix.c.o
[ 17%] Building C object CMakeFiles/netint_test.dir/src/netint.c.o
[ 19%] Linking C executable isprefix_test
[ 20%] Linking C executable rollsum_test
[ 21%] Linking C executable rabinkarp_test
[ 23%] Linking C executable rabinkarp_perf
[ 23%] Built target isprefix_test
[ 23%] Built target rollsum_test
[ 24%] Building C object CMakeFiles/rsync.dir/src/prototab.c.o
[ 26%] Building C object CMakeFiles/checksum_test.dir/src/checksum.c.o
[ 27%] Building C object CMakeFiles/sumset_test.dir/src/sumset.c.o
[ 27%] Built target rabinkarp_test
[ 27%] Built target rabinkarp_perf
[ 28%] Building C object CMakeFiles/netint_test.dir/src/util.c.o
[ 30%] Building C object CMakeFiles/sumset_test.dir/src/util.c.o
[ 31%] Building C object CMakeFiles/sumset_test.dir/src/trace.c.o
[ 32%] Building C object CMakeFiles/hashtable_test.dir/src/hashtable.c.o
[ 34%] Building C object CMakeFiles/rsync.dir/src/base64.c.o
[ 35%] Building C object CMakeFiles/checksum_test.dir/src/rollsum.c.o
[ 36%] Building C object CMakeFiles/sumset_test.dir/src/hex.c.o
[ 38%] Linking C executable hashtable_test
[ 39%] Building C object CMakeFiles/netint_test.dir/src/trace.c.o
[ 41%] Building C object CMakeFiles/sumset_test.dir/src/checksum.c.o
[ 42%] Building C object CMakeFiles/checksum_test.dir/src/rabinkarp.c.o
[ 42%] Built target hashtable_test
[ 43%] Building C object CMakeFiles/sumset_test.dir/src/rollsum.c.o
[ 45%] Building C object CMakeFiles/sumset_test.dir/src/rabinkarp.c.o
[ 46%] Building C object CMakeFiles/sumset_test.dir/src/mdfour.c.o
[ 47%] Building C object CMakeFiles/rsync.dir/src/buf.c.o
[ 49%] Building C object CMakeFiles/checksum_test.dir/src/mdfour.c.o
[ 50%] Building C object CMakeFiles/netint_test.dir/src/tube.c.o
[ 52%] Building C object CMakeFiles/sumset_test.dir/src/hashtable.c.o
[ 53%] Building C object CMakeFiles/sumset_test.dir/src/blake2/blake2b-ref.c.o
[ 54%] Building C object CMakeFiles/netint_test.dir/src/scoop.c.o
[ 56%] Building C object CMakeFiles/rsync.dir/src/checksum.c.o
[ 57%] Building C object CMakeFiles/checksum_test.dir/src/blake2/blake2b-ref.c.o
[ 58%] Building C object CMakeFiles/rsync.dir/src/command.c.o
[ 60%] Building C object CMakeFiles/rsync.dir/src/delta.c.o
[ 61%] Building C object CMakeFiles/rsync.dir/src/emit.c.o
[ 63%] Linking C executable netint_test
[ 64%] Building C object CMakeFiles/rsync.dir/src/fileutil.c.o
[ 65%] Building C object CMakeFiles/rsync.dir/src/hashtable.c.o
[ 67%] Building C object CMakeFiles/rsync.dir/src/hex.c.o
[ 67%] Built target netint_test
[ 68%] Building C object CMakeFiles/rsync.dir/src/job.c.o
[ 69%] Building C object CMakeFiles/rsync.dir/src/mdfour.c.o
[ 71%] Building C object CMakeFiles/rsync.dir/src/mksum.c.o
[ 72%] Building C object CMakeFiles/rsync.dir/src/msg.c.o
[ 73%] Building C object CMakeFiles/rsync.dir/src/netint.c.o
[ 75%] Building C object CMakeFiles/rsync.dir/src/patch.c.o
[ 76%] Building C object CMakeFiles/rsync.dir/src/readsums.c.o
[ 78%] Building C object CMakeFiles/rsync.dir/src/rollsum.c.o
[ 79%] Building C object CMakeFiles/rsync.dir/src/rabinkarp.c.o
[ 80%] Building C object CMakeFiles/rsync.dir/src/scoop.c.o
[ 82%] Building C object CMakeFiles/rsync.dir/src/stats.c.o
[ 83%] Building C object CMakeFiles/rsync.dir/src/sumset.c.o
[ 84%] Building C object CMakeFiles/rsync.dir/src/tube.c.o
[ 86%] Building C object CMakeFiles/rsync.dir/src/trace.c.o
[ 87%] Building C object CMakeFiles/rsync.dir/src/util.c.o
[ 89%] Building C object CMakeFiles/rsync.dir/src/version.c.o
[ 90%] Building C object CMakeFiles/rsync.dir/src/whole.c.o
[ 91%] Building C object CMakeFiles/rsync.dir/src/blake2/blake2b-ref.c.o
[ 93%] Linking C executable sumset_test
[ 93%] Built target sumset_test
[ 94%] Linking C executable checksum_test
[ 94%] Built target checksum_test
[ 95%] Linking C shared library librsync.so
[ 95%] Built target rsync
[ 97%] Building C object CMakeFiles/rdiff.dir/src/rdiff.c.o
[ 98%] Building C object CMakeFiles/rdiff.dir/src/isprefix.c.o
[100%] Linking C executable rdiff
[100%] Built target rdiff
