Consolidate compiler generated dependencies of target hashtable_test
Consolidate compiler generated dependencies of target rabinkarp_perf
Consolidate compiler generated dependencies of target checksum_test
Consolidate compiler generated dependencies of target rollsum_test
Consolidate compiler generated dependencies of target rabinkarp_test
Consolidate compiler generated dependencies of target isprefix_test
Consolidate compiler generated dependencies of target sumset_test
[  4%] Built target rabinkarp_perf
[  8%] Built target hashtable_test
Consolidate compiler generated dependencies of target netint_test
[ 12%] Built target rabinkarp_test
[ 16%] Built target rollsum_test
[ 20%] Built target isprefix_test
[ 30%] Built target checksum_test
[ 46%] Built target sumset_test
[ 56%] Built target netint_test
Consolidate compiler generated dependencies of target rsync
[ 95%] Built target rsync
Consolidate compiler generated dependencies of target rdiff
[100%] Built target rdiff
Install the project...
-- Install configuration: "Release"
-- Installing: /build/librsync/pkg/librsync/usr/lib/librsync.so.2.3.2
-- Installing: /build/librsync/pkg/librsync/usr/lib/librsync.so.2
-- Installing: /build/librsync/pkg/librsync/usr/lib/librsync.so
-- Installing: /build/librsync/pkg/librsync/usr/bin/rdiff
-- Set runtime path of "/build/librsync/pkg/librsync/usr/bin/rdiff" to ""
-- Installing: /build/librsync/pkg/librsync/usr/include/librsync.h
-- Installing: /build/librsync/pkg/librsync/usr/include/librsync_export.h
-- Installing: /build/librsync/pkg/librsync/usr/share/man/man3/librsync.3
-- Installing: /build/librsync/pkg/librsync/usr/share/man/man1/rdiff.1
