-- Install configuration: "RelWithDebInfo"
-- Installing: /build/qt6-multimedia/pkg/qt6-multimedia/usr/lib/cmake/Qt6BundledResonanceAudio/Qt6BundledResonanceAudioConfig.cmake
-- Installing: /build/qt6-multimedia/pkg/qt6-multimedia/usr/lib/cmake/Qt6BundledResonanceAudio/Qt6BundledResonanceAudioConfigVersion.cmake
-- Installing: /build/qt6-multimedia/pkg/qt6-multimedia/usr/lib/cmake/Qt6BundledResonanceAudio/Qt6BundledResonanceAudioConfigVersionImpl.cmake
-- Installing: /build/qt6-multimedia/pkg/qt6-multimedia/usr/lib/libQt6BundledResonanceAudio.a
-- Installing: /build/qt6-multimedia/pkg/qt6-multimedia/usr/lib/cmake/Qt6BundledResonanceAudio/Qt6BundledResonanceAudioTargets.cmake
-- Installing: /build/qt6-multimedia/pkg/qt6-multimedia/usr/lib/cmake/Qt6BundledResonanceAudio/Qt6BundledResonanceAudioTargets-relwithdebinfo.cmake
-- Installing: /build/qt6-multimedia/pkg/qt6-multimedia/usr/lib/cmake/Qt6BundledResonanceAudio/Qt6BundledResonanceAudioVersionlessTargets.cmake
-- Installing: /build/qt6-multimedia/pkg/qt6-multimedia/usr/lib/cmake/Qt6/FindWrapBundledResonanceAudioConfigExtra.cmake
-- Installing: /build/qt6-multimedia/pkg/qt6-multimedia/usr/lib/cmake/Qt6BundledResonanceAudio/Qt6BundledResonanceAudioAdditionalTargetInfo.cmake
-- Installing: /build/qt6-multimedia/pkg/qt6-multimedia/usr/lib/qt6/metatypes/qt6multimedia_relwithdebinfo_metatypes.json
-- Installing: /build/qt6-multimedia/pkg/qt6-multimedia/usr/lib/cmake/Qt6Multimedia/Qt6MultimediaConfig.cmake
-- Installing: /build/qt6-multimedia/pkg/qt6-multimedia/usr/lib/cmake/Qt6Multimedia/Qt6MultimediaConfigVersion.cmake
-- Installing: /build/qt6-multimedia/pkg/qt6-multimedia/usr/lib/cmake/Qt6Multimedia/Qt6MultimediaConfigVersionImpl.cmake
-- Installing: /build/qt6-multimedia/pkg/qt6-multimedia/usr/lib/libQt6Multimedia.so.6.6.1
-- Installing: /build/qt6-multimedia/pkg/qt6-multimedia/usr/lib/libQt6Multimedia.so.6
-- Set non-toolchain portion of runtime path of "/build/qt6-multimedia/pkg/qt6-multimedia/usr/lib/libQt6Multimedia.so.6.6.1" to "$ORIGIN"
-- Installing: /build/qt6-multimedia/pkg/qt6-multimedia/usr/lib/libQt6Multimedia.so
-- Installing: /build/qt6-multimedia/pkg/qt6-multimedia/usr/lib/cmake/Qt6Multimedia/Qt6MultimediaTargets.cmake
-- Installing: /build/qt6-multimedia/pkg/qt6-multimedia/usr/lib/cmake/Qt6Multimedia/Qt6MultimediaTargets-relwithdebinfo.cmake
-- Installing: /build/qt6-multimedia/pkg/qt6-multimedia/usr/lib/cmake/Qt6Multimedia/Qt6MultimediaVersionlessTargets.cmake
-- Installing: /build/qt6-multimedia/pkg/qt6-multimedia/usr/lib/qt6/modules/Multimedia.json
-- Installing: /build/qt6-multimedia/pkg/qt6-multimedia/usr/lib/cmake/Qt6Multimedia/Qt6MultimediaAdditionalTargetInfo.cmake
-- Installing: /build/qt6-multimedia/pkg/qt6-multimedia/usr/include/qt6/QtMultimedia
-- Installing: /build/qt6-multimedia/pkg/qt6-multimedia/usr/include/qt6/QtMultimedia/QAudio
-- Installing: /build/qt6-multimedia/pkg/qt6-multimedia/usr/include/qt6/QtMultimedia/QAudioBuffer
-- Installing: /build/qt6-multimedia/pkg/qt6-multimedia/usr/include/qt6/QtMultimedia/QAudioDecoder
-- Installing: /build/qt6-multimedia/pkg/qt6-multimedia/usr/include/qt6/QtMultimedia/QAudioDevice
-- Installing: /build/qt6-multimedia/pkg/qt6-multimedia/usr/include/qt6/QtMultimedia/QAudioFormat
-- Installing: /build/qt6-multimedia/pkg/qt6-multimedia/usr/include/qt6/QtMultimedia/QAudioFrame
-- Installing: /build/qt6-multimedia/pkg/qt6-multimedia/usr/include/qt6/QtMultimedia/QAudioInput
-- Installing: /build/qt6-multimedia/pkg/qt6-multimedia/usr/include/qt6/QtMultimedia/QAudioOutput
-- Installing: /build/qt6-multimedia/pkg/qt6-multimedia/usr/include/qt6/QtMultimedia/QAudioSink
-- Installing: /build/qt6-multimedia/pkg/qt6-multimedia/usr/include/qt6/QtMultimedia/QAudioSource
-- Installing: /build/qt6-multimedia/pkg/qt6-multimedia/usr/include/qt6/QtMultimedia/QCamera
-- Installing: /build/qt6-multimedia/pkg/qt6-multimedia/usr/include/qt6/QtMultimedia/QCameraDevice
-- Installing: /build/qt6-multimedia/pkg/qt6-multimedia/usr/include/qt6/QtMultimedia/QCameraFormat
-- Installing: /build/qt6-multimedia/pkg/qt6-multimedia/usr/include/qt6/QtMultimedia/QCapturableWindow
-- Installing: /build/qt6-multimedia/pkg/qt6-multimedia/usr/include/qt6/QtMultimedia/QImageCapture
-- Installing: /build/qt6-multimedia/pkg/qt6-multimedia/usr/include/qt6/QtMultimedia/QMediaCaptureSession
-- Installing: /build/qt6-multimedia/pkg/qt6-multimedia/usr/include/qt6/QtMultimedia/QMediaDevices
-- Installing: /build/qt6-multimedia/pkg/qt6-multimedia/usr/include/qt6/QtMultimedia/QMediaFormat
-- Installing: /build/qt6-multimedia/pkg/qt6-multimedia/usr/include/qt6/QtMultimedia/QMediaMetaData
-- Installing: /build/qt6-multimedia/pkg/qt6-multimedia/usr/include/qt6/QtMultimedia/QMediaPlayer
-- Installing: /build/qt6-multimedia/pkg/qt6-multimedia/usr/include/qt6/QtMultimedia/QMediaRecorder
-- Installing: /build/qt6-multimedia/pkg/qt6-multimedia/usr/include/qt6/QtMultimedia/QMediaTimeRange
-- Installing: /build/qt6-multimedia/pkg/qt6-multimedia/usr/include/qt6/QtMultimedia/QScreenCapture
-- Installing: /build/qt6-multimedia/pkg/qt6-multimedia/usr/include/qt6/QtMultimedia/QSoundEffect
-- Installing: /build/qt6-multimedia/pkg/qt6-multimedia/usr/include/qt6/QtMultimedia/QVideoFrame
-- Installing: /build/qt6-multimedia/pkg/qt6-multimedia/usr/include/qt6/QtMultimedia/QVideoFrameFormat
-- Installing: /build/qt6-multimedia/pkg/qt6-multimedia/usr/include/qt6/QtMultimedia/QVideoSink
-- Installing: /build/qt6-multimedia/pkg/qt6-multimedia/usr/include/qt6/QtMultimedia/QWaveDecoder
-- Installing: /build/qt6-multimedia/pkg/qt6-multimedia/usr/include/qt6/QtMultimedia/QWindowCapture
-- Installing: /build/qt6-multimedia/pkg/qt6-multimedia/usr/include/qt6/QtMultimedia/QtMultimedia
-- Installing: /build/qt6-multimedia/pkg/qt6-multimedia/usr/include/qt6/QtMultimedia/QtMultimediaVersion
-- Installing: /build/qt6-multimedia/pkg/qt6-multimedia/usr/include/qt6/QtMultimedia/qtmultimediadefs.h
-- Installing: /build/qt6-multimedia/pkg/qt6-multimedia/usr/include/qt6/QtMultimedia/qtmultimediaversion.h
-- Installing: /build/qt6-multimedia/pkg/qt6-multimedia/usr/include/qt6/QtMultimedia/qtmultimediaexports.h
-- Installing: /build/qt6-multimedia/pkg/qt6-multimedia/usr/include/qt6/QtMultimedia/qaudio.h
-- Installing: /build/qt6-multimedia/pkg/qt6-multimedia/usr/include/qt6/QtMultimedia/qaudiobuffer.h
-- Installing: /build/qt6-multimedia/pkg/qt6-multimedia/usr/include/qt6/QtMultimedia/qaudiodecoder.h
-- Installing: /build/qt6-multimedia/pkg/qt6-multimedia/usr/include/qt6/QtMultimedia/qaudiodevice.h
-- Installing: /build/qt6-multimedia/pkg/qt6-multimedia/usr/include/qt6/QtMultimedia/qaudioinput.h
-- Installing: /build/qt6-multimedia/pkg/qt6-multimedia/usr/include/qt6/QtMultimedia/qaudiooutput.h
-- Installing: /build/qt6-multimedia/pkg/qt6-multimedia/usr/include/qt6/QtMultimedia/qaudioformat.h
-- Installing: /build/qt6-multimedia/pkg/qt6-multimedia/usr/include/qt6/QtMultimedia/qaudiosource.h
-- Installing: /build/qt6-multimedia/pkg/qt6-multimedia/usr/include/qt6/QtMultimedia/qaudiosink.h
-- Installing: /build/qt6-multimedia/pkg/qt6-multimedia/usr/include/qt6/QtMultimedia/qsoundeffect.h
-- Installing: /build/qt6-multimedia/pkg/qt6-multimedia/usr/include/qt6/QtMultimedia/qwavedecoder.h
-- Installing: /build/qt6-multimedia/pkg/qt6-multimedia/usr/include/qt6/QtMultimedia/qcamera.h
-- Installing: /build/qt6-multimedia/pkg/qt6-multimedia/usr/include/qt6/QtMultimedia/qcameradevice.h
-- Installing: /build/qt6-multimedia/pkg/qt6-multimedia/usr/include/qt6/QtMultimedia/qimagecapture.h
-- Installing: /build/qt6-multimedia/pkg/qt6-multimedia/usr/include/qt6/QtMultimedia/qmediaplayer.h
-- Installing: /build/qt6-multimedia/pkg/qt6-multimedia/usr/include/qt6/QtMultimedia/qmediadevices.h
-- Installing: /build/qt6-multimedia/pkg/qt6-multimedia/usr/include/qt6/QtMultimedia/qmediaenumdebug.h
-- Installing: /build/qt6-multimedia/pkg/qt6-multimedia/usr/include/qt6/QtMultimedia/qmediaformat.h
-- Installing: /build/qt6-multimedia/pkg/qt6-multimedia/usr/include/qt6/QtMultimedia/qmediametadata.h
-- Installing: /build/qt6-multimedia/pkg/qt6-multimedia/usr/include/qt6/QtMultimedia/qmediatimerange.h
-- Installing: /build/qt6-multimedia/pkg/qt6-multimedia/usr/include/qt6/QtMultimedia/qtmultimediaglobal.h
-- Installing: /build/qt6-multimedia/pkg/qt6-multimedia/usr/include/qt6/QtMultimedia/qmediacapturesession.h
-- Installing: /build/qt6-multimedia/pkg/qt6-multimedia/usr/include/qt6/QtMultimedia/qmediarecorder.h
-- Installing: /build/qt6-multimedia/pkg/qt6-multimedia/usr/include/qt6/QtMultimedia/qscreencapture.h
-- Installing: /build/qt6-multimedia/pkg/qt6-multimedia/usr/include/qt6/QtMultimedia/qwindowcapture.h
-- Installing: /build/qt6-multimedia/pkg/qt6-multimedia/usr/include/qt6/QtMultimedia/qcapturablewindow.h
-- Installing: /build/qt6-multimedia/pkg/qt6-multimedia/usr/include/qt6/QtMultimedia/qvideoframe.h
-- Installing: /build/qt6-multimedia/pkg/qt6-multimedia/usr/include/qt6/QtMultimedia/qvideosink.h
-- Installing: /build/qt6-multimedia/pkg/qt6-multimedia/usr/include/qt6/QtMultimedia/qvideoframeformat.h
-- Installing: /build/qt6-multimedia/pkg/qt6-multimedia/usr/include/qt6/QtMultimedia/qtmultimedia-config.h
-- Installing: /build/qt6-multimedia/pkg/qt6-multimedia/usr/include/qt6/QtMultimedia/QtMultimediaDepends
-- Installing: /build/qt6-multimedia/pkg/qt6-multimedia/usr/include/qt6/QtMultimedia/6.6.1/QtMultimedia/private/qaudiodevice_p.h
-- Installing: /build/qt6-multimedia/pkg/qt6-multimedia/usr/include/qt6/QtMultimedia/6.6.1/QtMultimedia/private/qaudiohelpers_p.h
-- Installing: /build/qt6-multimedia/pkg/qt6-multimedia/usr/include/qt6/QtMultimedia/6.6.1/QtMultimedia/private/qaudiosystem_p.h
-- Installing: /build/qt6-multimedia/pkg/qt6-multimedia/usr/include/qt6/QtMultimedia/6.6.1/QtMultimedia/private/qaudiostatemachine_p.h
-- Installing: /build/qt6-multimedia/pkg/qt6-multimedia/usr/include/qt6/QtMultimedia/6.6.1/QtMultimedia/private/qaudiostatemachineutils_p.h
-- Installing: /build/qt6-multimedia/pkg/qt6-multimedia/usr/include/qt6/QtMultimedia/6.6.1/QtMultimedia/private/qsamplecache_p.h
-- Installing: /build/qt6-multimedia/pkg/qt6-multimedia/usr/include/qt6/QtMultimedia/6.6.1/QtMultimedia/private/qcamera_p.h
-- Installing: /build/qt6-multimedia/pkg/qt6-multimedia/usr/include/qt6/QtMultimedia/6.6.1/QtMultimedia/private/qcameradevice_p.h
-- Installing: /build/qt6-multimedia/pkg/qt6-multimedia/usr/include/qt6/QtMultimedia/6.6.1/QtMultimedia/private/qplatformaudiodecoder_p.h
-- Installing: /build/qt6-multimedia/pkg/qt6-multimedia/usr/include/qt6/QtMultimedia/6.6.1/QtMultimedia/private/qplatformaudioinput_p.h
-- Installing: /build/qt6-multimedia/pkg/qt6-multimedia/usr/include/qt6/QtMultimedia/6.6.1/QtMultimedia/private/qplatformaudiooutput_p.h
-- Installing: /build/qt6-multimedia/pkg/qt6-multimedia/usr/include/qt6/QtMultimedia/6.6.1/QtMultimedia/private/qplatformcamera_p.h
-- Installing: /build/qt6-multimedia/pkg/qt6-multimedia/usr/include/qt6/QtMultimedia/6.6.1/QtMultimedia/private/qplatformvideosource_p.h
-- Installing: /build/qt6-multimedia/pkg/qt6-multimedia/usr/include/qt6/QtMultimedia/6.6.1/QtMultimedia/private/qplatformsurfacecapture_p.h
-- Installing: /build/qt6-multimedia/pkg/qt6-multimedia/usr/include/qt6/QtMultimedia/6.6.1/QtMultimedia/private/qplatformimagecapture_p.h
-- Installing: /build/qt6-multimedia/pkg/qt6-multimedia/usr/include/qt6/QtMultimedia/6.6.1/QtMultimedia/private/qplatformmediacapture_p.h
-- Installing: /build/qt6-multimedia/pkg/qt6-multimedia/usr/include/qt6/QtMultimedia/6.6.1/QtMultimedia/private/qplatformmediadevices_p.h
-- Installing: /build/qt6-multimedia/pkg/qt6-multimedia/usr/include/qt6/QtMultimedia/6.6.1/QtMultimedia/private/qplatformmediarecorder_p.h
-- Installing: /build/qt6-multimedia/pkg/qt6-multimedia/usr/include/qt6/QtMultimedia/6.6.1/QtMultimedia/private/qplatformmediaformatinfo_p.h
-- Installing: /build/qt6-multimedia/pkg/qt6-multimedia/usr/include/qt6/QtMultimedia/6.6.1/QtMultimedia/private/qplatformmediaintegration_p.h
-- Installing: /build/qt6-multimedia/pkg/qt6-multimedia/usr/include/qt6/QtMultimedia/6.6.1/QtMultimedia/private/qplatformmediaplayer_p.h
-- Installing: /build/qt6-multimedia/pkg/qt6-multimedia/usr/include/qt6/QtMultimedia/6.6.1/QtMultimedia/private/qplatformmediaplugin_p.h
-- Installing: /build/qt6-multimedia/pkg/qt6-multimedia/usr/include/qt6/QtMultimedia/6.6.1/QtMultimedia/private/qplatformvideodevices_p.h
-- Installing: /build/qt6-multimedia/pkg/qt6-multimedia/usr/include/qt6/QtMultimedia/6.6.1/QtMultimedia/private/qplatformvideosink_p.h
-- Installing: /build/qt6-multimedia/pkg/qt6-multimedia/usr/include/qt6/QtMultimedia/6.6.1/QtMultimedia/private/qmediaplayer_p.h
-- Installing: /build/qt6-multimedia/pkg/qt6-multimedia/usr/include/qt6/QtMultimedia/6.6.1/QtMultimedia/private/qplatformcapturablewindows_p.h
-- Installing: /build/qt6-multimedia/pkg/qt6-multimedia/usr/include/qt6/QtMultimedia/6.6.1/QtMultimedia/private/qmediastoragelocation_p.h
-- Installing: /build/qt6-multimedia/pkg/qt6-multimedia/usr/include/qt6/QtMultimedia/6.6.1/QtMultimedia/private/qmultimediautils_p.h
-- Installing: /build/qt6-multimedia/pkg/qt6-multimedia/usr/include/qt6/QtMultimedia/6.6.1/QtMultimedia/private/qtmultimediaglobal_p.h
-- Installing: /build/qt6-multimedia/pkg/qt6-multimedia/usr/include/qt6/QtMultimedia/6.6.1/QtMultimedia/private/qerrorinfo_p.h
-- Installing: /build/qt6-multimedia/pkg/qt6-multimedia/usr/include/qt6/QtMultimedia/6.6.1/QtMultimedia/private/qmediarecorder_p.h
-- Installing: /build/qt6-multimedia/pkg/qt6-multimedia/usr/include/qt6/QtMultimedia/6.6.1/QtMultimedia/private/qcapturablewindow_p.h
-- Installing: /build/qt6-multimedia/pkg/qt6-multimedia/usr/include/qt6/QtMultimedia/6.6.1/QtMultimedia/private/qabstractvideobuffer_p.h
-- Installing: /build/qt6-multimedia/pkg/qt6-multimedia/usr/include/qt6/QtMultimedia/6.6.1/QtMultimedia/private/qmemoryvideobuffer_p.h
-- Installing: /build/qt6-multimedia/pkg/qt6-multimedia/usr/include/qt6/QtMultimedia/6.6.1/QtMultimedia/private/qvideotexturehelper_p.h
-- Installing: /build/qt6-multimedia/pkg/qt6-multimedia/usr/include/qt6/QtMultimedia/6.6.1/QtMultimedia/private/qvideoframeconversionhelper_p.h
-- Installing: /build/qt6-multimedia/pkg/qt6-multimedia/usr/include/qt6/QtMultimedia/6.6.1/QtMultimedia/private/qvideooutputorientationhandler_p.h
-- Installing: /build/qt6-multimedia/pkg/qt6-multimedia/usr/include/qt6/QtMultimedia/6.6.1/QtMultimedia/private/qvideoframeconverter_p.h
-- Installing: /build/qt6-multimedia/pkg/qt6-multimedia/usr/include/qt6/QtMultimedia/6.6.1/QtMultimedia/private/qvideowindow_p.h
-- Installing: /build/qt6-multimedia/pkg/qt6-multimedia/usr/include/qt6/QtMultimedia/6.6.1/QtMultimedia/private/qtmultimedia-config_p.h
-- Installing: /build/qt6-multimedia/pkg/qt6-multimedia/usr/include/qt6/QtMultimedia/6.6.1/QtMultimedia/private/qpulseaudiodevice_p.h
-- Installing: /build/qt6-multimedia/pkg/qt6-multimedia/usr/include/qt6/QtMultimedia/6.6.1/QtMultimedia/private/qaudioengine_pulse_p.h
-- Installing: /build/qt6-multimedia/pkg/qt6-multimedia/usr/include/qt6/QtMultimedia/6.6.1/QtMultimedia/private/qpulseaudiosource_p.h
-- Installing: /build/qt6-multimedia/pkg/qt6-multimedia/usr/include/qt6/QtMultimedia/6.6.1/QtMultimedia/private/qpulseaudiosink_p.h
-- Installing: /build/qt6-multimedia/pkg/qt6-multimedia/usr/include/qt6/QtMultimedia/6.6.1/QtMultimedia/private/qpulsehelpers_p.h
-- Installing: /build/qt6-multimedia/pkg/qt6-multimedia/usr/include/qt6/QtMultimedia/6.6.1/QtMultimedia/private/qpulseaudiomediadevices_p.h
-- Installing: /build/qt6-multimedia/pkg/qt6-multimedia/usr/lib/qt6/mkspecs/modules/qt_lib_multimedia.pri
-- Installing: /build/qt6-multimedia/pkg/qt6-multimedia/usr/lib/qt6/mkspecs/modules/qt_lib_multimedia_private.pri
-- Installing: /build/qt6-multimedia/pkg/qt6-multimedia/usr/lib/pkgconfig/Qt6Multimedia.pc
-- Installing: /build/qt6-multimedia/pkg/qt6-multimedia/usr/lib/qt6/metatypes/qt6spatialaudio_relwithdebinfo_metatypes.json
-- Installing: /build/qt6-multimedia/pkg/qt6-multimedia/usr/lib/cmake/Qt6SpatialAudio/Qt6SpatialAudioConfig.cmake
-- Installing: /build/qt6-multimedia/pkg/qt6-multimedia/usr/lib/cmake/Qt6SpatialAudio/Qt6SpatialAudioConfigVersion.cmake
-- Installing: /build/qt6-multimedia/pkg/qt6-multimedia/usr/lib/cmake/Qt6SpatialAudio/Qt6SpatialAudioConfigVersionImpl.cmake
-- Installing: /build/qt6-multimedia/pkg/qt6-multimedia/usr/lib/libQt6SpatialAudio.so.6.6.1
-- Installing: /build/qt6-multimedia/pkg/qt6-multimedia/usr/lib/libQt6SpatialAudio.so.6
-- Set non-toolchain portion of runtime path of "/build/qt6-multimedia/pkg/qt6-multimedia/usr/lib/libQt6SpatialAudio.so.6.6.1" to "$ORIGIN"
-- Installing: /build/qt6-multimedia/pkg/qt6-multimedia/usr/lib/libQt6SpatialAudio.so
-- Installing: /build/qt6-multimedia/pkg/qt6-multimedia/usr/lib/cmake/Qt6SpatialAudio/Qt6SpatialAudioTargets.cmake
-- Installing: /build/qt6-multimedia/pkg/qt6-multimedia/usr/lib/cmake/Qt6SpatialAudio/Qt6SpatialAudioTargets-relwithdebinfo.cmake
-- Installing: /build/qt6-multimedia/pkg/qt6-multimedia/usr/lib/cmake/Qt6SpatialAudio/Qt6SpatialAudioVersionlessTargets.cmake
-- Installing: /build/qt6-multimedia/pkg/qt6-multimedia/usr/lib/qt6/modules/SpatialAudio.json
-- Installing: /build/qt6-multimedia/pkg/qt6-multimedia/usr/lib/cmake/Qt6SpatialAudio/Qt6SpatialAudioAdditionalTargetInfo.cmake
-- Installing: /build/qt6-multimedia/pkg/qt6-multimedia/usr/include/qt6/QtSpatialAudio
-- Installing: /build/qt6-multimedia/pkg/qt6-multimedia/usr/include/qt6/QtSpatialAudio/QAmbientSound
-- Installing: /build/qt6-multimedia/pkg/qt6-multimedia/usr/include/qt6/QtSpatialAudio/QAudioEngine
-- Installing: /build/qt6-multimedia/pkg/qt6-multimedia/usr/include/qt6/QtSpatialAudio/QAudioListener
-- Installing: /build/qt6-multimedia/pkg/qt6-multimedia/usr/include/qt6/QtSpatialAudio/QAudioRoom
-- Installing: /build/qt6-multimedia/pkg/qt6-multimedia/usr/include/qt6/QtSpatialAudio/QSpatialSound
-- Installing: /build/qt6-multimedia/pkg/qt6-multimedia/usr/include/qt6/QtSpatialAudio/QtSpatialAudio
-- Installing: /build/qt6-multimedia/pkg/qt6-multimedia/usr/include/qt6/QtSpatialAudio/QtSpatialAudioVersion
-- Installing: /build/qt6-multimedia/pkg/qt6-multimedia/usr/include/qt6/QtSpatialAudio/qtspatialaudioversion.h
-- Installing: /build/qt6-multimedia/pkg/qt6-multimedia/usr/include/qt6/QtSpatialAudio/qtspatialaudioexports.h
-- Installing: /build/qt6-multimedia/pkg/qt6-multimedia/usr/include/qt6/QtSpatialAudio/qaudioengine.h
-- Installing: /build/qt6-multimedia/pkg/qt6-multimedia/usr/include/qt6/QtSpatialAudio/qaudiolistener.h
-- Installing: /build/qt6-multimedia/pkg/qt6-multimedia/usr/include/qt6/QtSpatialAudio/qaudioroom.h
-- Installing: /build/qt6-multimedia/pkg/qt6-multimedia/usr/include/qt6/QtSpatialAudio/qspatialsound.h
-- Up-to-date: /build/qt6-multimedia/pkg/qt6-multimedia/usr/include/qt6/QtSpatialAudio/qspatialsound.h
-- Installing: /build/qt6-multimedia/pkg/qt6-multimedia/usr/include/qt6/QtSpatialAudio/qambientsound.h
-- Installing: /build/qt6-multimedia/pkg/qt6-multimedia/usr/include/qt6/QtSpatialAudio/qtspatialaudioglobal.h
-- Installing: /build/qt6-multimedia/pkg/qt6-multimedia/usr/include/qt6/QtSpatialAudio/QtSpatialAudioDepends
-- Installing: /build/qt6-multimedia/pkg/qt6-multimedia/usr/include/qt6/QtSpatialAudio/6.6.1/QtSpatialAudio/private/qambisonicdecoder_p.h
-- Installing: /build/qt6-multimedia/pkg/qt6-multimedia/usr/include/qt6/QtSpatialAudio/6.6.1/QtSpatialAudio/private/qambisonicdecoderdata_p.h
-- Installing: /build/qt6-multimedia/pkg/qt6-multimedia/usr/include/qt6/QtSpatialAudio/6.6.1/QtSpatialAudio/private/qaudioengine_p.h
-- Installing: /build/qt6-multimedia/pkg/qt6-multimedia/usr/include/qt6/QtSpatialAudio/6.6.1/QtSpatialAudio/private/qaudioroom_p.h
-- Installing: /build/qt6-multimedia/pkg/qt6-multimedia/usr/include/qt6/QtSpatialAudio/6.6.1/QtSpatialAudio/private/qtspatialaudioglobal_p.h
-- Installing: /build/qt6-multimedia/pkg/qt6-multimedia/usr/lib/qt6/mkspecs/modules/qt_lib_spatialaudio.pri
-- Installing: /build/qt6-multimedia/pkg/qt6-multimedia/usr/lib/qt6/mkspecs/modules/qt_lib_spatialaudio_private.pri
-- Installing: /build/qt6-multimedia/pkg/qt6-multimedia/usr/lib/pkgconfig/Qt6SpatialAudio.pc
-- Installing: /build/qt6-multimedia/pkg/qt6-multimedia/usr/lib/qt6/metatypes/qt6multimediaquickprivate_relwithdebinfo_metatypes.json
-- Installing: /build/qt6-multimedia/pkg/qt6-multimedia/usr/lib/cmake/Qt6MultimediaQuickPrivate/Qt6MultimediaQuickPrivateConfig.cmake
-- Installing: /build/qt6-multimedia/pkg/qt6-multimedia/usr/lib/cmake/Qt6MultimediaQuickPrivate/Qt6MultimediaQuickPrivateConfigVersion.cmake
-- Installing: /build/qt6-multimedia/pkg/qt6-multimedia/usr/lib/cmake/Qt6MultimediaQuickPrivate/Qt6MultimediaQuickPrivateConfigVersionImpl.cmake
-- Installing: /build/qt6-multimedia/pkg/qt6-multimedia/usr/lib/libQt6MultimediaQuick.so.6.6.1
-- Installing: /build/qt6-multimedia/pkg/qt6-multimedia/usr/lib/libQt6MultimediaQuick.so.6
-- Set non-toolchain portion of runtime path of "/build/qt6-multimedia/pkg/qt6-multimedia/usr/lib/libQt6MultimediaQuick.so.6.6.1" to "$ORIGIN"
-- Installing: /build/qt6-multimedia/pkg/qt6-multimedia/usr/lib/libQt6MultimediaQuick.so
-- Installing: /build/qt6-multimedia/pkg/qt6-multimedia/usr/lib/cmake/Qt6MultimediaQuickPrivate/Qt6MultimediaQuickPrivateTargets.cmake
-- Installing: /build/qt6-multimedia/pkg/qt6-multimedia/usr/lib/cmake/Qt6MultimediaQuickPrivate/Qt6MultimediaQuickPrivateTargets-relwithdebinfo.cmake
-- Installing: /build/qt6-multimedia/pkg/qt6-multimedia/usr/lib/cmake/Qt6MultimediaQuickPrivate/Qt6MultimediaQuickPrivateVersionlessTargets.cmake
-- Installing: /build/qt6-multimedia/pkg/qt6-multimedia/usr/lib/qt6/modules/MultimediaQuickPrivate.json
-- Installing: /build/qt6-multimedia/pkg/qt6-multimedia/usr/lib/cmake/Qt6Qml/QmlPlugins/Qt6quickmultimediaConfig.cmake
-- Installing: /build/qt6-multimedia/pkg/qt6-multimedia/usr/lib/cmake/Qt6Qml/QmlPlugins/Qt6quickmultimediaConfigVersion.cmake
-- Installing: /build/qt6-multimedia/pkg/qt6-multimedia/usr/lib/cmake/Qt6Qml/QmlPlugins/Qt6quickmultimediaConfigVersionImpl.cmake
-- Installing: /build/qt6-multimedia/pkg/qt6-multimedia/usr/lib/qt6/qml/QtMultimedia/libquickmultimediaplugin.so
-- Set non-toolchain portion of runtime path of "/build/qt6-multimedia/pkg/qt6-multimedia/usr/lib/qt6/qml/QtMultimedia/libquickmultimediaplugin.so" to "$ORIGIN/../../../"
-- Installing: /build/qt6-multimedia/pkg/qt6-multimedia/usr/lib/cmake/Qt6Qml/QmlPlugins/Qt6quickmultimediaTargets.cmake
-- Installing: /build/qt6-multimedia/pkg/qt6-multimedia/usr/lib/cmake/Qt6Qml/QmlPlugins/Qt6quickmultimediaTargets-relwithdebinfo.cmake
-- Installing: /build/qt6-multimedia/pkg/qt6-multimedia/usr/lib/qt6/qml/QtMultimedia/Video.qml
-- Installing: /build/qt6-multimedia/pkg/qt6-multimedia/usr/lib/qt6/qml/QtMultimedia/plugins.qmltypes
-- Installing: /build/qt6-multimedia/pkg/qt6-multimedia/usr/lib/qt6/qml/QtMultimedia/qmldir
-- Installing: /build/qt6-multimedia/pkg/qt6-multimedia/usr/lib/cmake/Qt6MultimediaQuickPrivate/Qt6MultimediaQuickPrivateAdditionalTargetInfo.cmake
-- Installing: /build/qt6-multimedia/pkg/qt6-multimedia/usr/lib/cmake/Qt6Qml/QmlPlugins/Qt6quickmultimediaAdditionalTargetInfo.cmake
-- Installing: /build/qt6-multimedia/pkg/qt6-multimedia/usr/include/qt6/QtMultimediaQuick
-- Installing: /build/qt6-multimedia/pkg/qt6-multimedia/usr/include/qt6/QtMultimediaQuick/QtMultimediaQuick
-- Installing: /build/qt6-multimedia/pkg/qt6-multimedia/usr/include/qt6/QtMultimediaQuick/QtMultimediaQuickVersion
-- Installing: /build/qt6-multimedia/pkg/qt6-multimedia/usr/include/qt6/QtMultimediaQuick/qtmultimediaquickversion.h
-- Installing: /build/qt6-multimedia/pkg/qt6-multimedia/usr/include/qt6/QtMultimediaQuick/qtmultimediaquickexports.h
-- Installing: /build/qt6-multimedia/pkg/qt6-multimedia/usr/include/qt6/QtMultimediaQuick/QtMultimediaQuickDepends
-- Installing: /build/qt6-multimedia/pkg/qt6-multimedia/usr/include/qt6/QtMultimediaQuick/6.6.1/QtMultimediaQuick/private/qquickimagecapture_p.h
-- Installing: /build/qt6-multimedia/pkg/qt6-multimedia/usr/include/qt6/QtMultimediaQuick/6.6.1/QtMultimediaQuick/private/qquickimagepreviewprovider_p.h
-- Installing: /build/qt6-multimedia/pkg/qt6-multimedia/usr/include/qt6/QtMultimediaQuick/6.6.1/QtMultimediaQuick/private/qquickmediaplayer_p.h
-- Installing: /build/qt6-multimedia/pkg/qt6-multimedia/usr/include/qt6/QtMultimediaQuick/6.6.1/QtMultimediaQuick/private/qquickscreencapture_p.h
-- Installing: /build/qt6-multimedia/pkg/qt6-multimedia/usr/include/qt6/QtMultimediaQuick/6.6.1/QtMultimediaQuick/private/qquicksoundeffect_p.h
-- Installing: /build/qt6-multimedia/pkg/qt6-multimedia/usr/include/qt6/QtMultimediaQuick/6.6.1/QtMultimediaQuick/private/qquickvideooutput_p.h
-- Installing: /build/qt6-multimedia/pkg/qt6-multimedia/usr/include/qt6/QtMultimediaQuick/6.6.1/QtMultimediaQuick/private/qsgvideonode_p.h
-- Installing: /build/qt6-multimedia/pkg/qt6-multimedia/usr/include/qt6/QtMultimediaQuick/6.6.1/QtMultimediaQuick/private/qsgvideotexture_p.h
-- Installing: /build/qt6-multimedia/pkg/qt6-multimedia/usr/include/qt6/QtMultimediaQuick/6.6.1/QtMultimediaQuick/private/qtmultimediaquickglobal_p.h
-- Installing: /build/qt6-multimedia/pkg/qt6-multimedia/usr/include/qt6/QtMultimediaQuick/6.6.1/QtMultimediaQuick/private/qtmultimediaquicktypes_p.h
-- Installing: /build/qt6-multimedia/pkg/qt6-multimedia/usr/lib/qt6/mkspecs/modules/qt_lib_multimediaquick_private.pri
-- Installing: /build/qt6-multimedia/pkg/qt6-multimedia/usr/lib/qt6/metatypes/qt6quick3dspatialaudioprivate_relwithdebinfo_metatypes.json
-- Installing: /build/qt6-multimedia/pkg/qt6-multimedia/usr/lib/cmake/Qt6Quick3DSpatialAudioPrivate/Qt6Quick3DSpatialAudioPrivateConfig.cmake
-- Installing: /build/qt6-multimedia/pkg/qt6-multimedia/usr/lib/cmake/Qt6Quick3DSpatialAudioPrivate/Qt6Quick3DSpatialAudioPrivateConfigVersion.cmake
-- Installing: /build/qt6-multimedia/pkg/qt6-multimedia/usr/lib/cmake/Qt6Quick3DSpatialAudioPrivate/Qt6Quick3DSpatialAudioPrivateConfigVersionImpl.cmake
-- Installing: /build/qt6-multimedia/pkg/qt6-multimedia/usr/lib/libQt6Quick3DSpatialAudio.so.6.6.1
-- Installing: /build/qt6-multimedia/pkg/qt6-multimedia/usr/lib/libQt6Quick3DSpatialAudio.so.6
-- Set non-toolchain portion of runtime path of "/build/qt6-multimedia/pkg/qt6-multimedia/usr/lib/libQt6Quick3DSpatialAudio.so.6.6.1" to "$ORIGIN"
-- Installing: /build/qt6-multimedia/pkg/qt6-multimedia/usr/lib/libQt6Quick3DSpatialAudio.so
-- Installing: /build/qt6-multimedia/pkg/qt6-multimedia/usr/lib/cmake/Qt6Quick3DSpatialAudioPrivate/Qt6Quick3DSpatialAudioPrivateTargets.cmake
-- Installing: /build/qt6-multimedia/pkg/qt6-multimedia/usr/lib/cmake/Qt6Quick3DSpatialAudioPrivate/Qt6Quick3DSpatialAudioPrivateTargets-relwithdebinfo.cmake
-- Installing: /build/qt6-multimedia/pkg/qt6-multimedia/usr/lib/cmake/Qt6Quick3DSpatialAudioPrivate/Qt6Quick3DSpatialAudioPrivateVersionlessTargets.cmake
-- Installing: /build/qt6-multimedia/pkg/qt6-multimedia/usr/lib/qt6/modules/Quick3DSpatialAudioPrivate.json
-- Installing: /build/qt6-multimedia/pkg/qt6-multimedia/usr/lib/cmake/Qt6Qml/QmlPlugins/Qt6quick3dspatialaudioConfig.cmake
-- Installing: /build/qt6-multimedia/pkg/qt6-multimedia/usr/lib/cmake/Qt6Qml/QmlPlugins/Qt6quick3dspatialaudioConfigVersion.cmake
-- Installing: /build/qt6-multimedia/pkg/qt6-multimedia/usr/lib/cmake/Qt6Qml/QmlPlugins/Qt6quick3dspatialaudioConfigVersionImpl.cmake
-- Installing: /build/qt6-multimedia/pkg/qt6-multimedia/usr/lib/qt6/qml/QtQuick3D/SpatialAudio/libquick3dspatialaudioplugin.so
-- Set non-toolchain portion of runtime path of "/build/qt6-multimedia/pkg/qt6-multimedia/usr/lib/qt6/qml/QtQuick3D/SpatialAudio/libquick3dspatialaudioplugin.so" to "$ORIGIN/../../../../"
-- Installing: /build/qt6-multimedia/pkg/qt6-multimedia/usr/lib/cmake/Qt6Qml/QmlPlugins/Qt6quick3dspatialaudioTargets.cmake
-- Installing: /build/qt6-multimedia/pkg/qt6-multimedia/usr/lib/cmake/Qt6Qml/QmlPlugins/Qt6quick3dspatialaudioTargets-relwithdebinfo.cmake
-- Installing: /build/qt6-multimedia/pkg/qt6-multimedia/usr/lib/qt6/qml/QtQuick3D/SpatialAudio/plugins.qmltypes
-- Installing: /build/qt6-multimedia/pkg/qt6-multimedia/usr/lib/qt6/qml/QtQuick3D/SpatialAudio/qmldir
-- Installing: /build/qt6-multimedia/pkg/qt6-multimedia/usr/lib/cmake/Qt6Quick3DSpatialAudioPrivate/Qt6Quick3DSpatialAudioPrivateAdditionalTargetInfo.cmake
-- Installing: /build/qt6-multimedia/pkg/qt6-multimedia/usr/lib/cmake/Qt6Qml/QmlPlugins/Qt6quick3dspatialaudioAdditionalTargetInfo.cmake
-- Installing: /build/qt6-multimedia/pkg/qt6-multimedia/usr/include/qt6/QtQuick3DSpatialAudio
-- Installing: /build/qt6-multimedia/pkg/qt6-multimedia/usr/include/qt6/QtQuick3DSpatialAudio/QtQuick3DSpatialAudio
-- Installing: /build/qt6-multimedia/pkg/qt6-multimedia/usr/include/qt6/QtQuick3DSpatialAudio/QtQuick3DSpatialAudioVersion
-- Installing: /build/qt6-multimedia/pkg/qt6-multimedia/usr/include/qt6/QtQuick3DSpatialAudio/qtquick3dspatialaudioversion.h
-- Installing: /build/qt6-multimedia/pkg/qt6-multimedia/usr/include/qt6/QtQuick3DSpatialAudio/qtquick3dspatialaudioexports.h
-- Installing: /build/qt6-multimedia/pkg/qt6-multimedia/usr/include/qt6/QtQuick3DSpatialAudio/QtQuick3DSpatialAudioDepends
-- Installing: /build/qt6-multimedia/pkg/qt6-multimedia/usr/include/qt6/QtQuick3DSpatialAudio/6.6.1/QtQuick3DSpatialAudio/private/qquick3daudiolistener_p.h
-- Installing: /build/qt6-multimedia/pkg/qt6-multimedia/usr/include/qt6/QtQuick3DSpatialAudio/6.6.1/QtQuick3DSpatialAudio/private/qquick3daudioroom_p.h
-- Installing: /build/qt6-multimedia/pkg/qt6-multimedia/usr/include/qt6/QtQuick3DSpatialAudio/6.6.1/QtQuick3DSpatialAudio/private/qquick3dspatialsound_p.h
-- Installing: /build/qt6-multimedia/pkg/qt6-multimedia/usr/include/qt6/QtQuick3DSpatialAudio/6.6.1/QtQuick3DSpatialAudio/private/qquick3dambientsound_p.h
-- Installing: /build/qt6-multimedia/pkg/qt6-multimedia/usr/include/qt6/QtQuick3DSpatialAudio/6.6.1/QtQuick3DSpatialAudio/private/qquick3daudioengine_p.h
-- Installing: /build/qt6-multimedia/pkg/qt6-multimedia/usr/include/qt6/QtQuick3DSpatialAudio/6.6.1/QtQuick3DSpatialAudio/private/qtquick3daudioglobal_p.h
-- Installing: /build/qt6-multimedia/pkg/qt6-multimedia/usr/include/qt6/QtQuick3DSpatialAudio/6.6.1/QtQuick3DSpatialAudio/private/qtquick3daudiotypes_p.h
-- Installing: /build/qt6-multimedia/pkg/qt6-multimedia/usr/lib/qt6/mkspecs/modules/qt_lib_quick3dspatialaudio_private.pri
-- Installing: /build/qt6-multimedia/pkg/qt6-multimedia/usr/lib/qt6/metatypes/qt6multimediawidgets_relwithdebinfo_metatypes.json
-- Installing: /build/qt6-multimedia/pkg/qt6-multimedia/usr/lib/cmake/Qt6MultimediaWidgets/Qt6MultimediaWidgetsConfig.cmake
-- Installing: /build/qt6-multimedia/pkg/qt6-multimedia/usr/lib/cmake/Qt6MultimediaWidgets/Qt6MultimediaWidgetsConfigVersion.cmake
-- Installing: /build/qt6-multimedia/pkg/qt6-multimedia/usr/lib/cmake/Qt6MultimediaWidgets/Qt6MultimediaWidgetsConfigVersionImpl.cmake
-- Installing: /build/qt6-multimedia/pkg/qt6-multimedia/usr/lib/libQt6MultimediaWidgets.so.6.6.1
-- Installing: /build/qt6-multimedia/pkg/qt6-multimedia/usr/lib/libQt6MultimediaWidgets.so.6
-- Set non-toolchain portion of runtime path of "/build/qt6-multimedia/pkg/qt6-multimedia/usr/lib/libQt6MultimediaWidgets.so.6.6.1" to "$ORIGIN"
-- Installing: /build/qt6-multimedia/pkg/qt6-multimedia/usr/lib/libQt6MultimediaWidgets.so
-- Installing: /build/qt6-multimedia/pkg/qt6-multimedia/usr/lib/cmake/Qt6MultimediaWidgets/Qt6MultimediaWidgetsTargets.cmake
-- Installing: /build/qt6-multimedia/pkg/qt6-multimedia/usr/lib/cmake/Qt6MultimediaWidgets/Qt6MultimediaWidgetsTargets-relwithdebinfo.cmake
-- Installing: /build/qt6-multimedia/pkg/qt6-multimedia/usr/lib/cmake/Qt6MultimediaWidgets/Qt6MultimediaWidgetsVersionlessTargets.cmake
-- Installing: /build/qt6-multimedia/pkg/qt6-multimedia/usr/lib/qt6/modules/MultimediaWidgets.json
-- Installing: /build/qt6-multimedia/pkg/qt6-multimedia/usr/lib/cmake/Qt6MultimediaWidgets/Qt6MultimediaWidgetsAdditionalTargetInfo.cmake
-- Installing: /build/qt6-multimedia/pkg/qt6-multimedia/usr/include/qt6/QtMultimediaWidgets
-- Installing: /build/qt6-multimedia/pkg/qt6-multimedia/usr/include/qt6/QtMultimediaWidgets/QGraphicsVideoItem
-- Installing: /build/qt6-multimedia/pkg/qt6-multimedia/usr/include/qt6/QtMultimediaWidgets/QVideoWidget
-- Installing: /build/qt6-multimedia/pkg/qt6-multimedia/usr/include/qt6/QtMultimediaWidgets/QtMultimediaWidgets
-- Installing: /build/qt6-multimedia/pkg/qt6-multimedia/usr/include/qt6/QtMultimediaWidgets/QtMultimediaWidgetsVersion
-- Installing: /build/qt6-multimedia/pkg/qt6-multimedia/usr/include/qt6/QtMultimediaWidgets/qtmultimediawidgetdefs.h
-- Installing: /build/qt6-multimedia/pkg/qt6-multimedia/usr/include/qt6/QtMultimediaWidgets/qtmultimediawidgetsversion.h
-- Installing: /build/qt6-multimedia/pkg/qt6-multimedia/usr/include/qt6/QtMultimediaWidgets/qtmultimediawidgetsexports.h
-- Installing: /build/qt6-multimedia/pkg/qt6-multimedia/usr/include/qt6/QtMultimediaWidgets/qtmultimediawidgetsglobal.h
-- Installing: /build/qt6-multimedia/pkg/qt6-multimedia/usr/include/qt6/QtMultimediaWidgets/qvideowidget.h
-- Installing: /build/qt6-multimedia/pkg/qt6-multimedia/usr/include/qt6/QtMultimediaWidgets/qgraphicsvideoitem.h
-- Installing: /build/qt6-multimedia/pkg/qt6-multimedia/usr/include/qt6/QtMultimediaWidgets/QtMultimediaWidgetsDepends
-- Installing: /build/qt6-multimedia/pkg/qt6-multimedia/usr/include/qt6/QtMultimediaWidgets/6.6.1/QtMultimediaWidgets/private/qvideowidget_p.h
-- Installing: /build/qt6-multimedia/pkg/qt6-multimedia/usr/lib/qt6/mkspecs/modules/qt_lib_multimediawidgets.pri
-- Installing: /build/qt6-multimedia/pkg/qt6-multimedia/usr/lib/qt6/mkspecs/modules/qt_lib_multimediawidgets_private.pri
-- Installing: /build/qt6-multimedia/pkg/qt6-multimedia/usr/lib/pkgconfig/Qt6MultimediaWidgets.pc
-- Installing: /build/qt6-multimedia/pkg/qt6-multimedia/usr/lib/cmake/Qt6Multimedia/Qt6QFFmpegMediaPluginConfig.cmake
-- Installing: /build/qt6-multimedia/pkg/qt6-multimedia/usr/lib/cmake/Qt6Multimedia/Qt6QFFmpegMediaPluginConfigVersion.cmake
-- Installing: /build/qt6-multimedia/pkg/qt6-multimedia/usr/lib/cmake/Qt6Multimedia/Qt6QFFmpegMediaPluginConfigVersionImpl.cmake
-- Installing: /build/qt6-multimedia/pkg/qt6-multimedia/usr/lib/qt6/plugins/multimedia/libffmpegmediaplugin.so
-- Set non-toolchain portion of runtime path of "/build/qt6-multimedia/pkg/qt6-multimedia/usr/lib/qt6/plugins/multimedia/libffmpegmediaplugin.so" to "$ORIGIN/../../../"
-- Installing: /build/qt6-multimedia/pkg/qt6-multimedia/usr/lib/cmake/Qt6Multimedia/Qt6QFFmpegMediaPluginTargets.cmake
-- Installing: /build/qt6-multimedia/pkg/qt6-multimedia/usr/lib/cmake/Qt6Multimedia/Qt6QFFmpegMediaPluginTargets-relwithdebinfo.cmake
-- Installing: /build/qt6-multimedia/pkg/qt6-multimedia/usr/lib/cmake/Qt6Multimedia/Qt6QFFmpegMediaPluginAdditionalTargetInfo.cmake
-- Installing: /build/qt6-multimedia/pkg/qt6-multimedia/usr/lib/cmake/Qt6Multimedia/Qt6QGstreamerMediaPluginConfig.cmake
-- Installing: /build/qt6-multimedia/pkg/qt6-multimedia/usr/lib/cmake/Qt6Multimedia/Qt6QGstreamerMediaPluginConfigVersion.cmake
-- Installing: /build/qt6-multimedia/pkg/qt6-multimedia/usr/lib/cmake/Qt6Multimedia/Qt6QGstreamerMediaPluginConfigVersionImpl.cmake
-- Installing: /build/qt6-multimedia/pkg/qt6-multimedia/usr/lib/qt6/plugins/multimedia/libgstreamermediaplugin.so
-- Set non-toolchain portion of runtime path of "/build/qt6-multimedia/pkg/qt6-multimedia/usr/lib/qt6/plugins/multimedia/libgstreamermediaplugin.so" to "$ORIGIN/../../../"
-- Installing: /build/qt6-multimedia/pkg/qt6-multimedia/usr/lib/cmake/Qt6Multimedia/Qt6QGstreamerMediaPluginTargets.cmake
-- Installing: /build/qt6-multimedia/pkg/qt6-multimedia/usr/lib/cmake/Qt6Multimedia/Qt6QGstreamerMediaPluginTargets-relwithdebinfo.cmake
-- Installing: /build/qt6-multimedia/pkg/qt6-multimedia/usr/lib/cmake/Qt6Multimedia/Qt6QGstreamerMediaPluginAdditionalTargetInfo.cmake
-- Installing: /build/qt6-multimedia/pkg/qt6-multimedia/usr/lib/cmake/Qt6Multimedia/Qt6MultimediaDependencies.cmake
-- Installing: /build/qt6-multimedia/pkg/qt6-multimedia/usr/lib/cmake/Qt6SpatialAudio/Qt6SpatialAudioDependencies.cmake
-- Installing: /build/qt6-multimedia/pkg/qt6-multimedia/usr/lib/cmake/Qt6MultimediaQuickPrivate/Qt6MultimediaQuickPrivateDependencies.cmake
-- Installing: /build/qt6-multimedia/pkg/qt6-multimedia/usr/lib/cmake/Qt6Quick3DSpatialAudioPrivate/Qt6Quick3DSpatialAudioPrivateDependencies.cmake
-- Installing: /build/qt6-multimedia/pkg/qt6-multimedia/usr/lib/cmake/Qt6MultimediaWidgets/Qt6MultimediaWidgetsDependencies.cmake
-- Installing: /build/qt6-multimedia/pkg/qt6-multimedia/usr/lib/cmake/Qt6Multimedia/Qt6MultimediaPlugins.cmake
-- Installing: /build/qt6-multimedia/pkg/qt6-multimedia/usr/lib/cmake/Qt6BuildInternals/StandaloneTests/QtMultimediaTestsConfig.cmake
-- Up-to-date: /build/qt6-multimedia/pkg/qt6-multimedia/usr/lib
-- Up-to-date: /build/qt6-multimedia/pkg/qt6-multimedia/usr/lib/qt6
-- Up-to-date: /build/qt6-multimedia/pkg/qt6-multimedia/usr/lib/qt6/modules
-- Up-to-date: /build/qt6-multimedia/pkg/qt6-multimedia/usr/lib/qt6/qml
-- Up-to-date: /build/qt6-multimedia/pkg/qt6-multimedia/usr/lib/qt6/qml/QtMultimedia
-- Up-to-date: /build/qt6-multimedia/pkg/qt6-multimedia/usr/lib/qt6/qml/QtQuick3D
-- Up-to-date: /build/qt6-multimedia/pkg/qt6-multimedia/usr/lib/qt6/qml/QtQuick3D/SpatialAudio
-- Up-to-date: /build/qt6-multimedia/pkg/qt6-multimedia/usr/lib/qt6/mkspecs
-- Up-to-date: /build/qt6-multimedia/pkg/qt6-multimedia/usr/lib/qt6/mkspecs/modules
-- Up-to-date: /build/qt6-multimedia/pkg/qt6-multimedia/usr/lib/qt6/plugins
-- Up-to-date: /build/qt6-multimedia/pkg/qt6-multimedia/usr/lib/qt6/plugins/multimedia
-- Up-to-date: /build/qt6-multimedia/pkg/qt6-multimedia/usr/lib/cmake
-- Up-to-date: /build/qt6-multimedia/pkg/qt6-multimedia/usr/lib/cmake/Qt6BundledResonanceAudio
-- Up-to-date: /build/qt6-multimedia/pkg/qt6-multimedia/usr/lib/cmake/Qt6
-- Up-to-date: /build/qt6-multimedia/pkg/qt6-multimedia/usr/lib/cmake/Qt6Multimedia
-- Up-to-date: /build/qt6-multimedia/pkg/qt6-multimedia/usr/lib/cmake/Qt6SpatialAudio
-- Up-to-date: /build/qt6-multimedia/pkg/qt6-multimedia/usr/lib/cmake/Qt6MultimediaQuickPrivate
-- Up-to-date: /build/qt6-multimedia/pkg/qt6-multimedia/usr/lib/cmake/Qt6Qml
-- Up-to-date: /build/qt6-multimedia/pkg/qt6-multimedia/usr/lib/cmake/Qt6Qml/QmlPlugins
-- Up-to-date: /build/qt6-multimedia/pkg/qt6-multimedia/usr/lib/cmake/Qt6Quick3DSpatialAudioPrivate
-- Up-to-date: /build/qt6-multimedia/pkg/qt6-multimedia/usr/lib/cmake/Qt6MultimediaWidgets
-- Up-to-date: /build/qt6-multimedia/pkg/qt6-multimedia/usr/lib/cmake/Qt6BuildInternals
-- Up-to-date: /build/qt6-multimedia/pkg/qt6-multimedia/usr/lib/cmake/Qt6BuildInternals/StandaloneTests
-- Up-to-date: /build/qt6-multimedia/pkg/qt6-multimedia/usr/lib/pkgconfig
-- Installing: /build/qt6-multimedia/pkg/qt6-multimedia/usr/lib/libQt6Multimedia.prl
-- Installing: /build/qt6-multimedia/pkg/qt6-multimedia/usr/lib/libQt6MultimediaQuick.prl
-- Installing: /build/qt6-multimedia/pkg/qt6-multimedia/usr/lib/libQt6MultimediaWidgets.prl
-- Installing: /build/qt6-multimedia/pkg/qt6-multimedia/usr/lib/libQt6SpatialAudio.prl
-- Installing: /build/qt6-multimedia/pkg/qt6-multimedia/usr/lib/libQt6Quick3DSpatialAudio.prl
-- Up-to-date: /build/qt6-multimedia/pkg/qt6-multimedia/usr/lib/cmake/Qt6
-- Installing: /build/qt6-multimedia/pkg/qt6-multimedia/usr/lib/cmake/Qt6/FindAVFoundation.cmake
-- Installing: /build/qt6-multimedia/pkg/qt6-multimedia/usr/lib/cmake/Qt6/FindFFmpeg.cmake
-- Installing: /build/qt6-multimedia/pkg/qt6-multimedia/usr/lib/cmake/Qt6/FindGObject.cmake
-- Installing: /build/qt6-multimedia/pkg/qt6-multimedia/usr/lib/cmake/Qt6/FindGStreamer.cmake
-- Installing: /build/qt6-multimedia/pkg/qt6-multimedia/usr/lib/cmake/Qt6/FindMMRenderer.cmake
-- Installing: /build/qt6-multimedia/pkg/qt6-multimedia/usr/lib/cmake/Qt6/FindMMRendererCore.cmake
-- Installing: /build/qt6-multimedia/pkg/qt6-multimedia/usr/lib/cmake/Qt6/FindVAAPI.cmake
-- Installing: /build/qt6-multimedia/pkg/qt6-multimedia/usr/lib/cmake/Qt6/FindWMF.cmake
-- Installing: /build/qt6-multimedia/pkg/qt6-multimedia/usr/lib/cmake/Qt6/FindWrapPulseAudio.cmake
