-- The CXX compiler identification is GNU 13.2.1
-- The C compiler identification is GNU 13.2.1
-- Detecting CXX compiler ABI info
-- Detecting CXX compiler ABI info - done
-- Check for working CXX compiler: /usr/lib/ccache/bin/riscv64-unknown-linux-gnu-g++ - skipped
-- Detecting CXX compile features
-- Detecting CXX compile features - done
-- Detecting C compiler ABI info
-- Detecting C compiler ABI info - done
-- Check for working C compiler: /usr/lib/ccache/bin/riscv64-unknown-linux-gnu-gcc - skipped
-- Detecting C compile features
-- Detecting C compile features - done
-- Performing Test CMAKE_HAVE_LIBC_PTHREAD
-- Performing Test CMAKE_HAVE_LIBC_PTHREAD - Success
-- Found Threads: TRUE  
-- Performing Test HAVE_STDATOMIC
-- Performing Test HAVE_STDATOMIC - Success
-- Found WrapAtomic: TRUE  
-- Found OpenGL: /usr/lib/libOpenGL.so   
-- CMAKE_BUILD_TYPE was set to: 'RelWithDebInfo'
-- Checking for feature set changes
-- CMAKE_STRIP (original): /usr/bin/riscv64-unknown-linux-gnu-strip
-- Performing Test strip --keep-section
-- Performing Test strip --keep-section - TRUE
-- CMAKE_STRIP (used by Qt): /build/qt6-multimedia/src/build/lib/qt6/qt-internal-strip
-- Found ALSA: /usr/lib/libasound.so (found version "1.2.10") 
-- Could NOT find AVFoundation (missing: AVFoundation_LIBRARY) 
-- Found GLIB2: /usr/lib/libglib-2.0.so   
-- Checking for module 'gobject-2.0'
--   Found gobject-2.0, version 2.78.3
-- Checking for module 'gstreamer-1.0'
--   Found gstreamer-1.0, version 1.22.7
-- Checking for module 'gstreamer-base-1.0'
--   Found gstreamer-base-1.0, version 1.22.7
-- Checking for module 'gstreamer-audio-1.0'
--   Found gstreamer-audio-1.0, version 1.22.7
-- Checking for module 'gstreamer-video-1.0'
--   Found gstreamer-video-1.0, version 1.22.7
-- Checking for module 'gstreamer-pbutils-1.0'
--   Found gstreamer-pbutils-1.0, version 1.22.7
-- Checking for module 'gstreamer-allocators-1.0'
--   Found gstreamer-allocators-1.0, version 1.22.7
-- Found GStreamer: TRUE   
-- Checking for module 'gstreamer-app-1.0'
--   Found gstreamer-app-1.0, version 1.22.7
-- Found GStreamer: TRUE  found components: App 
-- Checking for module 'gstreamer-photography-1.0'
--   Package 'gstreamer-photography-1.0', required by 'virtual:world', not found
-- Found GStreamer: TRUE   missing components: Photography
-- Checking for module 'gstreamer-gl-1.0'
--   Found gstreamer-gl-1.0, version 1.22.7
-- Found GStreamer: TRUE  found components: Gl 
-- Could NOT find MMRendererCore (missing: MMRendererCore_LIBRARY) 
-- Could NOT find MMRenderer (missing: MMRenderer_LIBRARY) 
-- Found WrapPulseAudio: /usr/lib/libpulse.so  
-- Could NOT find WMF (missing: WMF_STRMIIDS_LIBRARY WMF_AMSTRMID_LIBRARY WMF_DMOGUIDS_LIBRARY WMF_MSDMO_LIBRARY WMF_OLE32_LIBRARY WMF_OLEAUT32_LIBRARY WMF_MF_LIBRARY WMF_MFUUID_LIBRARY WMF_MFPLAT_LIBRARY WMF_MFCORE_LIBRARY WMF_PROPSYS_LIBRARY) 
-- Performing Test HAVE_EGL
-- Performing Test HAVE_EGL - Success
-- Found EGL: /usr/include (found version "1.5") 
-- Checking for module 'libavcodec'
--   Found libavcodec, version 60.31.102
-- Checking for module 'libavformat'
--   Found libavformat, version 60.16.100
-- Checking for module 'libavdevice'
--   Found libavdevice, version 60.3.100
-- Checking for module 'libavutil'
--   Found libavutil, version 58.29.100
-- Checking for module 'libavfilter'
--   Found libavfilter, version 9.12.100
-- Checking for module 'libswscale'
--   Found libswscale, version 7.5.100
-- Checking for module 'libpostproc'
--   Found libpostproc, version 57.3.100
-- Checking for module 'libswresample'
--   Found libswresample, version 4.12.100
-- Found FFmpeg: /usr/lib/libavcodec.so;libavcodec.so;/usr/lib/libavformat.so;libavformat.so;/usr/lib/libavutil.so;libavutil.so;/usr/lib/libavdevice.so;libavdevice.so;/usr/lib/libswresample.so;libswresample.so;/usr/lib/libswscale.so;libswscale.so  found components: AVCODEC AVFORMAT AVUTIL AVDEVICE SWRESAMPLE SWSCALE 
-- Checking for module 'libva'
--   Found libva, version 1.20.0
-- Checking for module 'libva-drm'
--   Found libva-drm, version 1.20.0
-- Found VAAPI: TRUE  found components: VA DRM 
-- Performing Test evr.h
-- Performing Test evr.h - Failed
-- Performing Test Vivante GPU
-- Performing Test Vivante GPU - Failed
-- Performing Test Video for Linux
-- Performing Test Video for Linux - Success
-- Performing Test wmsdk.h
-- Performing Test wmsdk.h - Failed
-- Performing Test HAVE_linux_dmabuf
-- Performing Test HAVE_linux_dmabuf - Success
-- Performing Test HAVE_DASH_UNDEFINED_SYMBOLS
-- Performing Test HAVE_DASH_UNDEFINED_SYMBOLS - Success
-- Performing Test HAVE_DASH_DASH_NO_UNDEFINED
-- Performing Test HAVE_DASH_DASH_NO_UNDEFINED - Success
-- Generated QtModulePlugins.cmake files for the following modules: Multimedia
-- The following packages have been found:

 * Qt6BuildInternals (required version >= 6.6.1)
 * Qt6CoreTools (required version >= 6.6.1)
 * Qt6Core (required version >= 6.6.1)
 * OpenGL
 * XKB (required version >= 0.5.0), XKB API common to servers and clients., <http://xkbcommon.org>
 * Vulkan
 * Qt6GuiTools (required version >= 6.6.1)
 * Qt6DBusTools (required version >= 6.6.1)
 * Qt6Gui (required version >= 6.6.1)
 * Qt6Network (required version >= 6.6.1)
 * Qt6WidgetsTools (required version >= 6.6.1)
 * Qt6Widgets (required version >= 6.6.1)
 * Qt6QmlTools (required version >= 6.6.1)
 * WrapVulkanHeaders
 * Qt6Quick (required version >= 6.6.1)
 * Qt6QuickTest (required version >= 6.6.1)
 * Qt6QuickControls2 (required version >= 6.6.1)
 * Qt6Quick3DTools (required version >= 6.6.1)
 * Qt6ShaderToolsTools (required version >= 6.6.1)
 * Qt6Quick3D (required version >= 6.6.1)
 * Qt6
 * ALSA
 * GStreamer
 * PulseAudio
 * WrapPulseAudio
 * FFmpeg
 * VAAPI
 * PkgConfig
 * EGL, A platform-agnostic mechanism for creating rendering surfaces for use with other graphics libraries, such as OpenGL|ES and OpenVG., <https://www.khronos.org/egl/>

-- The following OPTIONAL packages have not been found:

 * Qt6Svg (required version >= 6.6.1)
 * Qt6QmlCompilerPlusPrivate
 * AVFoundation
 * MMRendererCore
 * MMRenderer
 * WMF


-- Configuration summary shown below. It has also been written to /build/qt6-multimedia/src/build/config.summary
-- Configure with --log-level=STATUS or higher to increase CMake's message verbosity. The log level does not persist across reconfigurations.
 
-- Configure summary:

Qt Multimedia:
  Spatial Audio .......................... yes
  Spatial Audio (Quick3D) ................ yes
  Low level Audio Backend:
    ALSA (experimental) .................. no
    PulseAudio ........................... yes
    MMRenderer ........................... no
    CoreAudio ............................ no
    Windows Media SDK .................... no
    Open SLES (Android) .................. no
    Web Assembly ......................... no
  Plugin:
    GStreamer 1.0 ........................ yes
    FFmpeg ............................... yes
    MMRenderer ........................... no
    AVFoundation ......................... no
    Windows Media Foundation ............. no
  Hardware acceleration and features:
    Video for Linux ...................... yes
    VAAPI support ........................ yes
    Linux DMA buffer support ............. yes
    VideoToolbox ......................... no
 

-- Configuring done (18.0s)
-- Generating done (0.4s)
-- Build files have been written to: /build/qt6-multimedia/src/build
[1/364] Copying Video.qml to /build/qt6-multimedia/src/build/lib/qt6/qml/QtMultimedia/Video.qml
[2/364] Generating version linker script for target quickmultimedia
[3/364] Generating ../../lib/qt6/mkspecs/modules/qt_lib_spatialaudio_private.pri
[4/364] Generating version linker script for target QGstreamerMediaPlugin
[5/364] Generating ../../lib/qt6/mkspecs/modules/qt_lib_multimediawidgets_private.pri
[6/364] Generating version linker script for target quick3dspatialaudio
[7/364] Generating version linker script for target QFFmpegMediaPlugin
[8/364] Generating ../../lib/qt6/mkspecs/modules/qt_lib_multimedia_private.pri
[9/364] Automatic MOC for target BundledResonanceAudio
[10/364] Running syncqt.cpp for module: QtMultimedia
[11/364] Building CXX object src/resonance-audio/CMakeFiles/BundledResonanceAudio.dir/BundledResonanceAudio_autogen/mocs_compilation.cpp.o
[12/364] Generating .qsb/shaders/yuv_triplanar_p10.frag.qsb
[13/364] Generating .qsb/shaders/uyvy.frag.qsb
[14/364] Generating .qsb/shaders/ayuv_linear.frag.qsb
[15/364] Generating .qsb/shaders/y_linear.frag.qsb
[16/364] Generating .qsb/shaders/yuyv_linear.frag.qsb
[17/364] Generating .qsb/shaders/argb.frag.qsb
[18/364] Generating .qsb/shaders/ayuv.frag.qsb
[19/364] Generating .qsb/shaders/bgra.frag.qsb
[20/364] Generating .qsb/shaders/imc2.frag.qsb
[21/364] Generating .qsb/shaders/imc4.frag.qsb
[22/364] Generating .qsb/shaders/nv12.frag.qsb
[23/364] Generating .qsb/shaders/nv21.frag.qsb
[24/364] Generating .qsb/shaders/rgba.frag.qsb
[25/364] Generating .qsb/shaders/y.frag.qsb
[26/364] Generating .qsb/shaders/yuyv.frag.qsb
[27/364] Generating .qsb/shaders/yvu_triplanar.frag.qsb
[28/364] Generating .qsb/shaders/argb_linear.frag.qsb
[29/364] Generating .qsb/shaders/imc2_linear.frag.qsb
[30/364] Generating .qsb/shaders/imc4_linear.frag.qsb
[31/364] Generating .qsb/shaders/nv12_bt2020_hlg_linear.frag.qsb
[32/364] Generating .qsb/shaders/nv12_bt2020_pq_linear.frag.qsb
[33/364] Generating .qsb/shaders/nv21_linear.frag.qsb
[34/364] Generating .qsb/shaders/rgba_linear.frag.qsb
[35/364] Generating .qsb/shaders/uyvy_linear.frag.qsb
[36/364] Generating .qsb/shaders/yuv_triplanar_linear.frag.qsb
[37/364] Generating .qsb/shaders/yuv_triplanar_p10_linear.frag.qsb
[38/364] Generating .qsb/shaders/yvu_triplanar_linear.frag.qsb
[39/364] Generating .qsb/shaders/rectsampler_bgra.frag.qsb
[40/364] Generating .qsb/shaders/abgr.frag.qsb
[41/364] Generating .qsb/shaders/externalsampler.vert.qsb
[42/364] Generating .qsb/shaders/nv12_bt2020_hlg.frag.qsb
[43/364] Generating .qsb/shaders/nv12_bt2020_pq.frag.qsb
[44/364] Generating .qsb/shaders/vertex.vert.qsb
[45/364] Generating .qsb/shaders/yuv_triplanar.frag.qsb
[46/364] Generating .qsb/shaders/abgr_linear.frag.qsb
[47/364] Generating .qsb/shaders/bgra_linear.frag.qsb
[48/364] Generating .qsb/shaders/nv12_linear.frag.qsb
[49/364] Generating .qsb/shaders/rectsampler.vert.qsb
[50/364] Generating .qsb/shaders/rectsampler_bgra_linear.frag.qsb
[51/364] Generating .qsb/shaders/externalsampler.frag.qsb
[52/364] Generating .qsb/shaders/externalsampler_linear.frag.qsb@glsl,100es,shaders/externalsampler_gles_linear.frag.qsb
[53/364] Automatic MOC for target quickmultimedia
[54/364] Automatic MOC for target quick3dspatialaudio
[55/364] Building CXX object src/resonance-audio/CMakeFiles/BundledResonanceAudio.dir/__/3rdparty/resonance-audio/resonance_audio/config/source_config.cc.o
[56/364] Building CXX object src/resonance-audio/CMakeFiles/BundledResonanceAudio.dir/__/3rdparty/resonance-audio/resonance_audio/base/channel_view.cc.o
[57/364] Building CXX object src/resonance-audio/CMakeFiles/BundledResonanceAudio.dir/__/3rdparty/resonance-audio/resonance_audio/dsp/gain_processor.cc.o
[58/364] Building CXX object src/resonance-audio/CMakeFiles/BundledResonanceAudio.dir/__/3rdparty/resonance-audio/resonance_audio/dsp/near_field_processor.cc.o
[59/364] Building CXX object src/resonance-audio/CMakeFiles/SadieHrtfsObj.dir/__/3rdparty/resonance-audio/third_party/SADIE_hrtf_database/generated/hrtf_assets.cc.o
[60/364] Building CXX object src/resonance-audio/CMakeFiles/BundledResonanceAudio.dir/__/3rdparty/resonance-audio/resonance_audio/dsp/mono_pole_filter.cc.o
[61/364] Building CXX object src/resonance-audio/CMakeFiles/BundledResonanceAudio.dir/__/3rdparty/resonance-audio/resonance_audio/dsp/mixer.cc.o
[62/364] Building CXX object src/resonance-audio/CMakeFiles/BundledResonanceAudio.dir/__/3rdparty/resonance-audio/resonance_audio/ambisonics/stereo_from_soundfield_converter.cc.o
[63/364] Building CXX object src/resonance-audio/CMakeFiles/BundledResonanceAudio.dir/__/3rdparty/resonance-audio/resonance_audio/dsp/biquad_filter.cc.o
[64/364] Building CXX object src/resonance-audio/CMakeFiles/BundledResonanceAudio.dir/__/3rdparty/resonance-audio/resonance_audio/dsp/filter_coefficient_generators.cc.o
[65/364] Building CXX object src/resonance-audio/CMakeFiles/BundledResonanceAudio.dir/__/3rdparty/resonance-audio/resonance_audio/dsp/channel_converter.cc.o
[66/364] Generating version linker script for target Multimedia
[67/364] Building CXX object src/resonance-audio/CMakeFiles/BundledResonanceAudio.dir/__/3rdparty/resonance-audio/resonance_audio/base/audio_buffer.cc.o
[68/364] Building CXX object src/resonance-audio/CMakeFiles/BundledResonanceAudio.dir/__/3rdparty/resonance-audio/resonance_audio/dsp/circular_buffer.cc.o
[69/364] Running syncqt.cpp for module: QtSpatialAudio
[70/364] Running syncqt.cpp for module: QtMultimediaQuick
[71/364] Generating version linker script for target SpatialAudio
[72/364] Generating version linker script for target MultimediaQuickPrivate
[73/364] Generating .rcc/qmlcache/MultimediaQuickPrivate_qmlcache_loader.cpp
[74/364] Running syncqt.cpp for module: QtQuick3DSpatialAudio
[75/364] Generating version linker script for target Quick3DSpatialAudioPrivate
[76/364] Running syncqt.cpp for module: QtMultimediaWidgets
[77/364] Building CXX object src/resonance-audio/CMakeFiles/BundledResonanceAudio.dir/__/3rdparty/resonance-audio/resonance_audio/node/source_node.cc.o
[78/364] Generating version linker script for target MultimediaWidgets
[79/364] Building CXX object src/resonance-audio/CMakeFiles/BundledResonanceAudio.dir/__/3rdparty/resonance-audio/resonance_audio/api/binaural_surround_renderer.cc.o
[80/364] Building CXX object src/resonance-audio/CMakeFiles/BundledResonanceAudio.dir/__/3rdparty/resonance-audio/resonance_audio/graph/buffered_source_node.cc.o
[81/364] Building CXX object src/resonance-audio/CMakeFiles/BundledResonanceAudio.dir/__/3rdparty/resonance-audio/resonance_audio/utils/buffer_crossfader.cc.o
[82/364] Building CXX object src/resonance-audio/CMakeFiles/BundledResonanceAudio.dir/__/3rdparty/resonance-audio/resonance_audio/dsp/gain_mixer.cc.o
[83/364] Building CXX object src/resonance-audio/CMakeFiles/BundledResonanceAudio.dir/__/3rdparty/resonance-audio/resonance_audio/dsp/reverb_onset_update_processor.cc.o
[84/364] Building CXX object src/resonance-audio/CMakeFiles/BundledResonanceAudio.dir/__/3rdparty/resonance-audio/resonance_audio/utils/sample_type_conversion.cc.o
[85/364] Building CXX object src/resonance-audio/CMakeFiles/BundledResonanceAudio.dir/__/3rdparty/resonance-audio/resonance_audio/node/processing_node.cc.o
[86/364] Building CXX object src/resonance-audio/CMakeFiles/BundledResonanceAudio.dir/__/3rdparty/resonance-audio/resonance_audio/node/sink_node.cc.o
[87/364] Building CXX object src/resonance-audio/CMakeFiles/BundledResonanceAudio.dir/__/3rdparty/resonance-audio/resonance_audio/utils/buffer_partitioner.cc.o
[88/364] Building CXX object src/resonance-audio/CMakeFiles/BundledResonanceAudio.dir/__/3rdparty/resonance-audio/resonance_audio/utils/buffer_unpartitioner.cc.o
[89/364] Building CXX object src/resonance-audio/CMakeFiles/BundledResonanceAudio.dir/__/3rdparty/resonance-audio/resonance_audio/utils/wav_reader.cc.o
[90/364] Building CXX object src/resonance-audio/CMakeFiles/BundledResonanceAudio.dir/__/3rdparty/resonance-audio/resonance_audio/utils/wav.cc.o
[91/364] Building CXX object src/resonance-audio/CMakeFiles/BundledResonanceAudio.dir/__/3rdparty/resonance-audio/resonance_audio/utils/lockless_task_queue.cc.o
[92/364] Building CXX object src/resonance-audio/CMakeFiles/BundledResonanceAudio.dir/__/3rdparty/resonance-audio/resonance_audio/utils/sum_and_difference_processor.cc.o
[93/364] Building CXX object src/resonance-audio/CMakeFiles/BundledResonanceAudio.dir/__/3rdparty/resonance-audio/third_party/SADIE_hrtf_database/generated/hrtf_assets.cc.o
[94/364] Building C object src/resonance-audio/CMakeFiles/BundledResonanceAudio.dir/__/3rdparty/pffft/pffft.c.o
[95/364] Building CXX object src/resonance-audio/CMakeFiles/BundledResonanceAudio.dir/__/3rdparty/resonance-audio/resonance_audio/dsp/spectral_reverb.cc.o
[96/364] Building CXX object src/resonance-audio/CMakeFiles/BundledResonanceAudio.dir/__/3rdparty/resonance-audio/resonance_audio/base/misc_math.cc.o
[97/364] Building CXX object src/resonance-audio/CMakeFiles/BundledResonanceAudio.dir/__/3rdparty/resonance-audio/platforms/common/utils.cc.o
[98/364] Building CXX object src/resonance-audio/CMakeFiles/BundledResonanceAudio.dir/__/3rdparty/resonance-audio/resonance_audio/dsp/stereo_panner.cc.o
[99/364] Building CXX object src/resonance-audio/CMakeFiles/BundledResonanceAudio.dir/__/3rdparty/resonance-audio/resonance_audio/dsp/occlusion_calculator.cc.o
[100/364] Building CXX object src/resonance-audio/CMakeFiles/BundledResonanceAudio.dir/__/3rdparty/resonance-audio/resonance_audio/ambisonics/associated_legendre_polynomials_generator.cc.o
[101/364] Building CXX object src/resonance-audio/CMakeFiles/BundledResonanceAudio.dir/__/3rdparty/resonance-audio/resonance_audio/dsp/distance_attenuation.cc.o
[102/364] Building CXX object src/resonance-audio/CMakeFiles/BundledResonanceAudio.dir/__/3rdparty/resonance-audio/resonance_audio/base/spherical_angle.cc.o
[103/364] Building CXX object src/resonance-audio/CMakeFiles/BundledResonanceAudio.dir/__/3rdparty/resonance-audio/resonance_audio/dsp/fir_filter.cc.o
[104/364] Building CXX object src/resonance-audio/CMakeFiles/BundledResonanceAudio.dir/__/3rdparty/resonance-audio/resonance_audio/dsp/gain.cc.o
[105/364] Building CXX object src/resonance-audio/CMakeFiles/BundledResonanceAudio.dir/__/3rdparty/resonance-audio/resonance_audio/api/resonance_audio_api.cc.o
[106/364] Building CXX object src/resonance-audio/CMakeFiles/BundledResonanceAudio.dir/__/3rdparty/resonance-audio/resonance_audio/ambisonics/ambisonic_binaural_decoder.cc.o
[107/364] Building CXX object src/resonance-audio/CMakeFiles/BundledResonanceAudio.dir/__/3rdparty/resonance-audio/resonance_audio/dsp/shoe_box_room.cc.o
[108/364] Building CXX object src/resonance-audio/CMakeFiles/BundledResonanceAudio.dir/__/3rdparty/resonance-audio/platforms/common/room_effects_utils.cc.o
[109/364] Building CXX object src/resonance-audio/CMakeFiles/BundledResonanceAudio.dir/__/3rdparty/resonance-audio/resonance_audio/ambisonics/ambisonic_lookup_table.cc.o
[110/364] Building CXX object src/resonance-audio/CMakeFiles/BundledResonanceAudio.dir/__/3rdparty/resonance-audio/resonance_audio/graph/source_parameters_manager.cc.o
[111/364] Building CXX object src/resonance-audio/CMakeFiles/BundledResonanceAudio.dir/__/3rdparty/resonance-audio/resonance_audio/base/simd_utils.cc.o
[112/364] Building CXX object src/resonance-audio/CMakeFiles/BundledResonanceAudio.dir/__/3rdparty/resonance-audio/resonance_audio/dsp/utils.cc.o
[113/364] Building CXX object src/resonance-audio/CMakeFiles/BundledResonanceAudio.dir/__/3rdparty/resonance-audio/resonance_audio/graph/foa_rotator_node.cc.o
[114/364] Building CXX object src/resonance-audio/CMakeFiles/BundledResonanceAudio.dir/__/3rdparty/resonance-audio/resonance_audio/dsp/sh_hrir_creator.cc.o
[115/364] Building CXX object src/resonance-audio/CMakeFiles/BundledResonanceAudio.dir/__/3rdparty/resonance-audio/resonance_audio/dsp/delay_filter.cc.o
[116/364] Building CXX object src/resonance-audio/CMakeFiles/BundledResonanceAudio.dir/__/3rdparty/resonance-audio/resonance_audio/graph/mixer_node.cc.o
[117/364] Building CXX object src/resonance-audio/CMakeFiles/BundledResonanceAudio.dir/__/3rdparty/resonance-audio/resonance_audio/dsp/multi_channel_iir.cc.o
[118/364] Building CXX object src/resonance-audio/CMakeFiles/BundledResonanceAudio.dir/__/3rdparty/resonance-audio/resonance_audio/graph/mono_from_soundfield_node.cc.o
[119/364] Building CXX object src/resonance-audio/CMakeFiles/BundledResonanceAudio.dir/__/3rdparty/resonance-audio/resonance_audio/dsp/reflections_processor.cc.o
[120/364] Building CXX object src/resonance-audio/CMakeFiles/BundledResonanceAudio.dir/__/3rdparty/resonance-audio/resonance_audio/graph/ambisonic_binaural_decoder_node.cc.o
[121/364] Building CXX object src/resonance-audio/CMakeFiles/BundledResonanceAudio.dir/__/3rdparty/resonance-audio/resonance_audio/dsp/partitioned_fft_filter.cc.o
[122/364] Building CXX object src/resonance-audio/CMakeFiles/BundledResonanceAudio.dir/__/3rdparty/resonance-audio/resonance_audio/graph/reflections_node.cc.o
[123/364] Building CXX object src/resonance-audio/CMakeFiles/BundledResonanceAudio.dir/__/3rdparty/resonance-audio/resonance_audio/ambisonics/foa_rotator.cc.o
[124/364] Building CXX object src/resonance-audio/CMakeFiles/BundledResonanceAudio.dir/__/3rdparty/resonance-audio/resonance_audio/graph/gain_node.cc.o
[125/364] Building CXX object src/resonance-audio/CMakeFiles/BundledResonanceAudio.dir/__/3rdparty/resonance-audio/resonance_audio/graph/gain_mixer_node.cc.o
[126/364] Building CXX object src/resonance-audio/CMakeFiles/BundledResonanceAudio.dir/__/3rdparty/resonance-audio/resonance_audio/utils/planar_interleaved_conversion.cc.o
[127/364] Building CXX object src/resonance-audio/CMakeFiles/BundledResonanceAudio.dir/__/3rdparty/resonance-audio/resonance_audio/dsp/resampler.cc.o
[128/364] Building CXX object src/resonance-audio/CMakeFiles/BundledResonanceAudio.dir/__/3rdparty/resonance-audio/resonance_audio/dsp/fft_manager.cc.o
[129/364] Building CXX object src/resonance-audio/CMakeFiles/BundledResonanceAudio.dir/__/3rdparty/resonance-audio/resonance_audio/graph/occlusion_node.cc.o
[130/364] Building CXX object src/resonance-audio/CMakeFiles/BundledResonanceAudio.dir/__/3rdparty/resonance-audio/resonance_audio/graph/hoa_rotator_node.cc.o
[131/364] Building CXX object src/resonance-audio/CMakeFiles/BundledResonanceAudio.dir/__/3rdparty/resonance-audio/resonance_audio/graph/near_field_effect_node.cc.o
[132/364] Automatic MOC for target MultimediaQuickPrivate
[133/364] Building CXX object src/resonance-audio/CMakeFiles/BundledResonanceAudio.dir/__/3rdparty/resonance-audio/resonance_audio/graph/stereo_mixing_panner_node.cc.o
[134/364] Building CXX object src/resonance-audio/CMakeFiles/BundledResonanceAudio.dir/__/3rdparty/resonance-audio/resonance_audio/dsp/reverb_onset_compensator.cc.o
[135/364] Building CXX object src/resonance-audio/CMakeFiles/BundledResonanceAudio.dir/__/3rdparty/resonance-audio/resonance_audio/graph/ambisonic_mixing_encoder_node.cc.o
[136/364] Building CXX object src/resonance-audio/CMakeFiles/BundledResonanceAudio.dir/__/3rdparty/resonance-audio/resonance_audio/graph/reverb_node.cc.o
[137/364] Building CXX object src/resonance-audio/CMakeFiles/BundledResonanceAudio.dir/resonance_audio.cpp.o
[138/364] Building CXX object src/resonance-audio/CMakeFiles/BundledResonanceAudio.dir/__/3rdparty/resonance-audio/resonance_audio/graph/resonance_audio_api_impl.cc.o
[139/364] Building CXX object src/resonance-audio/CMakeFiles/BundledResonanceAudio.dir/__/3rdparty/resonance-audio/resonance_audio/graph/binaural_surround_renderer_impl.cc.o
[140/364] Building CXX object src/resonance-audio/CMakeFiles/BundledResonanceAudio.dir/__/3rdparty/resonance-audio/resonance_audio/graph/graph_manager.cc.o
[141/364] Building CXX object src/resonance-audio/CMakeFiles/BundledResonanceAudio.dir/__/3rdparty/resonance-audio/resonance_audio/ambisonics/hoa_rotator.cc.o
[142/364] Linking CXX static library lib/libQt6BundledResonanceAudio.a
[143/364] Automatic MOC for target QFFmpegMediaPlugin
[144/364] Automatic MOC for target QGstreamerMediaPlugin
[145/364] Automatic MOC for target Multimedia
[146/364] Running rcc for resource qtmultimedia_shaders_gl_macos_linear
[147/364] Running rcc for resource qtmultimedia_shaders_gl_macos
[148/364] Generating pc file for target Qt6::Multimedia
[149/364] Running AUTOMOC file extraction for target Multimedia
[150/364] Generating prl file for target Multimedia
[151/364] Running rcc for resource qtmultimedia_shaders_linear
[152/364] Running rcc for resource qtmultimedia_shaders
[153/364] Running moc --collect-json for target Multimedia
[154/364] Building CXX object src/plugins/multimedia/ffmpeg/CMakeFiles/QFFmpegMediaPlugin.dir/QFFmpegMediaPlugin_autogen/mocs_compilation.cpp.o
[155/364] Building CXX object src/multimedia/CMakeFiles/Multimedia.dir/.rcc/qrc_qtmultimedia_shaders_gl_macos_linear.cpp.o
[156/364] Building CXX object src/multimedia/CMakeFiles/Multimedia.dir/.rcc/qrc_qtmultimedia_shaders_gl_macos.cpp.o
[157/364] Building CXX object src/multimedia/CMakeFiles/Multimedia.dir/.rcc/qrc_qtmultimedia_shaders_linear.cpp.o
[158/364] Building CXX object src/multimedia/CMakeFiles/Multimedia.dir/.rcc/qrc_qtmultimedia_shaders.cpp.o
[159/364] Building CXX object src/multimedia/CMakeFiles/Multimedia.dir/qmultimediautils.cpp.o
[160/364] Building CXX object src/multimedia/CMakeFiles/Multimedia.dir/audio/qaudiohelpers.cpp.o
[161/364] Building CXX object src/multimedia/CMakeFiles/Multimedia.dir/pulseaudio/qpulsehelpers.cpp.o
[162/364] Building CXX object src/multimedia/CMakeFiles/Multimedia.dir/platform/qplatformvideosource.cpp.o
[163/364] Building CXX object src/multimedia/CMakeFiles/Multimedia.dir/audio/qaudiosystem.cpp.o
[164/364] Building CXX object src/multimedia/CMakeFiles/Multimedia.dir/audio/qaudiobuffer.cpp.o
[165/364] Building CXX object src/multimedia/CMakeFiles/Multimedia.dir/audio/qaudio.cpp.o
[166/364] Building CXX object src/multimedia/CMakeFiles/Multimedia.dir/platform/qplatformvideodevices.cpp.o
[167/364] Building CXX object src/multimedia/CMakeFiles/Multimedia.dir/platform/qplatformmediaplugin.cpp.o
[168/364] Building CXX object src/multimedia/CMakeFiles/Multimedia.dir/audio/qaudioformat.cpp.o
[169/364] Building CXX object src/multimedia/CMakeFiles/Multimedia.dir/pulseaudio/qpulseaudiodevice.cpp.o
[170/364] Building CXX object src/multimedia/CMakeFiles/Multimedia.dir/audio/qwavedecoder.cpp.o
[171/364] Building CXX object src/multimedia/CMakeFiles/Multimedia.dir/Multimedia_autogen/mocs_compilation.cpp.o
[172/364] Building CXX object src/multimedia/CMakeFiles/Multimedia.dir/video/qmemoryvideobuffer.cpp.o
[173/364] Building CXX object src/multimedia/CMakeFiles/Multimedia.dir/platform/qplatformmediarecorder.cpp.o
[174/364] Building CXX object src/multimedia/CMakeFiles/Multimedia.dir/audio/qaudiostatemachine.cpp.o
[175/364] Building CXX object src/multimedia/CMakeFiles/Multimedia.dir/platform/qplatformvideosink.cpp.o
[176/364] Building CXX object src/multimedia/CMakeFiles/Multimedia.dir/qmediatimerange.cpp.o
[177/364] Building CXX object src/multimedia/CMakeFiles/Multimedia.dir/audio/qaudiodevice.cpp.o
[178/364] Building CXX object src/multimedia/CMakeFiles/Multimedia.dir/video/qvideooutputorientationhandler.cpp.o
[179/364] Building CXX object src/multimedia/CMakeFiles/Multimedia.dir/platform/qplatformmediacapture.cpp.o
[180/364] Building CXX object src/multimedia/CMakeFiles/Multimedia.dir/recording/qcapturablewindow.cpp.o
[181/364] Building CXX object src/multimedia/CMakeFiles/Multimedia.dir/audio/qaudiosink.cpp.o
[182/364] Building CXX object src/multimedia/CMakeFiles/Multimedia.dir/platform/qplatformcamera.cpp.o
[183/364] Building CXX object src/multimedia/CMakeFiles/Multimedia.dir/platform/qplatformimagecapture.cpp.o
[184/364] Building CXX object src/multimedia/CMakeFiles/Multimedia.dir/audio/qaudiooutput.cpp.o
[185/364] Building CXX object src/multimedia/CMakeFiles/Multimedia.dir/platform/qplatformaudiodecoder.cpp.o
[186/364] Building CXX object src/multimedia/CMakeFiles/Multimedia.dir/audio/qaudioinput.cpp.o
[187/364] Building CXX object src/multimedia/CMakeFiles/Multimedia.dir/platform/qplatformmediadevices.cpp.o
[188/364] Building CXX object src/multimedia/CMakeFiles/Multimedia.dir/audio/qaudiosource.cpp.o
[189/364] Building CXX object src/multimedia/CMakeFiles/Multimedia.dir/pulseaudio/qpulseaudiomediadevices.cpp.o
[190/364] Building CXX object src/multimedia/CMakeFiles/Multimedia.dir/platform/qplatformmediaplayer.cpp.o
[191/364] Building CXX object src/plugins/multimedia/ffmpeg/CMakeFiles/QFFmpegMediaPlugin.dir/qffmpegencoderoptions.cpp.o
[192/364] Building CXX object src/multimedia/CMakeFiles/Multimedia.dir/platform/qplatformsurfacecapture.cpp.o
[193/364] Building CXX object src/multimedia/CMakeFiles/Multimedia.dir/qmediastoragelocation.cpp.o
[194/364] Building CXX object src/multimedia/CMakeFiles/Multimedia.dir/recording/qscreencapture.cpp.o
[195/364] Building CXX object src/multimedia/CMakeFiles/Multimedia.dir/audio/qaudiodecoder.cpp.o
[196/364] Building CXX object src/multimedia/CMakeFiles/Multimedia.dir/pulseaudio/qpulseaudiosource.cpp.o
[197/364] Building CXX object src/plugins/multimedia/gstreamer/CMakeFiles/QGstreamerMediaPlugin.dir/QGstreamerMediaPlugin_autogen/mocs_compilation.cpp.o
[198/364] Building CXX object src/multimedia/CMakeFiles/Multimedia.dir/video/qabstractvideobuffer.cpp.o
[199/364] Building CXX object src/multimedia/CMakeFiles/Multimedia.dir/video/qvideosink.cpp.o
[200/364] Building CXX object src/multimedia/CMakeFiles/Multimedia.dir/video/qvideoframeconversionhelper.cpp.o
[201/364] Building CXX object src/plugins/multimedia/ffmpeg/CMakeFiles/QFFmpegMediaPlugin.dir/qffmpegaudioinput.cpp.o
[202/364] Building CXX object src/multimedia/CMakeFiles/Multimedia.dir/pulseaudio/qaudioengine_pulse.cpp.o
[203/364] Building CXX object src/multimedia/CMakeFiles/Multimedia.dir/camera/qcameradevice.cpp.o
[204/364] Building CXX object src/multimedia/CMakeFiles/Multimedia.dir/platform/qplatformmediaintegration.cpp.o
[205/364] Building CXX object src/multimedia/CMakeFiles/Multimedia.dir/platform/qplatformmediaformatinfo.cpp.o
[206/364] Building CXX object src/multimedia/CMakeFiles/Multimedia.dir/recording/qmediacapturesession.cpp.o
[207/364] Building CXX object src/multimedia/CMakeFiles/Multimedia.dir/audio/qsoundeffect.cpp.o
[208/364] Building CXX object src/multimedia/CMakeFiles/Multimedia.dir/pulseaudio/qpulseaudiosink.cpp.o
[209/364] Building CXX object src/multimedia/CMakeFiles/Multimedia.dir/video/qvideoframeformat.cpp.o
[210/364] Building CXX object src/multimedia/CMakeFiles/Multimedia.dir/recording/qwindowcapture.cpp.o
[211/364] Building CXX object src/plugins/multimedia/ffmpeg/CMakeFiles/QFFmpegMediaPlugin.dir/qffmpeg.cpp.o
[212/364] Building CXX object src/multimedia/CMakeFiles/Multimedia.dir/camera/qimagecapture.cpp.o
[213/364] Building CXX object src/multimedia/CMakeFiles/Multimedia.dir/audio/qsamplecache_p.cpp.o
[214/364] Building CXX object src/multimedia/CMakeFiles/Multimedia.dir/qmediametadata.cpp.o
[215/364] Building CXX object src/multimedia/CMakeFiles/Multimedia.dir/qmediadevices.cpp.o
[216/364] Building CXX object src/multimedia/CMakeFiles/Multimedia.dir/camera/qcamera.cpp.o
[217/364] Building CXX object src/multimedia/CMakeFiles/Multimedia.dir/recording/qmediarecorder.cpp.o
[218/364] Building CXX object src/multimedia/CMakeFiles/Multimedia.dir/video/qvideotexturehelper.cpp.o
[219/364] Building CXX object src/plugins/multimedia/ffmpeg/CMakeFiles/QFFmpegMediaPlugin.dir/qffmpegthread.cpp.o
[220/364] Building CXX object src/plugins/multimedia/ffmpeg/CMakeFiles/QFFmpegMediaPlugin.dir/qffmpegaudiodecoder.cpp.o
[221/364] Building CXX object src/plugins/multimedia/ffmpeg/CMakeFiles/QFFmpegMediaPlugin.dir/playbackengine/qffmpegtimecontroller.cpp.o
[222/364] Building CXX object src/plugins/multimedia/ffmpeg/CMakeFiles/QFFmpegMediaPlugin.dir/qffmpegmediametadata.cpp.o
[223/364] Building CXX object src/plugins/multimedia/ffmpeg/CMakeFiles/QFFmpegMediaPlugin.dir/playbackengine/qffmpegplaybackengineobject.cpp.o
[224/364] Building CXX object src/multimedia/CMakeFiles/Multimedia.dir/qmediaformat.cpp.o
[225/364] Building CXX object src/plugins/multimedia/ffmpeg/CMakeFiles/QFFmpegMediaPlugin.dir/qv4l2filedescriptor.cpp.o
[226/364] Building CXX object src/plugins/multimedia/ffmpeg/CMakeFiles/QFFmpegMediaPlugin.dir/qffmpegvideosink.cpp.o
[227/364] Building CXX object src/multimedia/CMakeFiles/Multimedia.dir/video/qvideoframe.cpp.o
[228/364] Building CXX object src/plugins/multimedia/ffmpeg/CMakeFiles/QFFmpegMediaPlugin.dir/qffmpegsymbolsresolveutils.cpp.o
[229/364] Building CXX object src/plugins/multimedia/ffmpeg/CMakeFiles/QFFmpegMediaPlugin.dir/qffmpegvideoencoderutils.cpp.o
[230/364] Building CXX object src/plugins/multimedia/ffmpeg/CMakeFiles/QFFmpegMediaPlugin.dir/qffmpegvaapisymbols.cpp.o
[231/364] Building CXX object src/plugins/multimedia/ffmpeg/CMakeFiles/QFFmpegMediaPlugin.dir/qffmpegresampler.cpp.o
[232/364] Building CXX object src/plugins/multimedia/ffmpeg/CMakeFiles/QFFmpegMediaPlugin.dir/qx11capturablewindows.cpp.o
[233/364] Building CXX object src/plugins/multimedia/ffmpeg/CMakeFiles/QFFmpegMediaPlugin.dir/qffmpeghwaccel.cpp.o
[234/364] Building CXX object src/plugins/multimedia/ffmpeg/CMakeFiles/QFFmpegMediaPlugin.dir/playbackengine/qffmpegvideorenderer.cpp.o
[235/364] Building CXX object src/plugins/multimedia/ffmpeg/CMakeFiles/QFFmpegMediaPlugin.dir/qffmpegsurfacecapturethread.cpp.o
[236/364] Building CXX object src/plugins/multimedia/ffmpeg/CMakeFiles/QFFmpegMediaPlugin.dir/playbackengine/qffmpegsubtitlerenderer.cpp.o
[237/364] Building CXX object src/plugins/multimedia/ffmpeg/CMakeFiles/QFFmpegMediaPlugin.dir/qv4l2memorytransfer.cpp.o
[238/364] Building CXX object src/plugins/multimedia/ffmpeg/CMakeFiles/QFFmpegMediaPlugin.dir/playbackengine/qffmpegcodec.cpp.o
[239/364] Building CXX object src/plugins/multimedia/ffmpeg/CMakeFiles/QFFmpegMediaPlugin.dir/playbackengine/qffmpegdemuxer.cpp.o
[240/364] Building CXX object src/plugins/multimedia/ffmpeg/CMakeFiles/QFFmpegMediaPlugin.dir/qgrabwindowsurfacecapture.cpp.o
[241/364] Building CXX object src/plugins/multimedia/ffmpeg/CMakeFiles/QFFmpegMediaPlugin.dir/qffmpegmediacapturesession.cpp.o
[242/364] Building CXX object src/plugins/multimedia/ffmpeg/CMakeFiles/QFFmpegMediaPlugin.dir/qffmpegvideobuffer.cpp.o
[243/364] Building CXX object src/plugins/multimedia/ffmpeg/CMakeFiles/QFFmpegMediaPlugin.dir/qffmpegvideoframeencoder.cpp.o
[244/364] Building CXX object src/plugins/multimedia/gstreamer/CMakeFiles/QGstreamerMediaPlugin.dir/audio/qgstreameraudiodevice.cpp.o
[245/364] Building CXX object src/plugins/multimedia/ffmpeg/CMakeFiles/QFFmpegMediaPlugin.dir/qffmpegmediaformatinfo.cpp.o
[246/364] Building CXX object src/multimedia/CMakeFiles/Multimedia.dir/video/qvideowindow.cpp.o
[247/364] Building CXX object src/multimedia/CMakeFiles/Multimedia.dir/playback/qmediaplayer.cpp.o
[248/364] Building CXX object src/plugins/multimedia/ffmpeg/CMakeFiles/QFFmpegMediaPlugin.dir/playbackengine/qffmpegaudiorenderer.cpp.o
[249/364] Building CXX object src/plugins/multimedia/ffmpeg/CMakeFiles/QFFmpegMediaPlugin.dir/qx11surfacecapture.cpp.o
[250/364] Building CXX object src/multimedia/CMakeFiles/Multimedia.dir/video/qvideoframeconverter.cpp.o
[251/364] Building CXX object src/plugins/multimedia/ffmpeg/CMakeFiles/QFFmpegMediaPlugin.dir/qv4l2camera.cpp.o
[252/364] Building CXX object src/plugins/multimedia/gstreamer/CMakeFiles/QGstreamerMediaPlugin.dir/common/qgstreamerbufferprobe.cpp.o
[253/364] Building CXX object src/plugins/multimedia/ffmpeg/CMakeFiles/QFFmpegMediaPlugin.dir/playbackengine/qffmpegrenderer.cpp.o
[254/364] Building CXX object src/plugins/multimedia/ffmpeg/CMakeFiles/QFFmpegMediaPlugin.dir/qffmpegmediaintegration.cpp.o
[255/364] Building CXX object src/plugins/multimedia/ffmpeg/CMakeFiles/QFFmpegMediaPlugin.dir/qffmpegimagecapture.cpp.o
[256/364] Building CXX object src/plugins/multimedia/gstreamer/CMakeFiles/QGstreamerMediaPlugin.dir/common/qgstreamermessage.cpp.o
[257/364] Building CXX object src/plugins/multimedia/ffmpeg/CMakeFiles/QFFmpegMediaPlugin.dir/qffmpegmediarecorder.cpp.o
[258/364] Building CXX object src/plugins/multimedia/ffmpeg/CMakeFiles/QFFmpegMediaPlugin.dir/playbackengine/qffmpegstreamdecoder.cpp.o
[259/364] Building CXX object src/plugins/multimedia/gstreamer/CMakeFiles/QGstreamerMediaPlugin.dir/audio/qgstreameraudiosink.cpp.o
[260/364] Building CXX object src/plugins/multimedia/gstreamer/CMakeFiles/QGstreamerMediaPlugin.dir/common/qgstappsrc.cpp.o
[261/364] Building CXX object src/plugins/multimedia/gstreamer/CMakeFiles/QGstreamerMediaPlugin.dir/audio/qgstreameraudiosource.cpp.o
[262/364] Building CXX object src/plugins/multimedia/ffmpeg/CMakeFiles/QFFmpegMediaPlugin.dir/playbackengine/qffmpegmediadataholder.cpp.o
/build/qt6-multimedia/src/qtmultimedia-everywhere-src-6.6.1/src/plugins/multimedia/ffmpeg/playbackengine/qffmpegmediadataholder.cpp: In function ‘int QFFmpeg::streamOrientation(const AVStream*)’:
/build/qt6-multimedia/src/qtmultimedia-everywhere-src-6.6.1/src/plugins/multimedia/ffmpeg/playbackengine/qffmpegmediadataholder.cpp:55:54: warning: ‘uint8_t* av_stream_get_side_data(const AVStream*, AVPacketSideDataType, size_t*)’ is deprecated [-Wdeprecated-declarations]
   55 |     const uint8_t *sideData = av_stream_get_side_data(stream, AV_PKT_DATA_DISPLAYMATRIX, &dataSize);
      |                               ~~~~~~~~~~~~~~~~~~~~~~~^~~~~~~~~~~~~~~~~~~~~~~~~~~~~~~~~~~~~~~~~~~~~~
In file included from /build/qt6-multimedia/src/qtmultimedia-everywhere-src-6.6.1/src/plugins/multimedia/ffmpeg/qffmpeg_p.h:11,
                 from /build/qt6-multimedia/src/qtmultimedia-everywhere-src-6.6.1/src/plugins/multimedia/ffmpeg/playbackengine/qffmpegmediadataholder_p.h:20,
                 from /build/qt6-multimedia/src/qtmultimedia-everywhere-src-6.6.1/src/plugins/multimedia/ffmpeg/playbackengine/qffmpegmediadataholder.cpp:4:
/usr/include/libavformat/avformat.h:1917:10: note: declared here
 1917 | uint8_t *av_stream_get_side_data(const AVStream *stream,
      |          ^~~~~~~~~~~~~~~~~~~~~~~
[263/364] Building CXX object src/plugins/multimedia/gstreamer/CMakeFiles/QGstreamerMediaPlugin.dir/common/qgstreameraudioinput.cpp.o
[264/364] Building CXX object src/plugins/multimedia/gstreamer/CMakeFiles/QGstreamerMediaPlugin.dir/audio/qgstreameraudiodecoder.cpp.o
[265/364] Building CXX object src/plugins/multimedia/gstreamer/CMakeFiles/QGstreamerMediaPlugin.dir/common/qgstreamervideooverlay.cpp.o
[266/364] Building CXX object src/plugins/multimedia/gstreamer/CMakeFiles/QGstreamerMediaPlugin.dir/common/qgstreamervideooutput.cpp.o
[267/364] Building CXX object src/plugins/multimedia/gstreamer/CMakeFiles/QGstreamerMediaPlugin.dir/common/qgstreameraudiooutput.cpp.o
[268/364] Linking CXX shared library lib/libQt6Multimedia.so.6.6.1
[269/364] Creating library symlink lib/libQt6Multimedia.so.6 lib/libQt6Multimedia.so
[270/364] Running AUTOMOC file extraction for target MultimediaQuickPrivate
[271/364] Running rcc for resource qmake_QtMultimedia
[272/364] Running rcc for resource MultimediaQuickPrivate_raw_qml_0
[273/364] Generating prl file for target MultimediaQuickPrivate
[274/364] Running moc --collect-json for target MultimediaQuickPrivate
[275/364] Automatic QML type registration for target MultimediaQuickPrivate
[276/364] Generating .rcc/qmlcache/MultimediaQuickPrivate_Video_qml.cpp
[277/364] Building CXX object src/multimediaquick/CMakeFiles/MultimediaQuickPrivate.dir/MultimediaQuickPrivate_autogen/mocs_compilation.cpp.o
[278/364] Building CXX object src/multimediaquick/CMakeFiles/quickmultimedia.dir/quickmultimedia_autogen/mocs_compilation.cpp.o
[279/364] Building CXX object src/multimediaquick/CMakeFiles/MultimediaQuickPrivate.dir/.rcc/qrc_qmake_QtMultimedia.cpp.o
[280/364] Building CXX object src/multimediaquick/CMakeFiles/MultimediaQuickPrivate.dir/.rcc/qrc_MultimediaQuickPrivate_raw_qml_0.cpp.o
[281/364] Building CXX object src/plugins/multimedia/ffmpeg/CMakeFiles/QFFmpegMediaPlugin.dir/qv4l2cameradevices.cpp.o
[282/364] Building CXX object src/plugins/multimedia/ffmpeg/CMakeFiles/QFFmpegMediaPlugin.dir/qffmpegencoder.cpp.o
[283/364] Building CXX object src/plugins/multimedia/gstreamer/CMakeFiles/QGstreamerMediaPlugin.dir/common/qgstutils.cpp.o
[284/364] Building CXX object src/plugins/multimedia/gstreamer/CMakeFiles/QGstreamerMediaPlugin.dir/common/qgstreamermetadata.cpp.o
[285/364] Building CXX object src/plugins/multimedia/gstreamer/CMakeFiles/QGstreamerMediaPlugin.dir/common/qgstsubtitlesink.cpp.o
[286/364] Building CXX object src/plugins/multimedia/ffmpeg/CMakeFiles/QFFmpegMediaPlugin.dir/qffmpegplaybackengine.cpp.o
[287/364] Building CXX object src/plugins/multimedia/ffmpeg/CMakeFiles/QFFmpegMediaPlugin.dir/qffmpeghwaccel_vaapi.cpp.o
[288/364] Automatic MOC for target MultimediaWidgets
[289/364] Running AUTOMOC file extraction for target MultimediaWidgets
[290/364] Generating pc file for target Qt6::MultimediaWidgets
[291/364] Generating prl file for target MultimediaWidgets
[292/364] Running moc --collect-json for target MultimediaWidgets
[293/364] Building CXX object src/plugins/multimedia/gstreamer/CMakeFiles/QGstreamerMediaPlugin.dir/common/qgstpipeline.cpp.o
[294/364] Building CXX object src/plugins/multimedia/gstreamer/CMakeFiles/QGstreamerMediaPlugin.dir/mediacapture/qgstreamercamera.cpp.o
[295/364] Building CXX object src/plugins/multimedia/gstreamer/CMakeFiles/QGstreamerMediaPlugin.dir/common/qgstreamervideosink.cpp.o
[296/364] Building CXX object src/plugins/multimedia/ffmpeg/CMakeFiles/QFFmpegMediaPlugin.dir/qffmpegmediaplayer.cpp.o
[297/364] Automatic MOC for target SpatialAudio
[298/364] Running AUTOMOC file extraction for target SpatialAudio
[299/364] Generating pc file for target Qt6::SpatialAudio
[300/364] Generating prl file for target SpatialAudio
[301/364] Running moc --collect-json for target SpatialAudio
[302/364] Linking CXX shared module lib/qt6/plugins/multimedia/libffmpegmediaplugin.so
[303/364] Building CXX object src/plugins/multimedia/gstreamer/CMakeFiles/QGstreamerMediaPlugin.dir/mediacapture/qgstreamermediaencoder.cpp.o
[304/364] Building CXX object src/plugins/multimedia/gstreamer/CMakeFiles/QGstreamerMediaPlugin.dir/qgstreamerintegration.cpp.o
[305/364] Building CXX object src/plugins/multimedia/gstreamer/CMakeFiles/QGstreamerMediaPlugin.dir/common/qgstvideorenderersink.cpp.o
[306/364] Building CXX object src/plugins/multimedia/gstreamer/CMakeFiles/QGstreamerMediaPlugin.dir/mediacapture/qgstreamermediacapture.cpp.o
[307/364] Building CXX object src/plugins/multimedia/gstreamer/CMakeFiles/QGstreamerMediaPlugin.dir/qgstreamerformatinfo.cpp.o
[308/364] Building CXX object src/plugins/multimedia/gstreamer/CMakeFiles/QGstreamerMediaPlugin.dir/common/qgstvideobuffer.cpp.o
[309/364] Building CXX object src/plugins/multimedia/gstreamer/CMakeFiles/QGstreamerMediaPlugin.dir/qgstreamervideodevices.cpp.o
[310/364] Building CXX object src/multimediaquick/CMakeFiles/MultimediaQuickPrivate.dir/qquicksoundeffect.cpp.o
[311/364] Building CXX object src/multimediaquick/CMakeFiles/MultimediaQuickPrivate.dir/qquickmediaplayer.cpp.o
[312/364] Building CXX object src/multimediaquick/CMakeFiles/MultimediaQuickPrivate.dir/qquickscreencapture.cpp.o
[313/364] Building CXX object src/multimediaquick/CMakeFiles/MultimediaQuickPrivate.dir/.rcc/qmlcache/MultimediaQuickPrivate_Video_qml.cpp.o
[314/364] Building CXX object src/plugins/multimedia/gstreamer/CMakeFiles/QGstreamerMediaPlugin.dir/mediacapture/qgstreamerimagecapture.cpp.o
[315/364] Building CXX object src/multimediaquick/CMakeFiles/MultimediaQuickPrivate.dir/.rcc/qmlcache/MultimediaQuickPrivate_qmlcache_loader.cpp.o
[316/364] Building CXX object src/multimediaquick/CMakeFiles/MultimediaQuickPrivate.dir/qquickimagepreviewprovider.cpp.o
[317/364] Building CXX object src/multimediaquick/CMakeFiles/MultimediaQuickPrivate.dir/qquickimagecapture.cpp.o
[318/364] Building CXX object src/multimediaquick/CMakeFiles/quickmultimedia.dir/multimedia_plugin.cpp.o
[319/364] Building CXX object src/multimediaquick/CMakeFiles/MultimediaQuickPrivate.dir/qsgvideotexture.cpp.o
[320/364] Building CXX object src/plugins/multimedia/gstreamer/CMakeFiles/QGstreamerMediaPlugin.dir/common/qgstreamermediaplayer.cpp.o
[321/364] Building CXX object src/multimediaquick/CMakeFiles/MultimediaQuickPrivate.dir/qsgvideonode_p.cpp.o
[322/364] Linking CXX shared module lib/qt6/plugins/multimedia/libgstreamermediaplugin.so
[323/364] Building CXX object src/multimediaquick/CMakeFiles/MultimediaQuickPrivate.dir/qquickvideooutput.cpp.o
[324/364] Building CXX object src/multimediaquick/CMakeFiles/MultimediaQuickPrivate.dir/qtmultimediaquicktypes.cpp.o
[325/364] Building CXX object src/multimediawidgets/CMakeFiles/MultimediaWidgets.dir/cmake_pch.hxx.gch
[326/364] Building CXX object src/spatialaudio/CMakeFiles/SpatialAudio.dir/cmake_pch.hxx.gch
[327/364] Building CXX object src/multimediawidgets/CMakeFiles/MultimediaWidgets.dir/MultimediaWidgets_autogen/mocs_compilation.cpp.o
[328/364] Building CXX object src/multimediaquick/CMakeFiles/MultimediaQuickPrivate.dir/multimediaquickprivate_qmltyperegistrations.cpp.o
[329/364] Building CXX object src/spatialaudio/CMakeFiles/SpatialAudio.dir/SpatialAudio_autogen/mocs_compilation.cpp.o
[330/364] Building CXX object src/multimediawidgets/CMakeFiles/MultimediaWidgets.dir/qgraphicsvideoitem.cpp.o
[331/364] Building CXX object src/spatialaudio/CMakeFiles/SpatialAudio.dir/qambisonicdecoder.cpp.o
[332/364] Building CXX object src/spatialaudio/CMakeFiles/SpatialAudio.dir/qaudiolistener.cpp.o
[333/364] Linking CXX shared library lib/libQt6MultimediaQuick.so.6.6.1
[334/364] Creating library symlink lib/libQt6MultimediaQuick.so.6 lib/libQt6MultimediaQuick.so
[335/364] Building CXX object src/spatialaudio/CMakeFiles/SpatialAudio.dir/qambientsound.cpp.o
[336/364] Linking CXX shared module lib/qt6/qml/QtMultimedia/libquickmultimediaplugin.so
[337/364] Building CXX object src/multimediawidgets/CMakeFiles/MultimediaWidgets.dir/qvideowidget.cpp.o
[338/364] Linking CXX shared library lib/libQt6MultimediaWidgets.so.6.6.1
[339/364] Creating library symlink lib/libQt6MultimediaWidgets.so.6 lib/libQt6MultimediaWidgets.so
[340/364] Building CXX object src/spatialaudio/CMakeFiles/SpatialAudio.dir/qaudioroom.cpp.o
[341/364] Building CXX object src/spatialaudio/CMakeFiles/SpatialAudio.dir/qspatialsound.cpp.o
[342/364] Building CXX object src/spatialaudio/CMakeFiles/SpatialAudio.dir/qaudioengine.cpp.o
[343/364] Linking CXX shared library lib/libQt6SpatialAudio.so.6.6.1
[344/364] Creating library symlink lib/libQt6SpatialAudio.so.6 lib/libQt6SpatialAudio.so
[345/364] Automatic MOC for target Quick3DSpatialAudioPrivate
[346/364] Running AUTOMOC file extraction for target Quick3DSpatialAudioPrivate
[347/364] Running rcc for resource qmake_QtQuick3D_SpatialAudio
[348/364] Generating prl file for target Quick3DSpatialAudioPrivate
[349/364] Running moc --collect-json for target Quick3DSpatialAudioPrivate
[350/364] Automatic QML type registration for target Quick3DSpatialAudioPrivate
[351/364] Building CXX object src/spatialaudioquick3d/CMakeFiles/quick3dspatialaudio.dir/quick3dspatialaudio_autogen/mocs_compilation.cpp.o
[352/364] Building CXX object src/spatialaudioquick3d/CMakeFiles/Quick3DSpatialAudioPrivate.dir/.rcc/qrc_qmake_QtQuick3D_SpatialAudio.cpp.o
[353/364] Building CXX object src/spatialaudioquick3d/CMakeFiles/quick3dspatialaudio.dir/qquick3dspatialaudio_plugin.cpp.o
[354/364] Building CXX object src/spatialaudioquick3d/CMakeFiles/Quick3DSpatialAudioPrivate.dir/cmake_pch.hxx.gch
[355/364] Building CXX object src/spatialaudioquick3d/CMakeFiles/Quick3DSpatialAudioPrivate.dir/qquick3daudiolistener.cpp.o
[356/364] Building CXX object src/spatialaudioquick3d/CMakeFiles/Quick3DSpatialAudioPrivate.dir/qquick3dambientsound.cpp.o
[357/364] Building CXX object src/spatialaudioquick3d/CMakeFiles/Quick3DSpatialAudioPrivate.dir/qquick3daudioroom.cpp.o
[358/364] Building CXX object src/spatialaudioquick3d/CMakeFiles/Quick3DSpatialAudioPrivate.dir/qquick3dspatialsound.cpp.o
[359/364] Building CXX object src/spatialaudioquick3d/CMakeFiles/Quick3DSpatialAudioPrivate.dir/quick3dspatialaudioprivate_qmltyperegistrations.cpp.o
[360/364] Building CXX object src/spatialaudioquick3d/CMakeFiles/Quick3DSpatialAudioPrivate.dir/Quick3DSpatialAudioPrivate_autogen/mocs_compilation.cpp.o
[361/364] Building CXX object src/spatialaudioquick3d/CMakeFiles/Quick3DSpatialAudioPrivate.dir/qquick3daudioengine.cpp.o
[362/364] Linking CXX shared library lib/libQt6Quick3DSpatialAudio.so.6.6.1
[363/364] Creating library symlink lib/libQt6Quick3DSpatialAudio.so.6 lib/libQt6Quick3DSpatialAudio.so
[364/364] Linking CXX shared module lib/qt6/qml/QtQuick3D/SpatialAudio/libquick3dspatialaudioplugin.so
