-- The CXX compiler identification is GNU 13.2.1
-- The C compiler identification is GNU 13.2.1
-- Detecting CXX compiler ABI info
-- Detecting CXX compiler ABI info - done
-- Check for working CXX compiler: /usr/lib/ccache/bin/powerpc-unknown-linux-gnu-g++ - skipped
-- Detecting CXX compile features
-- Detecting CXX compile features - done
-- Detecting C compiler ABI info
-- Detecting C compiler ABI info - done
-- Check for working C compiler: /usr/lib/ccache/bin/powerpc-unknown-linux-gnu-gcc - skipped
-- Detecting C compile features
-- Detecting C compile features - done
-- Performing Test CMAKE_HAVE_LIBC_PTHREAD
-- Performing Test CMAKE_HAVE_LIBC_PTHREAD - Success
-- Found Threads: TRUE  
-- Performing Test HAVE_STDATOMIC
-- Performing Test HAVE_STDATOMIC - Failed
-- Performing Test HAVE_STDATOMIC_WITH_LIB
-- Performing Test HAVE_STDATOMIC_WITH_LIB - Success
-- Found WrapAtomic: TRUE  
-- Found OpenGL: /usr/lib/libOpenGL.so   
-- CMAKE_BUILD_TYPE was set to: 'RelWithDebInfo'
-- Checking for feature set changes
-- CMAKE_STRIP (original): /usr/bin/powerpc-unknown-linux-gnu-strip
-- Performing Test strip --keep-section
-- Performing Test strip --keep-section - TRUE
-- CMAKE_STRIP (used by Qt): /build/qt6-multimedia/src/build/lib/qt6/qt-internal-strip
-- Found ALSA: /usr/lib/libasound.so (found version "1.2.10") 
-- Could NOT find AVFoundation (missing: AVFoundation_LIBRARY) 
-- Found GLIB2: /usr/lib/libglib-2.0.so   
-- Checking for module 'gobject-2.0'
--   Found gobject-2.0, version 2.78.3
-- Checking for module 'gstreamer-1.0'
--   Found gstreamer-1.0, version 1.22.7
-- Checking for module 'gstreamer-base-1.0'
--   Found gstreamer-base-1.0, version 1.22.7
-- Checking for module 'gstreamer-audio-1.0'
--   Found gstreamer-audio-1.0, version 1.22.7
-- Checking for module 'gstreamer-video-1.0'
--   Found gstreamer-video-1.0, version 1.22.7
-- Checking for module 'gstreamer-pbutils-1.0'
--   Found gstreamer-pbutils-1.0, version 1.22.7
-- Checking for module 'gstreamer-allocators-1.0'
--   Found gstreamer-allocators-1.0, version 1.22.7
-- Found GStreamer: TRUE   
-- Checking for module 'gstreamer-app-1.0'
--   Found gstreamer-app-1.0, version 1.22.7
-- Found GStreamer: TRUE  found components: App 
-- Checking for module 'gstreamer-photography-1.0'
--   Package 'gstreamer-photography-1.0', required by 'virtual:world', not found
-- Found GStreamer: TRUE   missing components: Photography
-- Checking for module 'gstreamer-gl-1.0'
--   Found gstreamer-gl-1.0, version 1.22.7
-- Found GStreamer: TRUE  found components: Gl 
-- Could NOT find MMRendererCore (missing: MMRendererCore_LIBRARY) 
-- Could NOT find MMRenderer (missing: MMRenderer_LIBRARY) 
-- Found WrapPulseAudio: /usr/lib/libpulse.so  
-- Could NOT find WMF (missing: WMF_STRMIIDS_LIBRARY WMF_AMSTRMID_LIBRARY WMF_DMOGUIDS_LIBRARY WMF_MSDMO_LIBRARY WMF_OLE32_LIBRARY WMF_OLEAUT32_LIBRARY WMF_MF_LIBRARY WMF_MFUUID_LIBRARY WMF_MFPLAT_LIBRARY WMF_MFCORE_LIBRARY WMF_PROPSYS_LIBRARY) 
-- Performing Test HAVE_EGL
-- Performing Test HAVE_EGL - Success
-- Found EGL: /usr/include (found version "1.5") 
-- Checking for module 'libavcodec'
--   Found libavcodec, version 60.31.102
-- Checking for module 'libavformat'
--   Found libavformat, version 60.16.100
-- Checking for module 'libavdevice'
--   Found libavdevice, version 60.3.100
-- Checking for module 'libavutil'
--   Found libavutil, version 58.29.100
-- Checking for module 'libavfilter'
--   Found libavfilter, version 9.12.100
-- Checking for module 'libswscale'
--   Found libswscale, version 7.5.100
-- Checking for module 'libpostproc'
--   Found libpostproc, version 57.3.100
-- Checking for module 'libswresample'
--   Found libswresample, version 4.12.100
-- Found FFmpeg: /usr/lib/libavcodec.so;libavcodec.so;/usr/lib/libavformat.so;libavformat.so;/usr/lib/libavutil.so;libavutil.so;/usr/lib/libavdevice.so;libavdevice.so;/usr/lib/libswresample.so;libswresample.so;/usr/lib/libswscale.so;libswscale.so  found components: AVCODEC AVFORMAT AVUTIL AVDEVICE SWRESAMPLE SWSCALE 
-- Checking for module 'libva'
--   Found libva, version 1.20.0
-- Checking for module 'libva-drm'
--   Found libva-drm, version 1.20.0
-- Found VAAPI: TRUE  found components: VA DRM 
-- Performing Test evr.h
-- Performing Test evr.h - Failed
-- Performing Test Vivante GPU
-- Performing Test Vivante GPU - Failed
-- Performing Test Video for Linux
-- Performing Test Video for Linux - Success
-- Performing Test wmsdk.h
-- Performing Test wmsdk.h - Failed
-- Performing Test HAVE_linux_dmabuf
-- Performing Test HAVE_linux_dmabuf - Success
-- Performing Test HAVE_DASH_UNDEFINED_SYMBOLS
-- Performing Test HAVE_DASH_UNDEFINED_SYMBOLS - Success
-- Performing Test HAVE_DASH_DASH_NO_UNDEFINED
-- Performing Test HAVE_DASH_DASH_NO_UNDEFINED - Success
-- Generated QtModulePlugins.cmake files for the following modules: Multimedia
-- The following packages have been found:

 * Qt6BuildInternals (required version >= 6.6.1)
 * Qt6CoreTools (required version >= 6.6.1)
 * Qt6Core (required version >= 6.6.1)
 * OpenGL
 * XKB (required version >= 0.5.0), XKB API common to servers and clients., <http://xkbcommon.org>
 * Vulkan
 * Qt6GuiTools (required version >= 6.6.1)
 * Qt6DBusTools (required version >= 6.6.1)
 * Qt6Gui (required version >= 6.6.1)
 * Qt6Network (required version >= 6.6.1)
 * Qt6WidgetsTools (required version >= 6.6.1)
 * Qt6Widgets (required version >= 6.6.1)
 * Qt6QmlTools (required version >= 6.6.1)
 * WrapVulkanHeaders
 * Qt6Quick (required version >= 6.6.1)
 * Qt6QuickTest (required version >= 6.6.1)
 * Qt6QuickControls2 (required version >= 6.6.1)
 * Qt6Quick3DTools (required version >= 6.6.1)
 * Qt6ShaderToolsTools (required version >= 6.6.1)
 * Qt6Quick3D (required version >= 6.6.1)
 * Qt6
 * ALSA
 * GStreamer
 * PulseAudio
 * WrapPulseAudio
 * FFmpeg
 * VAAPI
 * PkgConfig
 * EGL, A platform-agnostic mechanism for creating rendering surfaces for use with other graphics libraries, such as OpenGL|ES and OpenVG., <https://www.khronos.org/egl/>

-- The following OPTIONAL packages have not been found:

 * Qt6Svg (required version >= 6.6.1)
 * Qt6QmlCompilerPlusPrivate
 * AVFoundation
 * MMRendererCore
 * MMRenderer
 * WMF


-- Configuration summary shown below. It has also been written to /build/qt6-multimedia/src/build/config.summary
-- Configure with --log-level=STATUS or higher to increase CMake's message verbosity. The log level does not persist across reconfigurations.
 
-- Configure summary:

Qt Multimedia:
  Spatial Audio .......................... yes
  Spatial Audio (Quick3D) ................ yes
  Low level Audio Backend:
    ALSA (experimental) .................. no
    PulseAudio ........................... yes
    MMRenderer ........................... no
    CoreAudio ............................ no
    Windows Media SDK .................... no
    Open SLES (Android) .................. no
    Web Assembly ......................... no
  Plugin:
    GStreamer 1.0 ........................ yes
    FFmpeg ............................... yes
    MMRenderer ........................... no
    AVFoundation ......................... no
    Windows Media Foundation ............. no
  Hardware acceleration and features:
    Video for Linux ...................... yes
    VAAPI support ........................ yes
    Linux DMA buffer support ............. yes
    VideoToolbox ......................... no
 

-- Configuring done (5.7s)
-- Generating done (0.2s)
-- Build files have been written to: /build/qt6-multimedia/src/build
[1/364] Generating .qsb/shaders/imc4.frag.qsb
[2/364] Generating .qsb/shaders/argb.frag.qsb
[3/364] Generating .qsb/shaders/abgr.frag.qsb
[4/364] Generating .qsb/shaders/bgra.frag.qsb
[5/364] Automatic MOC for target BundledResonanceAudio
[6/364] Generating .qsb/shaders/nv12.frag.qsb
[7/364] Generating .qsb/shaders/externalsampler.vert.qsb
[8/364] Generating .qsb/shaders/ayuv.frag.qsb
[9/364] Building CXX object src/resonance-audio/CMakeFiles/BundledResonanceAudio.dir/BundledResonanceAudio_autogen/mocs_compilation.cpp.o
[10/364] Generating .qsb/shaders/imc2.frag.qsb
[11/364] Generating .qsb/shaders/y.frag.qsb
[12/364] Generating .qsb/shaders/externalsampler.frag.qsb
[13/364] Generating .qsb/shaders/rgba.frag.qsb
[14/364] Generating .qsb/shaders/nv12_bt2020_hlg.frag.qsb
[15/364] Generating .qsb/shaders/nv21.frag.qsb
[16/364] Generating .qsb/shaders/vertex.vert.qsb
[17/364] Generating .qsb/shaders/nv12_bt2020_pq.frag.qsb
[18/364] Generating .qsb/shaders/uyvy.frag.qsb
[19/364] Building CXX object src/resonance-audio/CMakeFiles/BundledResonanceAudio.dir/__/3rdparty/resonance-audio/resonance_audio/ambisonics/stereo_from_soundfield_converter.cc.o
[20/364] Building CXX object src/resonance-audio/CMakeFiles/SadieHrtfsObj.dir/__/3rdparty/resonance-audio/third_party/SADIE_hrtf_database/generated/hrtf_assets.cc.o
[21/364] Building CXX object src/resonance-audio/CMakeFiles/BundledResonanceAudio.dir/__/3rdparty/resonance-audio/resonance_audio/base/channel_view.cc.o
[22/364] Building CXX object src/resonance-audio/CMakeFiles/BundledResonanceAudio.dir/__/3rdparty/resonance-audio/resonance_audio/base/audio_buffer.cc.o
[23/364] Building CXX object src/resonance-audio/CMakeFiles/BundledResonanceAudio.dir/__/3rdparty/resonance-audio/resonance_audio/api/binaural_surround_renderer.cc.o
[24/364] Building CXX object src/resonance-audio/CMakeFiles/BundledResonanceAudio.dir/__/3rdparty/resonance-audio/resonance_audio/config/source_config.cc.o
[25/364] Building CXX object src/resonance-audio/CMakeFiles/BundledResonanceAudio.dir/__/3rdparty/resonance-audio/platforms/common/utils.cc.o
FAILED: src/resonance-audio/CMakeFiles/BundledResonanceAudio.dir/__/3rdparty/resonance-audio/platforms/common/utils.cc.o 
/usr/lib/ccache/bin/powerpc-unknown-linux-gnu-g++ -DEIGEN_MPL2_ONLY -DQT_EXPLICIT_QFILE_CONSTRUCTION_FROM_PATH -DQT_NO_AS_CONST -DQT_NO_DEBUG -DQT_NO_EXCEPTIONS -DQT_NO_JAVA_STYLE_ITERATORS -DQT_NO_NARROWING_CONVERSIONS_IN_CONNECT -DQT_NO_QEXCHANGE -D_LARGEFILE64_SOURCE -D_LARGEFILE_SOURCE -I/build/qt6-multimedia/src/build/src/resonance-audio/BundledResonanceAudio_autogen/include -I/build/qt6-multimedia/src/qtmultimedia-everywhere-src-6.6.1/src/resonance-audio/../3rdparty/resonance-audio -I/build/qt6-multimedia/src/qtmultimedia-everywhere-src-6.6.1/src/resonance-audio/../3rdparty/resonance-audio/resonance_audio -I/build/qt6-multimedia/src/qtmultimedia-everywhere-src-6.6.1/src/resonance-audio/../3rdparty/pffft -I/build/qt6-multimedia/src/qtmultimedia-everywhere-src-6.6.1/src/resonance-audio/../3rdparty/resonance-audio/third_party/SADIE_hrtf_database/generated -I/build/qt6-multimedia/src/qtmultimedia-everywhere-src-6.6.1/src/resonance-audio/../3rdparty/eigen -isystem /usr/lib/qt6/mkspecs/linux-g++ -isystem /usr/include/qt6 -O2 -pipe -Wp,-D_GLIBCXX_ASSERTIONS -ffat-lto-objects -g -DNDEBUG -O2 -std=c++17 -fPIC -fvisibility=hidden -fvisibility-inlines-hidden -w -fno-exceptions -maltivec -mvsx -Wsuggest-override -MD -MT src/resonance-audio/CMakeFiles/BundledResonanceAudio.dir/__/3rdparty/resonance-audio/platforms/common/utils.cc.o -MF src/resonance-audio/CMakeFiles/BundledResonanceAudio.dir/__/3rdparty/resonance-audio/platforms/common/utils.cc.o.d -o src/resonance-audio/CMakeFiles/BundledResonanceAudio.dir/__/3rdparty/resonance-audio/platforms/common/utils.cc.o -c /build/qt6-multimedia/src/qtmultimedia-everywhere-src-6.6.1/src/3rdparty/resonance-audio/platforms/common/utils.cc
In file included from /build/qt6-multimedia/src/qtmultimedia-everywhere-src-6.6.1/src/resonance-audio/../3rdparty/eigen/Eigen/Core:210,
                 from /build/qt6-multimedia/src/qtmultimedia-everywhere-src-6.6.1/src/resonance-audio/../3rdparty/eigen/Eigen/Dense:1,
                 from /build/qt6-multimedia/src/qtmultimedia-everywhere-src-6.6.1/src/resonance-audio/../3rdparty/resonance-audio/platforms/common/utils.h:20,
                 from /build/qt6-multimedia/src/qtmultimedia-everywhere-src-6.6.1/src/3rdparty/resonance-audio/platforms/common/utils.cc:17:
/build/qt6-multimedia/src/qtmultimedia-everywhere-src-6.6.1/src/resonance-audio/../3rdparty/eigen/Eigen/src/Core/arch/AltiVec/PacketMath.h: In function ‘Packet Eigen::internal::pblend(const Selector<unpacket_traits<T>::size>&, const Packet&, const Packet&) [with Packet = __vector(2) double]’:
/build/qt6-multimedia/src/qtmultimedia-everywhere-src-6.6.1/src/resonance-audio/../3rdparty/eigen/Eigen/src/Core/arch/AltiVec/PacketMath.h:2702:17: error: invalid parameter combination for AltiVec intrinsic ‘__builtin_vec_sel’
 2702 |   return vec_sel(elsePacket, thenPacket, mask);
      |                 ^
[26/364] Building CXX object src/resonance-audio/CMakeFiles/BundledResonanceAudio.dir/__/3rdparty/resonance-audio/resonance_audio/dsp/biquad_filter.cc.o
[27/364] Building CXX object src/resonance-audio/CMakeFiles/BundledResonanceAudio.dir/__/3rdparty/resonance-audio/resonance_audio/dsp/channel_converter.cc.o
[28/364] Building CXX object src/resonance-audio/CMakeFiles/BundledResonanceAudio.dir/__/3rdparty/resonance-audio/resonance_audio/ambisonics/associated_legendre_polynomials_generator.cc.o
FAILED: src/resonance-audio/CMakeFiles/BundledResonanceAudio.dir/__/3rdparty/resonance-audio/resonance_audio/ambisonics/associated_legendre_polynomials_generator.cc.o 
/usr/lib/ccache/bin/powerpc-unknown-linux-gnu-g++ -DEIGEN_MPL2_ONLY -DQT_EXPLICIT_QFILE_CONSTRUCTION_FROM_PATH -DQT_NO_AS_CONST -DQT_NO_DEBUG -DQT_NO_EXCEPTIONS -DQT_NO_JAVA_STYLE_ITERATORS -DQT_NO_NARROWING_CONVERSIONS_IN_CONNECT -DQT_NO_QEXCHANGE -D_LARGEFILE64_SOURCE -D_LARGEFILE_SOURCE -I/build/qt6-multimedia/src/build/src/resonance-audio/BundledResonanceAudio_autogen/include -I/build/qt6-multimedia/src/qtmultimedia-everywhere-src-6.6.1/src/resonance-audio/../3rdparty/resonance-audio -I/build/qt6-multimedia/src/qtmultimedia-everywhere-src-6.6.1/src/resonance-audio/../3rdparty/resonance-audio/resonance_audio -I/build/qt6-multimedia/src/qtmultimedia-everywhere-src-6.6.1/src/resonance-audio/../3rdparty/pffft -I/build/qt6-multimedia/src/qtmultimedia-everywhere-src-6.6.1/src/resonance-audio/../3rdparty/resonance-audio/third_party/SADIE_hrtf_database/generated -I/build/qt6-multimedia/src/qtmultimedia-everywhere-src-6.6.1/src/resonance-audio/../3rdparty/eigen -isystem /usr/lib/qt6/mkspecs/linux-g++ -isystem /usr/include/qt6 -O2 -pipe -Wp,-D_GLIBCXX_ASSERTIONS -ffat-lto-objects -g -DNDEBUG -O2 -std=c++17 -fPIC -fvisibility=hidden -fvisibility-inlines-hidden -w -fno-exceptions -maltivec -mvsx -Wsuggest-override -MD -MT src/resonance-audio/CMakeFiles/BundledResonanceAudio.dir/__/3rdparty/resonance-audio/resonance_audio/ambisonics/associated_legendre_polynomials_generator.cc.o -MF src/resonance-audio/CMakeFiles/BundledResonanceAudio.dir/__/3rdparty/resonance-audio/resonance_audio/ambisonics/associated_legendre_polynomials_generator.cc.o.d -o src/resonance-audio/CMakeFiles/BundledResonanceAudio.dir/__/3rdparty/resonance-audio/resonance_audio/ambisonics/associated_legendre_polynomials_generator.cc.o -c /build/qt6-multimedia/src/qtmultimedia-everywhere-src-6.6.1/src/3rdparty/resonance-audio/resonance_audio/ambisonics/associated_legendre_polynomials_generator.cc
In file included from /build/qt6-multimedia/src/qtmultimedia-everywhere-src-6.6.1/src/resonance-audio/../3rdparty/eigen/Eigen/Core:210,
                 from /build/qt6-multimedia/src/qtmultimedia-everywhere-src-6.6.1/src/resonance-audio/../3rdparty/eigen/Eigen/Dense:1,
                 from /build/qt6-multimedia/src/qtmultimedia-everywhere-src-6.6.1/src/resonance-audio/../3rdparty/resonance-audio/resonance_audio/base/misc_math.h:32,
                 from /build/qt6-multimedia/src/qtmultimedia-everywhere-src-6.6.1/src/3rdparty/resonance-audio/resonance_audio/ambisonics/associated_legendre_polynomials_generator.cc:22:
/build/qt6-multimedia/src/qtmultimedia-everywhere-src-6.6.1/src/resonance-audio/../3rdparty/eigen/Eigen/src/Core/arch/AltiVec/PacketMath.h: In function ‘Packet Eigen::internal::pblend(const Selector<unpacket_traits<T>::size>&, const Packet&, const Packet&) [with Packet = __vector(2) double]’:
/build/qt6-multimedia/src/qtmultimedia-everywhere-src-6.6.1/src/resonance-audio/../3rdparty/eigen/Eigen/src/Core/arch/AltiVec/PacketMath.h:2702:17: error: invalid parameter combination for AltiVec intrinsic ‘__builtin_vec_sel’
 2702 |   return vec_sel(elsePacket, thenPacket, mask);
      |                 ^
[29/364] Building CXX object src/resonance-audio/CMakeFiles/BundledResonanceAudio.dir/__/3rdparty/resonance-audio/resonance_audio/ambisonics/ambisonic_lookup_table.cc.o
FAILED: src/resonance-audio/CMakeFiles/BundledResonanceAudio.dir/__/3rdparty/resonance-audio/resonance_audio/ambisonics/ambisonic_lookup_table.cc.o 
/usr/lib/ccache/bin/powerpc-unknown-linux-gnu-g++ -DEIGEN_MPL2_ONLY -DQT_EXPLICIT_QFILE_CONSTRUCTION_FROM_PATH -DQT_NO_AS_CONST -DQT_NO_DEBUG -DQT_NO_EXCEPTIONS -DQT_NO_JAVA_STYLE_ITERATORS -DQT_NO_NARROWING_CONVERSIONS_IN_CONNECT -DQT_NO_QEXCHANGE -D_LARGEFILE64_SOURCE -D_LARGEFILE_SOURCE -I/build/qt6-multimedia/src/build/src/resonance-audio/BundledResonanceAudio_autogen/include -I/build/qt6-multimedia/src/qtmultimedia-everywhere-src-6.6.1/src/resonance-audio/../3rdparty/resonance-audio -I/build/qt6-multimedia/src/qtmultimedia-everywhere-src-6.6.1/src/resonance-audio/../3rdparty/resonance-audio/resonance_audio -I/build/qt6-multimedia/src/qtmultimedia-everywhere-src-6.6.1/src/resonance-audio/../3rdparty/pffft -I/build/qt6-multimedia/src/qtmultimedia-everywhere-src-6.6.1/src/resonance-audio/../3rdparty/resonance-audio/third_party/SADIE_hrtf_database/generated -I/build/qt6-multimedia/src/qtmultimedia-everywhere-src-6.6.1/src/resonance-audio/../3rdparty/eigen -isystem /usr/lib/qt6/mkspecs/linux-g++ -isystem /usr/include/qt6 -O2 -pipe -Wp,-D_GLIBCXX_ASSERTIONS -ffat-lto-objects -g -DNDEBUG -O2 -std=c++17 -fPIC -fvisibility=hidden -fvisibility-inlines-hidden -w -fno-exceptions -maltivec -mvsx -Wsuggest-override -MD -MT src/resonance-audio/CMakeFiles/BundledResonanceAudio.dir/__/3rdparty/resonance-audio/resonance_audio/ambisonics/ambisonic_lookup_table.cc.o -MF src/resonance-audio/CMakeFiles/BundledResonanceAudio.dir/__/3rdparty/resonance-audio/resonance_audio/ambisonics/ambisonic_lookup_table.cc.o.d -o src/resonance-audio/CMakeFiles/BundledResonanceAudio.dir/__/3rdparty/resonance-audio/resonance_audio/ambisonics/ambisonic_lookup_table.cc.o -c /build/qt6-multimedia/src/qtmultimedia-everywhere-src-6.6.1/src/3rdparty/resonance-audio/resonance_audio/ambisonics/ambisonic_lookup_table.cc
In file included from /build/qt6-multimedia/src/qtmultimedia-everywhere-src-6.6.1/src/resonance-audio/../3rdparty/eigen/Eigen/Core:210,
                 from /build/qt6-multimedia/src/qtmultimedia-everywhere-src-6.6.1/src/resonance-audio/../3rdparty/eigen/Eigen/Dense:1,
                 from /build/qt6-multimedia/src/qtmultimedia-everywhere-src-6.6.1/src/resonance-audio/../3rdparty/resonance-audio/resonance_audio/base/misc_math.h:32,
                 from /build/qt6-multimedia/src/qtmultimedia-everywhere-src-6.6.1/src/resonance-audio/../3rdparty/resonance-audio/resonance_audio/base/spherical_angle.h:20,
                 from /build/qt6-multimedia/src/qtmultimedia-everywhere-src-6.6.1/src/resonance-audio/../3rdparty/resonance-audio/resonance_audio/ambisonics/ambisonic_lookup_table.h:22,
                 from /build/qt6-multimedia/src/qtmultimedia-everywhere-src-6.6.1/src/3rdparty/resonance-audio/resonance_audio/ambisonics/ambisonic_lookup_table.cc:17:
/build/qt6-multimedia/src/qtmultimedia-everywhere-src-6.6.1/src/resonance-audio/../3rdparty/eigen/Eigen/src/Core/arch/AltiVec/PacketMath.h: In function ‘Packet Eigen::internal::pblend(const Selector<unpacket_traits<T>::size>&, const Packet&, const Packet&) [with Packet = __vector(2) double]’:
/build/qt6-multimedia/src/qtmultimedia-everywhere-src-6.6.1/src/resonance-audio/../3rdparty/eigen/Eigen/src/Core/arch/AltiVec/PacketMath.h:2702:17: error: invalid parameter combination for AltiVec intrinsic ‘__builtin_vec_sel’
 2702 |   return vec_sel(elsePacket, thenPacket, mask);
      |                 ^
[30/364] Building CXX object src/resonance-audio/CMakeFiles/BundledResonanceAudio.dir/__/3rdparty/resonance-audio/resonance_audio/dsp/circular_buffer.cc.o
[31/364] Building CXX object src/resonance-audio/CMakeFiles/BundledResonanceAudio.dir/__/3rdparty/resonance-audio/resonance_audio/base/misc_math.cc.o
FAILED: src/resonance-audio/CMakeFiles/BundledResonanceAudio.dir/__/3rdparty/resonance-audio/resonance_audio/base/misc_math.cc.o 
/usr/lib/ccache/bin/powerpc-unknown-linux-gnu-g++ -DEIGEN_MPL2_ONLY -DQT_EXPLICIT_QFILE_CONSTRUCTION_FROM_PATH -DQT_NO_AS_CONST -DQT_NO_DEBUG -DQT_NO_EXCEPTIONS -DQT_NO_JAVA_STYLE_ITERATORS -DQT_NO_NARROWING_CONVERSIONS_IN_CONNECT -DQT_NO_QEXCHANGE -D_LARGEFILE64_SOURCE -D_LARGEFILE_SOURCE -I/build/qt6-multimedia/src/build/src/resonance-audio/BundledResonanceAudio_autogen/include -I/build/qt6-multimedia/src/qtmultimedia-everywhere-src-6.6.1/src/resonance-audio/../3rdparty/resonance-audio -I/build/qt6-multimedia/src/qtmultimedia-everywhere-src-6.6.1/src/resonance-audio/../3rdparty/resonance-audio/resonance_audio -I/build/qt6-multimedia/src/qtmultimedia-everywhere-src-6.6.1/src/resonance-audio/../3rdparty/pffft -I/build/qt6-multimedia/src/qtmultimedia-everywhere-src-6.6.1/src/resonance-audio/../3rdparty/resonance-audio/third_party/SADIE_hrtf_database/generated -I/build/qt6-multimedia/src/qtmultimedia-everywhere-src-6.6.1/src/resonance-audio/../3rdparty/eigen -isystem /usr/lib/qt6/mkspecs/linux-g++ -isystem /usr/include/qt6 -O2 -pipe -Wp,-D_GLIBCXX_ASSERTIONS -ffat-lto-objects -g -DNDEBUG -O2 -std=c++17 -fPIC -fvisibility=hidden -fvisibility-inlines-hidden -w -fno-exceptions -maltivec -mvsx -Wsuggest-override -MD -MT src/resonance-audio/CMakeFiles/BundledResonanceAudio.dir/__/3rdparty/resonance-audio/resonance_audio/base/misc_math.cc.o -MF src/resonance-audio/CMakeFiles/BundledResonanceAudio.dir/__/3rdparty/resonance-audio/resonance_audio/base/misc_math.cc.o.d -o src/resonance-audio/CMakeFiles/BundledResonanceAudio.dir/__/3rdparty/resonance-audio/resonance_audio/base/misc_math.cc.o -c /build/qt6-multimedia/src/qtmultimedia-everywhere-src-6.6.1/src/3rdparty/resonance-audio/resonance_audio/base/misc_math.cc
In file included from /build/qt6-multimedia/src/qtmultimedia-everywhere-src-6.6.1/src/resonance-audio/../3rdparty/eigen/Eigen/Core:210,
                 from /build/qt6-multimedia/src/qtmultimedia-everywhere-src-6.6.1/src/resonance-audio/../3rdparty/eigen/Eigen/Dense:1,
                 from /build/qt6-multimedia/src/qtmultimedia-everywhere-src-6.6.1/src/resonance-audio/../3rdparty/resonance-audio/resonance_audio/base/misc_math.h:32,
                 from /build/qt6-multimedia/src/qtmultimedia-everywhere-src-6.6.1/src/3rdparty/resonance-audio/resonance_audio/base/misc_math.cc:17:
/build/qt6-multimedia/src/qtmultimedia-everywhere-src-6.6.1/src/resonance-audio/../3rdparty/eigen/Eigen/src/Core/arch/AltiVec/PacketMath.h: In function ‘Packet Eigen::internal::pblend(const Selector<unpacket_traits<T>::size>&, const Packet&, const Packet&) [with Packet = __vector(2) double]’:
/build/qt6-multimedia/src/qtmultimedia-everywhere-src-6.6.1/src/resonance-audio/../3rdparty/eigen/Eigen/src/Core/arch/AltiVec/PacketMath.h:2702:17: error: invalid parameter combination for AltiVec intrinsic ‘__builtin_vec_sel’
 2702 |   return vec_sel(elsePacket, thenPacket, mask);
      |                 ^
[32/364] Building CXX object src/resonance-audio/CMakeFiles/BundledResonanceAudio.dir/__/3rdparty/resonance-audio/resonance_audio/api/resonance_audio_api.cc.o
FAILED: src/resonance-audio/CMakeFiles/BundledResonanceAudio.dir/__/3rdparty/resonance-audio/resonance_audio/api/resonance_audio_api.cc.o 
/usr/lib/ccache/bin/powerpc-unknown-linux-gnu-g++ -DEIGEN_MPL2_ONLY -DQT_EXPLICIT_QFILE_CONSTRUCTION_FROM_PATH -DQT_NO_AS_CONST -DQT_NO_DEBUG -DQT_NO_EXCEPTIONS -DQT_NO_JAVA_STYLE_ITERATORS -DQT_NO_NARROWING_CONVERSIONS_IN_CONNECT -DQT_NO_QEXCHANGE -D_LARGEFILE64_SOURCE -D_LARGEFILE_SOURCE -I/build/qt6-multimedia/src/build/src/resonance-audio/BundledResonanceAudio_autogen/include -I/build/qt6-multimedia/src/qtmultimedia-everywhere-src-6.6.1/src/resonance-audio/../3rdparty/resonance-audio -I/build/qt6-multimedia/src/qtmultimedia-everywhere-src-6.6.1/src/resonance-audio/../3rdparty/resonance-audio/resonance_audio -I/build/qt6-multimedia/src/qtmultimedia-everywhere-src-6.6.1/src/resonance-audio/../3rdparty/pffft -I/build/qt6-multimedia/src/qtmultimedia-everywhere-src-6.6.1/src/resonance-audio/../3rdparty/resonance-audio/third_party/SADIE_hrtf_database/generated -I/build/qt6-multimedia/src/qtmultimedia-everywhere-src-6.6.1/src/resonance-audio/../3rdparty/eigen -isystem /usr/lib/qt6/mkspecs/linux-g++ -isystem /usr/include/qt6 -O2 -pipe -Wp,-D_GLIBCXX_ASSERTIONS -ffat-lto-objects -g -DNDEBUG -O2 -std=c++17 -fPIC -fvisibility=hidden -fvisibility-inlines-hidden -w -fno-exceptions -maltivec -mvsx -Wsuggest-override -MD -MT src/resonance-audio/CMakeFiles/BundledResonanceAudio.dir/__/3rdparty/resonance-audio/resonance_audio/api/resonance_audio_api.cc.o -MF src/resonance-audio/CMakeFiles/BundledResonanceAudio.dir/__/3rdparty/resonance-audio/resonance_audio/api/resonance_audio_api.cc.o.d -o src/resonance-audio/CMakeFiles/BundledResonanceAudio.dir/__/3rdparty/resonance-audio/resonance_audio/api/resonance_audio_api.cc.o -c /build/qt6-multimedia/src/qtmultimedia-everywhere-src-6.6.1/src/3rdparty/resonance-audio/resonance_audio/api/resonance_audio_api.cc
In file included from /build/qt6-multimedia/src/qtmultimedia-everywhere-src-6.6.1/src/resonance-audio/../3rdparty/eigen/Eigen/Core:210,
                 from /build/qt6-multimedia/src/qtmultimedia-everywhere-src-6.6.1/src/resonance-audio/../3rdparty/eigen/Eigen/Dense:1,
                 from /build/qt6-multimedia/src/qtmultimedia-everywhere-src-6.6.1/src/resonance-audio/../3rdparty/resonance-audio/resonance_audio/base/misc_math.h:32,
                 from /build/qt6-multimedia/src/qtmultimedia-everywhere-src-6.6.1/src/resonance-audio/../3rdparty/resonance-audio/resonance_audio/base/spherical_angle.h:20,
                 from /build/qt6-multimedia/src/qtmultimedia-everywhere-src-6.6.1/src/resonance-audio/../3rdparty/resonance-audio/resonance_audio/ambisonics/ambisonic_lookup_table.h:22,
                 from /build/qt6-multimedia/src/qtmultimedia-everywhere-src-6.6.1/src/resonance-audio/../3rdparty/resonance-audio/resonance_audio/graph/graph_manager.h:24,
                 from /build/qt6-multimedia/src/qtmultimedia-everywhere-src-6.6.1/src/resonance-audio/../3rdparty/resonance-audio/resonance_audio/graph/resonance_audio_api_impl.h:27,
                 from /build/qt6-multimedia/src/qtmultimedia-everywhere-src-6.6.1/src/3rdparty/resonance-audio/resonance_audio/api/resonance_audio_api.cc:20:
/build/qt6-multimedia/src/qtmultimedia-everywhere-src-6.6.1/src/resonance-audio/../3rdparty/eigen/Eigen/src/Core/arch/AltiVec/PacketMath.h: In function ‘Packet Eigen::internal::pblend(const Selector<unpacket_traits<T>::size>&, const Packet&, const Packet&) [with Packet = __vector(2) double]’:
/build/qt6-multimedia/src/qtmultimedia-everywhere-src-6.6.1/src/resonance-audio/../3rdparty/eigen/Eigen/src/Core/arch/AltiVec/PacketMath.h:2702:17: error: invalid parameter combination for AltiVec intrinsic ‘__builtin_vec_sel’
 2702 |   return vec_sel(elsePacket, thenPacket, mask);
      |                 ^
[33/364] Building CXX object src/resonance-audio/CMakeFiles/BundledResonanceAudio.dir/__/3rdparty/resonance-audio/resonance_audio/base/simd_utils.cc.o
FAILED: src/resonance-audio/CMakeFiles/BundledResonanceAudio.dir/__/3rdparty/resonance-audio/resonance_audio/base/simd_utils.cc.o 
/usr/lib/ccache/bin/powerpc-unknown-linux-gnu-g++ -DEIGEN_MPL2_ONLY -DQT_EXPLICIT_QFILE_CONSTRUCTION_FROM_PATH -DQT_NO_AS_CONST -DQT_NO_DEBUG -DQT_NO_EXCEPTIONS -DQT_NO_JAVA_STYLE_ITERATORS -DQT_NO_NARROWING_CONVERSIONS_IN_CONNECT -DQT_NO_QEXCHANGE -D_LARGEFILE64_SOURCE -D_LARGEFILE_SOURCE -I/build/qt6-multimedia/src/build/src/resonance-audio/BundledResonanceAudio_autogen/include -I/build/qt6-multimedia/src/qtmultimedia-everywhere-src-6.6.1/src/resonance-audio/../3rdparty/resonance-audio -I/build/qt6-multimedia/src/qtmultimedia-everywhere-src-6.6.1/src/resonance-audio/../3rdparty/resonance-audio/resonance_audio -I/build/qt6-multimedia/src/qtmultimedia-everywhere-src-6.6.1/src/resonance-audio/../3rdparty/pffft -I/build/qt6-multimedia/src/qtmultimedia-everywhere-src-6.6.1/src/resonance-audio/../3rdparty/resonance-audio/third_party/SADIE_hrtf_database/generated -I/build/qt6-multimedia/src/qtmultimedia-everywhere-src-6.6.1/src/resonance-audio/../3rdparty/eigen -isystem /usr/lib/qt6/mkspecs/linux-g++ -isystem /usr/include/qt6 -O2 -pipe -Wp,-D_GLIBCXX_ASSERTIONS -ffat-lto-objects -g -DNDEBUG -O2 -std=c++17 -fPIC -fvisibility=hidden -fvisibility-inlines-hidden -w -fno-exceptions -maltivec -mvsx -Wsuggest-override -MD -MT src/resonance-audio/CMakeFiles/BundledResonanceAudio.dir/__/3rdparty/resonance-audio/resonance_audio/base/simd_utils.cc.o -MF src/resonance-audio/CMakeFiles/BundledResonanceAudio.dir/__/3rdparty/resonance-audio/resonance_audio/base/simd_utils.cc.o.d -o src/resonance-audio/CMakeFiles/BundledResonanceAudio.dir/__/3rdparty/resonance-audio/resonance_audio/base/simd_utils.cc.o -c /build/qt6-multimedia/src/qtmultimedia-everywhere-src-6.6.1/src/3rdparty/resonance-audio/resonance_audio/base/simd_utils.cc
In file included from /build/qt6-multimedia/src/qtmultimedia-everywhere-src-6.6.1/src/resonance-audio/../3rdparty/eigen/Eigen/Core:210,
                 from /build/qt6-multimedia/src/qtmultimedia-everywhere-src-6.6.1/src/resonance-audio/../3rdparty/eigen/Eigen/Dense:1,
                 from /build/qt6-multimedia/src/qtmultimedia-everywhere-src-6.6.1/src/resonance-audio/../3rdparty/resonance-audio/resonance_audio/base/misc_math.h:32,
                 from /build/qt6-multimedia/src/qtmultimedia-everywhere-src-6.6.1/src/3rdparty/resonance-audio/resonance_audio/base/simd_utils.cc:29:
/build/qt6-multimedia/src/qtmultimedia-everywhere-src-6.6.1/src/resonance-audio/../3rdparty/eigen/Eigen/src/Core/arch/AltiVec/PacketMath.h: In function ‘Packet Eigen::internal::pblend(const Selector<unpacket_traits<T>::size>&, const Packet&, const Packet&) [with Packet = __vector(2) double]’:
/build/qt6-multimedia/src/qtmultimedia-everywhere-src-6.6.1/src/resonance-audio/../3rdparty/eigen/Eigen/src/Core/arch/AltiVec/PacketMath.h:2702:17: error: invalid parameter combination for AltiVec intrinsic ‘__builtin_vec_sel’
 2702 |   return vec_sel(elsePacket, thenPacket, mask);
      |                 ^
[34/364] Building CXX object src/resonance-audio/CMakeFiles/BundledResonanceAudio.dir/__/3rdparty/resonance-audio/resonance_audio/ambisonics/foa_rotator.cc.o
FAILED: src/resonance-audio/CMakeFiles/BundledResonanceAudio.dir/__/3rdparty/resonance-audio/resonance_audio/ambisonics/foa_rotator.cc.o 
/usr/lib/ccache/bin/powerpc-unknown-linux-gnu-g++ -DEIGEN_MPL2_ONLY -DQT_EXPLICIT_QFILE_CONSTRUCTION_FROM_PATH -DQT_NO_AS_CONST -DQT_NO_DEBUG -DQT_NO_EXCEPTIONS -DQT_NO_JAVA_STYLE_ITERATORS -DQT_NO_NARROWING_CONVERSIONS_IN_CONNECT -DQT_NO_QEXCHANGE -D_LARGEFILE64_SOURCE -D_LARGEFILE_SOURCE -I/build/qt6-multimedia/src/build/src/resonance-audio/BundledResonanceAudio_autogen/include -I/build/qt6-multimedia/src/qtmultimedia-everywhere-src-6.6.1/src/resonance-audio/../3rdparty/resonance-audio -I/build/qt6-multimedia/src/qtmultimedia-everywhere-src-6.6.1/src/resonance-audio/../3rdparty/resonance-audio/resonance_audio -I/build/qt6-multimedia/src/qtmultimedia-everywhere-src-6.6.1/src/resonance-audio/../3rdparty/pffft -I/build/qt6-multimedia/src/qtmultimedia-everywhere-src-6.6.1/src/resonance-audio/../3rdparty/resonance-audio/third_party/SADIE_hrtf_database/generated -I/build/qt6-multimedia/src/qtmultimedia-everywhere-src-6.6.1/src/resonance-audio/../3rdparty/eigen -isystem /usr/lib/qt6/mkspecs/linux-g++ -isystem /usr/include/qt6 -O2 -pipe -Wp,-D_GLIBCXX_ASSERTIONS -ffat-lto-objects -g -DNDEBUG -O2 -std=c++17 -fPIC -fvisibility=hidden -fvisibility-inlines-hidden -w -fno-exceptions -maltivec -mvsx -Wsuggest-override -MD -MT src/resonance-audio/CMakeFiles/BundledResonanceAudio.dir/__/3rdparty/resonance-audio/resonance_audio/ambisonics/foa_rotator.cc.o -MF src/resonance-audio/CMakeFiles/BundledResonanceAudio.dir/__/3rdparty/resonance-audio/resonance_audio/ambisonics/foa_rotator.cc.o.d -o src/resonance-audio/CMakeFiles/BundledResonanceAudio.dir/__/3rdparty/resonance-audio/resonance_audio/ambisonics/foa_rotator.cc.o -c /build/qt6-multimedia/src/qtmultimedia-everywhere-src-6.6.1/src/3rdparty/resonance-audio/resonance_audio/ambisonics/foa_rotator.cc
In file included from /build/qt6-multimedia/src/qtmultimedia-everywhere-src-6.6.1/src/resonance-audio/../3rdparty/eigen/Eigen/Core:210,
                 from /build/qt6-multimedia/src/qtmultimedia-everywhere-src-6.6.1/src/resonance-audio/../3rdparty/eigen/Eigen/Dense:1,
                 from /build/qt6-multimedia/src/qtmultimedia-everywhere-src-6.6.1/src/resonance-audio/../3rdparty/resonance-audio/resonance_audio/base/misc_math.h:32,
                 from /build/qt6-multimedia/src/qtmultimedia-everywhere-src-6.6.1/src/resonance-audio/../3rdparty/resonance-audio/resonance_audio/base/spherical_angle.h:20,
                 from /build/qt6-multimedia/src/qtmultimedia-everywhere-src-6.6.1/src/resonance-audio/../3rdparty/resonance-audio/resonance_audio/ambisonics/foa_rotator.h:21,
                 from /build/qt6-multimedia/src/qtmultimedia-everywhere-src-6.6.1/src/3rdparty/resonance-audio/resonance_audio/ambisonics/foa_rotator.cc:21:
/build/qt6-multimedia/src/qtmultimedia-everywhere-src-6.6.1/src/resonance-audio/../3rdparty/eigen/Eigen/src/Core/arch/AltiVec/PacketMath.h: In function ‘Packet Eigen::internal::pblend(const Selector<unpacket_traits<T>::size>&, const Packet&, const Packet&) [with Packet = __vector(2) double]’:
/build/qt6-multimedia/src/qtmultimedia-everywhere-src-6.6.1/src/resonance-audio/../3rdparty/eigen/Eigen/src/Core/arch/AltiVec/PacketMath.h:2702:17: error: invalid parameter combination for AltiVec intrinsic ‘__builtin_vec_sel’
 2702 |   return vec_sel(elsePacket, thenPacket, mask);
      |                 ^
[35/364] Building CXX object src/resonance-audio/CMakeFiles/BundledResonanceAudio.dir/__/3rdparty/resonance-audio/resonance_audio/ambisonics/ambisonic_binaural_decoder.cc.o
FAILED: src/resonance-audio/CMakeFiles/BundledResonanceAudio.dir/__/3rdparty/resonance-audio/resonance_audio/ambisonics/ambisonic_binaural_decoder.cc.o 
/usr/lib/ccache/bin/powerpc-unknown-linux-gnu-g++ -DEIGEN_MPL2_ONLY -DQT_EXPLICIT_QFILE_CONSTRUCTION_FROM_PATH -DQT_NO_AS_CONST -DQT_NO_DEBUG -DQT_NO_EXCEPTIONS -DQT_NO_JAVA_STYLE_ITERATORS -DQT_NO_NARROWING_CONVERSIONS_IN_CONNECT -DQT_NO_QEXCHANGE -D_LARGEFILE64_SOURCE -D_LARGEFILE_SOURCE -I/build/qt6-multimedia/src/build/src/resonance-audio/BundledResonanceAudio_autogen/include -I/build/qt6-multimedia/src/qtmultimedia-everywhere-src-6.6.1/src/resonance-audio/../3rdparty/resonance-audio -I/build/qt6-multimedia/src/qtmultimedia-everywhere-src-6.6.1/src/resonance-audio/../3rdparty/resonance-audio/resonance_audio -I/build/qt6-multimedia/src/qtmultimedia-everywhere-src-6.6.1/src/resonance-audio/../3rdparty/pffft -I/build/qt6-multimedia/src/qtmultimedia-everywhere-src-6.6.1/src/resonance-audio/../3rdparty/resonance-audio/third_party/SADIE_hrtf_database/generated -I/build/qt6-multimedia/src/qtmultimedia-everywhere-src-6.6.1/src/resonance-audio/../3rdparty/eigen -isystem /usr/lib/qt6/mkspecs/linux-g++ -isystem /usr/include/qt6 -O2 -pipe -Wp,-D_GLIBCXX_ASSERTIONS -ffat-lto-objects -g -DNDEBUG -O2 -std=c++17 -fPIC -fvisibility=hidden -fvisibility-inlines-hidden -w -fno-exceptions -maltivec -mvsx -Wsuggest-override -MD -MT src/resonance-audio/CMakeFiles/BundledResonanceAudio.dir/__/3rdparty/resonance-audio/resonance_audio/ambisonics/ambisonic_binaural_decoder.cc.o -MF src/resonance-audio/CMakeFiles/BundledResonanceAudio.dir/__/3rdparty/resonance-audio/resonance_audio/ambisonics/ambisonic_binaural_decoder.cc.o.d -o src/resonance-audio/CMakeFiles/BundledResonanceAudio.dir/__/3rdparty/resonance-audio/resonance_audio/ambisonics/ambisonic_binaural_decoder.cc.o -c /build/qt6-multimedia/src/qtmultimedia-everywhere-src-6.6.1/src/3rdparty/resonance-audio/resonance_audio/ambisonics/ambisonic_binaural_decoder.cc
In file included from /build/qt6-multimedia/src/qtmultimedia-everywhere-src-6.6.1/src/resonance-audio/../3rdparty/eigen/Eigen/Core:210,
                 from /build/qt6-multimedia/src/qtmultimedia-everywhere-src-6.6.1/src/resonance-audio/../3rdparty/eigen/Eigen/Dense:1,
                 from /build/qt6-multimedia/src/qtmultimedia-everywhere-src-6.6.1/src/resonance-audio/../3rdparty/resonance-audio/resonance_audio/base/misc_math.h:32,
                 from /build/qt6-multimedia/src/qtmultimedia-everywhere-src-6.6.1/src/resonance-audio/../3rdparty/resonance-audio/resonance_audio/dsp/partitioned_fft_filter.h:23,
                 from /build/qt6-multimedia/src/qtmultimedia-everywhere-src-6.6.1/src/resonance-audio/../3rdparty/resonance-audio/resonance_audio/ambisonics/ambisonic_binaural_decoder.h:24,
                 from /build/qt6-multimedia/src/qtmultimedia-everywhere-src-6.6.1/src/3rdparty/resonance-audio/resonance_audio/ambisonics/ambisonic_binaural_decoder.cc:17:
/build/qt6-multimedia/src/qtmultimedia-everywhere-src-6.6.1/src/resonance-audio/../3rdparty/eigen/Eigen/src/Core/arch/AltiVec/PacketMath.h: In function ‘Packet Eigen::internal::pblend(const Selector<unpacket_traits<T>::size>&, const Packet&, const Packet&) [with Packet = __vector(2) double]’:
/build/qt6-multimedia/src/qtmultimedia-everywhere-src-6.6.1/src/resonance-audio/../3rdparty/eigen/Eigen/src/Core/arch/AltiVec/PacketMath.h:2702:17: error: invalid parameter combination for AltiVec intrinsic ‘__builtin_vec_sel’
 2702 |   return vec_sel(elsePacket, thenPacket, mask);
      |                 ^
[36/364] Building CXX object src/resonance-audio/CMakeFiles/BundledResonanceAudio.dir/__/3rdparty/resonance-audio/resonance_audio/base/spherical_angle.cc.o
FAILED: src/resonance-audio/CMakeFiles/BundledResonanceAudio.dir/__/3rdparty/resonance-audio/resonance_audio/base/spherical_angle.cc.o 
/usr/lib/ccache/bin/powerpc-unknown-linux-gnu-g++ -DEIGEN_MPL2_ONLY -DQT_EXPLICIT_QFILE_CONSTRUCTION_FROM_PATH -DQT_NO_AS_CONST -DQT_NO_DEBUG -DQT_NO_EXCEPTIONS -DQT_NO_JAVA_STYLE_ITERATORS -DQT_NO_NARROWING_CONVERSIONS_IN_CONNECT -DQT_NO_QEXCHANGE -D_LARGEFILE64_SOURCE -D_LARGEFILE_SOURCE -I/build/qt6-multimedia/src/build/src/resonance-audio/BundledResonanceAudio_autogen/include -I/build/qt6-multimedia/src/qtmultimedia-everywhere-src-6.6.1/src/resonance-audio/../3rdparty/resonance-audio -I/build/qt6-multimedia/src/qtmultimedia-everywhere-src-6.6.1/src/resonance-audio/../3rdparty/resonance-audio/resonance_audio -I/build/qt6-multimedia/src/qtmultimedia-everywhere-src-6.6.1/src/resonance-audio/../3rdparty/pffft -I/build/qt6-multimedia/src/qtmultimedia-everywhere-src-6.6.1/src/resonance-audio/../3rdparty/resonance-audio/third_party/SADIE_hrtf_database/generated -I/build/qt6-multimedia/src/qtmultimedia-everywhere-src-6.6.1/src/resonance-audio/../3rdparty/eigen -isystem /usr/lib/qt6/mkspecs/linux-g++ -isystem /usr/include/qt6 -O2 -pipe -Wp,-D_GLIBCXX_ASSERTIONS -ffat-lto-objects -g -DNDEBUG -O2 -std=c++17 -fPIC -fvisibility=hidden -fvisibility-inlines-hidden -w -fno-exceptions -maltivec -mvsx -Wsuggest-override -MD -MT src/resonance-audio/CMakeFiles/BundledResonanceAudio.dir/__/3rdparty/resonance-audio/resonance_audio/base/spherical_angle.cc.o -MF src/resonance-audio/CMakeFiles/BundledResonanceAudio.dir/__/3rdparty/resonance-audio/resonance_audio/base/spherical_angle.cc.o.d -o src/resonance-audio/CMakeFiles/BundledResonanceAudio.dir/__/3rdparty/resonance-audio/resonance_audio/base/spherical_angle.cc.o -c /build/qt6-multimedia/src/qtmultimedia-everywhere-src-6.6.1/src/3rdparty/resonance-audio/resonance_audio/base/spherical_angle.cc
In file included from /build/qt6-multimedia/src/qtmultimedia-everywhere-src-6.6.1/src/resonance-audio/../3rdparty/eigen/Eigen/Core:210,
                 from /build/qt6-multimedia/src/qtmultimedia-everywhere-src-6.6.1/src/resonance-audio/../3rdparty/eigen/Eigen/Dense:1,
                 from /build/qt6-multimedia/src/qtmultimedia-everywhere-src-6.6.1/src/resonance-audio/../3rdparty/resonance-audio/resonance_audio/base/misc_math.h:32,
                 from /build/qt6-multimedia/src/qtmultimedia-everywhere-src-6.6.1/src/resonance-audio/../3rdparty/resonance-audio/resonance_audio/base/spherical_angle.h:20,
                 from /build/qt6-multimedia/src/qtmultimedia-everywhere-src-6.6.1/src/3rdparty/resonance-audio/resonance_audio/base/spherical_angle.cc:17:
/build/qt6-multimedia/src/qtmultimedia-everywhere-src-6.6.1/src/resonance-audio/../3rdparty/eigen/Eigen/src/Core/arch/AltiVec/PacketMath.h: In function ‘Packet Eigen::internal::pblend(const Selector<unpacket_traits<T>::size>&, const Packet&, const Packet&) [with Packet = __vector(2) double]’:
/build/qt6-multimedia/src/qtmultimedia-everywhere-src-6.6.1/src/resonance-audio/../3rdparty/eigen/Eigen/src/Core/arch/AltiVec/PacketMath.h:2702:17: error: invalid parameter combination for AltiVec intrinsic ‘__builtin_vec_sel’
 2702 |   return vec_sel(elsePacket, thenPacket, mask);
      |                 ^
[37/364] Building CXX object src/resonance-audio/CMakeFiles/BundledResonanceAudio.dir/__/3rdparty/resonance-audio/resonance_audio/dsp/delay_filter.cc.o
FAILED: src/resonance-audio/CMakeFiles/BundledResonanceAudio.dir/__/3rdparty/resonance-audio/resonance_audio/dsp/delay_filter.cc.o 
/usr/lib/ccache/bin/powerpc-unknown-linux-gnu-g++ -DEIGEN_MPL2_ONLY -DQT_EXPLICIT_QFILE_CONSTRUCTION_FROM_PATH -DQT_NO_AS_CONST -DQT_NO_DEBUG -DQT_NO_EXCEPTIONS -DQT_NO_JAVA_STYLE_ITERATORS -DQT_NO_NARROWING_CONVERSIONS_IN_CONNECT -DQT_NO_QEXCHANGE -D_LARGEFILE64_SOURCE -D_LARGEFILE_SOURCE -I/build/qt6-multimedia/src/build/src/resonance-audio/BundledResonanceAudio_autogen/include -I/build/qt6-multimedia/src/qtmultimedia-everywhere-src-6.6.1/src/resonance-audio/../3rdparty/resonance-audio -I/build/qt6-multimedia/src/qtmultimedia-everywhere-src-6.6.1/src/resonance-audio/../3rdparty/resonance-audio/resonance_audio -I/build/qt6-multimedia/src/qtmultimedia-everywhere-src-6.6.1/src/resonance-audio/../3rdparty/pffft -I/build/qt6-multimedia/src/qtmultimedia-everywhere-src-6.6.1/src/resonance-audio/../3rdparty/resonance-audio/third_party/SADIE_hrtf_database/generated -I/build/qt6-multimedia/src/qtmultimedia-everywhere-src-6.6.1/src/resonance-audio/../3rdparty/eigen -isystem /usr/lib/qt6/mkspecs/linux-g++ -isystem /usr/include/qt6 -O2 -pipe -Wp,-D_GLIBCXX_ASSERTIONS -ffat-lto-objects -g -DNDEBUG -O2 -std=c++17 -fPIC -fvisibility=hidden -fvisibility-inlines-hidden -w -fno-exceptions -maltivec -mvsx -Wsuggest-override -MD -MT src/resonance-audio/CMakeFiles/BundledResonanceAudio.dir/__/3rdparty/resonance-audio/resonance_audio/dsp/delay_filter.cc.o -MF src/resonance-audio/CMakeFiles/BundledResonanceAudio.dir/__/3rdparty/resonance-audio/resonance_audio/dsp/delay_filter.cc.o.d -o src/resonance-audio/CMakeFiles/BundledResonanceAudio.dir/__/3rdparty/resonance-audio/resonance_audio/dsp/delay_filter.cc.o -c /build/qt6-multimedia/src/qtmultimedia-everywhere-src-6.6.1/src/3rdparty/resonance-audio/resonance_audio/dsp/delay_filter.cc
In file included from /build/qt6-multimedia/src/qtmultimedia-everywhere-src-6.6.1/src/resonance-audio/../3rdparty/eigen/Eigen/Core:210,
                 from /build/qt6-multimedia/src/qtmultimedia-everywhere-src-6.6.1/src/resonance-audio/../3rdparty/eigen/Eigen/Dense:1,
                 from /build/qt6-multimedia/src/qtmultimedia-everywhere-src-6.6.1/src/resonance-audio/../3rdparty/resonance-audio/resonance_audio/base/misc_math.h:32,
                 from /build/qt6-multimedia/src/qtmultimedia-everywhere-src-6.6.1/src/3rdparty/resonance-audio/resonance_audio/dsp/delay_filter.cc:22:
/build/qt6-multimedia/src/qtmultimedia-everywhere-src-6.6.1/src/resonance-audio/../3rdparty/eigen/Eigen/src/Core/arch/AltiVec/PacketMath.h: In function ‘Packet Eigen::internal::pblend(const Selector<unpacket_traits<T>::size>&, const Packet&, const Packet&) [with Packet = __vector(2) double]’:
/build/qt6-multimedia/src/qtmultimedia-everywhere-src-6.6.1/src/resonance-audio/../3rdparty/eigen/Eigen/src/Core/arch/AltiVec/PacketMath.h:2702:17: error: invalid parameter combination for AltiVec intrinsic ‘__builtin_vec_sel’
 2702 |   return vec_sel(elsePacket, thenPacket, mask);
      |                 ^
[38/364] Building CXX object src/resonance-audio/CMakeFiles/BundledResonanceAudio.dir/__/3rdparty/resonance-audio/resonance_audio/ambisonics/hoa_rotator.cc.o
FAILED: src/resonance-audio/CMakeFiles/BundledResonanceAudio.dir/__/3rdparty/resonance-audio/resonance_audio/ambisonics/hoa_rotator.cc.o 
/usr/lib/ccache/bin/powerpc-unknown-linux-gnu-g++ -DEIGEN_MPL2_ONLY -DQT_EXPLICIT_QFILE_CONSTRUCTION_FROM_PATH -DQT_NO_AS_CONST -DQT_NO_DEBUG -DQT_NO_EXCEPTIONS -DQT_NO_JAVA_STYLE_ITERATORS -DQT_NO_NARROWING_CONVERSIONS_IN_CONNECT -DQT_NO_QEXCHANGE -D_LARGEFILE64_SOURCE -D_LARGEFILE_SOURCE -I/build/qt6-multimedia/src/build/src/resonance-audio/BundledResonanceAudio_autogen/include -I/build/qt6-multimedia/src/qtmultimedia-everywhere-src-6.6.1/src/resonance-audio/../3rdparty/resonance-audio -I/build/qt6-multimedia/src/qtmultimedia-everywhere-src-6.6.1/src/resonance-audio/../3rdparty/resonance-audio/resonance_audio -I/build/qt6-multimedia/src/qtmultimedia-everywhere-src-6.6.1/src/resonance-audio/../3rdparty/pffft -I/build/qt6-multimedia/src/qtmultimedia-everywhere-src-6.6.1/src/resonance-audio/../3rdparty/resonance-audio/third_party/SADIE_hrtf_database/generated -I/build/qt6-multimedia/src/qtmultimedia-everywhere-src-6.6.1/src/resonance-audio/../3rdparty/eigen -isystem /usr/lib/qt6/mkspecs/linux-g++ -isystem /usr/include/qt6 -O2 -pipe -Wp,-D_GLIBCXX_ASSERTIONS -ffat-lto-objects -g -DNDEBUG -O2 -std=c++17 -fPIC -fvisibility=hidden -fvisibility-inlines-hidden -w -fno-exceptions -maltivec -mvsx -Wsuggest-override -MD -MT src/resonance-audio/CMakeFiles/BundledResonanceAudio.dir/__/3rdparty/resonance-audio/resonance_audio/ambisonics/hoa_rotator.cc.o -MF src/resonance-audio/CMakeFiles/BundledResonanceAudio.dir/__/3rdparty/resonance-audio/resonance_audio/ambisonics/hoa_rotator.cc.o.d -o src/resonance-audio/CMakeFiles/BundledResonanceAudio.dir/__/3rdparty/resonance-audio/resonance_audio/ambisonics/hoa_rotator.cc.o -c /build/qt6-multimedia/src/qtmultimedia-everywhere-src-6.6.1/src/3rdparty/resonance-audio/resonance_audio/ambisonics/hoa_rotator.cc
In file included from /build/qt6-multimedia/src/qtmultimedia-everywhere-src-6.6.1/src/resonance-audio/../3rdparty/eigen/Eigen/Core:210,
                 from /build/qt6-multimedia/src/qtmultimedia-everywhere-src-6.6.1/src/resonance-audio/../3rdparty/eigen/Eigen/Dense:1,
                 from /build/qt6-multimedia/src/qtmultimedia-everywhere-src-6.6.1/src/resonance-audio/../3rdparty/resonance-audio/resonance_audio/ambisonics/hoa_rotator.h:22,
                 from /build/qt6-multimedia/src/qtmultimedia-everywhere-src-6.6.1/src/3rdparty/resonance-audio/resonance_audio/ambisonics/hoa_rotator.cc:17:
/build/qt6-multimedia/src/qtmultimedia-everywhere-src-6.6.1/src/resonance-audio/../3rdparty/eigen/Eigen/src/Core/arch/AltiVec/PacketMath.h: In function ‘Packet Eigen::internal::pblend(const Selector<unpacket_traits<T>::size>&, const Packet&, const Packet&) [with Packet = __vector(2) double]’:
/build/qt6-multimedia/src/qtmultimedia-everywhere-src-6.6.1/src/resonance-audio/../3rdparty/eigen/Eigen/src/Core/arch/AltiVec/PacketMath.h:2702:17: error: invalid parameter combination for AltiVec intrinsic ‘__builtin_vec_sel’
 2702 |   return vec_sel(elsePacket, thenPacket, mask);
      |                 ^
ninja: build stopped: subcommand failed.
[1m[31m==> ERROR:[0m[1m A failure occurred in build().[0m
[1m    Aborting...[0m
