Starting build for python-sphinxcontrib-mermaid
Attempting to acquire SRCDEST lock for /sources (package: python-sphinxcontrib-mermaid)
SRCDEST lock acquired successfully
Checking for local GPG keys...
No keys/ subdirectory found, skipping GPG key import
Running: sudo makechrootpkg -cuT -r /home/buildbot/archpower/powerpc64le -d /sources
==> Synchronizing chroot copy [/home/buildbot/archpower/powerpc64le/root] -> [buildbot-1811416]...done
:: Synchronizing package databases...
 stage-any downloading...
 stage downloading...
 testing-any downloading...
 testing downloading...
 base-any downloading...
 base downloading...
:: Starting full system upgrade...
 there is nothing to do
==> Making package: python-sphinxcontrib-mermaid 2.0.2-1 (Fri May 22 09:08:22 2026)
==> Retrieving sources...
  -> Cloning python-sphinxcontrib-mermaid git repo...
Cloning into bare repository '/sources/python-sphinxcontrib-mermaid'...
==> Validating source files with sha512sums...
    python-sphinxcontrib-mermaid ... Passed
==> Validating source files with b2sums...
    python-sphinxcontrib-mermaid ... Passed
==> Making package: python-sphinxcontrib-mermaid 2.0.2-1 (Fri May 22 09:08:27 2026)
==> Checking runtime dependencies...
==> Installing missing dependencies...
resolving dependencies...
looking for conflicting packages...

Packages (27) libyaml-0.2.5-3.1  mpdecimal-4.0.1-3  python-babel-2.17.0-3  python-certifi-2026.02.25-1  python-charset-normalizer-3.4.7-1  python-idna-3.11-2  python-imagesize-2.0.0-1  python-markupsafe-3.0.3-1  python-pygments-2.20.0-1  python-pytz-2026.1-1  python-requests-2.33.1-1  python-roman-numerals-py-3.1.0-2  python-snowballstemmer-3.0.1-1  python-sphinx-alabaster-theme-1.0.0-6  python-sphinxcontrib-applehelp-2.0.0-5  python-sphinxcontrib-devhelp-2.0.0-6  python-sphinxcontrib-htmlhelp-2.1.0-5  python-sphinxcontrib-jsmath-1.0.1-21  python-sphinxcontrib-qthelp-2.0.0-5  python-sphinxcontrib-serializinghtml-2.0.0-5  python-urllib3-2.6.3-1  python-3.14.5-1  python-docutils-1:0.22.4-1  python-jinja-1:3.1.6-3  python-packaging-26.0-1.1  python-sphinx-9.1.0-1  python-yaml-6.0.3-2

Total Installed Size:  168.14 MiB

:: Proceed with installation? [Y/n]
checking keyring...
checking package integrity...
loading package files...
checking for file conflicts...
checking available disk space...
:: Processing package changes...
installing mpdecimal...
installing python...
Optional dependencies for python
    python-setuptools: for building Python packages using tooling that is usually bundled with Python
    python-pip: for installing Python packages using tooling that is usually bundled with Python
    python-pipx: for installing Python software not packaged on Arch Linux
    sqlite: for a default database integration [installed]
    xz: for lzma [installed]
    tk: for tkinter
installing python-pytz...
installing python-babel...
installing python-docutils...
Optional dependencies for python-docutils
    python-myst-parser: to parse input in "Markdown" (CommonMark) format
    python-pillow: for some image manipulation operations
    python-pygments: for syntax highlighting of code directives and roles [pending]
installing python-imagesize...
installing python-markupsafe...
installing python-jinja...
Optional dependencies for python-jinja
    python-babel: for i18n support [installed]
installing python-packaging...
installing python-pygments...
installing python-charset-normalizer...
installing python-idna...
installing python-urllib3...
Optional dependencies for python-urllib3
    python-brotli: Brotli support
    python-brotlicffi: Brotli support
    python-h2: HTTP/2 support
    python-pysocks: SOCKS support
installing python-certifi...
installing python-requests...
Optional dependencies for python-requests
    python-chardet: alternative character encoding library
    python-pysocks: SOCKS proxy support
installing python-roman-numerals-py...
installing python-snowballstemmer...
Optional dependencies for python-snowballstemmer
    python-pystemmer: for improved performance
installing python-sphinx-alabaster-theme...
installing python-sphinxcontrib-applehelp...
installing python-sphinxcontrib-devhelp...
installing python-sphinxcontrib-htmlhelp...
installing python-sphinxcontrib-jsmath...
installing python-sphinxcontrib-qthelp...
installing python-sphinxcontrib-serializinghtml...
installing python-sphinx...
Optional dependencies for python-sphinx
    imagemagick: for ext.imgconverter
    texlive-fontsextra: for the default admonition title icons in PDF output
    texlive-latexextra: for generation of PDF documentation
installing libyaml...
installing python-yaml...
:: Running post-transaction hooks...
(1/1) Arming ConditionNeedsUpdate...
==> Checking buildtime dependencies...
==> Installing missing dependencies...
resolving dependencies...
looking for conflicting packages...

Packages (15) perl-error-0.17030-2  perl-mailtools-2.22-2  perl-timedate-2.35-1  python-editables-0.5-7  python-iniconfig-2.3.0-1  python-pathspec-1.0.4-1  python-pluggy-1.6.0-3  python-pyproject-hooks-1.2.0-6.1  python-trove-classifiers-2026.1.14.14-1  zlib-ng-2.3.3-1  git-2.53.0-1  python-build-1.4.2-1  python-hatchling-1.29.0-1  python-installer-1.0.0-1  python-pytest-1:9.0.3-1

Total Installed Size:  42.56 MiB

:: Proceed with installation? [Y/n]
checking keyring...
checking package integrity...
loading package files...
checking for file conflicts...
checking available disk space...
:: Processing package changes...
installing perl-error...
installing perl-timedate...
installing perl-mailtools...
installing zlib-ng...
installing git...
Optional dependencies for git
    git-zsh-completion: upstream zsh completion
    tk: gitk and git gui
    openssh: ssh transport and crypto
    man: show help with `git command --help`
    perl-libwww: git svn
    perl-term-readkey: git svn and interactive.singlekey setting
    perl-io-socket-ssl: git send-email TLS support
    perl-authen-sasl: git send-email TLS support
    perl-cgi: gitweb (web interface) support
    python: git svn & git p4 [installed]
    subversion: git svn
    org.freedesktop.secrets: keyring credential helper
    libsecret: libsecret credential helper [installed]
    less: the default pager for git
installing python-pyproject-hooks...
installing python-build...
Optional dependencies for python-build
    python-pip: to use as the Python package installer (default)
    python-uv: to use as the Python package installer
    python-virtualenv: to use virtualenv for build isolation
installing python-installer...
installing python-editables...
installing python-pathspec...
Optional dependencies for python-pathspec
    python-google-re2: re2 backend
installing python-pluggy...
installing python-trove-classifiers...
installing python-hatchling...
installing python-iniconfig...
installing python-pytest...
:: Running post-transaction hooks...
(1/4) Creating system user accounts...
Creating group 'git' with GID 969.
Creating user 'git' (git daemon user) with UID 969 and GID 969.
(2/4) Reloading system manager configuration...
  Skipped: Current root is not booted.
(3/4) Arming ConditionNeedsUpdate...
(4/4) Checking for old perl modules...
==> Retrieving sources...
==> WARNING: Skipping all source file integrity checks.
==> Extracting sources...
  -> Creating working copy of python-sphinxcontrib-mermaid git repo...
Cloning into 'python-sphinxcontrib-mermaid'...
done.
Switched to a new branch 'makepkg'
==> Starting build()...
* Getting build dependencies for wheel...
* Building wheel...
Successfully built sphinxcontrib_mermaid-2.0.2-py3-none-any.whl
==> Starting check()...
============================= test session starts ==============================
platform linux -- Python 3.14.5, pytest-9.0.3, pluggy-1.6.0 -- /usr/bin/python
cachedir: .pytest_cache
rootdir: /build/python-sphinxcontrib-mermaid/src/python-sphinxcontrib-mermaid
configfile: pyproject.toml
testpaths: tests
collected 21 items
cache -- .../_pytest/cacheprovider.py:566
    Return a cache object that can persist state between testing sessions.
    cache.get(key, default)
    cache.set(key, value)
    Keys must be ``/`` separated strings, where the first part is usually the
    name of your plugin or application to avoid clashes with other cache users.
    Values can be any object handled by the json stdlib module.
capsys -- .../_pytest/capture.py:1000
    Enable text capturing of writes to ``sys.stdout`` and ``sys.stderr``.
    The captured output is made available via ``capsys.readouterr()`` method
    calls, which return a ``(out, err)`` namedtuple.
    ``out`` and ``err`` will be ``text`` objects.
    Returns an instance of :class:`CaptureFixture[str] <pytest.CaptureFixture>`.
    Example:
    .. code-block:: python
        def test_output(capsys):
            print("hello")
            captured = capsys.readouterr()
            assert captured.out == "hello\n"
capteesys -- .../_pytest/capture.py:1028
    Enable simultaneous text capturing and pass-through of writes
    to ``sys.stdout`` and ``sys.stderr`` as defined by ``--capture=``.
    The captured output is made available via ``capteesys.readouterr()`` method
    calls, which return a ``(out, err)`` namedtuple.
    ``out`` and ``err`` will be ``text`` objects.
    The output is also passed-through, allowing it to be "live-printed",
    reported, or both as defined by ``--capture=``.
    Returns an instance of :class:`CaptureFixture[str] <pytest.CaptureFixture>`.
    Example:
    .. code-block:: python
        def test_output(capteesys):
            print("hello")
            captured = capteesys.readouterr()
            assert captured.out == "hello\n"
capsysbinary -- .../_pytest/capture.py:1063
    Enable bytes capturing of writes to ``sys.stdout`` and ``sys.stderr``.
    The captured output is made available via ``capsysbinary.readouterr()``
    method calls, which return a ``(out, err)`` namedtuple.
    ``out`` and ``err`` will be ``bytes`` objects.
    Returns an instance of :class:`CaptureFixture[bytes] <pytest.CaptureFixture>`.
    Example:
    .. code-block:: python
        def test_output(capsysbinary):
            print("hello")
            captured = capsysbinary.readouterr()
            assert captured.out == b"hello\n"
capfd -- .../_pytest/capture.py:1091
    Enable text capturing of writes to file descriptors ``1`` and ``2``.
    The captured output is made available via ``capfd.readouterr()`` method
    calls, which return a ``(out, err)`` namedtuple.
    ``out`` and ``err`` will be ``text`` objects.
    Returns an instance of :class:`CaptureFixture[str] <pytest.CaptureFixture>`.
    Example:
    .. code-block:: python
        def test_system_echo(capfd):
            os.system('echo "hello"')
            captured = capfd.readouterr()
            assert captured.out == "hello\n"
capfdbinary -- .../_pytest/capture.py:1119
    Enable bytes capturing of writes to file descriptors ``1`` and ``2``.
    The captured output is made available via ``capfd.readouterr()`` method
    calls, which return a ``(out, err)`` namedtuple.
    ``out`` and ``err`` will be ``byte`` objects.
    Returns an instance of :class:`CaptureFixture[bytes] <pytest.CaptureFixture>`.
    Example:
    .. code-block:: python
        def test_system_echo(capfdbinary):
            os.system('echo "hello"')
            captured = capfdbinary.readouterr()
            assert captured.out == b"hello\n"
doctest_namespace [session scope] -- .../_pytest/doctest.py:722
    Fixture that returns a :py:class:`dict` that will be injected into the
    namespace of doctests.
    Usually this fixture is used in conjunction with another ``autouse`` fixture:
    .. code-block:: python
        @pytest.fixture(autouse=True)
        def add_np(doctest_namespace):
            doctest_namespace["np"] = numpy
    For more details: :ref:`doctest_namespace`.
pytestconfig [session scope] -- .../_pytest/fixtures.py:1431
    Session-scoped fixture that returns the session's :class:`pytest.Config`
    object.
    Example::
        def test_foo(pytestconfig):
            if pytestconfig.get_verbosity() > 0:
                ...
record_property -- .../_pytest/junitxml.py:277
    Add extra properties to the calling test.
    User properties become part of the test report and are available to the
    configured reporters, like JUnit XML.
    The fixture is callable with ``name, value``. The value is automatically
    XML-encoded.
    Example::
        def test_function(record_property):
            record_property("example_key", 1)
record_xml_attribute -- .../_pytest/junitxml.py:300
    Add extra xml attributes to the tag for the calling test.
    The fixture is callable with ``name, value``. The value is
    automatically XML-encoded.
record_testsuite_property [session scope] -- .../_pytest/junitxml.py:338
    Record a new ``<property>`` tag as child of the root ``<testsuite>``.
    This is suitable to writing global information regarding the entire test
    suite, and is compatible with ``xunit2`` JUnit family.
    This is a ``session``-scoped fixture which is called with ``(name, value)``. Example:
    .. code-block:: python
        def test_foo(record_testsuite_property):
            record_testsuite_property("ARCH", "PPC")
            record_testsuite_property("STORAGE_TYPE", "CEPH")
    :param name:
        The property name.
    :param value:
        The property value. Will be converted to a string.
    .. warning::
        Currently this fixture **does not work** with the
        `pytest-xdist <https://github.com/pytest-dev/pytest-xdist>`__ plugin. See
        :issue:`7767` for details.
tmpdir_factory [session scope] -- .../_pytest/legacypath.py:298
    Return a :class:`pytest.TempdirFactory` instance for the test session.
tmpdir -- .../_pytest/legacypath.py:305
    Return a temporary directory (as `legacy_path`_ object)
    which is unique to each test function invocation.
    The temporary directory is created as a subdirectory
    of the base temporary directory, with configurable retention,
    as discussed in :ref:`temporary directory location and retention`.
    .. note::
        These days, it is preferred to use ``tmp_path``.
        :ref:`About the tmpdir and tmpdir_factory fixtures<tmpdir and tmpdir_factory>`.
    .. _legacy_path: https://py.readthedocs.io/en/latest/path.html
caplog -- .../_pytest/logging.py:596
    Access and control log capturing.
    Captured logs are available through the following properties/methods::
    * caplog.messages        -> list of format-interpolated log messages
    * caplog.text            -> string containing formatted log output
    * caplog.records         -> list of logging.LogRecord instances
    * caplog.record_tuples   -> list of (logger_name, level, message) tuples
    * caplog.clear()         -> clear captured records and formatted log output string
monkeypatch -- .../_pytest/monkeypatch.py:33
    A convenient fixture for monkey-patching.
    The fixture provides these methods to modify objects, dictionaries, or
    :data:`os.environ`:
    * :meth:`monkeypatch.setattr(obj, name, value, raising=True) <pytest.MonkeyPatch.setattr>`
    * :meth:`monkeypatch.delattr(obj, name, raising=True) <pytest.MonkeyPatch.delattr>`
    * :meth:`monkeypatch.setitem(mapping, name, value) <pytest.MonkeyPatch.setitem>`
    * :meth:`monkeypatch.delitem(obj, name, raising=True) <pytest.MonkeyPatch.delitem>`
    * :meth:`monkeypatch.setenv(name, value, prepend=None) <pytest.MonkeyPatch.setenv>`
    * :meth:`monkeypatch.delenv(name, raising=True) <pytest.MonkeyPatch.delenv>`
    * :meth:`monkeypatch.syspath_prepend(path) <pytest.MonkeyPatch.syspath_prepend>`
    * :meth:`monkeypatch.chdir(path) <pytest.MonkeyPatch.chdir>`
    * :meth:`monkeypatch.context() <pytest.MonkeyPatch.context>`
    All modifications will be undone after the requesting test function or
    fixture has finished. The ``raising`` parameter determines if a :class:`KeyError`
    or :class:`AttributeError` will be raised if the set/deletion operation does not have the
    specified target.
    To undo modifications done by the fixture in a contained scope,
    use :meth:`context() <pytest.MonkeyPatch.context>`.
recwarn -- .../_pytest/recwarn.py:34
    Return a :class:`WarningsRecorder` instance that records all warnings emitted by test functions.
    See :ref:`warnings` for information on warning categories.
subtests -- .../_pytest/subtests.py:129
    Provides subtests functionality.
tmp_path_factory [session scope] -- .../_pytest/tmpdir.py:265
    Return a :class:`pytest.TempPathFactory` instance for the test session.
tmp_path -- .../_pytest/tmpdir.py:280
    Return a temporary directory (as :class:`pathlib.Path` object)
    which is unique to each test function invocation.
    The temporary directory is created as a subdirectory
    of the base temporary directory, with configurable retention,
    as discussed in :ref:`temporary directory location and retention`.
---------------- fixtures defined from sphinx.testing.fixtures -----------------
test_params -- ../../../../usr/lib/python3.14/site-packages/sphinx/testing/fixtures.py:128
    Test parameters that are specified by 'pytest.mark.test_params'
    :param Union[str] shared_result:
       If the value is provided, app._status and app._warning objects will be
       shared in the parametrized test functions and/or test functions that
       have same 'shared_result' value.
       **NOTE**: You can not specify both shared_result and srcdir.
app -- ../../../../usr/lib/python3.14/site-packages/sphinx/testing/fixtures.py:151
    Provides the 'sphinx.application.Sphinx' object
status -- ../../../../usr/lib/python3.14/site-packages/sphinx/testing/fixtures.py:174
    Back-compatibility for testing with previous @with_app decorator
warning -- ../../../../usr/lib/python3.14/site-packages/sphinx/testing/fixtures.py:180
    Back-compatibility for testing with previous @with_app decorator
make_app -- ../../../../usr/lib/python3.14/site-packages/sphinx/testing/fixtures.py:186
    Provides make_app function to initialize SphinxTestApp instance.
    if you want to initialize 'app' in your test function. please use this
    instead of using SphinxTestApp class directory.
shared_result -- ../../../../usr/lib/python3.14/site-packages/sphinx/testing/fixtures.py:214
    no docstring available
_shared_result_cache [module scope] -- ../../../../usr/lib/python3.14/site-packages/sphinx/testing/fixtures.py:219
    no docstring available
if_graphviz_found -- ../../../../usr/lib/python3.14/site-packages/sphinx/testing/fixtures.py:224
    The test will be skipped when using 'if_graphviz_found' fixture and graphviz
    dot command is not found.
sphinx_test_tempdir [session scope] -- ../../../../usr/lib/python3.14/site-packages/sphinx/testing/fixtures.py:241
    Temporary directory.
rollback_sysmodules -- ../../../../usr/lib/python3.14/site-packages/sphinx/testing/fixtures.py:247
    Rollback sys.modules to its value before testing to unload modules
    during tests.
    For example, used in test_ext_autosummary.py to permit unloading the
    target module to clear its cache.
rootdir [session scope] -- ../../../../usr/lib/python3.14/site-packages/sphinx/testing/fixtures.py:45
    no docstring available
app_params -- ../../../../usr/lib/python3.14/site-packages/sphinx/testing/fixtures.py:72
    Parameters that are specified by 'pytest.mark.sphinx' for
    sphinx.application.Sphinx initialization
------------------------ fixtures defined from conftest ------------------------
rootdir [session scope] -- tests/conftest.py:11
    no docstring available
----------------------- fixtures defined from test_html ------------------------
index -- tests/test_html.py:12
    no docstring available
build_all -- tests/test_html.py:7
    no docstring available
============================ no tests ran in 0.07s =============================
==> Entering fakeroot environment...
==> Starting package()...
install: creating directory '/build/python-sphinxcontrib-mermaid/pkg/python-sphinxcontrib-mermaid/usr/share'
install: creating directory '/build/python-sphinxcontrib-mermaid/pkg/python-sphinxcontrib-mermaid/usr/share/licenses'
install: creating directory '/build/python-sphinxcontrib-mermaid/pkg/python-sphinxcontrib-mermaid/usr/share/licenses/python-sphinxcontrib-mermaid'
'LICENSE' -> '/build/python-sphinxcontrib-mermaid/pkg/python-sphinxcontrib-mermaid/usr/share/licenses/python-sphinxcontrib-mermaid/LICENSE'
==> Tidying install...
  -> Removing libtool files...
  -> Removing static library files...
  -> Purging unwanted files...
  -> Stripping unneeded symbols from binaries and libraries...
  -> Compressing man and info pages...
==> Checking for packaging issues...
==> Creating package "python-sphinxcontrib-mermaid"...
  -> Generating .PKGINFO file...
  -> Generating .BUILDINFO file...
  -> Generating .MTREE file...
  -> Compressing package...
==> Leaving fakeroot environment.
==> Finished making: python-sphinxcontrib-mermaid 2.0.2-1 (Fri May 22 09:08:39 2026)
==> Removing chroot copy [/home/buildbot/archpower/powerpc64le/buildbot-1811416]...done
[34h[?25h
Build completed successfully