running install
running build
running build_py
creating build
creating build/lib
copying smartypants.py -> build/lib
running build_scripts
creating build/scripts-3.9
copying and adjusting smartypants -> build/scripts-3.9
changing mode of build/scripts-3.9/smartypants from 644 to 755
running install_lib
creating /build/python-smartypants/pkg/python-smartypants/usr
creating /build/python-smartypants/pkg/python-smartypants/usr/lib
creating /build/python-smartypants/pkg/python-smartypants/usr/lib/python3.9
creating /build/python-smartypants/pkg/python-smartypants/usr/lib/python3.9/site-packages
copying build/lib/smartypants.py -> /build/python-smartypants/pkg/python-smartypants/usr/lib/python3.9/site-packages
byte-compiling /build/python-smartypants/pkg/python-smartypants/usr/lib/python3.9/site-packages/smartypants.py to smartypants.cpython-39.pyc
writing byte-compilation script '/tmp/tmp4noj442f.py'
/usr/bin/python /tmp/tmp4noj442f.py
removing /tmp/tmp4noj442f.py
running install_scripts
creating /build/python-smartypants/pkg/python-smartypants/usr/bin
copying build/scripts-3.9/smartypants -> /build/python-smartypants/pkg/python-smartypants/usr/bin
changing mode of /build/python-smartypants/pkg/python-smartypants/usr/bin/smartypants to 755
running install_egg_info
Writing /build/python-smartypants/pkg/python-smartypants/usr/lib/python3.9/site-packages/smartypants-2.0.1-py3.9.egg-info
