Starting build for perl-net-dns
Attempting to acquire SRCDEST lock for /sources (package: perl-net-dns)
SRCDEST lock acquired successfully
Using ppc32 prefix for espresso architecture to ensure 32-bit detection
Running: sudo ppc32 makechrootpkg -cuT -r /home/buildbot/archpower/espresso -d /sources
==> Synchronizing chroot copy [/home/buildbot/archpower/espresso/root] -> [buildbot-2118]...done
:: Synchronizing package databases...
 stage-any downloading...
 stage downloading...
 testing-any downloading...
 testing downloading...
 base-any downloading...
 base downloading...
:: Starting full system upgrade...
 there is nothing to do
==> Making package: perl-net-dns 1.50-2 (Wed Aug 27 21:30:58 2025)
==> Retrieving sources...
  -> Found Net-DNS-1.50.tar.gz
==> Validating source files with sha512sums...
    Net-DNS-1.50.tar.gz ... Passed
==> Making package: perl-net-dns 1.50-2 (Wed Aug 27 21:31:02 2025)
==> Checking runtime dependencies...
==> Installing missing dependencies...
resolving dependencies...
looking for conflicting packages...

Packages (3) perl-digest-sha1-2.13-22  perl-digest-hmac-1.05-2  perl-net-ip-1.26-15

Total Download Size:   0.10 MiB
Total Installed Size:  0.23 MiB

:: Proceed with installation? [Y/n]
:: Retrieving packages...
 perl-digest-sha1-2.13-22-powerpc downloading...
 perl-net-ip-1.26-15-any downloading...
 perl-digest-hmac-1.05-2-any downloading...
checking keyring...
checking package integrity...
loading package files...
checking for file conflicts...
checking available disk space...
:: Processing package changes...
installing perl-digest-sha1...
installing perl-digest-hmac...
installing perl-net-ip...
:: Running post-transaction hooks...
(1/2) Arming ConditionNeedsUpdate...
(2/2) Checking for old perl modules...
==> Checking buildtime dependencies...
==> Retrieving sources...
  -> Found Net-DNS-1.50.tar.gz
==> WARNING: Skipping all source file integrity checks.
==> Extracting sources...
  -> Extracting Net-DNS-1.50.tar.gz with bsdtar
==> Starting build()...

Activating Non Fatal Online Tests...

Activating IPv6 Tests...

Warning!
========
Online tests depend on conditions beyond the control of Net::DNS. The tests
check for the expected results when both Net::DNS and the outside world are
functioning properly. In case of failure it is often undecidable if the error
lies within Net::DNS or elsewhere.

Checking if your kit is complete...
Looks good
Generating a Unix-style Makefile
Writing Makefile for Net::DNS
Writing MYMETA.yml and MYMETA.json
cp lib/Net/DNS/RR/HINFO.pm blib/lib/Net/DNS/RR/HINFO.pm
cp lib/Net/DNS/RR/MG.pm blib/lib/Net/DNS/RR/MG.pm
cp lib/Net/DNS/RR/CNAME.pm blib/lib/Net/DNS/RR/CNAME.pm
cp lib/Net/DNS/RR/KEY.pm blib/lib/Net/DNS/RR/KEY.pm
cp lib/Net/DNS/RR/A.pm blib/lib/Net/DNS/RR/A.pm
cp lib/Net/DNS/RR/L32.pm blib/lib/Net/DNS/RR/L32.pm
cp lib/Net/DNS/FAQ.pod blib/lib/Net/DNS/FAQ.pod
cp lib/Net/DNS/RR/CERT.pm blib/lib/Net/DNS/RR/CERT.pm
cp lib/Net/DNS/Packet.pm blib/lib/Net/DNS/Packet.pm
cp lib/Net/DNS/Domain.pm blib/lib/Net/DNS/Domain.pm
cp lib/Net/DNS/RR/EUI48.pm blib/lib/Net/DNS/RR/EUI48.pm
cp lib/Net/DNS/RR/MINFO.pm blib/lib/Net/DNS/RR/MINFO.pm
cp lib/Net/DNS/RR/DNAME.pm blib/lib/Net/DNS/RR/DNAME.pm
cp lib/Net/DNS/Question.pm blib/lib/Net/DNS/Question.pm
cp lib/Net/DNS/RR/L64.pm blib/lib/Net/DNS/RR/L64.pm
cp lib/Net/DNS/RR/MB.pm blib/lib/Net/DNS/RR/MB.pm
cp lib/Net/DNS/RR/MR.pm blib/lib/Net/DNS/RR/MR.pm
cp lib/Net/DNS/RR/CSYNC.pm blib/lib/Net/DNS/RR/CSYNC.pm
cp lib/Net/DNS/RR/EUI64.pm blib/lib/Net/DNS/RR/EUI64.pm
cp lib/Net/DNS/Nameserver.pm blib/lib/Net/DNS/Nameserver.pm
cp lib/Net/DNS/RR/DSYNC.pm blib/lib/Net/DNS/RR/DSYNC.pm
cp lib/Net/DNS/RR/KX.pm blib/lib/Net/DNS/RR/KX.pm
cp lib/Net/DNS/RR/LOC.pm blib/lib/Net/DNS/RR/LOC.pm
cp lib/Net/DNS/Mailbox.pm blib/lib/Net/DNS/Mailbox.pm
cp lib/Net/DNS/RR/GPOS.pm blib/lib/Net/DNS/RR/GPOS.pm
cp lib/Net/DNS/RR/HIP.pm blib/lib/Net/DNS/RR/HIP.pm
cp lib/Net/DNS/RR/DS.pm blib/lib/Net/DNS/RR/DS.pm
cp lib/Net/DNS/Parameters.pm blib/lib/Net/DNS/Parameters.pm
cp lib/Net/DNS/RR/AFSDB.pm blib/lib/Net/DNS/RR/AFSDB.pm
cp lib/Net/DNS/RR/ISDN.pm blib/lib/Net/DNS/RR/ISDN.pm
cp lib/Net/DNS/RR/DNSKEY.pm blib/lib/Net/DNS/RR/DNSKEY.pm
cp lib/Net/DNS.pm blib/lib/Net/DNS.pm
cp lib/Net/DNS/RR/HTTPS.pm blib/lib/Net/DNS/RR/HTTPS.pm
cp lib/Net/DNS/DomainName.pm blib/lib/Net/DNS/DomainName.pm
cp lib/Net/DNS/RR/CDNSKEY.pm blib/lib/Net/DNS/RR/CDNSKEY.pm
cp lib/Net/DNS/RR/LP.pm blib/lib/Net/DNS/RR/LP.pm
cp lib/Net/DNS/RR/AAAA.pm blib/lib/Net/DNS/RR/AAAA.pm
cp lib/Net/DNS/Header.pm blib/lib/Net/DNS/Header.pm
cp lib/Net/DNS/RR.pm blib/lib/Net/DNS/RR.pm
cp lib/Net/DNS/RR/IPSECKEY.pm blib/lib/Net/DNS/RR/IPSECKEY.pm
cp lib/Net/DNS/RR/DHCID.pm blib/lib/Net/DNS/RR/DHCID.pm
cp lib/Net/DNS/RR/DELEG.pm blib/lib/Net/DNS/RR/DELEG.pm
cp lib/Net/DNS/RR/APL.pm blib/lib/Net/DNS/RR/APL.pm
cp lib/Net/DNS/RR/CDS.pm blib/lib/Net/DNS/RR/CDS.pm
cp lib/Net/DNS/RR/AMTRELAY.pm blib/lib/Net/DNS/RR/AMTRELAY.pm
cp lib/Net/DNS/RR/CAA.pm blib/lib/Net/DNS/RR/CAA.pm
cp lib/Net/DNS/RR/OPENPGPKEY.pm blib/lib/Net/DNS/RR/OPENPGPKEY.pm
cp lib/Net/DNS/RR/NID.pm blib/lib/Net/DNS/RR/NID.pm
cp lib/Net/DNS/Resolver/os390.pm blib/lib/Net/DNS/Resolver/os390.pm
cp lib/Net/DNS/RR/NSEC.pm blib/lib/Net/DNS/RR/NSEC.pm
cp lib/Net/DNS/Update.pm blib/lib/Net/DNS/Update.pm
cp lib/Net/DNS/RR/SSHFP.pm blib/lib/Net/DNS/RR/SSHFP.pm
cp lib/Net/DNS/Text.pm blib/lib/Net/DNS/Text.pm
cp lib/Net/DNS/Resolver/cygwin.pm blib/lib/Net/DNS/Resolver/cygwin.pm
cp lib/Net/DNS/RR/NULL.pm blib/lib/Net/DNS/RR/NULL.pm
cp lib/Net/DNS/RR/TSIG.pm blib/lib/Net/DNS/RR/TSIG.pm
cp lib/Net/DNS/RR/NSEC3PARAM.pm blib/lib/Net/DNS/RR/NSEC3PARAM.pm
cp lib/Net/DNS/RR/X25.pm blib/lib/Net/DNS/RR/X25.pm
cp lib/Net/DNS/Resolver/Base.pm blib/lib/Net/DNS/Resolver/Base.pm
cp lib/Net/DNS/RR/RRSIG.pm blib/lib/Net/DNS/RR/RRSIG.pm
cp lib/Net/DNS/RR/MX.pm blib/lib/Net/DNS/RR/MX.pm
cp lib/Net/DNS/RR/RT.pm blib/lib/Net/DNS/RR/RT.pm
cp lib/Net/DNS/RR/ZONEMD.pm blib/lib/Net/DNS/RR/ZONEMD.pm
cp lib/Net/DNS/ZoneFile.pm blib/lib/Net/DNS/ZoneFile.pm
cp lib/Net/DNS/Resolver/UNIX.pm blib/lib/Net/DNS/Resolver/UNIX.pm
cp lib/Net/DNS/RR/RP.pm blib/lib/Net/DNS/RR/RP.pm
cp lib/Net/DNS/RR/SOA.pm blib/lib/Net/DNS/RR/SOA.pm
cp lib/Net/DNS/RR/URI.pm blib/lib/Net/DNS/RR/URI.pm
cp lib/Net/DNS/RR/RESINFO.pm blib/lib/Net/DNS/RR/RESINFO.pm
cp lib/Net/DNS/RR/TKEY.pm blib/lib/Net/DNS/RR/TKEY.pm
cp lib/Net/DNS/RR/OPT.pm blib/lib/Net/DNS/RR/OPT.pm
cp lib/Net/DNS/RR/SMIMEA.pm blib/lib/Net/DNS/RR/SMIMEA.pm
cp lib/Net/DNS/Resolver/Recurse.pm blib/lib/Net/DNS/Resolver/Recurse.pm
cp lib/Net/DNS/RR/NSEC3.pm blib/lib/Net/DNS/RR/NSEC3.pm
cp lib/Net/DNS/Resolver.pm blib/lib/Net/DNS/Resolver.pm
cp lib/Net/DNS/RR/SRV.pm blib/lib/Net/DNS/RR/SRV.pm
cp lib/Net/DNS/RR/PTR.pm blib/lib/Net/DNS/RR/PTR.pm
cp lib/Net/DNS/RR/NAPTR.pm blib/lib/Net/DNS/RR/NAPTR.pm
cp lib/Net/DNS/Resolver/android.pm blib/lib/Net/DNS/Resolver/android.pm
cp lib/Net/DNS/RR/TXT.pm blib/lib/Net/DNS/RR/TXT.pm
cp lib/Net/DNS/RR/SIG.pm blib/lib/Net/DNS/RR/SIG.pm
cp lib/Net/DNS/Resolver/os2.pm blib/lib/Net/DNS/Resolver/os2.pm
cp lib/Net/DNS/RR/TLSA.pm blib/lib/Net/DNS/RR/TLSA.pm
cp lib/Net/DNS/RR/SVCB.pm blib/lib/Net/DNS/RR/SVCB.pm
cp lib/Net/DNS/RR/SPF.pm blib/lib/Net/DNS/RR/SPF.pm
cp lib/Net/DNS/RR/NS.pm blib/lib/Net/DNS/RR/NS.pm
cp lib/Net/DNS/Resolver/MSWin32.pm blib/lib/Net/DNS/Resolver/MSWin32.pm
cp lib/Net/DNS/RR/PX.pm blib/lib/Net/DNS/RR/PX.pm
Manifying 38 pod documents
Manifying 38 pod documents
Manifying 12 pod documents
==> Starting check()...
==> Entering fakeroot environment...
==> Starting package()...
Manifying 38 pod documents
Manifying 38 pod documents
Manifying 12 pod documents
Appending installation info to /build/perl-net-dns/pkg/perl-net-dns/usr/lib/perl5/5.40/core_perl/perllocal.pod
Installing /build/perl-net-dns/pkg/perl-net-dns/usr/share/perl5/vendor_perl/Net/DNS.pm
Installing /build/perl-net-dns/pkg/perl-net-dns/usr/share/perl5/vendor_perl/Net/DNS/FAQ.pod
Installing /build/perl-net-dns/pkg/perl-net-dns/usr/share/perl5/vendor_perl/Net/DNS/Packet.pm
Installing /build/perl-net-dns/pkg/perl-net-dns/usr/share/perl5/vendor_perl/Net/DNS/Domain.pm
Installing /build/perl-net-dns/pkg/perl-net-dns/usr/share/perl5/vendor_perl/Net/DNS/Question.pm
Installing /build/perl-net-dns/pkg/perl-net-dns/usr/share/perl5/vendor_perl/Net/DNS/Nameserver.pm
Installing /build/perl-net-dns/pkg/perl-net-dns/usr/share/perl5/vendor_perl/Net/DNS/Mailbox.pm
Installing /build/perl-net-dns/pkg/perl-net-dns/usr/share/perl5/vendor_perl/Net/DNS/Parameters.pm
Installing /build/perl-net-dns/pkg/perl-net-dns/usr/share/perl5/vendor_perl/Net/DNS/DomainName.pm
Installing /build/perl-net-dns/pkg/perl-net-dns/usr/share/perl5/vendor_perl/Net/DNS/Header.pm
Installing /build/perl-net-dns/pkg/perl-net-dns/usr/share/perl5/vendor_perl/Net/DNS/RR.pm
Installing /build/perl-net-dns/pkg/perl-net-dns/usr/share/perl5/vendor_perl/Net/DNS/Update.pm
Installing /build/perl-net-dns/pkg/perl-net-dns/usr/share/perl5/vendor_perl/Net/DNS/Text.pm
Installing /build/perl-net-dns/pkg/perl-net-dns/usr/share/perl5/vendor_perl/Net/DNS/ZoneFile.pm
Installing /build/perl-net-dns/pkg/perl-net-dns/usr/share/perl5/vendor_perl/Net/DNS/Resolver.pm
Installing /build/perl-net-dns/pkg/perl-net-dns/usr/share/perl5/vendor_perl/Net/DNS/RR/HINFO.pm
Installing /build/perl-net-dns/pkg/perl-net-dns/usr/share/perl5/vendor_perl/Net/DNS/RR/MG.pm
Installing /build/perl-net-dns/pkg/perl-net-dns/usr/share/perl5/vendor_perl/Net/DNS/RR/CNAME.pm
Installing /build/perl-net-dns/pkg/perl-net-dns/usr/share/perl5/vendor_perl/Net/DNS/RR/KEY.pm
Installing /build/perl-net-dns/pkg/perl-net-dns/usr/share/perl5/vendor_perl/Net/DNS/RR/A.pm
Installing /build/perl-net-dns/pkg/perl-net-dns/usr/share/perl5/vendor_perl/Net/DNS/RR/L32.pm
Installing /build/perl-net-dns/pkg/perl-net-dns/usr/share/perl5/vendor_perl/Net/DNS/RR/CERT.pm
Installing /build/perl-net-dns/pkg/perl-net-dns/usr/share/perl5/vendor_perl/Net/DNS/RR/EUI48.pm
Installing /build/perl-net-dns/pkg/perl-net-dns/usr/share/perl5/vendor_perl/Net/DNS/RR/MINFO.pm
Installing /build/perl-net-dns/pkg/perl-net-dns/usr/share/perl5/vendor_perl/Net/DNS/RR/DNAME.pm
Installing /build/perl-net-dns/pkg/perl-net-dns/usr/share/perl5/vendor_perl/Net/DNS/RR/L64.pm
Installing /build/perl-net-dns/pkg/perl-net-dns/usr/share/perl5/vendor_perl/Net/DNS/RR/MB.pm
Installing /build/perl-net-dns/pkg/perl-net-dns/usr/share/perl5/vendor_perl/Net/DNS/RR/MR.pm
Installing /build/perl-net-dns/pkg/perl-net-dns/usr/share/perl5/vendor_perl/Net/DNS/RR/CSYNC.pm
Installing /build/perl-net-dns/pkg/perl-net-dns/usr/share/perl5/vendor_perl/Net/DNS/RR/EUI64.pm
Installing /build/perl-net-dns/pkg/perl-net-dns/usr/share/perl5/vendor_perl/Net/DNS/RR/DSYNC.pm
Installing /build/perl-net-dns/pkg/perl-net-dns/usr/share/perl5/vendor_perl/Net/DNS/RR/KX.pm
Installing /build/perl-net-dns/pkg/perl-net-dns/usr/share/perl5/vendor_perl/Net/DNS/RR/LOC.pm
Installing /build/perl-net-dns/pkg/perl-net-dns/usr/share/perl5/vendor_perl/Net/DNS/RR/GPOS.pm
Installing /build/perl-net-dns/pkg/perl-net-dns/usr/share/perl5/vendor_perl/Net/DNS/RR/HIP.pm
Installing /build/perl-net-dns/pkg/perl-net-dns/usr/share/perl5/vendor_perl/Net/DNS/RR/DS.pm
Installing /build/perl-net-dns/pkg/perl-net-dns/usr/share/perl5/vendor_perl/Net/DNS/RR/AFSDB.pm
Installing /build/perl-net-dns/pkg/perl-net-dns/usr/share/perl5/vendor_perl/Net/DNS/RR/ISDN.pm
Installing /build/perl-net-dns/pkg/perl-net-dns/usr/share/perl5/vendor_perl/Net/DNS/RR/DNSKEY.pm
Installing /build/perl-net-dns/pkg/perl-net-dns/usr/share/perl5/vendor_perl/Net/DNS/RR/HTTPS.pm
Installing /build/perl-net-dns/pkg/perl-net-dns/usr/share/perl5/vendor_perl/Net/DNS/RR/CDNSKEY.pm
Installing /build/perl-net-dns/pkg/perl-net-dns/usr/share/perl5/vendor_perl/Net/DNS/RR/LP.pm
Installing /build/perl-net-dns/pkg/perl-net-dns/usr/share/perl5/vendor_perl/Net/DNS/RR/AAAA.pm
Installing /build/perl-net-dns/pkg/perl-net-dns/usr/share/perl5/vendor_perl/Net/DNS/RR/IPSECKEY.pm
Installing /build/perl-net-dns/pkg/perl-net-dns/usr/share/perl5/vendor_perl/Net/DNS/RR/DHCID.pm
Installing /build/perl-net-dns/pkg/perl-net-dns/usr/share/perl5/vendor_perl/Net/DNS/RR/DELEG.pm
Installing /build/perl-net-dns/pkg/perl-net-dns/usr/share/perl5/vendor_perl/Net/DNS/RR/APL.pm
Installing /build/perl-net-dns/pkg/perl-net-dns/usr/share/perl5/vendor_perl/Net/DNS/RR/CDS.pm
Installing /build/perl-net-dns/pkg/perl-net-dns/usr/share/perl5/vendor_perl/Net/DNS/RR/AMTRELAY.pm
Installing /build/perl-net-dns/pkg/perl-net-dns/usr/share/perl5/vendor_perl/Net/DNS/RR/CAA.pm
Installing /build/perl-net-dns/pkg/perl-net-dns/usr/share/perl5/vendor_perl/Net/DNS/RR/OPENPGPKEY.pm
Installing /build/perl-net-dns/pkg/perl-net-dns/usr/share/perl5/vendor_perl/Net/DNS/RR/NID.pm
Installing /build/perl-net-dns/pkg/perl-net-dns/usr/share/perl5/vendor_perl/Net/DNS/RR/NSEC.pm
Installing /build/perl-net-dns/pkg/perl-net-dns/usr/share/perl5/vendor_perl/Net/DNS/RR/SSHFP.pm
Installing /build/perl-net-dns/pkg/perl-net-dns/usr/share/perl5/vendor_perl/Net/DNS/RR/NULL.pm
Installing /build/perl-net-dns/pkg/perl-net-dns/usr/share/perl5/vendor_perl/Net/DNS/RR/TSIG.pm
Installing /build/perl-net-dns/pkg/perl-net-dns/usr/share/perl5/vendor_perl/Net/DNS/RR/NSEC3PARAM.pm
Installing /build/perl-net-dns/pkg/perl-net-dns/usr/share/perl5/vendor_perl/Net/DNS/RR/X25.pm
Installing /build/perl-net-dns/pkg/perl-net-dns/usr/share/perl5/vendor_perl/Net/DNS/RR/RRSIG.pm
Installing /build/perl-net-dns/pkg/perl-net-dns/usr/share/perl5/vendor_perl/Net/DNS/RR/MX.pm
Installing /build/perl-net-dns/pkg/perl-net-dns/usr/share/perl5/vendor_perl/Net/DNS/RR/RT.pm
Installing /build/perl-net-dns/pkg/perl-net-dns/usr/share/perl5/vendor_perl/Net/DNS/RR/ZONEMD.pm
Installing /build/perl-net-dns/pkg/perl-net-dns/usr/share/perl5/vendor_perl/Net/DNS/RR/RP.pm
Installing /build/perl-net-dns/pkg/perl-net-dns/usr/share/perl5/vendor_perl/Net/DNS/RR/SOA.pm
Installing /build/perl-net-dns/pkg/perl-net-dns/usr/share/perl5/vendor_perl/Net/DNS/RR/URI.pm
Installing /build/perl-net-dns/pkg/perl-net-dns/usr/share/perl5/vendor_perl/Net/DNS/RR/RESINFO.pm
Installing /build/perl-net-dns/pkg/perl-net-dns/usr/share/perl5/vendor_perl/Net/DNS/RR/TKEY.pm
Installing /build/perl-net-dns/pkg/perl-net-dns/usr/share/perl5/vendor_perl/Net/DNS/RR/OPT.pm
Installing /build/perl-net-dns/pkg/perl-net-dns/usr/share/perl5/vendor_perl/Net/DNS/RR/SMIMEA.pm
Installing /build/perl-net-dns/pkg/perl-net-dns/usr/share/perl5/vendor_perl/Net/DNS/RR/NSEC3.pm
Installing /build/perl-net-dns/pkg/perl-net-dns/usr/share/perl5/vendor_perl/Net/DNS/RR/SRV.pm
Installing /build/perl-net-dns/pkg/perl-net-dns/usr/share/perl5/vendor_perl/Net/DNS/RR/PTR.pm
Installing /build/perl-net-dns/pkg/perl-net-dns/usr/share/perl5/vendor_perl/Net/DNS/RR/NAPTR.pm
Installing /build/perl-net-dns/pkg/perl-net-dns/usr/share/perl5/vendor_perl/Net/DNS/RR/TXT.pm
Installing /build/perl-net-dns/pkg/perl-net-dns/usr/share/perl5/vendor_perl/Net/DNS/RR/SIG.pm
Installing /build/perl-net-dns/pkg/perl-net-dns/usr/share/perl5/vendor_perl/Net/DNS/RR/TLSA.pm
Installing /build/perl-net-dns/pkg/perl-net-dns/usr/share/perl5/vendor_perl/Net/DNS/RR/SVCB.pm
Installing /build/perl-net-dns/pkg/perl-net-dns/usr/share/perl5/vendor_perl/Net/DNS/RR/SPF.pm
Installing /build/perl-net-dns/pkg/perl-net-dns/usr/share/perl5/vendor_perl/Net/DNS/RR/NS.pm
Installing /build/perl-net-dns/pkg/perl-net-dns/usr/share/perl5/vendor_perl/Net/DNS/RR/PX.pm
Installing /build/perl-net-dns/pkg/perl-net-dns/usr/share/perl5/vendor_perl/Net/DNS/Resolver/os390.pm
Installing /build/perl-net-dns/pkg/perl-net-dns/usr/share/perl5/vendor_perl/Net/DNS/Resolver/cygwin.pm
Installing /build/perl-net-dns/pkg/perl-net-dns/usr/share/perl5/vendor_perl/Net/DNS/Resolver/Base.pm
Installing /build/perl-net-dns/pkg/perl-net-dns/usr/share/perl5/vendor_perl/Net/DNS/Resolver/UNIX.pm
Installing /build/perl-net-dns/pkg/perl-net-dns/usr/share/perl5/vendor_perl/Net/DNS/Resolver/Recurse.pm
Installing /build/perl-net-dns/pkg/perl-net-dns/usr/share/perl5/vendor_perl/Net/DNS/Resolver/android.pm
Installing /build/perl-net-dns/pkg/perl-net-dns/usr/share/perl5/vendor_perl/Net/DNS/Resolver/os2.pm
Installing /build/perl-net-dns/pkg/perl-net-dns/usr/share/perl5/vendor_perl/Net/DNS/Resolver/MSWin32.pm
Installing /build/perl-net-dns/pkg/perl-net-dns/usr/share/man/man3/Net::DNS.3pm
Installing /build/perl-net-dns/pkg/perl-net-dns/usr/share/man/man3/Net::DNS::Domain.3pm
Installing /build/perl-net-dns/pkg/perl-net-dns/usr/share/man/man3/Net::DNS::DomainName.3pm
Installing /build/perl-net-dns/pkg/perl-net-dns/usr/share/man/man3/Net::DNS::FAQ.3pm
Installing /build/perl-net-dns/pkg/perl-net-dns/usr/share/man/man3/Net::DNS::Header.3pm
Installing /build/perl-net-dns/pkg/perl-net-dns/usr/share/man/man3/Net::DNS::Mailbox.3pm
Installing /build/perl-net-dns/pkg/perl-net-dns/usr/share/man/man3/Net::DNS::Nameserver.3pm
Installing /build/perl-net-dns/pkg/perl-net-dns/usr/share/man/man3/Net::DNS::Packet.3pm
Installing /build/perl-net-dns/pkg/perl-net-dns/usr/share/man/man3/Net::DNS::Parameters.3pm
Installing /build/perl-net-dns/pkg/perl-net-dns/usr/share/man/man3/Net::DNS::Question.3pm
Installing /build/perl-net-dns/pkg/perl-net-dns/usr/share/man/man3/Net::DNS::RR.3pm
Installing /build/perl-net-dns/pkg/perl-net-dns/usr/share/man/man3/Net::DNS::RR::A.3pm
Installing /build/perl-net-dns/pkg/perl-net-dns/usr/share/man/man3/Net::DNS::RR::AAAA.3pm
Installing /build/perl-net-dns/pkg/perl-net-dns/usr/share/man/man3/Net::DNS::RR::AFSDB.3pm
Installing /build/perl-net-dns/pkg/perl-net-dns/usr/share/man/man3/Net::DNS::RR::AMTRELAY.3pm
Installing /build/perl-net-dns/pkg/perl-net-dns/usr/share/man/man3/Net::DNS::RR::APL.3pm
Installing /build/perl-net-dns/pkg/perl-net-dns/usr/share/man/man3/Net::DNS::RR::CAA.3pm
Installing /build/perl-net-dns/pkg/perl-net-dns/usr/share/man/man3/Net::DNS::RR::CDNSKEY.3pm
Installing /build/perl-net-dns/pkg/perl-net-dns/usr/share/man/man3/Net::DNS::RR::CDS.3pm
Installing /build/perl-net-dns/pkg/perl-net-dns/usr/share/man/man3/Net::DNS::RR::CERT.3pm
Installing /build/perl-net-dns/pkg/perl-net-dns/usr/share/man/man3/Net::DNS::RR::CNAME.3pm
Installing /build/perl-net-dns/pkg/perl-net-dns/usr/share/man/man3/Net::DNS::RR::CSYNC.3pm
Installing /build/perl-net-dns/pkg/perl-net-dns/usr/share/man/man3/Net::DNS::RR::DELEG.3pm
Installing /build/perl-net-dns/pkg/perl-net-dns/usr/share/man/man3/Net::DNS::RR::DHCID.3pm
Installing /build/perl-net-dns/pkg/perl-net-dns/usr/share/man/man3/Net::DNS::RR::DNAME.3pm
Installing /build/perl-net-dns/pkg/perl-net-dns/usr/share/man/man3/Net::DNS::RR::DNSKEY.3pm
Installing /build/perl-net-dns/pkg/perl-net-dns/usr/share/man/man3/Net::DNS::RR::DS.3pm
Installing /build/perl-net-dns/pkg/perl-net-dns/usr/share/man/man3/Net::DNS::RR::DSYNC.3pm
Installing /build/perl-net-dns/pkg/perl-net-dns/usr/share/man/man3/Net::DNS::RR::EUI48.3pm
Installing /build/perl-net-dns/pkg/perl-net-dns/usr/share/man/man3/Net::DNS::RR::EUI64.3pm
Installing /build/perl-net-dns/pkg/perl-net-dns/usr/share/man/man3/Net::DNS::RR::GPOS.3pm
Installing /build/perl-net-dns/pkg/perl-net-dns/usr/share/man/man3/Net::DNS::RR::HINFO.3pm
Installing /build/perl-net-dns/pkg/perl-net-dns/usr/share/man/man3/Net::DNS::RR::HIP.3pm
Installing /build/perl-net-dns/pkg/perl-net-dns/usr/share/man/man3/Net::DNS::RR::HTTPS.3pm
Installing /build/perl-net-dns/pkg/perl-net-dns/usr/share/man/man3/Net::DNS::RR::IPSECKEY.3pm
Installing /build/perl-net-dns/pkg/perl-net-dns/usr/share/man/man3/Net::DNS::RR::ISDN.3pm
Installing /build/perl-net-dns/pkg/perl-net-dns/usr/share/man/man3/Net::DNS::RR::KEY.3pm
Installing /build/perl-net-dns/pkg/perl-net-dns/usr/share/man/man3/Net::DNS::RR::KX.3pm
Installing /build/perl-net-dns/pkg/perl-net-dns/usr/share/man/man3/Net::DNS::RR::L32.3pm
Installing /build/perl-net-dns/pkg/perl-net-dns/usr/share/man/man3/Net::DNS::RR::L64.3pm
Installing /build/perl-net-dns/pkg/perl-net-dns/usr/share/man/man3/Net::DNS::RR::LOC.3pm
Installing /build/perl-net-dns/pkg/perl-net-dns/usr/share/man/man3/Net::DNS::RR::LP.3pm
Installing /build/perl-net-dns/pkg/perl-net-dns/usr/share/man/man3/Net::DNS::RR::MB.3pm
Installing /build/perl-net-dns/pkg/perl-net-dns/usr/share/man/man3/Net::DNS::RR::MG.3pm
Installing /build/perl-net-dns/pkg/perl-net-dns/usr/share/man/man3/Net::DNS::RR::MINFO.3pm
Installing /build/perl-net-dns/pkg/perl-net-dns/usr/share/man/man3/Net::DNS::RR::MR.3pm
Installing /build/perl-net-dns/pkg/perl-net-dns/usr/share/man/man3/Net::DNS::RR::MX.3pm
Installing /build/perl-net-dns/pkg/perl-net-dns/usr/share/man/man3/Net::DNS::RR::NAPTR.3pm
Installing /build/perl-net-dns/pkg/perl-net-dns/usr/share/man/man3/Net::DNS::RR::NID.3pm
Installing /build/perl-net-dns/pkg/perl-net-dns/usr/share/man/man3/Net::DNS::RR::NS.3pm
Installing /build/perl-net-dns/pkg/perl-net-dns/usr/share/man/man3/Net::DNS::RR::NSEC.3pm
Installing /build/perl-net-dns/pkg/perl-net-dns/usr/share/man/man3/Net::DNS::RR::NSEC3.3pm
Installing /build/perl-net-dns/pkg/perl-net-dns/usr/share/man/man3/Net::DNS::RR::NSEC3PARAM.3pm
Installing /build/perl-net-dns/pkg/perl-net-dns/usr/share/man/man3/Net::DNS::RR::NULL.3pm
Installing /build/perl-net-dns/pkg/perl-net-dns/usr/share/man/man3/Net::DNS::RR::OPENPGPKEY.3pm
Installing /build/perl-net-dns/pkg/perl-net-dns/usr/share/man/man3/Net::DNS::RR::OPT.3pm
Installing /build/perl-net-dns/pkg/perl-net-dns/usr/share/man/man3/Net::DNS::RR::PTR.3pm
Installing /build/perl-net-dns/pkg/perl-net-dns/usr/share/man/man3/Net::DNS::RR::PX.3pm
Installing /build/perl-net-dns/pkg/perl-net-dns/usr/share/man/man3/Net::DNS::RR::RESINFO.3pm
Installing /build/perl-net-dns/pkg/perl-net-dns/usr/share/man/man3/Net::DNS::RR::RP.3pm
Installing /build/perl-net-dns/pkg/perl-net-dns/usr/share/man/man3/Net::DNS::RR::RRSIG.3pm
Installing /build/perl-net-dns/pkg/perl-net-dns/usr/share/man/man3/Net::DNS::RR::RT.3pm
Installing /build/perl-net-dns/pkg/perl-net-dns/usr/share/man/man3/Net::DNS::RR::SIG.3pm
Installing /build/perl-net-dns/pkg/perl-net-dns/usr/share/man/man3/Net::DNS::RR::SMIMEA.3pm
Installing /build/perl-net-dns/pkg/perl-net-dns/usr/share/man/man3/Net::DNS::RR::SOA.3pm
Installing /build/perl-net-dns/pkg/perl-net-dns/usr/share/man/man3/Net::DNS::RR::SPF.3pm
Installing /build/perl-net-dns/pkg/perl-net-dns/usr/share/man/man3/Net::DNS::RR::SRV.3pm
Installing /build/perl-net-dns/pkg/perl-net-dns/usr/share/man/man3/Net::DNS::RR::SSHFP.3pm
Installing /build/perl-net-dns/pkg/perl-net-dns/usr/share/man/man3/Net::DNS::RR::SVCB.3pm
Installing /build/perl-net-dns/pkg/perl-net-dns/usr/share/man/man3/Net::DNS::RR::TKEY.3pm
Installing /build/perl-net-dns/pkg/perl-net-dns/usr/share/man/man3/Net::DNS::RR::TLSA.3pm
Installing /build/perl-net-dns/pkg/perl-net-dns/usr/share/man/man3/Net::DNS::RR::TSIG.3pm
Installing /build/perl-net-dns/pkg/perl-net-dns/usr/share/man/man3/Net::DNS::RR::TXT.3pm
Installing /build/perl-net-dns/pkg/perl-net-dns/usr/share/man/man3/Net::DNS::RR::URI.3pm
Installing /build/perl-net-dns/pkg/perl-net-dns/usr/share/man/man3/Net::DNS::RR::X25.3pm
Installing /build/perl-net-dns/pkg/perl-net-dns/usr/share/man/man3/Net::DNS::RR::ZONEMD.3pm
Installing /build/perl-net-dns/pkg/perl-net-dns/usr/share/man/man3/Net::DNS::Resolver.3pm
Installing /build/perl-net-dns/pkg/perl-net-dns/usr/share/man/man3/Net::DNS::Resolver::Base.3pm
Installing /build/perl-net-dns/pkg/perl-net-dns/usr/share/man/man3/Net::DNS::Resolver::MSWin32.3pm
Installing /build/perl-net-dns/pkg/perl-net-dns/usr/share/man/man3/Net::DNS::Resolver::Recurse.3pm
Installing /build/perl-net-dns/pkg/perl-net-dns/usr/share/man/man3/Net::DNS::Resolver::UNIX.3pm
Installing /build/perl-net-dns/pkg/perl-net-dns/usr/share/man/man3/Net::DNS::Resolver::android.3pm
Installing /build/perl-net-dns/pkg/perl-net-dns/usr/share/man/man3/Net::DNS::Resolver::cygwin.3pm
Installing /build/perl-net-dns/pkg/perl-net-dns/usr/share/man/man3/Net::DNS::Resolver::os2.3pm
Installing /build/perl-net-dns/pkg/perl-net-dns/usr/share/man/man3/Net::DNS::Resolver::os390.3pm
Installing /build/perl-net-dns/pkg/perl-net-dns/usr/share/man/man3/Net::DNS::Text.3pm
Installing /build/perl-net-dns/pkg/perl-net-dns/usr/share/man/man3/Net::DNS::Update.3pm
Installing /build/perl-net-dns/pkg/perl-net-dns/usr/share/man/man3/Net::DNS::ZoneFile.3pm
==> Tidying install...
  -> Removing empty directories...
  -> Removing libtool files...
  -> Purging unwanted files...
  -> Removing static library files...
  -> Stripping unneeded symbols from binaries and libraries...
  -> Compressing man and info pages...
==> Checking for packaging issues...
==> Creating package "perl-net-dns"...
  -> Generating .PKGINFO file...
  -> Generating .BUILDINFO file...
  -> Generating .MTREE file...
  -> Compressing package...
==> Leaving fakeroot environment.
==> Finished making: perl-net-dns 1.50-2 (Wed Aug 27 21:31:11 2025)
==> Removing chroot copy [/home/buildbot/archpower/espresso/buildbot-2118]...done
[34h[?25h
Build completed successfully