patching file src/cgutils.cpp
Hunk #1 succeeded at 2762 (offset 5 lines).
patching file src/codegen.cpp
Hunk #1 succeeded at 7381 (offset -13 lines).
patching file src/disasm.cpp
Hunk #1 succeeded at 801 (offset -56 lines).
patching file src/jitlayers.cpp
Hunk #1 succeeded at 12 (offset 2 lines).
Hunk #2 succeeded at 658 (offset 1 line).
patching file src/llvm-late-gc-lowering.cpp
Hunk #1 succeeded at 691 (offset -18 lines).
Hunk #2 succeeded at 713 (offset -23 lines).
patching file src/llvm-multiversioning.cpp
patching file src/llvm-remove-addrspaces.cpp
patching file src/llvm-late-gc-lowering.cpp
Hunk #3 succeeded at 648 (offset 11 lines).
Hunk #4 succeeded at 715 (offset 11 lines).
patching file src/abi_aarch64.cpp
patching file src/abi_arm.cpp
patching file src/abi_llvm.cpp
patching file src/abi_ppc64le.cpp
patching file src/abi_win32.cpp
patching file src/abi_win64.cpp
patching file src/abi_x86.cpp
patching file src/abi_x86_64.cpp
patching file src/ccall.cpp
patching file src/Makefile
Hunk #1 succeeded at 247 (offset -46 lines).
patching file src/cgutils.cpp
Hunk #2 succeeded at 3207 (offset -3 lines).
patching file src/codegen.cpp
Hunk #1 succeeded at 641 (offset 7 lines).
Hunk #2 succeeded at 1171 (offset 40 lines).
Hunk #3 succeeded at 4986 (offset 194 lines).
patching file src/codegen_shared.h
Hunk #2 succeeded at 18 (offset -3 lines).
Hunk #3 succeeded at 85 (offset -3 lines).
patching file src/llvm-late-gc-lowering.cpp
Hunk #1 succeeded at 2308 (offset 12 lines).
patching file src/abi_aarch64.cpp
patching file src/abi_arm.cpp
patching file src/abi_llvm.cpp
patching file src/abi_ppc64le.cpp
patching file src/abi_win32.cpp
patching file src/abi_win64.cpp
patching file src/abi_x86.cpp
patching file src/abi_x86_64.cpp
patching file src/ccall.cpp
Hunk #1 succeeded at 291 (offset 3 lines).
Hunk #2 succeeded at 1077 (offset -9 lines).
patching file src/aotcompile.cpp
Hunk #1 succeeded at 569 (offset 19 lines).
patching file src/ccall.cpp
Hunk #1 succeeded at 882 (offset -9 lines).
patching file src/codegen.cpp
Hunk #1 succeeded at 1742 (offset 35 lines).
Hunk #2 succeeded at 8216 (offset 175 lines).
patching file src/aotcompile.cpp
Hunk #1 succeeded at 570 (offset 19 lines).
patching file src/ccall.cpp
Hunk #1 succeeded at 883 (offset -9 lines).
patching file src/codegen.cpp
Hunk #1 succeeded at 1749 (offset 35 lines).
Hunk #2 succeeded at 8225 (offset 175 lines).
patching file src/disasm.cpp
Hunk #1 succeeded at 800 (offset -60 lines).
patching file src/llvm-late-gc-lowering.cpp
patching file src/codegen.cpp
Hunk #1 succeeded at 156 (offset 12 lines).
Hunk #2 succeeded at 4996 (offset 206 lines).
Hunk #3 succeeded at 7893 (offset 204 lines).
patching file src/codegen_shared.h
Hunk #1 succeeded at 96 (offset -3 lines).
Hunk #2 succeeded at 126 (offset -3 lines).
Hunk #3 succeeded at 139 (offset -3 lines).
patching file src/llvm-late-gc-lowering.cpp
Hunk #1 succeeded at 2310 (offset 12 lines).
patching file src/llvm-multiversioning.cpp
Hunk #2 succeeded at 341 (offset -3 lines).
patching file src/llvm-pass-helpers.cpp
Hunk #1 succeeded at 18 (offset -1 lines).
patching file src/llvm-ptls.cpp
Hunk #2 succeeded at 270 (offset 9 lines).
patching file src/debuginfo.cpp
patching file src/jitlayers.cpp
Hunk #1 succeeded at 1059 (offset 14 lines).
patching file stdlib/LibGit2/src/types.jl
patching file src/debuginfo.cpp
Hunk #1 succeeded at 282 (offset -5 lines).
Hunk #2 succeeded at 1601 (offset 3 lines).
patching file Make.inc
Hunk #1 succeeded at 1092 (offset -17 lines).
Hunk #2 succeeded at 1105 (offset -17 lines).
patching file Makefile
patching file base/Makefile
Hunk #1 succeeded at 48 (offset -6 lines).
Hunk #2 succeeded at 221 with fuzz 2 (offset 37 lines).
patching file stdlib/LinearAlgebra/src/blas.jl
patching file stdlib/MbedTLS_jll/src/MbedTLS_jll.jl
patching file stdlib/libLLVM_jll/src/libLLVM_jll.jl
patching file stdlib/nghttp2_jll/src/nghttp2_jll.jl
patching file stdlib/LibGit2_jll/src/LibGit2_jll.jl
patching file stdlib/OpenLibm_jll/src/OpenLibm_jll.jl
patching file Makefile
Hunk #1 succeeded at 230 (offset -47 lines).
patching file Makefile
Hunk #1 succeeded at 367 (offset -1 lines).
patching file src/Curl/Multi.jl
