┌ Warning: Not skipping tests: --skip
└ @ Main /build/src/julia-1.7.2/test/choosetests.jl:211

signal (2): Interrupt
in expression starting at /build/src/julia-1.7.2/test/runtests.jl:93
epoll_wait at /usr/lib/libc.so.6 (unknown line)
uv__io_poll at /build/src/julia-1.7.2/deps/srccache/libuv-3a63bf71de62c64097989254e4f03212e3bf5fc8/src/unix/epoll.c:240
uv_run at /build/src/julia-1.7.2/deps/srccache/libuv-3a63bf71de62c64097989254e4f03212e3bf5fc8/src/unix/core.c:383
jl_task_get_next at /build/src/julia-1.7.2/src/partr.c:481
poptask at ./task.jl:827
wait at ./task.jl:836
wait at ./condition.jl:123
take_buffered at ./channels.jl:389
take! at ./channels.jl:383
jl_fptr_args at /build/src/julia-1.7.2/src/gf.c:2016
_jl_invoke at /build/src/julia-1.7.2/src/gf.c:2247 [inlined]
jl_apply_generic at /build/src/julia-1.7.2/src/gf.c:2429
take! at /build/src/julia-1.7.2/usr/share/julia/stdlib/v1.7/Distributed/src/remotecall.jl:730
#remotecall_fetch#155 at /build/src/julia-1.7.2/usr/share/julia/stdlib/v1.7/Distributed/src/remotecall.jl:465
jl_fptr_args at /build/src/julia-1.7.2/src/gf.c:2016
_jl_invoke at /build/src/julia-1.7.2/src/gf.c:2228 [inlined]
jl_invoke at /build/src/julia-1.7.2/src/gf.c:2254
remotecall_fetch at /build/src/julia-1.7.2/usr/share/julia/stdlib/v1.7/Distributed/src/remotecall.jl:461 [inlined]
#remotecall_fetch#158 at /build/src/julia-1.7.2/usr/share/julia/stdlib/v1.7/Distributed/src/remotecall.jl:496 [inlined]
remotecall_fetch at /build/src/julia-1.7.2/usr/share/julia/stdlib/v1.7/Distributed/src/remotecall.jl:496 [inlined]
call_on_owner at /build/src/julia-1.7.2/usr/share/julia/stdlib/v1.7/Distributed/src/remotecall.jl:569 [inlined]
wait at /build/src/julia-1.7.2/usr/share/julia/stdlib/v1.7/Distributed/src/remotecall.jl:590
jl_fptr_args at /build/src/julia-1.7.2/src/gf.c:2016
_jl_invoke at /build/src/julia-1.7.2/src/gf.c:2247 [inlined]
jl_apply_generic at /build/src/julia-1.7.2/src/gf.c:2429
sync_end at ./task.jl:370
macro expansion at ./task.jl:400 [inlined]
remotecall_eval at /build/src/julia-1.7.2/usr/share/julia/stdlib/v1.7/Distributed/src/macros.jl:219
macro expansion at /build/src/julia-1.7.2/usr/share/julia/stdlib/v1.7/Distributed/src/macros.jl:203 [inlined]
#31 at /build/src/julia-1.7.2/test/runtests.jl:112
cd at ./file.jl:110
jl_fptr_args at /build/src/julia-1.7.2/src/gf.c:2016
_jl_invoke at /build/src/julia-1.7.2/src/gf.c:2247 [inlined]
jl_apply_generic at /build/src/julia-1.7.2/src/gf.c:2429
jl_apply at /build/src/julia-1.7.2/src/julia.h:1788 [inlined]
do_call at /build/src/julia-1.7.2/src/interpreter.c:126
eval_value at /build/src/julia-1.7.2/src/interpreter.c:215
eval_stmt_value at /build/src/julia-1.7.2/src/interpreter.c:166 [inlined]
eval_body at /build/src/julia-1.7.2/src/interpreter.c:601
jl_interpret_toplevel_thunk at /build/src/julia-1.7.2/src/interpreter.c:731
jl_toplevel_eval_flex at /build/src/julia-1.7.2/src/toplevel.c:885
jl_toplevel_eval_flex at /build/src/julia-1.7.2/src/toplevel.c:830
jl_toplevel_eval_in at /build/src/julia-1.7.2/src/toplevel.c:944
eval at ./boot.jl:373 [inlined]
include_string at ./loading.jl:1196
jl_fptr_args at /build/src/julia-1.7.2/src/gf.c:2016
_jl_invoke at /build/src/julia-1.7.2/src/gf.c:2247 [inlined]
jl_apply_generic at /build/src/julia-1.7.2/src/gf.c:2429
_include at ./loading.jl:1253
include at ./Base.jl:418
jl_fptr_args at /build/src/julia-1.7.2/src/gf.c:2016
_jl_invoke at /build/src/julia-1.7.2/src/gf.c:2247 [inlined]
jl_apply_generic at /build/src/julia-1.7.2/src/gf.c:2429
exec_options at ./client.jl:292
_start at ./client.jl:495
jfptr__start_41150 at /build/src/julia-1.7.2/usr/lib/julia/sys.so (unknown line)
_jl_invoke at /build/src/julia-1.7.2/src/gf.c:2247 [inlined]
jl_apply_generic at /build/src/julia-1.7.2/src/gf.c:2429
jl_apply at /build/src/julia-1.7.2/src/julia.h:1788 [inlined]
true_main at /build/src/julia-1.7.2/src/jlapi.c:559
jl_repl_entrypoint at /build/src/julia-1.7.2/src/jlapi.c:701
jl_load_repl at /build/src/julia-1.7.2/cli/loader_lib.c:220
main at /build/src/julia-1.7.2/cli/loader_exe.c:42
__libc_start_call_main at /usr/lib/libc.so.6 (unknown line)
__libc_start_main at /usr/lib/libc.so.6 (unknown line)
unknown function (ip: (nil))
Allocations: 16118510 (Pool: 16111470; Big: 7040); GC: 19
┌ Warning: Forcibly interrupting busy workers
│   exception = schedule: Task not runnable
└ @ Distributed /build/src/julia-1.7.2/usr/share/julia/stdlib/v1.7/Distributed/src/cluster.jl:1249
      From worker 7:	fatal: error thrown and no exception handler available.
      From worker 7:	InterruptException()
      From worker 7:	jl_mutex_unlock at /build/src/julia-1.7.2/src/julia_locks.h:129 [inlined]
      From worker 7:	jl_task_get_next at /build/src/julia-1.7.2/src/partr.c:484
      From worker 7:	poptask at ./task.jl:827
      From worker 7:	wait at ./task.jl:836
      From worker 7:	task_done_hook at ./task.jl:544
      From worker 7:	jl_fptr_args at /build/src/julia-1.7.2/src/gf.c:2016
      From worker 7:	_jl_invoke at /build/src/julia-1.7.2/src/gf.c:2247 [inlined]
      From worker 7:	jl_apply_generic at /build/src/julia-1.7.2/src/gf.c:2429
      From worker 7:	jl_apply at /build/src/julia-1.7.2/src/julia.h:1788 [inlined]
      From worker 7:	jl_finish_task at /build/src/julia-1.7.2/src/task.c:218
      From worker 7:	start_task at /build/src/julia-1.7.2/src/task.c:888
      From worker 5:	fatal: error thrown and no exception handler available.
      From worker 5:	InterruptException()
      From worker 5:	jl_mutex_unlock at /build/src/julia-1.7.2/src/julia_locks.h:129 [inlined]
      From worker 5:	jl_task_get_next at /build/src/julia-1.7.2/src/partr.c:484
      From worker 5:	poptask at ./task.jl:827
      From worker 5:	wait at ./task.jl:836
      From worker 5:	task_done_hook at ./task.jl:544
      From worker 5:	jl_fptr_args at /build/src/julia-1.7.2/src/gf.c:2016
      From worker 5:	_jl_invoke at /build/src/julia-1.7.2/src/gf.c:2247 [inlined]
      From worker 5:	jl_apply_generic at /build/src/julia-1.7.2/src/gf.c:2429
      From worker 5:	jl_apply at /build/src/julia-1.7.2/src/julia.h:1788 [inlined]
      From worker 5:	jl_finish_task at /build/src/julia-1.7.2/src/task.c:218
      From worker 5:	start_task at /build/src/julia-1.7.2/src/task.c:888
      From worker 12:	fatal: error thrown and no exception handler available.
      From worker 12:	InterruptException()
      From worker 12:	jl_mutex_unlock at /build/src/julia-1.7.2/src/julia_locks.h:129 [inlined]
      From worker 12:	jl_task_get_next at /build/src/julia-1.7.2/src/partr.c:484
      From worker 12:	poptask at ./task.jl:827
      From worker 12:	wait at ./task.jl:836
      From worker 12:	task_done_hook at ./task.jl:544
      From worker 12:	jl_fptr_args at /build/src/julia-1.7.2/src/gf.c:2016
      From worker 12:	_jl_invoke at /build/src/julia-1.7.2/src/gf.c:2247 [inlined]
      From worker 12:	jl_apply_generic at /build/src/julia-1.7.2/src/gf.c:2429
      From worker 12:	jl_apply at /build/src/julia-1.7.2/src/julia.h:1788 [inlined]
      From worker 12:	jl_finish_task at /build/src/julia-1.7.2/src/task.c:218
      From worker 12:	start_task at /build/src/julia-1.7.2/src/task.c:888
      From worker 9:	fatal: error thrown and no exception handler available.
      From worker 9:	InterruptException()
      From worker 9:	jl_mutex_unlock at /build/src/julia-1.7.2/src/julia_locks.h:129 [inlined]
      From worker 9:	jl_task_get_next at /build/src/julia-1.7.2/src/partr.c:484
      From worker 9:	poptask at ./task.jl:827
      From worker 9:	wait at ./task.jl:836
      From worker 9:	task_done_hook at ./task.jl:544
      From worker 9:	jl_fptr_args at /build/src/julia-1.7.2/src/gf.c:2016
      From worker 9:	_jl_invoke at /build/src/julia-1.7.2/src/gf.c:2247 [inlined]
      From worker 9:	jl_apply_generic at /build/src/julia-1.7.2/src/gf.c:2429
      From worker 9:	jl_apply at /build/src/julia-1.7.2/src/julia.h:1788 [inlined]
      From worker 9:	jl_finish_task at /build/src/julia-1.7.2/src/task.c:218
      From worker 9:	start_task at /build/src/julia-1.7.2/src/task.c:888
      From worker 6:	fatal: error thrown and no exception handler available.
      From worker 6:	InterruptException()
      From worker 6:	jl_mutex_unlock at /build/src/julia-1.7.2/src/julia_locks.h:129 [inlined]
      From worker 6:	jl_task_get_next at /build/src/julia-1.7.2/src/partr.c:484
      From worker 6:	poptask at ./task.jl:827
      From worker 6:	wait at ./task.jl:836
      From worker 6:	task_done_hook at ./task.jl:544
      From worker 6:	jl_fptr_args at /build/src/julia-1.7.2/src/gf.c:2016
      From worker 6:	_jl_invoke at /build/src/julia-1.7.2/src/gf.c:2247 [inlined]
      From worker 6:	jl_apply_generic at /build/src/julia-1.7.2/src/gf.c:2429
      From worker 6:	jl_apply at /build/src/julia-1.7.2/src/julia.h:1788 [inlined]
      From worker 6:	jl_finish_task at /build/src/julia-1.7.2/src/task.c:218
      From worker 6:	start_task at /build/src/julia-1.7.2/src/task.c:888
      From worker 11:	fatal: error thrown and no exception handler available.
      From worker 11:	InterruptException()
      From worker 11:	jl_mutex_unlock at /build/src/julia-1.7.2/src/julia_locks.h:129 [inlined]
      From worker 11:	jl_task_get_next at /build/src/julia-1.7.2/src/partr.c:484
      From worker 11:	poptask at ./task.jl:827
      From worker 11:	wait at ./task.jl:836
      From worker 11:	task_done_hook at ./task.jl:544
      From worker 11:	jl_fptr_args at /build/src/julia-1.7.2/src/gf.c:2016
      From worker 11:	_jl_invoke at /build/src/julia-1.7.2/src/gf.c:2247 [inlined]
      From worker 11:	jl_apply_generic at /build/src/julia-1.7.2/src/gf.c:2429
      From worker 11:	jl_apply at /build/src/julia-1.7.2/src/julia.h:1788 [inlined]
      From worker 11:	jl_finish_task at /build/src/julia-1.7.2/src/task.c:218
      From worker 11:	start_task at /build/src/julia-1.7.2/src/task.c:888
      From worker 8:	fatal: error thrown and no exception handler available.
      From worker 8:	InterruptException()
      From worker 8:	jl_mutex_unlock at /build/src/julia-1.7.2/src/julia_locks.h:129 [inlined]
      From worker 8:	jl_task_get_next at /build/src/julia-1.7.2/src/partr.c:484
      From worker 8:	poptask at ./task.jl:827
      From worker 8:	wait at ./task.jl:836
      From worker 8:	task_done_hook at ./task.jl:544
      From worker 8:	jl_fptr_args at /build/src/julia-1.7.2/src/gf.c:2016
      From worker 8:	_jl_invoke at /build/src/julia-1.7.2/src/gf.c:2247 [inlined]
      From worker 8:	jl_apply_generic at /build/src/julia-1.7.2/src/gf.c:2429
      From worker 8:	jl_apply at /build/src/julia-1.7.2/src/julia.h:1788 [inlined]
      From worker 8:	jl_finish_task at /build/src/julia-1.7.2/src/task.c:218
      From worker 8:	start_task at /build/src/julia-1.7.2/src/task.c:888
      From worker 3:	fatal: error thrown and no exception handler available.
      From worker 3:	InterruptException()
      From worker 3:	jl_mutex_unlock at /build/src/julia-1.7.2/src/julia_locks.h:129 [inlined]
      From worker 3:	jl_task_get_next at /build/src/julia-1.7.2/src/partr.c:484
      From worker 19:	fatal: error thrown and no exception handler available.
      From worker 19:	InterruptException()
      From worker 19:	jl_mutex_unlock at /build/src/julia-1.7.2/src/julia_locks.h:129 [inlined]
      From worker 19:	jl_task_get_next at /build/src/julia-1.7.2/src/partr.c:484
      From worker 19:	poptask at ./task.jl:827
      From worker 19:	wait at ./task.jl:836
      From worker 19:	task_done_hook at ./task.jl:544
      From worker 19:	jl_fptr_args at /build/src/julia-1.7.2/src/gf.c:2016
      From worker 19:	_jl_invoke at /build/src/julia-1.7.2/src/gf.c:2247 [inlined]
      From worker 19:	jl_apply_generic at /build/src/julia-1.7.2/src/gf.c:2429
      From worker 19:	jl_apply at /build/src/julia-1.7.2/src/julia.h:1788 [inlined]
      From worker 19:	jl_finish_task at /build/src/julia-1.7.2/src/task.c:218
      From worker 21:	fatal: error thrown and no exception handler available.
      From worker 21:	InterruptException()
      From worker 21:	jl_mutex_unlock at /build/src/julia-1.7.2/src/julia_locks.h:129 [inlined]
      From worker 21:	jl_task_get_next at /build/src/julia-1.7.2/src/partr.c:484
      From worker 21:	poptask at ./task.jl:827
      From worker 21:	wait at ./task.jl:836
      From worker 21:	task_done_hook at ./task.jl:544
      From worker 21:	jl_fptr_args at /build/src/julia-1.7.2/src/gf.c:2016
      From worker 21:	_jl_invoke at /build/src/julia-1.7.2/src/gf.c:2247 [inlined]
      From worker 21:	jl_apply_generic at /build/src/julia-1.7.2/src/gf.c:2429
      From worker 21:	jl_apply at /build/src/julia-1.7.2/src/julia.h:1788 [inlined]
      From worker 21:	jl_finish_task at /build/src/julia-1.7.2/src/task.c:218
      From worker 21:	start_task at /build/src/julia-1.7.2/src/task.c:888
      From worker 17:	fatal: error thrown and no exception handler available.
      From worker 17:	InterruptException()
      From worker 17:	jl_mutex_unlock at /build/src/julia-1.7.2/src/julia_locks.h:129 [inlined]
      From worker 17:	jl_task_get_next at /build/src/julia-1.7.2/src/partr.c:484
      From worker 17:	poptask at ./task.jl:827
      From worker 17:	wait at ./task.jl:836
      From worker 17:	task_done_hook at ./task.jl:544
      From worker 17:	jl_fptr_args at /build/src/julia-1.7.2/src/gf.c:2016
      From worker 17:	_jl_invoke at /build/src/julia-1.7.2/src/gf.c:2247 [inlined]
      From worker 17:	jl_apply_generic at /build/src/julia-1.7.2/src/gf.c:2429
      From worker 17:	jl_apply at /build/src/julia-1.7.2/src/julia.h:1788 [inlined]
      From worker 17:	jl_finish_task at /build/src/julia-1.7.2/src/task.c:218
      From worker 17:	start_task at /build/src/julia-1.7.2/src/task.c:888
      From worker 13:	fatal: error thrown and no exception handler available.
      From worker 13:	InterruptException()
      From worker 13:	jl_mutex_unlock at /build/src/julia-1.7.2/src/julia_locks.h:129 [inlined]
      From worker 13:	jl_task_get_next at /build/src/julia-1.7.2/src/partr.c:484
      From worker 13:	poptask at ./task.jl:827
      From worker 13:	wait at ./task.jl:836
      From worker 13:	task_done_hook at ./task.jl:544
      From worker 13:	jl_fptr_args at /build/src/julia-1.7.2/src/gf.c:2016
      From worker 13:	_jl_invoke at /build/src/julia-1.7.2/src/gf.c:2247 [inlined]
      From worker 13:	jl_apply_generic at /build/src/julia-1.7.2/src/gf.c:2429
      From worker 13:	jl_apply at /build/src/julia-1.7.2/src/julia.h:1788 [inlined]
      From worker 13:	jl_finish_task at /build/src/julia-1.7.2/src/task.c:218
      From worker 13:	start_task at /build/src/julia-1.7.2/src/task.c:888
      From worker 33:	fatal: error thrown and no exception handler available.
      From worker 33:	InterruptException()
      From worker 33:	jl_mutex_unlock at /build/src/julia-1.7.2/src/julia_locks.h:129 [inlined]
      From worker 33:	jl_task_get_next at /build/src/julia-1.7.2/src/partr.c:484
      From worker 33:	poptask at ./task.jl:827
      From worker 33:	wait at ./task.jl:836
      From worker 33:	task_done_hook at ./task.jl:544
      From worker 33:	jl_fptr_args at /build/src/julia-1.7.2/src/gf.c:2016
      From worker 33:	_jl_invoke at /build/src/julia-1.7.2/src/gf.c:2247 [inlined]
      From worker 33:	jl_apply_generic at /build/src/julia-1.7.2/src/gf.c:2429
      From worker 33:	jl_apply at /build/src/julia-1.7.2/src/julia.h:1788 [inlined]
      From worker 33:	jl_finish_task at /build/src/julia-1.7.2/src/task.c:218
      From worker 33:	start_task at /build/src/julia-1.7.2/src/task.c:888
      From worker 18:	fatal: error thrown and no exception handler available.
      From worker 18:	InterruptException()
      From worker 18:	jl_mutex_unlock at /build/src/julia-1.7.2/src/julia_locks.h:129 [inlined]
      From worker 18:	jl_task_get_next at /build/src/julia-1.7.2/src/partr.c:484
      From worker 18:	poptask at ./task.jl:827
      From worker 18:	wait at ./task.jl:836
      From worker 18:	task_done_hook at ./task.jl:544
      From worker 18:	jl_fptr_args at /build/src/julia-1.7.2/src/gf.c:2016
      From worker 18:	_jl_invoke at /build/src/julia-1.7.2/src/gf.c:2247 [inlined]
      From worker 18:	jl_apply_generic at /build/src/julia-1.7.2/src/gf.c:2429
      From worker 18:	jl_apply at /build/src/julia-1.7.2/src/julia.h:1788 [inlined]
      From worker 18:	jl_finish_task at /build/src/julia-1.7.2/src/task.c:218
      From worker 18:	start_task at /build/src/julia-1.7.2/src/task.c:888
      From worker 28:	fatal: error thrown and no exception handler available.
      From worker 28:	InterruptException()
      From worker 28:	jl_mutex_unlock at /build/src/julia-1.7.2/src/julia_locks.h:129 [inlined]
      From worker 28:	jl_task_get_next at /build/src/julia-1.7.2/src/partr.c:484
      From worker 28:	poptask at ./task.jl:827
      From worker 28:	wait at ./task.jl:836
      From worker 28:	task_done_hook at ./task.jl:544
      From worker 28:	jl_fptr_args at /build/src/julia-1.7.2/src/gf.c:2016
      From worker 28:	_jl_invoke at /build/src/julia-1.7.2/src/gf.c:2247 [inlined]
      From worker 28:	jl_apply_generic at /build/src/julia-1.7.2/src/gf.c:2429
      From worker 28:	jl_apply at /build/src/julia-1.7.2/src/julia.h:1788 [inlined]
      From worker 28:	jl_finish_task at /build/src/julia-1.7.2/src/task.c:218
      From worker 28:	start_task at /build/src/julia-1.7.2/src/task.c:888
      From worker 26:	fatal: error thrown and no exception handler available.
      From worker 26:	InterruptException()
      From worker 26:	jl_mutex_unlock at /build/src/julia-1.7.2/src/julia_locks.h:129 [inlined]
      From worker 26:	jl_task_get_next at /build/src/julia-1.7.2/src/partr.c:484
      From worker 26:	poptask at ./task.jl:827
      From worker 26:	wait at ./task.jl:836
      From worker 26:	task_done_hook at ./task.jl:544
      From worker 26:	jl_fptr_args at /build/src/julia-1.7.2/src/gf.c:2016
      From worker 26:	_jl_invoke at /build/src/julia-1.7.2/src/gf.c:2247 [inlined]
      From worker 26:	jl_apply_generic at /build/src/julia-1.7.2/src/gf.c:2429
      From worker 26:	jl_apply at /build/src/julia-1.7.2/src/julia.h:1788 [inlined]
      From worker 26:	jl_finish_task at /build/src/julia-1.7.2/src/task.c:218
      From worker 26:	start_task at /build/src/julia-1.7.2/src/task.c:888
      From worker 15:	fatal: error thrown and no exception handler available.
      From worker 15:	InterruptException()
      From worker 15:	jl_mutex_unlock at /build/src/julia-1.7.2/src/julia_locks.h:129 [inlined]
      From worker 15:	jl_task_get_next at /build/src/julia-1.7.2/src/partr.c:484
      From worker 15:	poptask at ./task.jl:827
      From worker 15:	wait at ./task.jl:836
      From worker 15:	task_done_hook at ./task.jl:544
      From worker 15:	jl_fptr_args at /build/src/julia-1.7.2/src/gf.c:2016
      From worker 15:	_jl_invoke at /build/src/julia-1.7.2/src/gf.c:2247 [inlined]
      From worker 15:	jl_apply_generic at /build/src/julia-1.7.2/src/gf.c:2429
      From worker 15:	jl_apply at /build/src/julia-1.7.2/src/julia.h:1788 [inlined]
      From worker 15:	jl_finish_task at /build/src/julia-1.7.2/src/task.c:218
      From worker 15:	start_task at /build/src/julia-1.7.2/src/task.c:888
      From worker 27:	fatal: error thrown and no exception handler available.
      From worker 27:	InterruptException()
      From worker 27:	jl_mutex_unlock at /build/src/julia-1.7.2/src/julia_locks.h:129 [inlined]
      From worker 27:	jl_task_get_next at /build/src/julia-1.7.2/src/partr.c:484
      From worker 27:	poptask at ./task.jl:827
      From worker 27:	wait at ./task.jl:836
      From worker 27:	task_done_hook at ./task.jl:544
      From worker 27:	jl_fptr_args at /build/src/julia-1.7.2/src/gf.c:2016
      From worker 27:	_jl_invoke at /build/src/julia-1.7.2/src/gf.c:2247 [inlined]
      From worker 27:	jl_apply_generic at /build/src/julia-1.7.2/src/gf.c:2429
      From worker 27:	jl_apply at /build/src/julia-1.7.2/src/julia.h:1788 [inlined]
      From worker 27:	jl_finish_task at /build/src/julia-1.7.2/src/task.c:218
      From worker 22:	fatal: error thrown and no exception handler available.
      From worker 22:	InterruptException()
      From worker 22:	jl_mutex_unlock at /build/src/julia-1.7.2/src/julia_locks.h:129 [inlined]
      From worker 22:	jl_task_get_next at /build/src/julia-1.7.2/src/partr.c:484
      From worker 22:	poptask at ./task.jl:827
      From worker 22:	wait at ./task.jl:836
      From worker 22:	task_done_hook at ./task.jl:544
      From worker 22:	jl_fptr_args at /build/src/julia-1.7.2/src/gf.c:2016
      From worker 22:	_jl_invoke at /build/src/julia-1.7.2/src/gf.c:2247 [inlined]
      From worker 22:	jl_apply_generic at /build/src/julia-1.7.2/src/gf.c:2429
      From worker 22:	jl_apply at /build/src/julia-1.7.2/src/julia.h:1788 [inlined]
      From worker 22:	jl_finish_task at /build/src/julia-1.7.2/src/task.c:218
      From worker 22:	start_task at /build/src/julia-1.7.2/src/task.c:888
      From worker 4:	fatal: error thrown and no exception handler available.
      From worker 4:	InterruptException()
      From worker 4:	jl_mutex_unlock at /build/src/julia-1.7.2/src/julia_locks.h:129 [inlined]
      From worker 4:	jl_task_get_next at /build/src/julia-1.7.2/src/partr.c:484
      From worker 4:	poptask at ./task.jl:827
      From worker 4:	wait at ./task.jl:836
      From worker 4:	task_done_hook at ./task.jl:544
      From worker 4:	jl_fptr_args at /build/src/julia-1.7.2/src/gf.c:2016
      From worker 4:	_jl_invoke at /build/src/julia-1.7.2/src/gf.c:2247 [inlined]
      From worker 4:	jl_apply_generic at /build/src/julia-1.7.2/src/gf.c:2429
      From worker 4:	jl_apply at /build/src/julia-1.7.2/src/julia.h:1788 [inlined]
      From worker 4:	jl_finish_task at /build/src/julia-1.7.2/src/task.c:218
      From worker 4:	start_task at /build/src/julia-1.7.2/src/task.c:888
      From worker 24:	fatal: error thrown and no exception handler available.
      From worker 24:	InterruptException()
      From worker 24:	jl_mutex_unlock at /build/src/julia-1.7.2/src/julia_locks.h:129 [inlined]
      From worker 24:	jl_task_get_next at /build/src/julia-1.7.2/src/partr.c:484
      From worker 24:	poptask at ./task.jl:827
      From worker 24:	wait at ./task.jl:836
      From worker 24:	task_done_hook at ./task.jl:544
      From worker 24:	jl_fptr_args at /build/src/julia-1.7.2/src/gf.c:2016
      From worker 24:	_jl_invoke at /build/src/julia-1.7.2/src/gf.c:2247 [inlined]
      From worker 24:	jl_apply_generic at /build/src/julia-1.7.2/src/gf.c:2429
      From worker 24:	jl_apply at /build/src/julia-1.7.2/src/julia.h:1788 [inlined]
      From worker 24:	jl_finish_task at /build/src/julia-1.7.2/src/task.c:218
      From worker 24:	start_task at /build/src/julia-1.7.2/src/task.c:888
      From worker 20:	fatal: error thrown and no exception handler available.
      From worker 20:	InterruptException()
      From worker 20:	jl_mutex_unlock at /build/src/julia-1.7.2/src/julia_locks.h:129 [inlined]
      From worker 20:	jl_task_get_next at /build/src/julia-1.7.2/src/partr.c:484
      From worker 20:	poptask at ./task.jl:827
      From worker 20:	wait at ./task.jl:836
      From worker 20:	task_done_hook at ./task.jl:544
      From worker 20:	jl_fptr_args at /build/src/julia-1.7.2/src/gf.c:2016
      From worker 20:	_jl_invoke at /build/src/julia-1.7.2/src/gf.c:2247 [inlined]
      From worker 20:	jl_apply_generic at /build/src/julia-1.7.2/src/gf.c:2429
      From worker 20:	jl_apply at /build/src/julia-1.7.2/src/julia.h:1788 [inlined]
      From worker 20:	jl_finish_task at /build/src/julia-1.7.2/src/task.c:218
      From worker 20:	start_task at /build/src/julia-1.7.2/src/task.c:888
      From worker 25:	fatal: error thrown and no exception handler available.
      From worker 25:	InterruptException()
      From worker 25:	jl_mutex_unlock at /build/src/julia-1.7.2/src/julia_locks.h:129 [inlined]
      From worker 25:	jl_task_get_next at /build/src/julia-1.7.2/src/partr.c:484
      From worker 25:	poptask at ./task.jl:827
      From worker 25:	wait at ./task.jl:836
      From worker 25:	task_done_hook at ./task.jl:544
      From worker 25:	jl_fptr_args at /build/src/julia-1.7.2/src/gf.c:2016
      From worker 25:	_jl_invoke at /build/src/julia-1.7.2/src/gf.c:2247 [inlined]
      From worker 25:	jl_apply_generic at /build/src/julia-1.7.2/src/gf.c:2429
      From worker 25:	jl_apply at /build/src/julia-1.7.2/src/julia.h:1788 [inlined]
      From worker 25:	jl_finish_task at /build/src/julia-1.7.2/src/task.c:218
      From worker 25:	start_task at /build/src/julia-1.7.2/src/task.c:888
      From worker 29:	fatal: error thrown and no exception handler available.
      From worker 29:	InterruptException()
      From worker 29:	jl_mutex_unlock at /build/src/julia-1.7.2/src/julia_locks.h:129 [inlined]
      From worker 29:	jl_task_get_next at /build/src/julia-1.7.2/src/partr.c:484
      From worker 29:	poptask at ./task.jl:827
      From worker 29:	wait at ./task.jl:836
      From worker 29:	task_done_hook at ./task.jl:544
      From worker 29:	jl_fptr_args at /build/src/julia-1.7.2/src/gf.c:2016
      From worker 29:	_jl_invoke at /build/src/julia-1.7.2/src/gf.c:2247 [inlined]
      From worker 29:	jl_apply_generic at /build/src/julia-1.7.2/src/gf.c:2429
      From worker 29:	jl_apply at /build/src/julia-1.7.2/src/julia.h:1788 [inlined]
      From worker 29:	jl_finish_task at /build/src/julia-1.7.2/src/task.c:218
      From worker 29:	start_task at /build/src/julia-1.7.2/src/task.c:888
      From worker 31:	fatal: error thrown and no exception handler available.
      From worker 31:	InterruptException()
      From worker 31:	jl_mutex_unlock at /build/src/julia-1.7.2/src/julia_locks.h:129 [inlined]
      From worker 31:	jl_task_get_next at /build/src/julia-1.7.2/src/partr.c:484
      From worker 31:	poptask at ./task.jl:827
      From worker 31:	wait at ./task.jl:836
      From worker 31:	task_done_hook at ./task.jl:544
      From worker 31:	jl_fptr_args at /build/src/julia-1.7.2/src/gf.c:2016
      From worker 31:	_jl_invoke at /build/src/julia-1.7.2/src/gf.c:2247 [inlined]
      From worker 31:	jl_apply_generic at /build/src/julia-1.7.2/src/gf.c:2429
      From worker 31:	jl_apply at /build/src/julia-1.7.2/src/julia.h:1788 [inlined]
      From worker 31:	jl_finish_task at /build/src/julia-1.7.2/src/task.c:218
      From worker 23:	fatal: error thrown and no exception handler available.
      From worker 23:	InterruptException()
      From worker 23:	jl_mutex_unlock at /build/src/julia-1.7.2/src/julia_locks.h:129 [inlined]
      From worker 23:	jl_task_get_next at /build/src/julia-1.7.2/src/partr.c:484
      From worker 23:	poptask at ./task.jl:827
      From worker 23:	wait at ./task.jl:836
      From worker 23:	task_done_hook at ./task.jl:544
      From worker 23:	jl_fptr_args at /build/src/julia-1.7.2/src/gf.c:2016
      From worker 23:	_jl_invoke at /build/src/julia-1.7.2/src/gf.c:2247 [inlined]
      From worker 23:	jl_apply_generic at /build/src/julia-1.7.2/src/gf.c:2429
      From worker 23:	jl_apply at /build/src/julia-1.7.2/src/julia.h:1788 [inlined]
      From worker 23:	jl_finish_task at /build/src/julia-1.7.2/src/task.c:218
      From worker 23:	start_task at /build/src/julia-1.7.2/src/task.c:888
      From worker 14:	fatal: error thrown and no exception handler available.
      From worker 14:	InterruptException()
      From worker 14:	jl_mutex_unlock at /build/src/julia-1.7.2/src/julia_locks.h:129 [inlined]
      From worker 14:	jl_task_get_next at /build/src/julia-1.7.2/src/partr.c:484
      From worker 14:	poptask at ./task.jl:827
      From worker 30:	fatal: error thrown and no exception handler available.
      From worker 30:	InterruptException()
      From worker 30:	jl_mutex_unlock at /build/src/julia-1.7.2/src/julia_locks.h:129 [inlined]
      From worker 30:	jl_task_get_next at /build/src/julia-1.7.2/src/partr.c:484
      From worker 30:	poptask at ./task.jl:827
      From worker 30:	wait at ./task.jl:836
      From worker 30:	task_done_hook at ./task.jl:544
      From worker 30:	jl_fptr_args at /build/src/julia-1.7.2/src/gf.c:2016
      From worker 30:	_jl_invoke at /build/src/julia-1.7.2/src/gf.c:2247 [inlined]
      From worker 30:	jl_apply_generic at /build/src/julia-1.7.2/src/gf.c:2429
      From worker 30:	jl_apply at /build/src/julia-1.7.2/src/julia.h:1788 [inlined]
      From worker 30:	jl_finish_task at /build/src/julia-1.7.2/src/task.c:218
      From worker 30:	start_task at /build/src/julia-1.7.2/src/task.c:888
      From worker 32:	fatal: error thrown and no exception handler available.
      From worker 32:	InterruptException()
      From worker 32:	jl_mutex_unlock at /build/src/julia-1.7.2/src/julia_locks.h:129 [inlined]
      From worker 32:	jl_task_get_next at /build/src/julia-1.7.2/src/partr.c:484
      From worker 10:	fatal: error thrown and no exception handler available.
      From worker 10:	InterruptException()
      From worker 10:	jl_mutex_unlock at /build/src/julia-1.7.2/src/julia_locks.h:129 [inlined]
      From worker 10:	jl_task_get_next at /build/src/julia-1.7.2/src/partr.c:484
      From worker 10:	poptask at ./task.jl:827
      From worker 16:	fatal: error thrown and no exception handler available.
      From worker 16:	InterruptException()
      From worker 16:	jl_mutex_unlock at /build/src/julia-1.7.2/src/julia_locks.h:129 [inlined]
      From worker 16:	jl_task_get_next at /build/src/julia-1.7.2/src/partr.c:484
      From worker 3:	poptask at ./task.jl:827
      From worker 19:	start_task at /build/src/julia-1.7.2/src/task.c:888
      From worker 27:	start_task at /build/src/julia-1.7.2/src/task.c:888
      From worker 31:	start_task at /build/src/julia-1.7.2/src/task.c:888
      From worker 14:	wait at ./task.jl:836
      From worker 14:	task_done_hook at ./task.jl:544
      From worker 14:	jl_fptr_args at /build/src/julia-1.7.2/src/gf.c:2016
      From worker 14:	_jl_invoke at /build/src/julia-1.7.2/src/gf.c:2247 [inlined]
      From worker 14:	jl_apply_generic at /build/src/julia-1.7.2/src/gf.c:2429
      From worker 14:	jl_apply at /build/src/julia-1.7.2/src/julia.h:1788 [inlined]
      From worker 14:	jl_finish_task at /build/src/julia-1.7.2/src/task.c:218
      From worker 14:	start_task at /build/src/julia-1.7.2/src/task.c:888
      From worker 32:	poptask at ./task.jl:827
      From worker 32:	wait at ./task.jl:836
      From worker 32:	task_done_hook at ./task.jl:544
      From worker 32:	jl_fptr_args at /build/src/julia-1.7.2/src/gf.c:2016
      From worker 32:	_jl_invoke at /build/src/julia-1.7.2/src/gf.c:2247 [inlined]
      From worker 32:	jl_apply_generic at /build/src/julia-1.7.2/src/gf.c:2429
      From worker 32:	jl_apply at /build/src/julia-1.7.2/src/julia.h:1788 [inlined]
      From worker 32:	jl_finish_task at /build/src/julia-1.7.2/src/task.c:218
      From worker 32:	start_task at /build/src/julia-1.7.2/src/task.c:888
      From worker 10:	wait at ./task.jl:836
      From worker 10:	task_done_hook at ./task.jl:544
      From worker 10:	jl_fptr_args at /build/src/julia-1.7.2/src/gf.c:2016
      From worker 10:	_jl_invoke at /build/src/julia-1.7.2/src/gf.c:2247 [inlined]
      From worker 10:	jl_apply_generic at /build/src/julia-1.7.2/src/gf.c:2429
      From worker 10:	jl_apply at /build/src/julia-1.7.2/src/julia.h:1788 [inlined]
      From worker 10:	jl_finish_task at /build/src/julia-1.7.2/src/task.c:218
      From worker 10:	start_task at /build/src/julia-1.7.2/src/task.c:888
      From worker 16:	poptask at ./task.jl:827
      From worker 16:	wait at ./task.jl:836
      From worker 16:	task_done_hook at ./task.jl:544
      From worker 16:	jl_fptr_args at /build/src/julia-1.7.2/src/gf.c:2016
      From worker 16:	_jl_invoke at /build/src/julia-1.7.2/src/gf.c:2247 [inlined]
      From worker 16:	jl_apply_generic at /build/src/julia-1.7.2/src/gf.c:2429
      From worker 16:	jl_apply at /build/src/julia-1.7.2/src/julia.h:1788 [inlined]
      From worker 16:	jl_finish_task at /build/src/julia-1.7.2/src/task.c:218
      From worker 16:	start_task at /build/src/julia-1.7.2/src/task.c:888
      From worker 3:	wait at ./task.jl:836
      From worker 3:	task_done_hook at ./task.jl:544
      From worker 3:	jl_fptr_args at /build/src/julia-1.7.2/src/gf.c:2016
      From worker 3:	_jl_invoke at /build/src/julia-1.7.2/src/gf.c:2247 [inlined]
      From worker 3:	jl_apply_generic at /build/src/julia-1.7.2/src/gf.c:2429
      From worker 3:	jl_apply at /build/src/julia-1.7.2/src/julia.h:1788 [inlined]
      From worker 3:	jl_finish_task at /build/src/julia-1.7.2/src/task.c:218
      From worker 3:	start_task at /build/src/julia-1.7.2/src/task.c:888

[1m[31m==> ERROR:(B[m[1m Aborted by user! Exiting...(B[m
