==> Making package: kdewebkit 5.55.0-1 (Sun Mar 10 12:22:36 2019)
==> Checking runtime dependencies...
==> Installing missing dependencies...
Unknown host QEMU_IFLA type: 50
Unknown host QEMU_IFLA type: 51
Unknown host QEMU_IFLA type: 50
Unknown host QEMU_IFLA type: 51
Unknown host QEMU_IFLA type: 50
Unknown host QEMU_IFLA type: 51
resolving dependencies...
looking for conflicting packages...

Packages (7) giflib-5.1.4-2  libwebp-1.0.2-1  libxcomposite-0.4.4-3  qt5-location-5.12.1-1  qt5-webchannel-5.12.1-1  kparts-5.55.0-1  qt5-webkit-5.212.0alpha2-23

Total Download Size:    0.77 MiB
Total Installed Size:  71.80 MiB

:: Proceed with installation? [Y/n] :: Retrieving packages...
downloading kparts-5.55.0-1-powerpc64le.pkg.tar.xz...
checking keyring...
checking package integrity...
loading package files...
checking for file conflicts...
checking available disk space...
:: Processing package changes...
installing qt5-location...
installing qt5-webchannel...
installing giflib...
installing libwebp...
Optional dependencies for libwebp
    freeglut: vwebp viewer
installing libxcomposite...
installing qt5-webkit...
Optional dependencies for qt5-webkit
    gst-plugins-good: Webm codec support
installing kparts...
:: Running post-transaction hooks...
(1/1) Arming ConditionNeedsUpdate...
==> Checking buildtime dependencies...
==> Retrieving sources...
  -> Downloading kdewebkit-5.55.0.tar.xz...
  % Total    % Received % Xferd  Average Speed   Time    Time     Time  Current
                                 Dload  Upload   Total   Spent    Left  Speed
  0     0    0     0    0     0      0      0 --:--:-- --:--:-- --:--:--     0  0     0    0     0    0     0      0      0 --:--:-- --:--:-- --:--:--     0100   337  100   337    0     0   1056      0 --:--:-- --:--:-- --:--:--  1083
  0     0    0     0    0     0      0      0 --:--:--  0:00:01 --:--:--     0100 29288  100 29288    0     0  13597      0  0:00:02  0:00:02 --:--:-- 38638
  -> Downloading kdewebkit-5.55.0.tar.xz.sig...
  % Total    % Received % Xferd  Average Speed   Time    Time     Time  Current
                                 Dload  Upload   Total   Spent    Left  Speed
  0     0    0     0    0     0      0      0 --:--:-- --:--:-- --:--:--     0100   473  100   473    0     0   1429      0 --:--:-- --:--:-- --:--:--  1473
==> Validating source files with sha256sums...
    kdewebkit-5.55.0.tar.xz ... Passed
    kdewebkit-5.55.0.tar.xz.sig ... Skipped
==> Verifying source file signatures with gpg...
    kdewebkit-5.55.0.tar.xz ... Passed
==> Extracting sources...
  -> Extracting kdewebkit-5.55.0.tar.xz with bsdtar
==> Starting prepare()...
==> Starting build()...
-- The C compiler identification is GNU 8.2.1
-- The CXX compiler identification is GNU 8.2.1
-- Check for working C compiler: /usr/lib/distcc/bin/cc
-- Check for working C compiler: /usr/lib/distcc/bin/cc -- works
-- Detecting C compiler ABI info
-- Detecting C compiler ABI info - done
-- Detecting C compile features
-- Detecting C compile features - done
-- Check for working CXX compiler: /usr/lib/distcc/bin/c++
-- Check for working CXX compiler: /usr/lib/distcc/bin/c++ -- works
-- Detecting CXX compiler ABI info
-- Detecting CXX compiler ABI info - done
-- Detecting CXX compile features
-- Detecting CXX compile features - done
-- 

-- Installing in the same prefix as Qt, adopting their path scheme.
-- Looking for __GLIBC__
-- Looking for __GLIBC__ - found
-- Performing Test _OFFT_IS_64BIT
-- Performing Test _OFFT_IS_64BIT - Success
-- Performing Test HAVE_DATE_TIME
-- Performing Test HAVE_DATE_TIME - Success
-- Found Gettext: /usr/bin/msgmerge (found version "0.19.8.1") 
-- Performing Test COMPILER_HAS_HIDDEN_VISIBILITY
-- Performing Test COMPILER_HAS_HIDDEN_VISIBILITY - Success
-- Performing Test COMPILER_HAS_HIDDEN_INLINE_VISIBILITY
-- Performing Test COMPILER_HAS_HIDDEN_INLINE_VISIBILITY - Success
-- Performing Test COMPILER_HAS_DEPRECATED_ATTR
-- Performing Test COMPILER_HAS_DEPRECATED_ATTR - Success
-- The following REQUIRED packages have been found:

 * ECM (required version >= 5.55.0), Extra CMake Modules., <https://projects.kde.org/projects/kdesupport/extra-cmake-modules>
 * Qt5Gui (required version >= 5.12.1)
 * Qt5Widgets
 * Qt5WebKitWidgets
 * Qt5Network
 * Qt5 (required version >= 5.10.0)
 * KF5Config (required version >= 5.55.0)
 * KF5CoreAddons (required version >= 5.55.0)
 * KF5KIO (required version >= 5.55.0)
 * KF5JobWidgets (required version >= 5.55.0)
 * Gettext
 * KF5Parts (required version >= 5.55.0)
 * KF5Service (required version >= 5.55.0)
 * KF5Wallet (required version >= 5.55.0)
 * Qt5Core

-- Configuring done
-- Generating done
-- Build files have been written to: /home/kth5/code/arch/archpower/kdewebkit/src/build
Scanning dependencies of target KF5WebKit_autogen
[ 12%] Automatic MOC for target KF5WebKit
[ 12%] Built target KF5WebKit_autogen
Scanning dependencies of target KF5WebKit
[ 25%] Building CXX object src/CMakeFiles/KF5WebKit.dir/kwebwallet.cpp.o
[ 37%] Building CXX object src/CMakeFiles/KF5WebKit.dir/kgraphicswebview.cpp.o
In file included from /home/kth5/code/arch/archpower/kdewebkit/src/kdewebkit-5.55.0/src/kgraphicswebview.cpp:29:
/home/kth5/code/arch/archpower/kdewebkit/src/kdewebkit-5.55.0/src/kwebview_p.h: In instantiation of 'bool KWebViewPrivate<T>::handleUrlPasteFromClipboard(QEvent*) [with T = KGraphicsWebView]':
/home/kth5/code/arch/archpower/kdewebkit/src/kdewebkit-5.55.0/src/kgraphicswebview.cpp:76:89:   required from here
/home/kth5/code/arch/archpower/kdewebkit/src/kdewebkit-5.55.0/src/kwebview_p.h:130:29: warning: 'void KGraphicsWebView::selectionClipboardUrlPasted(const QUrl&)' is deprecated [-Wdeprecated-declarations]
In file included from /home/kth5/code/arch/archpower/kdewebkit/src/kdewebkit-5.55.0/src/kgraphicswebview.cpp:27:
/home/kth5/code/arch/archpower/kdewebkit/src/kdewebkit-5.55.0/src/kgraphicswebview.h:122:43: note: declared here
In file included from /home/kth5/code/arch/archpower/kdewebkit/src/kdewebkit-5.55.0/src/kgraphicswebview.cpp:29:
/home/kth5/code/arch/archpower/kdewebkit/src/kdewebkit-5.55.0/src/kwebview_p.h:139:25: warning: 'void KGraphicsWebView::selectionClipboardUrlPasted(const QUrl&)' is deprecated [-Wdeprecated-declarations]
In file included from /home/kth5/code/arch/archpower/kdewebkit/src/kdewebkit-5.55.0/src/kgraphicswebview.cpp:27:
/home/kth5/code/arch/archpower/kdewebkit/src/kdewebkit-5.55.0/src/kgraphicswebview.h:122:43: note: declared here
[ 50%] Building CXX object src/CMakeFiles/KF5WebKit.dir/kwebpage.cpp.o
[ 62%] Building CXX object src/CMakeFiles/KF5WebKit.dir/kwebview.cpp.o
In file included from /home/kth5/code/arch/archpower/kdewebkit/src/kdewebkit-5.55.0/src/kwebview.cpp:28:
/home/kth5/code/arch/archpower/kdewebkit/src/kdewebkit-5.55.0/src/kwebview_p.h: In instantiation of 'bool KWebViewPrivate<T>::handleUrlPasteFromClipboard(QEvent*) [with T = KWebView]':
/home/kth5/code/arch/archpower/kdewebkit/src/kdewebkit-5.55.0/src/kwebview.cpp:74:79:   required from here
/home/kth5/code/arch/archpower/kdewebkit/src/kdewebkit-5.55.0/src/kwebview_p.h:130:29: warning: 'void KWebView::selectionClipboardUrlPasted(const QUrl&)' is deprecated [-Wdeprecated-declarations]
In file included from /home/kth5/code/arch/archpower/kdewebkit/src/kdewebkit-5.55.0/src/kwebview.cpp:27:
/home/kth5/code/arch/archpower/kdewebkit/src/kdewebkit-5.55.0/src/kwebview.h:123:43: note: declared here
In file included from /home/kth5/code/arch/archpower/kdewebkit/src/kdewebkit-5.55.0/src/kwebview.cpp:28:
/home/kth5/code/arch/archpower/kdewebkit/src/kdewebkit-5.55.0/src/kwebview_p.h:139:25: warning: 'void KWebView::selectionClipboardUrlPasted(const QUrl&)' is deprecated [-Wdeprecated-declarations]
In file included from /home/kth5/code/arch/archpower/kdewebkit/src/kdewebkit-5.55.0/src/kwebview.cpp:27:
/home/kth5/code/arch/archpower/kdewebkit/src/kdewebkit-5.55.0/src/kwebview.h:123:43: note: declared here
[ 75%] Building CXX object src/CMakeFiles/KF5WebKit.dir/kwebpluginfactory.cpp.o
[ 87%] Building CXX object src/CMakeFiles/KF5WebKit.dir/KF5WebKit_autogen/mocs_compilation.cpp.o
[100%] Linking CXX shared library ../bin/libKF5WebKit.so
[100%] Built target KF5WebKit
==> Entering fakeroot environment...
==> Starting package()...
[ 12%] Automatic MOC for target KF5WebKit
[ 12%] Built target KF5WebKit_autogen
[100%] Built target KF5WebKit
Install the project...
-- Install configuration: ""
-- Installing: /home/kth5/code/arch/archpower/kdewebkit/pkg/kdewebkit/usr/lib/cmake/KF5WebKit/KF5WebKitConfig.cmake
-- Installing: /home/kth5/code/arch/archpower/kdewebkit/pkg/kdewebkit/usr/lib/cmake/KF5WebKit/KF5WebKitConfigVersion.cmake
-- Installing: /home/kth5/code/arch/archpower/kdewebkit/pkg/kdewebkit/usr/lib/cmake/KF5WebKit/KF5WebKitTargets.cmake
-- Installing: /home/kth5/code/arch/archpower/kdewebkit/pkg/kdewebkit/usr/lib/cmake/KF5WebKit/KF5WebKitTargets-noconfig.cmake
-- Installing: /home/kth5/code/arch/archpower/kdewebkit/pkg/kdewebkit/usr/include/KF5/kdewebkit_version.h
-- Installing: /home/kth5/code/arch/archpower/kdewebkit/pkg/kdewebkit/usr/lib/libKF5WebKit.so.5.55.0
-- Installing: /home/kth5/code/arch/archpower/kdewebkit/pkg/kdewebkit/usr/lib/libKF5WebKit.so.5
-- Installing: /home/kth5/code/arch/archpower/kdewebkit/pkg/kdewebkit/usr/lib/libKF5WebKit.so
-- Installing: /home/kth5/code/arch/archpower/kdewebkit/pkg/kdewebkit/usr/include/KF5/KDEWebKit/kdewebkit_export.h
-- Installing: /home/kth5/code/arch/archpower/kdewebkit/pkg/kdewebkit/usr/include/KF5/KDEWebKit/KWebWallet
-- Installing: /home/kth5/code/arch/archpower/kdewebkit/pkg/kdewebkit/usr/include/KF5/KDEWebKit/KGraphicsWebView
-- Installing: /home/kth5/code/arch/archpower/kdewebkit/pkg/kdewebkit/usr/include/KF5/KDEWebKit/KWebPluginFactory
-- Installing: /home/kth5/code/arch/archpower/kdewebkit/pkg/kdewebkit/usr/include/KF5/KDEWebKit/KWebPage
-- Installing: /home/kth5/code/arch/archpower/kdewebkit/pkg/kdewebkit/usr/include/KF5/KDEWebKit/KWebView
-- Installing: /home/kth5/code/arch/archpower/kdewebkit/pkg/kdewebkit/usr/include/KF5/KDEWebKit/kwebwallet.h
-- Installing: /home/kth5/code/arch/archpower/kdewebkit/pkg/kdewebkit/usr/include/KF5/KDEWebKit/kgraphicswebview.h
-- Installing: /home/kth5/code/arch/archpower/kdewebkit/pkg/kdewebkit/usr/include/KF5/KDEWebKit/kwebpluginfactory.h
-- Installing: /home/kth5/code/arch/archpower/kdewebkit/pkg/kdewebkit/usr/include/KF5/KDEWebKit/kwebpage.h
-- Installing: /home/kth5/code/arch/archpower/kdewebkit/pkg/kdewebkit/usr/include/KF5/KDEWebKit/kwebview.h
-- Installing: /home/kth5/code/arch/archpower/kdewebkit/pkg/kdewebkit/usr/lib/qt/mkspecs/modules/qt_KDEWebKit.pri
==> Tidying install...
  -> Removing libtool files...
  -> Purging unwanted files...
  -> Removing static library files...
  -> Stripping unneeded symbols from binaries and libraries...
  -> Compressing man and info pages...
==> Checking for packaging issues...
==> Creating package "kdewebkit"...
  -> Generating .PKGINFO file...
  -> Generating .BUILDINFO file...
  -> Generating .MTREE file...
  -> Compressing package...
==> Leaving fakeroot environment.
==> Finished making: kdewebkit 5.55.0-1 (Sun Mar 10 12:23:27 2019)
==> Cleaning up...
==> Removing installed dependencies...
Unknown host QEMU_IFLA type: 50
Unknown host QEMU_IFLA type: 51
Unknown host QEMU_IFLA type: 50
Unknown host QEMU_IFLA type: 51
Unknown host QEMU_IFLA type: 50
Unknown host QEMU_IFLA type: 51
checking dependencies...
:: python-pyqt5 optionally requires qt5-webkit: QtWebKit, QtWebKitWidgets
:: qt5-tools optionally requires qt5-webkit: for Qt Assistant

Packages (7) giflib-5.1.4-2  kparts-5.55.0-1  libwebp-1.0.2-1  libxcomposite-0.4.4-3  qt5-location-5.12.1-1  qt5-webchannel-5.12.1-1  qt5-webkit-5.212.0alpha2-23

Total Removed Size:  71.80 MiB

:: Do you want to remove these packages? [Y/n] 