Submodule 'src/3rdparty' (/mnt/caches/sources/qtwebengine-chromium.git) registered for path 'src/3rdparty'
Synchronizing submodule url for 'src/3rdparty'
Cloning into '/build/src/qtwebengine/src/3rdparty'...
done.
Submodule path 'src/3rdparty': checked out '3f594ea1afb8b18c864715a796ef21099d432a13'
Auto-merging tests/auto/widgets/qwebengineview/tst_qwebengineview.cpp
Auto-merging src/core/content_browser_client_qt.cpp
patching file src/core/web_contents_adapter.cpp
patching file src/core/web_contents_adapter_client.h
patching file src/core/web_contents_delegate_qt.cpp
patching file src/core/web_contents_delegate_qt.h
patching file src/webengine/api/qquickwebengineview.cpp
patching file src/webengine/api/qquickwebengineview_p_p.h
patching file src/webenginewidgets/api/qwebenginepage.cpp
patching file src/webenginewidgets/api/qwebenginepage_p.h
patching file src/objects/js-list-format.cc
patching file src/3rdparty/chromium//sandbox/linux/system_headers/arm64_linux_syscalls.h
Hunk #1 succeeded at 1119 with fuzz 1 (offset 56 lines).
patching file src/3rdparty/chromium//sandbox/linux/system_headers/arm_linux_syscalls.h
Hunk #1 succeeded at 1441 with fuzz 1 (offset 56 lines).
patching file src/3rdparty/chromium//sandbox/linux/system_headers/x86_32_linux_syscalls.h
Hunk #1 succeeded at 1710 with fuzz 1 (offset 288 lines).
patching file src/3rdparty/chromium//sandbox/linux/system_headers/x86_64_linux_syscalls.h
Hunk #1 succeeded at 1350 with fuzz 1 (offset 60 lines).
patching file src/3rdparty/chromium//sandbox/linux/seccomp-bpf-helpers/syscall_sets.cc
Hunk #1 succeeded at 387 (offset 17 lines).
patching file src/3rdparty/chromium/net/socket/udp_socket_posix.cc
Hunk #1 succeeded at 1152 (offset -39 lines).
patching file configure.pri
patching file mkspecs/features/functions.prf
patching file src/3rdparty/chromium/chrome/installer/linux/BUILD.gn
Hunk #1 succeeded at 92 (offset 27 lines).
Hunk #2 succeeded at 327 (offset -2 lines).
patching file src/3rdparty/chromium/sandbox/features.gni
Hunk #1 succeeded at 11 with fuzz 1.
patching file src/3rdparty/chromium/sandbox/linux/BUILD.gn
Hunk #1 succeeded at 427 (offset 20 lines).
patching file src/3rdparty/chromium/sandbox/linux/bpf_dsl/linux_syscall_ranges.h
patching file src/3rdparty/chromium/sandbox/linux/bpf_dsl/seccomp_macros.h
patching file src/3rdparty/chromium/sandbox/linux/seccomp-bpf-helpers/baseline_policy.cc
Hunk #2 succeeded at 220 (offset 9 lines).
Hunk #3 succeeded at 238 (offset 9 lines).
Hunk #4 succeeded at 278 (offset 9 lines).
patching file src/3rdparty/chromium/sandbox/linux/seccomp-bpf-helpers/baseline_policy_unittest.cc
Hunk #1 succeeded at 304 (offset 13 lines).
patching file src/3rdparty/chromium/sandbox/linux/seccomp-bpf-helpers/syscall_parameters_restrictions.cc
Hunk #1 succeeded at 37 (offset 1 line).
Hunk #2 succeeded at 47 (offset 1 line).
Hunk #3 succeeded at 101 (offset -12 lines).
Hunk #4 succeeded at 251 (offset -23 lines).
Hunk #5 succeeded at 267 (offset -23 lines).
Hunk #6 succeeded at 432 (offset -23 lines).
patching file src/3rdparty/chromium/sandbox/linux/seccomp-bpf-helpers/syscall_parameters_restrictions.h
patching file src/3rdparty/chromium/sandbox/linux/seccomp-bpf-helpers/syscall_sets.cc
Hunk #15 succeeded at 402 with fuzz 1.
Hunk #16 succeeded at 419 with fuzz 2 (offset -5 lines).
Hunk #17 succeeded at 468 (offset -5 lines).
Hunk #18 succeeded at 478 (offset -5 lines).
Hunk #19 succeeded at 493 (offset -5 lines).
Hunk #20 succeeded at 508 (offset -5 lines).
Hunk #21 succeeded at 534 (offset -8 lines).
Hunk #22 succeeded at 564 (offset -10 lines).
Hunk #23 succeeded at 577 (offset -10 lines).
Hunk #24 succeeded at 655 (offset -10 lines).
Hunk #25 succeeded at 668 (offset -10 lines).
Hunk #26 succeeded at 685 (offset -10 lines).
Hunk #27 succeeded at 719 (offset -10 lines).
Hunk #28 succeeded at 736 (offset -10 lines).
Hunk #29 succeeded at 765 (offset -10 lines).
Hunk #30 succeeded at 807 (offset -10 lines).
Hunk #31 succeeded at 902 (offset -10 lines).
Hunk #32 succeeded at 923 (offset -10 lines).
Hunk #33 succeeded at 977 (offset -10 lines).
Hunk #34 succeeded at 1037 (offset -10 lines).
Hunk #35 succeeded at 1060 (offset -10 lines).
patching file src/3rdparty/chromium/sandbox/linux/seccomp-bpf-helpers/syscall_sets.h
patching file src/3rdparty/chromium/sandbox/linux/seccomp-bpf/syscall.cc
Hunk #1 succeeded at 18 (offset 2 lines).
Hunk #2 succeeded at 310 (offset 2 lines).
Hunk #3 succeeded at 473 (offset 2 lines).
Hunk #4 succeeded at 491 (offset 2 lines).
patching file src/3rdparty/chromium/sandbox/linux/seccomp-bpf/trap.cc
Hunk #1 succeeded at 232 (offset -5 lines).
patching file src/3rdparty/chromium/sandbox/linux/services/credentials.cc
patching file src/3rdparty/chromium/sandbox/linux/services/syscall_wrappers.cc
patching file src/3rdparty/chromium/sandbox/linux/syscall_broker/broker_process.cc
Hunk #1 succeeded at 169 with fuzz 2 (offset 12 lines).
patching file src/3rdparty/chromium/sandbox/linux/system_headers/linux_seccomp.h
Hunk #1 succeeded at 41 (offset 12 lines).
Hunk #2 succeeded at 76 (offset 19 lines).
patching file src/3rdparty/chromium/sandbox/linux/system_headers/linux_signal.h
patching file src/3rdparty/chromium/sandbox/linux/system_headers/linux_syscalls.h
patching file src/3rdparty/chromium/sandbox/linux/system_headers/linux_ucontext.h
patching file src/3rdparty/chromium/sandbox/linux/system_headers/ppc64_linux_syscalls.h
patching file src/3rdparty/chromium/sandbox/linux/system_headers/ppc64_linux_ucontext.h
patching file src/3rdparty/chromium/sandbox/policy/linux/bpf_renderer_policy_linux.cc
Hunk #1 succeeded at 15 with fuzz 2.
patching file src/3rdparty/chromium/third_party/angle/src/compiler/translator/InfoSink.h
patching file src/3rdparty/chromium/third_party/angle/src/libANGLE/Constants.h
patching file src/3rdparty/chromium/third_party/boringssl/BUILD.gn
patching file src/3rdparty/chromium/third_party/breakpad/BUILD.gn
Hunk #1 succeeded at 611 (offset 13 lines).
Hunk #2 succeeded at 648 (offset 13 lines).
Hunk #3 succeeded at 707 (offset 13 lines).
patching file src/3rdparty/chromium/third_party/breakpad/breakpad/src/client/linux/dump_writer_common/raw_context_cpu.h
patching file src/3rdparty/chromium/third_party/breakpad/breakpad/src/client/linux/dump_writer_common/thread_info.cc
patching file src/3rdparty/chromium/third_party/breakpad/breakpad/src/client/linux/dump_writer_common/thread_info.h
patching file src/3rdparty/chromium/third_party/breakpad/breakpad/src/client/linux/dump_writer_common/ucontext_reader.cc
patching file src/3rdparty/chromium/third_party/breakpad/breakpad/src/client/linux/dump_writer_common/ucontext_reader.h
Hunk #1 succeeded at 55 with fuzz 2 (offset 1 line).
patching file src/3rdparty/chromium/third_party/breakpad/breakpad/src/client/linux/handler/exception_handler.cc
patching file src/3rdparty/chromium/third_party/breakpad/breakpad/src/client/linux/handler/exception_handler.h
patching file src/3rdparty/chromium/third_party/breakpad/breakpad/src/client/linux/handler/exception_handler_unittest.cc
patching file src/3rdparty/chromium/third_party/breakpad/breakpad/src/client/linux/microdump_writer/microdump_writer.cc
patching file src/3rdparty/chromium/third_party/breakpad/breakpad/src/client/linux/microdump_writer/microdump_writer_unittest.cc
Hunk #1 succeeded at 279 (offset 1 line).
patching file src/3rdparty/chromium/third_party/breakpad/breakpad/src/client/linux/minidump_writer/linux_core_dumper.cc
Hunk #1 succeeded at 112 (offset -5 lines).
Hunk #2 succeeded at 200 (offset -5 lines).
patching file src/3rdparty/chromium/third_party/breakpad/breakpad/src/client/linux/minidump_writer/linux_dumper.cc
patching file src/3rdparty/chromium/third_party/breakpad/breakpad/src/client/linux/minidump_writer/linux_dumper.h
patching file src/3rdparty/chromium/third_party/breakpad/breakpad/src/client/linux/minidump_writer/linux_dumper_unittest_helper.cc
patching file src/3rdparty/chromium/third_party/breakpad/breakpad/src/client/linux/minidump_writer/linux_ptrace_dumper.cc
Hunk #1 succeeded at 149 (offset -5 lines).
Hunk #2 succeeded at 306 (offset -5 lines).
patching file src/3rdparty/chromium/third_party/breakpad/breakpad/src/client/linux/minidump_writer/linux_ptrace_dumper_unittest.cc
patching file src/3rdparty/chromium/third_party/breakpad/breakpad/src/client/linux/minidump_writer/minidump_writer.cc
patching file src/3rdparty/chromium/third_party/breakpad/breakpad/src/client/linux/minidump_writer/minidump_writer.h
Hunk #1 succeeded at 48 with fuzz 2 (offset 1 line).
patching file src/3rdparty/chromium/third_party/breakpad/breakpad/src/client/linux/minidump_writer/minidump_writer_unittest.cc
Hunk #1 succeeded at 715 (offset 1 line).
patching file src/3rdparty/chromium/third_party/breakpad/breakpad/src/common/linux/memory_mapped_file.cc
patching file src/3rdparty/chromium/third_party/breakpad/breakpad/src/common/linux/memory_mapped_file_unittest.cc
patching file src/3rdparty/chromium/third_party/breakpad/breakpad/src/common/memory_allocator_unittest.cc
patching file src/3rdparty/chromium/third_party/breakpad/breakpad/src/processor/exploitability_linux.cc
patching file src/3rdparty/chromium/third_party/breakpad/breakpad/src/processor/exploitability_unittest.cc
patching file src/3rdparty/chromium/third_party/breakpad/breakpad/src/tools/linux/md2core/minidump-2-core.cc
Hunk #1 succeeded at 77 (offset 1 line).
Hunk #2 succeeded at 89 (offset 1 line).
Hunk #3 succeeded at 325 (offset 1 line).
Hunk #4 succeeded at 542 (offset 1 line).
Hunk #5 succeeded at 662 (offset 1 line).
patching file src/3rdparty/chromium/third_party/crashpad/crashpad/CONTRIBUTORS
patching file src/3rdparty/chromium/third_party/crashpad/crashpad/compat/linux/sys/user.h
patching file src/3rdparty/chromium/third_party/crashpad/crashpad/minidump/minidump_context.h
patching file src/3rdparty/chromium/third_party/crashpad/crashpad/minidump/minidump_context_writer.cc
patching file src/3rdparty/chromium/third_party/crashpad/crashpad/minidump/minidump_context_writer.h
patching file src/3rdparty/chromium/third_party/crashpad/crashpad/minidump/minidump_context_writer_test.cc
patching file src/3rdparty/chromium/third_party/crashpad/crashpad/minidump/minidump_misc_info_writer.cc
Hunk #1 succeeded at 135 (offset 9 lines).
patching file src/3rdparty/chromium/third_party/crashpad/crashpad/snapshot/capture_memory.cc
Hunk #1 succeeded at 112 (offset 1 line).
patching file src/3rdparty/chromium/third_party/crashpad/crashpad/snapshot/cpu_architecture.h
patching file src/3rdparty/chromium/third_party/crashpad/crashpad/snapshot/cpu_context.cc
patching file src/3rdparty/chromium/third_party/crashpad/crashpad/snapshot/cpu_context.h
patching file src/3rdparty/chromium/third_party/crashpad/crashpad/snapshot/linux/cpu_context_linux.h
patching file src/3rdparty/chromium/third_party/crashpad/crashpad/snapshot/linux/debug_rendezvous_test.cc
Hunk #1 succeeded at 171 (offset 12 lines).
patching file src/3rdparty/chromium/third_party/crashpad/crashpad/snapshot/linux/exception_snapshot_linux.cc
patching file src/3rdparty/chromium/third_party/crashpad/crashpad/snapshot/linux/exception_snapshot_linux.h
patching file src/3rdparty/chromium/third_party/crashpad/crashpad/snapshot/linux/exception_snapshot_linux_test.cc
patching file src/3rdparty/chromium/third_party/crashpad/crashpad/snapshot/linux/process_reader_linux.cc
patching file src/3rdparty/chromium/third_party/crashpad/crashpad/snapshot/linux/process_reader_linux_test.cc
Hunk #1 succeeded at 622 (offset 10 lines).
patching file src/3rdparty/chromium/third_party/crashpad/crashpad/snapshot/linux/signal_context.h
patching file src/3rdparty/chromium/third_party/crashpad/crashpad/snapshot/linux/system_snapshot_linux.cc
Hunk #1 succeeded at 204 (offset 1 line).
Hunk #2 succeeded at 221 (offset 1 line).
Hunk #3 succeeded at 244 (offset 1 line).
Hunk #4 succeeded at 380 (offset 1 line).
patching file src/3rdparty/chromium/third_party/crashpad/crashpad/snapshot/linux/thread_snapshot_linux.cc
patching file src/3rdparty/chromium/third_party/crashpad/crashpad/snapshot/linux/thread_snapshot_linux.h
patching file src/3rdparty/chromium/third_party/crashpad/crashpad/util/linux/auxiliary_vector.cc
patching file src/3rdparty/chromium/third_party/crashpad/crashpad/util/linux/ptrace_broker.cc
patching file src/3rdparty/chromium/third_party/crashpad/crashpad/util/linux/ptracer.cc
patching file src/3rdparty/chromium/third_party/crashpad/crashpad/util/linux/thread_info.h
patching file src/3rdparty/chromium/third_party/crashpad/crashpad/util/misc/capture_context.h
Hunk #1 succeeded at 69 (offset -1 lines).
patching file src/3rdparty/chromium/third_party/crashpad/crashpad/util/misc/capture_context_linux.S
patching file src/3rdparty/chromium/third_party/crashpad/crashpad/util/misc/capture_context_test.cc
patching file src/3rdparty/chromium/third_party/crashpad/crashpad/util/misc/capture_context_test_util_linux.cc
Hunk #1 succeeded at 35 (offset -1 lines).
Hunk #2 succeeded at 51 (offset -1 lines).
Hunk #3 succeeded at 67 (offset -1 lines).
patching file src/3rdparty/chromium/third_party/crashpad/crashpad/util/posix/signals_test.cc
Hunk #1 succeeded at 46 with fuzz 1.
patching file src/3rdparty/chromium/third_party/dav1d/BUILD.gn
Hunk #1 succeeded at 183 (offset 1 line).
Hunk #2 succeeded at 213 (offset 1 line).
Hunk #3 succeeded at 266 with fuzz 2 (offset 6 lines).
Hunk #4 succeeded at 310 (offset 6 lines).
patching file src/3rdparty/chromium/third_party/dav1d/config/linux/ppc64/config.h
patching file src/3rdparty/chromium/third_party/dav1d/dav1d_generated.gni
Hunk #1 succeeded at 76 (offset 6 lines).
patching file src/3rdparty/chromium/third_party/dav1d/generate_source.py
patching file src/3rdparty/chromium/third_party/dav1d/libdav1d/src/ppc/types.h
patching file src/3rdparty/chromium/third_party/libdrm/src/xf86drm.c
patching file src/3rdparty/chromium/third_party/lss/linux_syscall_support.h
Hunk #1 succeeded at 3947 (offset 16 lines).
Hunk #2 succeeded at 4058 (offset 16 lines).
patching file src/3rdparty/chromium/third_party/pffft/src/pffft.c
patching file src/3rdparty/chromium/third_party/skia/src/sksl/SkSLString.cpp
Hunk #1 succeeded at 226 (offset -14 lines).
patching file src/3rdparty/chromium/third_party/sqlite/src/amalgamation/sqlite3.c
Hunk #1 succeeded at 14474 (offset 74 lines).
Hunk #2 succeeded at 188857 (offset 1738 lines).
patching file src/3rdparty/chromium/third_party/sqlite/src/amalgamation_dev/sqlite3.c
Hunk #1 succeeded at 14487 (offset 173 lines).
Hunk #2 succeeded at 189370 (offset 2855 lines).
patching file src/3rdparty/chromium/third_party/sqlite/src/ext/rtree/rtree.c
Hunk #1 succeeded at 450 (offset 18 lines).
patching file src/3rdparty/chromium/third_party/sqlite/src/src/sqliteInt.h
Hunk #1 succeeded at 877 (offset 24 lines).
patching file src/3rdparty/chromium/third_party/webrtc/modules/desktop_capture/differ_block.cc
patching file src/3rdparty/chromium/third_party/webrtc/rtc_base/system/arch.h
patching file src/3rdparty/chromium/v8/BUILD.gn
Hunk #1 succeeded at 802 (offset 124 lines).
patching file third_party/libvpx/BUILD.gn
Hunk #1 succeeded at 344 (offset 8 lines).
patching file third_party/libvpx/generate_gni.sh
patching file absl/base/internal/thread_identity.h
patching file absl/container/btree_test.cc
Hunk #1 succeeded at 2614 (offset -95 lines).
patching file absl/container/internal/btree.h
Hunk #1 succeeded at 1105 (offset -36 lines).
Hunk #2 succeeded at 1846 (offset -19 lines).
Hunk #3 succeeded at 1854 (offset -19 lines).
Hunk #4 succeeded at 1896 (offset -19 lines).
Hunk #5 succeeded at 2053 (offset -19 lines).
Hunk #6 succeeded at 2083 (offset -19 lines).
patching file absl/container/internal/btree_container.h
Hunk #3 succeeded at 249 (offset 1 line).
Hunk #4 succeeded at 257 (offset 1 line).
patching file absl/copts/GENERATED_AbseilCopts.cmake
patching file absl/copts/GENERATED_copts.bzl
patching file absl/copts/copts.py
patching file absl/debugging/symbolize_elf.inc
patching file absl/flags/reflection.h
patching file absl/strings/internal/str_format/bind.cc
Hunk #1 succeeded at 221 (offset -14 lines).
patching file absl/strings/internal/str_format/float_conversion.cc
Hunk #1 succeeded at 120 (offset -14 lines).
patching file absl/synchronization/internal/graphcycles.cc
patching file src/3rdparty/chromium/third_party/angle/src/libANGLE/HandleAllocator.cpp
patching file src/3rdparty/chromium/ui/accessibility/platform/ax_platform_atk_hyperlink.cc
patching file src/3rdparty/chromium/ui/accessibility/platform/ax_platform_node_auralinux.cc
patching file src/3rdparty/chromium/ui/gtk/gtk_key_bindings_handler.cc
patching file src/3rdparty/chromium/components/bookmarks/browser/bookmark_expanded_state_tracker.cc
patching file src/3rdparty/chromium/components/bookmarks/browser/base_bookmark_model_observer.cc
patching file src/3rdparty/chromium/third_party/perfetto/src/trace_processor/containers/string_pool.h
patching file src/3rdparty/chromium/sandbox/linux/seccomp-bpf-helpers/baseline_policy.cc
Hunk #1 succeeded at 258 (offset 1 line).
patching file src/3rdparty/chromium/sandbox/linux/seccomp-bpf-helpers/sigsys_handlers.cc
patching file src/3rdparty/chromium/sandbox/linux/seccomp-bpf-helpers/sigsys_handlers.h
patching file src/3rdparty/chromium/sandbox/linux/services/syscall_wrappers.cc
patching file src/3rdparty/chromium/sandbox/linux/services/syscall_wrappers.h
