==> Synchronizing chroot copy [/home/buildbot/archpower/powerpc64le/root] -> [buildbot-626679]...done
:: Synchronizing package databases...
 repo-local-any downloading...
 repo-local downloading...
 testing-any downloading...
 testing downloading...
 base-any downloading...
 base downloading...
:: Starting full system upgrade...
 there is nothing to do
==> Making package: tde-tork 14.1.3-1 (Tue Apr  8 10:33:12 2025)
==> Retrieving sources...
  -> Found tork-trinity-14.1.3.tar.xz
==> Validating source files with md5sums...
    tork-trinity-14.1.3.tar.xz ... Passed
==> Making package: tde-tork 14.1.3-1 (Tue Apr  8 10:33:41 2025)
==> Checking runtime dependencies...
==> Installing missing dependencies...
resolving dependencies...
:: There are 2 providers available for libmariadbclient:
:: Repository testing
   1) mariadb-libs
:: Repository base
   2) mariadb-libs

Enter a number (default=1): 
looking for conflicting packages...
warning: dependency cycle detected:
warning: mesa will be installed before its libglvnd dependency
warning: dependency cycle detected:
warning: harfbuzz will be installed before its freetype2 dependency

Packages (96) alsa-lib-1.2.13-1  alsa-topology-conf-1.2.5.1-4.1  alsa-ucm-conf-1.2.13-2  aspell-0.60.8.1-2.1  audiofile-0.3.6-10  avahi-1:0.9+rc1+r61+g5bfea1a2-2  default-cursors-3-1  duktape-2.7.0-7.1  flac-1.5.0-1  fontconfig-2:2.16.0-2  freeglut-3.6.0-1.1  freetype2-2.13.3-3  geoip-database-20250129-1  giflib-5.2.2-1.1  glu-9.0.3-2.1  graphite-1:1.3.14-4.1  harfbuzz-10.4.0-1  hspell-1.4-5.1  imath-3.1.12-3  jasper-4.2.4-2.1  jbigkit-2.1-8.1  lcms2-2.17-1  libcups-2:2.4.11-2  libdaemon-0.14-6.1  libdeflate-1.23-1  libdrm-2.4.124-1  libedit-20250104_3.1-1  libglvnd-1.7.0-1.1  libice-1.1.2-1  libidn-1.42-1.1  libjpeg-turbo-3.1.0-1  libmad-0.15.1b-10.1  libmng-2.0.3-4.1  libogg-1.3.5-2.1  libomxil-bellagio-0.9.3-5.1  libpciaccess-0.18.1-2.1  libpng-1.6.47-1  libsm-1.2.6-1  libtiff-4.7.0-1.1  liburing-2.9-1  libutempter-1.2.3-1  libvorbis-1.3.7-4  libwebp-1.5.0-1  libx11-1.8.12-1  libxau-1.0.12-1  libxaw-1.0.16-1.1  libxcb-1.17.0-1.1  libxcomposite-0.4.6-2.1  libxcursor-1.2.3-1  libxdmcp-1.1.5-1.1  libxext-1.3.6-1.1  libxfixes-6.0.1-2.1  libxft-2.3.8-2.1  libxi-1.8.2-1.1  libxinerama-1.1.5-2.1  libxmu-1.2.1-1.1  libxpm-3.5.17-2.1  libxrandr-1.5.4-1.1  libxrender-0.9.12-1  libxshmfence-1.3.3-1  libxslt-1.1.43-1  libxt-1.3.1-1  libxtst-1.2.5-1.1  libxxf86vm-1.1.6-1  llvm-libs-19.1.7-1.2  lm_sensors-1:3.6.0.r41.g31d1f125-3.1  mariadb-libs-11.7.2-1  mesa-1:24.1.7-3  nspr-4.36-1  nss-3.109-1  nss-mdns-0.15.1-2.1  openexr-3.3.2-1  opensc-0.26.1-1  pcsclite-2.3.1-1  pkcs11-helper-1.30.0-1.1  polkit-126-2  postgresql-17.2-3  postgresql-libs-17.2-3  tde-arts-14.1.3-1  tde-avahi-tqt-14.1.3-1  tde-dbus-1-tqt-14.1.3-1  tde-libart-lgpl-14.1.3-1  tde-tqt3-14.1.3-1  tde-tqtinterface-14.1.3-1  tor-0.4.8.16-1  wayland-1.23.1-1.1  xcb-proto-1.17.0-3  xorg-iceauth-1.0.10-1  xorg-xmessage-1.0.7-1  xorg-xprop-1.2.8-1  xorg-xset-1.2.5-2  xorg-xsetroot-1.1.3-2  xorgproto-2024.1-2  geoip-1.6.12-3.1  tde-tdelibs-14.1.3-1  torsocks-2.5.0-1

Total Download Size:      0.06 MiB
Total Installed Size:  1059.59 MiB

:: Proceed with installation? [Y/n] 
:: Retrieving packages...
 torsocks-2.5.0-1-powerpc64le downloading...
checking keyring...
checking package integrity...
loading package files...
checking for file conflicts...
checking available disk space...
:: Processing package changes...
installing aspell...
Optional dependencies for aspell
    perl: to import old dictionaries [installed]
installing hspell...
installing xcb-proto...
installing xorgproto...
installing libxdmcp...
installing libxau...
installing libxcb...
installing libx11...
installing libxext...
installing libpciaccess...
installing libdrm...
Optional dependencies for libdrm
    cairo: needed for modetest tool
installing libxfixes...
installing libxshmfence...
installing libxxf86vm...
installing libedit...
installing llvm-libs...
installing lm_sensors...
Optional dependencies for lm_sensors
    rrdtool: for logging with sensord
    perl: for sensor detection and configuration convert [installed]
installing default-cursors...
Optional dependencies for default-cursors
    adwaita-cursors: default cursor theme
installing wayland...
installing libomxil-bellagio...
installing mesa...
Optional dependencies for mesa
    opengl-man-pages: for the OpenGL API man pages
installing libglvnd...
installing libxi...
installing libxrender...
installing libxrandr...
installing freeglut...
installing glu...
installing libjpeg-turbo...
Optional dependencies for libjpeg-turbo
    java-runtime>=11: for TurboJPEG Java wrapper
installing jasper...
Optional dependencies for jasper
    jasper-doc: documentation
installing libdaemon...
installing avahi...
Optional dependencies for avahi
    gtk3: avahi-discover, avahi-discover-standalone, bshell, bssh, bvnc
    libevent: libevent bindings [installed]
    nss-mdns: NSS support for mDNS [pending]
    python-dbus: avahi-bookmarks, avahi-discover
    python-gobject: avahi-bookmarks, avahi-discover
    python-twisted: avahi-bookmarks
    qt5-base: qt5 bindings
installing libcups...
installing libidn...
installing libutempter...
installing giflib...
installing libpng...
installing jbigkit...
installing libtiff...
Optional dependencies for libtiff
    freeglut: for using tiffgt [installed]
installing libwebp...
installing libxcomposite...
installing libxslt...
Optional dependencies for libxslt
    python: Python bindings
installing libxtst...
installing imath...
Optional dependencies for imath
    boost-libs: python bindings
    python: python bindings
installing libdeflate...
installing openexr...
installing duktape...
installing polkit...
installing pcsclite...
Optional dependencies for pcsclite
    python: API call trace logging with the pcsc-spy
    ccid: USB Chip/Smart Card Interface Devices driver
installing opensc...
installing nspr...
installing nss...
installing pkcs11-helper...
installing alsa-topology-conf...
installing alsa-ucm-conf...
installing alsa-lib...
installing libogg...
installing flac...
installing audiofile...
installing libmad...
installing libvorbis...
installing lcms2...
installing libmng...
installing liburing...
installing mariadb-libs...
Optional dependencies for mariadb-libs
    krb5: for gssapi authentication [installed]
installing libxcursor...
installing graphite...
Optional dependencies for graphite
    graphite-docs: Documentation
installing harfbuzz...
Optional dependencies for harfbuzz
    harfbuzz-utils: utilities
installing freetype2...
installing fontconfig...
Creating fontconfig configuration...
Rebuilding fontconfig cache...
installing libxft...
installing libxinerama...
installing libice...
installing libsm...
installing libxt...
installing libxmu...
installing postgresql-libs...
installing postgresql...
Optional dependencies for postgresql
    logrotate: rotates system logs automatically
    perl: for PL/Perl support [installed]
    postgresql-old-upgrade: upgrade from previous major version using pg_upgrade
    python: for PL/Python 3 support
    tcl: for PL/Tcl support
installing tde-tqt3...
Note that the tools provided by this package (assistant, designer,
linguist, lrelease, lupdate, moc, qmake and qtconfig) have been
renamed to tqt3<toolname> to ensure compatibility with Qt4 and should
be run through new command scheme.
Optional dependencies for tde-tqt3
    cups: The CUPS Printing System - for printing support
    postgresql: A sophisticated object-relational DBMS - databse support [installed]
    unixodbc: ODBC API for linux - databse support
    mariadb: A fast SQL database server - databse support
installing tde-tqtinterface...
installing tde-arts...
Optional dependencies for tde-arts
    audio-convert: A script with an easy to use interface to convert audio files: wav, mp3, ogg, flac, aac, mpc, ape and wma
    lame: A high quality MPEG Audio Layer III (MP3) encoder
    libmp3splt: Library for splitting mp3 and ogg files without decoding
    mpd: Music daemon that plays MP3, FLAC, and Ogg Vorbis files
    vorbis-tools: Extra tools for Ogg-Vorbis
installing nss-mdns...
installing tde-avahi-tqt...
installing tde-dbus-1-tqt...
installing tde-libart-lgpl...
installing xorg-iceauth...
installing libxpm...
installing libxaw...
installing xorg-xmessage...
installing xorg-xprop...
installing xorg-xset...
installing xorg-xsetroot...
installing tde-tdelibs...
installing geoip-database...
:: By installing geoip-database, you acknowledge and agree to comply
   with the terms of the GeoLite2 End User License Agreement (EULA).

   Review the EULA here: https://www.maxmind.com/en/geolite2/eula
installing geoip...
Optional dependencies for geoip
    geoip-database-extra: city/ASN databases (not needed for country lookups)
installing tor...
Optional dependencies for tor
    torsocks: for torify [pending]
installing torsocks...
:: Running post-transaction hooks...
(1/8) Creating system user accounts...
Creating group 'polkitd' with GID 102.
Creating group 'avahi' with GID 972.
Creating user 'avahi' (Avahi mDNS/DNS-SD daemon) with UID 972 and GID 972.
Creating user 'polkitd' (User for polkitd) with UID 102 and GID 102.
Creating group 'postgres' with GID 971.
Creating user 'postgres' (PostgreSQL user) with UID 971 and GID 971.
Creating group 'tor' with GID 43.
Creating user 'tor' (n/a) with UID 43 and GID 43.
(2/8) Reloading system manager configuration...
  Skipped: Current root is not booted.
(3/8) Creating temporary files...
(4/8) Arming ConditionNeedsUpdate...
(5/8) Updating fontconfig configuration...
(6/8) Reloading system bus configuration...
  Skipped: Current root is not booted.
(7/8) Updating fontconfig cache...
(8/8) Updating the info directory file...
==> Checking buildtime dependencies...
==> Installing missing dependencies...
resolving dependencies...
looking for conflicting packages...

Packages (8) cmake-3.31.6-1  cppdap-1.58.0-2.1  hicolor-icon-theme-0.18-1.1  jsoncpp-1.9.6-3.1  libuv-1.50.0-1  ninja-1.12.1-2.1  rhash-1.4.4-1.1  tde-cmake-trinity-14.1.3-1

Total Installed Size:  84.89 MiB

:: Proceed with installation? [Y/n] 
checking keyring...
checking package integrity...
loading package files...
checking for file conflicts...
checking available disk space...
:: Processing package changes...
installing cppdap...
installing hicolor-icon-theme...
installing jsoncpp...
Optional dependencies for jsoncpp
    jsoncpp-doc: documentation
installing libuv...
installing rhash...
installing cmake...
Optional dependencies for cmake
    make: for unix Makefile generator [installed]
    ninja: for ninja generator [pending]
    qt6-base: cmake-gui
installing ninja...
installing tde-cmake-trinity...
:: Running post-transaction hooks...
(1/1) Arming ConditionNeedsUpdate...
==> Retrieving sources...
  -> Found tork-trinity-14.1.3.tar.xz
==> WARNING: Skipping all source file integrity checks.
==> Extracting sources...
  -> Extracting tork-trinity-14.1.3.tar.xz with bsdtar
==> Starting build()...
==> Creating out-of-source build directory: /build/tde-tork/src/build
==> Starting cmake...
CMake Deprecation Warning at CMakeLists.txt:13 (cmake_minimum_required):
  Compatibility with CMake < 3.10 will be removed from a future version of
  CMake.

  Update the VERSION argument <min> value.  Or, use the <min>...<max> syntax
  to tell CMake that the project requires at least <min> but has been updated
  to work with policies introduced by <max> or earlier.


-- The C compiler identification is GNU 14.2.1
-- The CXX compiler identification is GNU 14.2.1
-- Detecting C compiler ABI info
-- Detecting C compiler ABI info - done
-- Check for working C compiler: /usr/lib/ccache/bin/powerpc64le-unknown-linux-gnu-gcc - skipped
-- Detecting C compile features
-- Detecting C compile features - done
-- Detecting CXX compiler ABI info
-- Detecting CXX compiler ABI info - done
-- Check for working CXX compiler: /usr/lib/ccache/bin/powerpc64le-unknown-linux-gnu-g++ - skipped
-- Detecting CXX compile features
-- Detecting CXX compile features - done
-- Found PkgConfig: /usr/bin/pkg-config (found version "2.3.0")
-- Checking for one of the modules 'tqt'
--   tmoc path: /usr/bin/tmoc
--   moc path: /opt/trinity/tqt3/bin/moc
--   uic path: /opt/trinity/tqt3/bin/tquic
--   tqt-replace path: /usr/bin/tqt-replace
-- Performing Test HAVE_USABLE_TQT
-- Performing Test HAVE_USABLE_TQT - Success
-- checking for 'TDE'
-- Checking for one of the modules 'tqt'
--   found 'TDE', version 14.1.3
-- Detected ppc64le CPU architecture
-- Performing Test HAVE_PIE_SUPPORT
-- Performing Test HAVE_PIE_SUPPORT - Success
-- Performing Test LINKER_PIE_SUPPORT
-- Performing Test LINKER_PIE_SUPPORT - Success
-- Performing Test CXXFLAG_fdebug_prefix_map
-- Performing Test CXXFLAG_fdebug_prefix_map - Success
-- Performing Test CXXFLAG_fmacro_prefix_map
-- Performing Test CXXFLAG_fmacro_prefix_map - Success
-- Check support for large files
-- Looking for sys/types.h
-- Looking for sys/types.h - found
-- Looking for stdint.h
-- Looking for stdint.h - found
-- Looking for stddef.h
-- Looking for stddef.h - found
-- Check size of off_t
-- Check size of off_t - done
-- Looking for fseeko
-- Looking for fseeko - found
-- Check support for large files - Success
-- Performing Test HAVE_TDE_VISIBILITY
-- Performing Test HAVE_TDE_VISIBILITY - Success
-- Found X11: /usr/include
-- Looking for XOpenDisplay in /usr/lib/libX11.so;/usr/lib/libXext.so
-- Looking for XOpenDisplay in /usr/lib/libX11.so;/usr/lib/libXext.so - found
-- Looking for gethostbyname
-- Looking for gethostbyname - found
-- Looking for connect
-- Looking for connect - found
-- Looking for remove
-- Looking for remove - found
-- Looking for shmat
-- Looking for shmat - found
-- Looking for IceConnectionNumber in ICE
-- Looking for IceConnectionNumber in ICE - found
-- Looking for inttypes.h
-- Looking for inttypes.h - found
-- Looking for sys/time.h
-- Looking for sys/time.h - found
-- Looking for include files sys/time.h, time.h
-- Looking for include files sys/time.h, time.h - found
-- Found OpenSSL: /usr/lib/libcrypto.so (found version "3.4.1")
-- Checking for one of the modules 'geoip'
-- Found Perl: /usr/bin/perl (found version "5.40.1")
-- Found intltool: /usr/share/cmake/Modules/tde_l10n_merge.pl
-- Found Gettext: /usr/bin/msgmerge (found version "0.24")
-- Configuring done (12.8s)
-- Generating done (0.1s)
-- Build files have been written to: /build/tde-tork/src/build
==> Building - tde-tork...
[1/158] Generating libkickermenu_tork-ru.mo
[2/158] Generating src/upnp/exitoperation.moc
[3/158] Generating src/arkollon/uninstallwizard.moc
[4/158] Generating src/upnp/upnpmcastsocket.moc
[5/158] Generating src/arkollon/wizard.moc
[6/158] Generating src/upnp/upnprouter.moc
[7/158] Generating src/torkapplet/tork_mnu.moc
[8/158] Generating src/upnp/httprequest.moc
[9/158] Generating src/konqplugin/tork_plug_in.moc
[10/158] Generating tork-nl.mo
[11/158] Generating torkconfig.cpp, torkconfig.h
[12/158] Generating tork-tr.mo
[13/158] Generating tork-es.mo
[14/158] Generating tork-cs.mo
[15/158] Generating tork-de.mo
[16/158] Generating tork-fr.mo
[17/158] Generating tork-it.mo
[18/158] Generating tork-zh_CN.mo
[19/158] Generating tork-el.mo
[20/158] Merging translations into src/eventsrc
[21/158] Merging translations into src/tork.desktop
[22/158] Merging translations into src/tork_downloadwithfirefox.desktop
[23/158] Merging translations into src/tor_ioslave/torioslave.protocol
[24/158] Merging translations into src/konqplugin/tork_plug_in.desktop
[25/158] Merging translations into src/tork_downloadwithkonqueror.desktop
[26/158] Merging translations into src/tork_downloadwithopera.desktop
[27/158] Merging translations into src/torkapplet/torkmenu.desktop
[28/158] Generating dcoptork.kidl
[29/158] Generating dcoptork_skel.cpp
[30/158] Generating logdialog.h, logdialog.cpp
[2025/04/08 10:34:16.753] Conflict in /opt/trinity/tqt3/plugins/designer/libcppeditor.so:
 Plugin cannot be queried successfully!
[2025/04/08 10:34:16.760] Conflict in /opt/trinity/tqt3/plugins/designer/libdlgplugin.so:
 Plugin cannot be queried successfully!
[2025/04/08 10:34:16.769] Conflict in /opt/trinity/tqt3/plugins/designer/libgladeplugin.so:
 Plugin cannot be queried successfully!
[2025/04/08 10:34:16.772] Conflict in /opt/trinity/tqt3/plugins/designer/libkdevdlgplugin.so:
 Plugin cannot be queried successfully!
[2025/04/08 10:34:16.775] Conflict in /opt/trinity/tqt3/plugins/designer/librcplugin.so:
 Plugin cannot be queried successfully!
[2025/04/08 10:34:16.784] Conflict in /opt/trinity/tqt3/plugins/designer/libwizards.so:
 Plugin cannot be queried successfully!
[31/158] Generating wizardbase.h, wizardbase.cpp
[32/158] Automocing src/arkollon/logdialog.cpp
[33/158] Automocing src/arkollon/wizardbase.cpp
[34/158] Building CXX object src/upnp/CMakeFiles/ktupnp-static.dir/soap.cpp.o
[35/158] Building CXX object src/upnp/CMakeFiles/ktupnp-static.dir/portlist.cpp.o
[36/158] Building CXX object src/upnp/CMakeFiles/ktupnp-static.dir/forwardportlist.cpp.o
[37/158] Building CXX object src/upnp/CMakeFiles/ktupnp-static.dir/exitoperation.cpp.o
[38/158] Building CXX object src/upnp/CMakeFiles/ktupnp-static.dir/upnpdescriptionparser.cpp.o
[39/158] Building CXX object src/arkollon/CMakeFiles/torkarkollon.dir/rcparser.cpp.o
[40/158] Generating tork-en-handbook
[41/158] Building CXX object src/torkapplet/CMakeFiles/kickermenu_tork-module.dir/__/functions.cpp.o
[42/158] Building CXX object src/arkollon/CMakeFiles/torkarkollon.dir/data.cpp.o
[43/158] Building CXX object src/arkollon/CMakeFiles/torkarkollon.dir/logdialog.cpp.o
[44/158] Building CXX object src/arkollon/CMakeFiles/torkarkollon.dir/headerlistitem.cpp.o
[45/158] Building CXX object src/arkollon/CMakeFiles/torkarkollon.dir/torkarkollon.cpp.o
[46/158] Building CXX object src/upnp/CMakeFiles/ktupnp-static.dir/httprequest.cpp.o
[47/158] Building CXX object src/torkapplet/CMakeFiles/kickermenu_tork-module.dir/tork_mnu.cpp.o
[48/158] Building CXX object src/upnp/CMakeFiles/ktupnp-static.dir/upnpmcastsocket.cpp.o
/build/tde-tork/src/tork-trinity-14.1.3/src/upnp/upnpmcastsocket.cpp: In member function ‘void kt::UPnPMCastSocket::onReadyRead()’:
/build/tde-tork/src/tork-trinity-14.1.3/src/upnp/upnpmcastsocket.cpp:129:29: warning: ignoring return value of ‘ssize_t read(int, void*, size_t)’ declared with attribute ‘warn_unused_result’ [-Wunused-result]
  129 |                         read(fd,&tmp,1);
      |                         ~~~~^~~~~~~~~~~
[49/158] Building CXX object src/konqplugin/CMakeFiles/tdehtml_tork-module.dir/tork_plug_in.cpp.o
[50/158] Building CXX object src/arkollon/CMakeFiles/torkarkollon.dir/uninstallwizard.cpp.o
[51/158] Building CXX object src/tor_ioslave/CMakeFiles/tdeio_torioslave-module.dir/torioslave.cpp.o
[52/158] Building CXX object src/upnp/CMakeFiles/ktupnp-static.dir/upnprouter.cpp.o
[53/158] Building CXX object src/arkollon/CMakeFiles/torkarkollon.dir/wizardbase.cpp.o
[54/158] Linking CXX static library src/upnp/libktupnp.a
[55/158] Generating src/dndlistview.moc
[56/158] Generating src/testprivacyproxy.moc
[57/158] Generating src/torkview.moc
[58/158] Generating src/statgraph.moc
[59/158] Generating src/kwidgetlistbox.moc
[60/158] Generating src/configdialog.moc
[61/158] Generating src/kerrylabel.moc
[62/158] Generating src/torclient.moc
[63/158] Generating src/likeback_private.moc
[64/158] Generating src/likeback.moc
[65/158] Generating src/trayicon.moc
[66/158] Generating src/update.moc
[67/158] Generating src/torkactivelabel.moc
[68/158] Generating src/popupMessage.moc
[69/158] Generating src/upnpmanager.moc
[70/158] Generating src/trayhoverpopup.moc
[71/158] Generating src/hitwidget.moc
[72/158] Generating src/newstreamosd.moc
[73/158] Generating src/tork.moc
[74/158] Automocing src/dcoptork_skel.cpp
[75/158] Automocing src/torkconfig.cpp
[76/158] Building CXX object src/arkollon/CMakeFiles/torkarkollon.dir/wizard.cpp.o
[77/158] Generating mixminion.h, mixminion.cpp
[78/158] Generating hiddensrvs.h, hiddensrvs.cpp
[79/158] Generating quickconfig.h, quickconfig.cpp
[80/158] Generating konqueror.h, konqueror.cpp
[81/158] Generating server.h, server.cpp
[82/158] Generating torservers.h, torservers.cpp
[83/158] Generating serverwizard.h, serverwizard.cpp
[84/158] Generating hitwidget_layout.h, hitwidget_layout.cpp
[85/158] Generating paranoia.h, paranoia.cpp
[86/158] Generating hidsrvwizard.h, hidsrvwizard.cpp
[87/158] Generating firewallsproxies.h, firewallsproxies.cpp
[88/158] Generating usability.h, usability.cpp
[89/158] Generating running.h, running.cpp
[90/158] Generating maxmin.h, maxmin.cpp
[91/158] Automocing src/mixminion.cpp
[92/158] Automocing src/hiddensrvs.cpp
[93/158] Automocing src/quickconfig.cpp
[94/158] Automocing src/konqueror.cpp
[95/158] Automocing src/server.cpp
[96/158] Automocing src/usability.cpp
[97/158] Automocing src/firewallsproxies.cpp
[98/158] Automocing src/torservers.cpp
[99/158] Automocing src/running.cpp
[100/158] Automocing src/maxmin.cpp
[101/158] Automocing src/serverwizard.cpp
[102/158] Generating torkview_base.h, torkview_base.cpp
[103/158] Automocing src/hitwidget_layout.cpp
[104/158] Automocing src/paranoia.cpp
[105/158] Automocing src/hidsrvwizard.cpp
[106/158] Automocing src/torkview_base.cpp
[107/158] Linking CXX shared module src/tor_ioslave/tdeio_torioslave.so
[108/158] Generating newfirstrunwizard.h, newfirstrunwizard.cpp
[109/158] Automocing src/newfirstrunwizard.cpp
[110/158] Linking CXX shared module src/konqplugin/tdehtml_tork.so
[111/158] Generating introwizard.h, introwizard.cpp
[112/158] Automocing src/introwizard.cpp
[113/158] Linking CXX shared module src/torkapplet/kickermenu_tork.so
/opt/trinity/tqt3/include/ntqvaluevector.h: In member function ‘__ct_base ’:
/opt/trinity/tqt3/include/ntqvaluevector.h:129:17: warning: argument 1 value ‘18446744073709551615’ exceeds maximum object size 9223372036854775807 [-Walloc-size-larger-than=]
  129 |         start = new T[ i ];
      |                 ^
/usr/include/c++/14.2.1/new:133:26: note: in a call to allocation function ‘operator new []’ declared here
  133 | _GLIBCXX_NODISCARD void* operator new[](std::size_t) _GLIBCXX_THROW (std::bad_alloc)
      |                          ^
[114/158] Building CXX object src/CMakeFiles/tork.dir/overlayWidget.cpp.o
[115/158] Building CXX object src/CMakeFiles/tork.dir/dcoptork_skel.cpp.o
[116/158] Building CXX object src/CMakeFiles/tork.dir/trayhoverpopup.cpp.o
[117/158] Building CXX object src/CMakeFiles/tork.dir/statgraph.cpp.o
[118/158] Building CXX object src/CMakeFiles/tork.dir/kwidgetlistbox.cpp.o
[119/158] Building CXX object src/CMakeFiles/tork.dir/torkactivelabel.cpp.o
[120/158] Building CXX object src/CMakeFiles/tork.dir/kerrylabel.cpp.o
[121/158] Building CXX object src/CMakeFiles/tork.dir/hitwidget_layout.cpp.o
[122/158] Building CXX object src/CMakeFiles/tork.dir/hitwidget.cpp.o
[123/158] Building CXX object src/CMakeFiles/tork.dir/functions.cpp.o
[124/158] Building CXX object src/CMakeFiles/tork.dir/crypto.cpp.o
/build/tde-tork/src/tork-trinity-14.1.3/src/crypto.cpp: In function ‘crypto_digest_env_t* crypto_new_digest_env()’:
/build/tde-tork/src/tork-trinity-14.1.3/src/crypto.cpp:528:12: warning: ‘int SHA1_Init(SHA_CTX*)’ is deprecated: Since OpenSSL 3.0 [-Wdeprecated-declarations]
  528 |   SHA1_Init(&r->d);
      |   ~~~~~~~~~^~~~~~~
In file included from /usr/include/openssl/x509.h:41,
                 from /usr/include/openssl/pem.h:23,
                 from /build/tde-tork/src/tork-trinity-14.1.3/src/crypto.cpp:66:
/usr/include/openssl/sha.h:49:27: note: declared here
   49 | OSSL_DEPRECATEDIN_3_0 int SHA1_Init(SHA_CTX *c);
      |                           ^~~~~~~~~
/build/tde-tork/src/tork-trinity-14.1.3/src/crypto.cpp: In function ‘void crypto_digest_get_digest(crypto_digest_env_t*, char*, size_t)’:
/build/tde-tork/src/tork-trinity-14.1.3/src/crypto.cpp:561:13: warning: ‘int SHA1_Final(unsigned char*, SHA_CTX*)’ is deprecated: Since OpenSSL 3.0 [-Wdeprecated-declarations]
  561 |   SHA1_Final(r, &tmpctx);
      |   ~~~~~~~~~~^~~~~~~~~~~~
/usr/include/openssl/sha.h:51:27: note: declared here
   51 | OSSL_DEPRECATEDIN_3_0 int SHA1_Final(unsigned char *md, SHA_CTX *c);
      |                           ^~~~~~~~~~
/build/tde-tork/src/tork-trinity-14.1.3/src/crypto.cpp: In function ‘void crypto_digest_add_bytes(crypto_digest_env_t*, const char*, size_t)’:
/build/tde-tork/src/tork-trinity-14.1.3/src/crypto.cpp:583:14: warning: ‘int SHA1_Update(SHA_CTX*, const void*, size_t)’ is deprecated: Since OpenSSL 3.0 [-Wdeprecated-declarations]
  583 |   SHA1_Update(&digest->d, (void*)data, len);
      |   ~~~~~~~~~~~^~~~~~~~~~~~~~~~~~~~~~~~~~~~~~
/usr/include/openssl/sha.h:50:27: note: declared here
   50 | OSSL_DEPRECATEDIN_3_0 int SHA1_Update(SHA_CTX *c, const void *data, size_t len);
      |                           ^~~~~~~~~~~
[125/158] Building CXX object src/CMakeFiles/tork.dir/konqueror.cpp.o
[126/158] Building CXX object src/CMakeFiles/tork.dir/usability.cpp.o
[127/158] Building CXX object src/CMakeFiles/tork.dir/chart.cpp.o
[128/158] Building CXX object src/CMakeFiles/tork.dir/quickconfig.cpp.o
[129/158] Building CXX object src/CMakeFiles/tork.dir/paranoia.cpp.o
[130/158] Building CXX object src/CMakeFiles/tork.dir/torkconfig.cpp.o
[131/158] Building CXX object src/CMakeFiles/tork.dir/popupMessage.cpp.o
[132/158] Building CXX object src/CMakeFiles/tork.dir/dndlistview.cpp.o
[133/158] Building CXX object src/CMakeFiles/tork.dir/running.cpp.o
[134/158] Building CXX object src/CMakeFiles/tork.dir/mixminion.cpp.o
[135/158] Building CXX object src/CMakeFiles/tork.dir/maxmin.cpp.o
[136/158] Building CXX object src/CMakeFiles/tork.dir/firewallsproxies.cpp.o
[137/158] Building CXX object src/CMakeFiles/tork.dir/newstreamosd.cpp.o
[138/158] Building CXX object src/CMakeFiles/tork.dir/torservers.cpp.o
[139/158] Building CXX object src/CMakeFiles/tork.dir/upnpmanager.cpp.o
[140/158] Building CXX object src/CMakeFiles/tork.dir/testprivacyproxy.cpp.o
[141/158] Building CXX object src/CMakeFiles/tork.dir/main.cpp.o
[142/158] Building CXX object src/CMakeFiles/tork.dir/serverwizard.cpp.o
[143/158] Building CXX object src/CMakeFiles/tork.dir/trayicon.cpp.o
[144/158] Building CXX object src/CMakeFiles/tork.dir/hiddensrvs.cpp.o
[145/158] Building CXX object src/CMakeFiles/tork.dir/update.cpp.o
[146/158] Building CXX object src/CMakeFiles/tork.dir/hidsrvwizard.cpp.o
[147/158] Building CXX object src/CMakeFiles/tork.dir/likeback.cpp.o
[148/158] Building CXX object src/CMakeFiles/tork.dir/server.cpp.o
[149/158] Building CXX object src/CMakeFiles/tork.dir/crashhandler.cpp.o
/build/tde-tork/src/tork-trinity-14.1.3/src/crashhandler.cpp: In static member function ‘static void torK::Crash::crashHandler(int)’:
/build/tde-tork/src/tork-trinity-14.1.3/src/crashhandler.cpp:152:20: warning: ignoring return value of ‘ssize_t write(int, const void*, size_t)’ declared with attribute ‘warn_unused_result’ [-Wunused-result]
  152 |             ::write( handle, gdb_batch, gdb_batch.length() );
      |             ~~~~~~~^~~~~~~~~~~~~~~~~~~~~~~~~~~~~~~~~~~~~~~~~
[150/158] Building CXX object src/CMakeFiles/tork.dir/configdialog.cpp.o
[151/158] Building CXX object src/CMakeFiles/tork.dir/torclient.cpp.o
[152/158] Building CXX object src/CMakeFiles/tork.dir/torkview_base.cpp.o
[153/158] Building CXX object src/CMakeFiles/tork.dir/newfirstrunwizard.cpp.o
[154/158] Building CXX object src/CMakeFiles/tork.dir/torkview.cpp.o
/build/tde-tork/src/tork-trinity-14.1.3/src/torkview.cpp: In member function ‘long unsigned int torkView::readInterfaceNumValue(TQString, const char*)’:
/build/tde-tork/src/tork-trinity-14.1.3/src/torkview.cpp:1301:15: warning: ignoring return value of ‘int fscanf(FILE*, const char*, ...)’ declared with attribute ‘warn_unused_result’ [-Wunused-result]
 1301 |         fscanf(fp, "%lu", &retval);
      |         ~~~~~~^~~~~~~~~~~~~~~~~~~~
[155/158] Building CXX object src/CMakeFiles/tork.dir/introwizard.cpp.o
[156/158] Linking CXX executable src/arkollon/torkarkollon
/opt/trinity/tqt3/include/ntqvaluevector.h: In member function ‘__ct_base ’:
/opt/trinity/tqt3/include/ntqvaluevector.h:129:17: warning: argument 1 value ‘18446744073709551615’ exceeds maximum object size 9223372036854775807 [-Walloc-size-larger-than=]
  129 |         start = new T[ i ];
      |                 ^
/opt/trinity/tqt3/include/ntqvaluevector.h:129:17: note: in a call to built-in allocation function ‘operator new []’
[157/158] Building CXX object src/CMakeFiles/tork.dir/tork.cpp.o
[158/158] Linking CXX executable src/tork
/opt/trinity/tqt3/include/ntqsizepolicy.h:64:10: warning: type ‘TQSizePolicy::ExpandData’ violates the C++ One Definition Rule [-Wodr]
   64 |     enum ExpandData { NoDirection = 0,
      |          ^
/opt/trinity/tqt3/include/ntqsizepolicy.h:64:10: note: an enum with different value name is defined in another translation unit
   64 |     enum ExpandData { NoDirection = 0,
      |          ^
/opt/trinity/tqt3/include/ntqsizepolicy.h:71:23: note: name ‘BothDirections’ differs from name ‘Horizontal’ defined in another translation unit
   71 |                       BothDirections = Horizontally | Vertically };
      |                       ^
/opt/trinity/tqt3/include/ntqsizepolicy.h:68:23: note: mismatching definition
   68 |                       Horizontal = Horizontally,
      |                       ^
/opt/trinity/tqt3/include/ntqvaluevector.h: In member function ‘__ct_base ’:
/opt/trinity/tqt3/include/ntqvaluevector.h:129:17: warning: argument 1 value ‘18446744073709551615’ exceeds maximum object size 9223372036854775807 [-Walloc-size-larger-than=]
  129 |         start = new T[ i ];
      |                 ^
/usr/include/c++/14.2.1/new:133:26: note: in a call to allocation function ‘operator new []’ declared here
  133 | _GLIBCXX_NODISCARD void* operator new[](std::size_t) _GLIBCXX_THROW (std::bad_alloc)
      |                          ^
==> Entering fakeroot environment...
==> Starting package()...
==> Packaging - tde-tork-14.1.3
[0/1] Install the project...
-- Install configuration: ""
-- Installing: /build/tde-tork/pkg/tde-tork/opt/trinity/share/doc/tde/HTML/en/tork/index.docbook
-- Installing: /build/tde-tork/pkg/tde-tork/opt/trinity/share/doc/tde/HTML/en/tork/index.cache.bz2
-- Installing: /build/tde-tork/pkg/tde-tork/opt/trinity/share/locale/ru/LC_MESSAGES/libkickermenu_tork.mo
-- Installing: /build/tde-tork/pkg/tde-tork/opt/trinity/share/locale/cs/LC_MESSAGES/tork.mo
-- Installing: /build/tde-tork/pkg/tde-tork/opt/trinity/share/locale/de/LC_MESSAGES/tork.mo
-- Installing: /build/tde-tork/pkg/tde-tork/opt/trinity/share/locale/el/LC_MESSAGES/tork.mo
-- Installing: /build/tde-tork/pkg/tde-tork/opt/trinity/share/locale/es/LC_MESSAGES/tork.mo
-- Installing: /build/tde-tork/pkg/tde-tork/opt/trinity/share/locale/fr/LC_MESSAGES/tork.mo
-- Installing: /build/tde-tork/pkg/tde-tork/opt/trinity/share/locale/it/LC_MESSAGES/tork.mo
-- Installing: /build/tde-tork/pkg/tde-tork/opt/trinity/share/locale/nl/LC_MESSAGES/tork.mo
-- Installing: /build/tde-tork/pkg/tde-tork/opt/trinity/share/locale/tr/LC_MESSAGES/tork.mo
-- Installing: /build/tde-tork/pkg/tde-tork/opt/trinity/share/locale/zh_CN/LC_MESSAGES/tork.mo
-- Installing: /build/tde-tork/pkg/tde-tork/opt/trinity/share/apps/tork/tips
-- Installing: /build/tde-tork/pkg/tde-tork/opt/trinity/bin/tork
-- Set non-toolchain portion of runtime path of "/build/tde-tork/pkg/tde-tork/opt/trinity/bin/tork" to ""
-- Installing: /build/tde-tork/pkg/tde-tork/opt/trinity/share/pixmaps/tork.xpm
-- Installing: /build/tde-tork/pkg/tde-tork/opt/trinity/share/apps/tork/torkui.rc
-- Installing: /build/tde-tork/pkg/tde-tork/opt/trinity/share/applications/tde/tork.desktop
-- Installing: /build/tde-tork/pkg/tde-tork/opt/trinity/share/apps/konqueror/servicemenus/tork_downloadwithfirefox.desktop
-- Installing: /build/tde-tork/pkg/tde-tork/opt/trinity/share/apps/konqueror/servicemenus/tork_downloadwithopera.desktop
-- Installing: /build/tde-tork/pkg/tde-tork/opt/trinity/share/apps/konqueror/servicemenus/tork_downloadwithkonqueror.desktop
-- Installing: /build/tde-tork/pkg/tde-tork/opt/trinity/share/apps/tork/eventsrc
-- Installing: /build/tde-tork/pkg/tde-tork/opt/trinity/share/config.kcfg/torkconfig.kcfg
-- Installing: /build/tde-tork/pkg/tde-tork/opt/trinity/share/man/man1/tork.1
-- Installing: /build/tde-tork/pkg/tde-tork/opt/trinity/share/menu/tork
-- Installing: /build/tde-tork/pkg/tde-tork/opt/trinity/share/apps/tork/icons/crystalsvg/16x16/actions/likeback_bug_tork.png
-- Installing: /build/tde-tork/pkg/tde-tork/opt/trinity/share/apps/tork/icons/crystalsvg/16x16/actions/likeback_configure_tork.png
-- Installing: /build/tde-tork/pkg/tde-tork/opt/trinity/share/apps/tork/icons/crystalsvg/16x16/actions/likeback_dislike_tork.png
-- Installing: /build/tde-tork/pkg/tde-tork/opt/trinity/share/apps/tork/icons/crystalsvg/16x16/actions/likeback_feature_tork.png
-- Installing: /build/tde-tork/pkg/tde-tork/opt/trinity/share/apps/tork/icons/crystalsvg/16x16/actions/likeback_like_tork.png
-- Installing: /build/tde-tork/pkg/tde-tork/opt/trinity/share/apps/tork/icons/hicolor/16x16/actions/tork_torsmall.png
-- Installing: /build/tde-tork/pkg/tde-tork/opt/trinity/share/apps/tork/icons/hicolor/16x16/apps/tork_19.png
-- Installing: /build/tde-tork/pkg/tde-tork/opt/trinity/share/apps/tork/icons/hicolor/16x16/apps/tork_33.png
-- Installing: /build/tde-tork/pkg/tde-tork/opt/trinity/share/apps/tork/icons/hicolor/16x16/apps/tork_FAILED.png
-- Installing: /build/tde-tork/pkg/tde-tork/opt/trinity/share/apps/tork/icons/hicolor/16x16/apps/tork_ad.png
-- Installing: /build/tde-tork/pkg/tde-tork/opt/trinity/share/apps/tork/icons/hicolor/16x16/apps/tork_ae.png
-- Installing: /build/tde-tork/pkg/tde-tork/opt/trinity/share/apps/tork/icons/hicolor/16x16/apps/tork_af.png
-- Installing: /build/tde-tork/pkg/tde-tork/opt/trinity/share/apps/tork/icons/hicolor/16x16/apps/tork_ag.png
-- Installing: /build/tde-tork/pkg/tde-tork/opt/trinity/share/apps/tork/icons/hicolor/16x16/apps/tork_ai.png
-- Installing: /build/tde-tork/pkg/tde-tork/opt/trinity/share/apps/tork/icons/hicolor/16x16/apps/tork_aim_protocol.png
-- Installing: /build/tde-tork/pkg/tde-tork/opt/trinity/share/apps/tork/icons/hicolor/16x16/apps/tork_al.png
-- Installing: /build/tde-tork/pkg/tde-tork/opt/trinity/share/apps/tork/icons/hicolor/16x16/apps/tork_am.png
-- Installing: /build/tde-tork/pkg/tde-tork/opt/trinity/share/apps/tork/icons/hicolor/16x16/apps/tork_an.png
-- Installing: /build/tde-tork/pkg/tde-tork/opt/trinity/share/apps/tork/icons/hicolor/16x16/apps/tork_ao.png
-- Installing: /build/tde-tork/pkg/tde-tork/opt/trinity/share/apps/tork/icons/hicolor/16x16/apps/tork_aq.png
-- Installing: /build/tde-tork/pkg/tde-tork/opt/trinity/share/apps/tork/icons/hicolor/16x16/apps/tork_ar.png
-- Installing: /build/tde-tork/pkg/tde-tork/opt/trinity/share/apps/tork/icons/hicolor/16x16/apps/tork_as.png
-- Installing: /build/tde-tork/pkg/tde-tork/opt/trinity/share/apps/tork/icons/hicolor/16x16/apps/tork_at.png
-- Installing: /build/tde-tork/pkg/tde-tork/opt/trinity/share/apps/tork/icons/hicolor/16x16/apps/tork_au.png
-- Installing: /build/tde-tork/pkg/tde-tork/opt/trinity/share/apps/tork/icons/hicolor/16x16/apps/tork_aw.png
-- Installing: /build/tde-tork/pkg/tde-tork/opt/trinity/share/apps/tork/icons/hicolor/16x16/apps/tork_ax.png
-- Installing: /build/tde-tork/pkg/tde-tork/opt/trinity/share/apps/tork/icons/hicolor/16x16/apps/tork_az.png
-- Installing: /build/tde-tork/pkg/tde-tork/opt/trinity/share/apps/tork/icons/hicolor/16x16/apps/tork_ba.png
-- Installing: /build/tde-tork/pkg/tde-tork/opt/trinity/share/apps/tork/icons/hicolor/16x16/apps/tork_bb.png
-- Installing: /build/tde-tork/pkg/tde-tork/opt/trinity/share/apps/tork/icons/hicolor/16x16/apps/tork_bd.png
-- Installing: /build/tde-tork/pkg/tde-tork/opt/trinity/share/apps/tork/icons/hicolor/16x16/apps/tork_be.png
-- Installing: /build/tde-tork/pkg/tde-tork/opt/trinity/share/apps/tork/icons/hicolor/16x16/apps/tork_bf.png
-- Installing: /build/tde-tork/pkg/tde-tork/opt/trinity/share/apps/tork/icons/hicolor/16x16/apps/tork_bg.png
-- Installing: /build/tde-tork/pkg/tde-tork/opt/trinity/share/apps/tork/icons/hicolor/16x16/apps/tork_bh.png
-- Installing: /build/tde-tork/pkg/tde-tork/opt/trinity/share/apps/tork/icons/hicolor/16x16/apps/tork_bi.png
-- Installing: /build/tde-tork/pkg/tde-tork/opt/trinity/share/apps/tork/icons/hicolor/16x16/apps/tork_bj.png
-- Installing: /build/tde-tork/pkg/tde-tork/opt/trinity/share/apps/tork/icons/hicolor/16x16/apps/tork_bm.png
-- Installing: /build/tde-tork/pkg/tde-tork/opt/trinity/share/apps/tork/icons/hicolor/16x16/apps/tork_bn.png
-- Installing: /build/tde-tork/pkg/tde-tork/opt/trinity/share/apps/tork/icons/hicolor/16x16/apps/tork_bo.png
-- Installing: /build/tde-tork/pkg/tde-tork/opt/trinity/share/apps/tork/icons/hicolor/16x16/apps/tork_br.png
-- Installing: /build/tde-tork/pkg/tde-tork/opt/trinity/share/apps/tork/icons/hicolor/16x16/apps/tork_bs.png
-- Installing: /build/tde-tork/pkg/tde-tork/opt/trinity/share/apps/tork/icons/hicolor/16x16/apps/tork_bt.png
-- Installing: /build/tde-tork/pkg/tde-tork/opt/trinity/share/apps/tork/icons/hicolor/16x16/apps/tork_bv.png
-- Installing: /build/tde-tork/pkg/tde-tork/opt/trinity/share/apps/tork/icons/hicolor/16x16/apps/tork_bw.png
-- Installing: /build/tde-tork/pkg/tde-tork/opt/trinity/share/apps/tork/icons/hicolor/16x16/apps/tork_by.png
-- Installing: /build/tde-tork/pkg/tde-tork/opt/trinity/share/apps/tork/icons/hicolor/16x16/apps/tork_bz.png
-- Installing: /build/tde-tork/pkg/tde-tork/opt/trinity/share/apps/tork/icons/hicolor/16x16/apps/tork_ca.png
-- Installing: /build/tde-tork/pkg/tde-tork/opt/trinity/share/apps/tork/icons/hicolor/16x16/apps/tork_cc.png
-- Installing: /build/tde-tork/pkg/tde-tork/opt/trinity/share/apps/tork/icons/hicolor/16x16/apps/tork_cd.png
-- Installing: /build/tde-tork/pkg/tde-tork/opt/trinity/share/apps/tork/icons/hicolor/16x16/apps/tork_cf.png
-- Installing: /build/tde-tork/pkg/tde-tork/opt/trinity/share/apps/tork/icons/hicolor/16x16/apps/tork_cg.png
-- Installing: /build/tde-tork/pkg/tde-tork/opt/trinity/share/apps/tork/icons/hicolor/16x16/apps/tork_ch.png
-- Installing: /build/tde-tork/pkg/tde-tork/opt/trinity/share/apps/tork/icons/hicolor/16x16/apps/tork_ci.png
-- Installing: /build/tde-tork/pkg/tde-tork/opt/trinity/share/apps/tork/icons/hicolor/16x16/apps/tork_ck.png
-- Installing: /build/tde-tork/pkg/tde-tork/opt/trinity/share/apps/tork/icons/hicolor/16x16/apps/tork_cl.png
-- Installing: /build/tde-tork/pkg/tde-tork/opt/trinity/share/apps/tork/icons/hicolor/16x16/apps/tork_cm.png
-- Installing: /build/tde-tork/pkg/tde-tork/opt/trinity/share/apps/tork/icons/hicolor/16x16/apps/tork_cn.png
-- Installing: /build/tde-tork/pkg/tde-tork/opt/trinity/share/apps/tork/icons/hicolor/16x16/apps/tork_co.png
-- Installing: /build/tde-tork/pkg/tde-tork/opt/trinity/share/apps/tork/icons/hicolor/16x16/apps/tork_cr.png
-- Installing: /build/tde-tork/pkg/tde-tork/opt/trinity/share/apps/tork/icons/hicolor/16x16/apps/tork_cs.png
-- Installing: /build/tde-tork/pkg/tde-tork/opt/trinity/share/apps/tork/icons/hicolor/16x16/apps/tork_cu.png
-- Installing: /build/tde-tork/pkg/tde-tork/opt/trinity/share/apps/tork/icons/hicolor/16x16/apps/tork_cv.png
-- Installing: /build/tde-tork/pkg/tde-tork/opt/trinity/share/apps/tork/icons/hicolor/16x16/apps/tork_cx.png
-- Installing: /build/tde-tork/pkg/tde-tork/opt/trinity/share/apps/tork/icons/hicolor/16x16/apps/tork_cy.png
-- Installing: /build/tde-tork/pkg/tde-tork/opt/trinity/share/apps/tork/icons/hicolor/16x16/apps/tork_cz.png
-- Installing: /build/tde-tork/pkg/tde-tork/opt/trinity/share/apps/tork/icons/hicolor/16x16/apps/tork_de.png
-- Installing: /build/tde-tork/pkg/tde-tork/opt/trinity/share/apps/tork/icons/hicolor/16x16/apps/tork_dj.png
-- Installing: /build/tde-tork/pkg/tde-tork/opt/trinity/share/apps/tork/icons/hicolor/16x16/apps/tork_dk.png
-- Installing: /build/tde-tork/pkg/tde-tork/opt/trinity/share/apps/tork/icons/hicolor/16x16/apps/tork_dm.png
-- Installing: /build/tde-tork/pkg/tde-tork/opt/trinity/share/apps/tork/icons/hicolor/16x16/apps/tork_do.png
-- Installing: /build/tde-tork/pkg/tde-tork/opt/trinity/share/apps/tork/icons/hicolor/16x16/apps/tork_dz.png
-- Installing: /build/tde-tork/pkg/tde-tork/opt/trinity/share/apps/tork/icons/hicolor/16x16/apps/tork_ec.png
-- Installing: /build/tde-tork/pkg/tde-tork/opt/trinity/share/apps/tork/icons/hicolor/16x16/apps/tork_ee.png
-- Installing: /build/tde-tork/pkg/tde-tork/opt/trinity/share/apps/tork/icons/hicolor/16x16/apps/tork_eg.png
-- Installing: /build/tde-tork/pkg/tde-tork/opt/trinity/share/apps/tork/icons/hicolor/16x16/apps/tork_eh.png
-- Installing: /build/tde-tork/pkg/tde-tork/opt/trinity/share/apps/tork/icons/hicolor/16x16/apps/tork_er.png
-- Installing: /build/tde-tork/pkg/tde-tork/opt/trinity/share/apps/tork/icons/hicolor/16x16/apps/tork_es.png
-- Installing: /build/tde-tork/pkg/tde-tork/opt/trinity/share/apps/tork/icons/hicolor/16x16/apps/tork_et.png
-- Installing: /build/tde-tork/pkg/tde-tork/opt/trinity/share/apps/tork/icons/hicolor/16x16/apps/tork_eu.png
-- Installing: /build/tde-tork/pkg/tde-tork/opt/trinity/share/apps/tork/icons/hicolor/16x16/apps/tork_fi.png
-- Installing: /build/tde-tork/pkg/tde-tork/opt/trinity/share/apps/tork/icons/hicolor/16x16/apps/tork_fj.png
-- Installing: /build/tde-tork/pkg/tde-tork/opt/trinity/share/apps/tork/icons/hicolor/16x16/apps/tork_fk.png
-- Installing: /build/tde-tork/pkg/tde-tork/opt/trinity/share/apps/tork/icons/hicolor/16x16/apps/tork_fm.png
-- Installing: /build/tde-tork/pkg/tde-tork/opt/trinity/share/apps/tork/icons/hicolor/16x16/apps/tork_fo.png
-- Installing: /build/tde-tork/pkg/tde-tork/opt/trinity/share/apps/tork/icons/hicolor/16x16/apps/tork_fr.png
-- Installing: /build/tde-tork/pkg/tde-tork/opt/trinity/share/apps/tork/icons/hicolor/16x16/apps/tork_ga.png
-- Installing: /build/tde-tork/pkg/tde-tork/opt/trinity/share/apps/tork/icons/hicolor/16x16/apps/tork_gadu_protocol.png
-- Installing: /build/tde-tork/pkg/tde-tork/opt/trinity/share/apps/tork/icons/hicolor/16x16/apps/tork_gb.png
-- Installing: /build/tde-tork/pkg/tde-tork/opt/trinity/share/apps/tork/icons/hicolor/16x16/apps/tork_gd.png
-- Installing: /build/tde-tork/pkg/tde-tork/opt/trinity/share/apps/tork/icons/hicolor/16x16/apps/tork_ge.png
-- Installing: /build/tde-tork/pkg/tde-tork/opt/trinity/share/apps/tork/icons/hicolor/16x16/apps/tork_gf.png
-- Installing: /build/tde-tork/pkg/tde-tork/opt/trinity/share/apps/tork/icons/hicolor/16x16/apps/tork_gg.png
-- Installing: /build/tde-tork/pkg/tde-tork/opt/trinity/share/apps/tork/icons/hicolor/16x16/apps/tork_gh.png
-- Installing: /build/tde-tork/pkg/tde-tork/opt/trinity/share/apps/tork/icons/hicolor/16x16/apps/tork_gi.png
-- Installing: /build/tde-tork/pkg/tde-tork/opt/trinity/share/apps/tork/icons/hicolor/16x16/apps/tork_gl.png
-- Installing: /build/tde-tork/pkg/tde-tork/opt/trinity/share/apps/tork/icons/hicolor/16x16/apps/tork_gm.png
-- Installing: /build/tde-tork/pkg/tde-tork/opt/trinity/share/apps/tork/icons/hicolor/16x16/apps/tork_gn.png
-- Installing: /build/tde-tork/pkg/tde-tork/opt/trinity/share/apps/tork/icons/hicolor/16x16/apps/tork_gp.png
-- Installing: /build/tde-tork/pkg/tde-tork/opt/trinity/share/apps/tork/icons/hicolor/16x16/apps/tork_gq.png
-- Installing: /build/tde-tork/pkg/tde-tork/opt/trinity/share/apps/tork/icons/hicolor/16x16/apps/tork_gr.png
-- Installing: /build/tde-tork/pkg/tde-tork/opt/trinity/share/apps/tork/icons/hicolor/16x16/apps/tork_groupwise_protocol.png
-- Installing: /build/tde-tork/pkg/tde-tork/opt/trinity/share/apps/tork/icons/hicolor/16x16/apps/tork_gs.png
-- Installing: /build/tde-tork/pkg/tde-tork/opt/trinity/share/apps/tork/icons/hicolor/16x16/apps/tork_gt.png
-- Installing: /build/tde-tork/pkg/tde-tork/opt/trinity/share/apps/tork/icons/hicolor/16x16/apps/tork_gu.png
-- Installing: /build/tde-tork/pkg/tde-tork/opt/trinity/share/apps/tork/icons/hicolor/16x16/apps/tork_gw.png
-- Installing: /build/tde-tork/pkg/tde-tork/opt/trinity/share/apps/tork/icons/hicolor/16x16/apps/tork_gy.png
-- Installing: /build/tde-tork/pkg/tde-tork/opt/trinity/share/apps/tork/icons/hicolor/16x16/apps/tork_hk.png
-- Installing: /build/tde-tork/pkg/tde-tork/opt/trinity/share/apps/tork/icons/hicolor/16x16/apps/tork_hm.png
-- Installing: /build/tde-tork/pkg/tde-tork/opt/trinity/share/apps/tork/icons/hicolor/16x16/apps/tork_hn.png
-- Installing: /build/tde-tork/pkg/tde-tork/opt/trinity/share/apps/tork/icons/hicolor/16x16/apps/tork_hr.png
-- Installing: /build/tde-tork/pkg/tde-tork/opt/trinity/share/apps/tork/icons/hicolor/16x16/apps/tork_ht.png
-- Installing: /build/tde-tork/pkg/tde-tork/opt/trinity/share/apps/tork/icons/hicolor/16x16/apps/tork_hu.png
-- Installing: /build/tde-tork/pkg/tde-tork/opt/trinity/share/apps/tork/icons/hicolor/16x16/apps/tork_icq_protocol.png
-- Installing: /build/tde-tork/pkg/tde-tork/opt/trinity/share/apps/tork/icons/hicolor/16x16/apps/tork_id.png
-- Installing: /build/tde-tork/pkg/tde-tork/opt/trinity/share/apps/tork/icons/hicolor/16x16/apps/tork_ie.png
-- Installing: /build/tde-tork/pkg/tde-tork/opt/trinity/share/apps/tork/icons/hicolor/16x16/apps/tork_il.png
-- Installing: /build/tde-tork/pkg/tde-tork/opt/trinity/share/apps/tork/icons/hicolor/16x16/apps/tork_in.png
-- Installing: /build/tde-tork/pkg/tde-tork/opt/trinity/share/apps/tork/icons/hicolor/16x16/apps/tork_io.png
-- Installing: /build/tde-tork/pkg/tde-tork/opt/trinity/share/apps/tork/icons/hicolor/16x16/apps/tork_iq.png
-- Installing: /build/tde-tork/pkg/tde-tork/opt/trinity/share/apps/tork/icons/hicolor/16x16/apps/tork_ir.png
-- Installing: /build/tde-tork/pkg/tde-tork/opt/trinity/share/apps/tork/icons/hicolor/16x16/apps/tork_irc_protocol.png
-- Installing: /build/tde-tork/pkg/tde-tork/opt/trinity/share/apps/tork/icons/hicolor/16x16/apps/tork_is.png
-- Installing: /build/tde-tork/pkg/tde-tork/opt/trinity/share/apps/tork/icons/hicolor/16x16/apps/tork_it.png
-- Installing: /build/tde-tork/pkg/tde-tork/opt/trinity/share/apps/tork/icons/hicolor/16x16/apps/tork_jabber_protocol.png
-- Installing: /build/tde-tork/pkg/tde-tork/opt/trinity/share/apps/tork/icons/hicolor/16x16/apps/tork_je.png
-- Installing: /build/tde-tork/pkg/tde-tork/opt/trinity/share/apps/tork/icons/hicolor/16x16/apps/tork_jm.png
-- Installing: /build/tde-tork/pkg/tde-tork/opt/trinity/share/apps/tork/icons/hicolor/16x16/apps/tork_jo.png
-- Installing: /build/tde-tork/pkg/tde-tork/opt/trinity/share/apps/tork/icons/hicolor/16x16/apps/tork_jp.png
-- Installing: /build/tde-tork/pkg/tde-tork/opt/trinity/share/apps/tork/icons/hicolor/16x16/apps/tork_ke.png
-- Installing: /build/tde-tork/pkg/tde-tork/opt/trinity/share/apps/tork/icons/hicolor/16x16/apps/tork_kg.png
-- Installing: /build/tde-tork/pkg/tde-tork/opt/trinity/share/apps/tork/icons/hicolor/16x16/apps/tork_kh.png
-- Installing: /build/tde-tork/pkg/tde-tork/opt/trinity/share/apps/tork/icons/hicolor/16x16/apps/tork_ki.png
-- Installing: /build/tde-tork/pkg/tde-tork/opt/trinity/share/apps/tork/icons/hicolor/16x16/apps/tork_km.png
-- Installing: /build/tde-tork/pkg/tde-tork/opt/trinity/share/apps/tork/icons/hicolor/16x16/apps/tork_kn.png
-- Installing: /build/tde-tork/pkg/tde-tork/opt/trinity/share/apps/tork/icons/hicolor/16x16/apps/tork_konqueroroff.png
-- Installing: /build/tde-tork/pkg/tde-tork/opt/trinity/share/apps/tork/icons/hicolor/16x16/apps/tork_konqueroron.png
-- Installing: /build/tde-tork/pkg/tde-tork/opt/trinity/share/apps/tork/icons/hicolor/16x16/apps/tork_kp.png
-- Installing: /build/tde-tork/pkg/tde-tork/opt/trinity/share/apps/tork/icons/hicolor/16x16/apps/tork_kr.png
-- Installing: /build/tde-tork/pkg/tde-tork/opt/trinity/share/apps/tork/icons/hicolor/16x16/apps/tork_kw.png
-- Installing: /build/tde-tork/pkg/tde-tork/opt/trinity/share/apps/tork/icons/hicolor/16x16/apps/tork_ky.png
-- Installing: /build/tde-tork/pkg/tde-tork/opt/trinity/share/apps/tork/icons/hicolor/16x16/apps/tork_kz.png
-- Installing: /build/tde-tork/pkg/tde-tork/opt/trinity/share/apps/tork/icons/hicolor/16x16/apps/tork_la.png
-- Installing: /build/tde-tork/pkg/tde-tork/opt/trinity/share/apps/tork/icons/hicolor/16x16/apps/tork_lb.png
-- Installing: /build/tde-tork/pkg/tde-tork/opt/trinity/share/apps/tork/icons/hicolor/16x16/apps/tork_lc.png
-- Installing: /build/tde-tork/pkg/tde-tork/opt/trinity/share/apps/tork/icons/hicolor/16x16/apps/tork_li.png
-- Installing: /build/tde-tork/pkg/tde-tork/opt/trinity/share/apps/tork/icons/hicolor/16x16/apps/tork_lk.png
-- Installing: /build/tde-tork/pkg/tde-tork/opt/trinity/share/apps/tork/icons/hicolor/16x16/apps/tork_lr.png
-- Installing: /build/tde-tork/pkg/tde-tork/opt/trinity/share/apps/tork/icons/hicolor/16x16/apps/tork_ls.png
-- Installing: /build/tde-tork/pkg/tde-tork/opt/trinity/share/apps/tork/icons/hicolor/16x16/apps/tork_lt.png
-- Installing: /build/tde-tork/pkg/tde-tork/opt/trinity/share/apps/tork/icons/hicolor/16x16/apps/tork_lu.png
-- Installing: /build/tde-tork/pkg/tde-tork/opt/trinity/share/apps/tork/icons/hicolor/16x16/apps/tork_lv.png
-- Installing: /build/tde-tork/pkg/tde-tork/opt/trinity/share/apps/tork/icons/hicolor/16x16/apps/tork_ly.png
-- Installing: /build/tde-tork/pkg/tde-tork/opt/trinity/share/apps/tork/icons/hicolor/16x16/apps/tork_ma.png
-- Installing: /build/tde-tork/pkg/tde-tork/opt/trinity/share/apps/tork/icons/hicolor/16x16/apps/tork_mc.png
-- Installing: /build/tde-tork/pkg/tde-tork/opt/trinity/share/apps/tork/icons/hicolor/16x16/apps/tork_md.png
-- Installing: /build/tde-tork/pkg/tde-tork/opt/trinity/share/apps/tork/icons/hicolor/16x16/apps/tork_me.png
-- Installing: /build/tde-tork/pkg/tde-tork/opt/trinity/share/apps/tork/icons/hicolor/16x16/apps/tork_mg.png
-- Installing: /build/tde-tork/pkg/tde-tork/opt/trinity/share/apps/tork/icons/hicolor/16x16/apps/tork_mh.png
-- Installing: /build/tde-tork/pkg/tde-tork/opt/trinity/share/apps/tork/icons/hicolor/16x16/apps/tork_mk.png
-- Installing: /build/tde-tork/pkg/tde-tork/opt/trinity/share/apps/tork/icons/hicolor/16x16/apps/tork_ml.png
-- Installing: /build/tde-tork/pkg/tde-tork/opt/trinity/share/apps/tork/icons/hicolor/16x16/apps/tork_mm.png
-- Installing: /build/tde-tork/pkg/tde-tork/opt/trinity/share/apps/tork/icons/hicolor/16x16/apps/tork_mn.png
-- Installing: /build/tde-tork/pkg/tde-tork/opt/trinity/share/apps/tork/icons/hicolor/16x16/apps/tork_mo.png
-- Installing: /build/tde-tork/pkg/tde-tork/opt/trinity/share/apps/tork/icons/hicolor/16x16/apps/tork_mp.png
-- Installing: /build/tde-tork/pkg/tde-tork/opt/trinity/share/apps/tork/icons/hicolor/16x16/apps/tork_mq.png
-- Installing: /build/tde-tork/pkg/tde-tork/opt/trinity/share/apps/tork/icons/hicolor/16x16/apps/tork_mr.png
-- Installing: /build/tde-tork/pkg/tde-tork/opt/trinity/share/apps/tork/icons/hicolor/16x16/apps/tork_ms.png
-- Installing: /build/tde-tork/pkg/tde-tork/opt/trinity/share/apps/tork/icons/hicolor/16x16/apps/tork_msn_protocol.png
-- Installing: /build/tde-tork/pkg/tde-tork/opt/trinity/share/apps/tork/icons/hicolor/16x16/apps/tork_mt.png
-- Installing: /build/tde-tork/pkg/tde-tork/opt/trinity/share/apps/tork/icons/hicolor/16x16/apps/tork_mu.png
-- Installing: /build/tde-tork/pkg/tde-tork/opt/trinity/share/apps/tork/icons/hicolor/16x16/apps/tork_mv.png
-- Installing: /build/tde-tork/pkg/tde-tork/opt/trinity/share/apps/tork/icons/hicolor/16x16/apps/tork_mw.png
-- Installing: /build/tde-tork/pkg/tde-tork/opt/trinity/share/apps/tork/icons/hicolor/16x16/apps/tork_mx.png
-- Installing: /build/tde-tork/pkg/tde-tork/opt/trinity/share/apps/tork/icons/hicolor/16x16/apps/tork_my.png
-- Installing: /build/tde-tork/pkg/tde-tork/opt/trinity/share/apps/tork/icons/hicolor/16x16/apps/tork_mz.png
-- Installing: /build/tde-tork/pkg/tde-tork/opt/trinity/share/apps/tork/icons/hicolor/16x16/apps/tork_na.png
-- Installing: /build/tde-tork/pkg/tde-tork/opt/trinity/share/apps/tork/icons/hicolor/16x16/apps/tork_nc.png
-- Installing: /build/tde-tork/pkg/tde-tork/opt/trinity/share/apps/tork/icons/hicolor/16x16/apps/tork_ne.png
-- Installing: /build/tde-tork/pkg/tde-tork/opt/trinity/share/apps/tork/icons/hicolor/16x16/apps/tork_nf.png
-- Installing: /build/tde-tork/pkg/tde-tork/opt/trinity/share/apps/tork/icons/hicolor/16x16/apps/tork_ng.png
-- Installing: /build/tde-tork/pkg/tde-tork/opt/trinity/share/apps/tork/icons/hicolor/16x16/apps/tork_ni.png
-- Installing: /build/tde-tork/pkg/tde-tork/opt/trinity/share/apps/tork/icons/hicolor/16x16/apps/tork_nl.png
-- Installing: /build/tde-tork/pkg/tde-tork/opt/trinity/share/apps/tork/icons/hicolor/16x16/apps/tork_no.png
-- Installing: /build/tde-tork/pkg/tde-tork/opt/trinity/share/apps/tork/icons/hicolor/16x16/apps/tork_np.png
-- Installing: /build/tde-tork/pkg/tde-tork/opt/trinity/share/apps/tork/icons/hicolor/16x16/apps/tork_nr.png
-- Installing: /build/tde-tork/pkg/tde-tork/opt/trinity/share/apps/tork/icons/hicolor/16x16/apps/tork_nu.png
-- Installing: /build/tde-tork/pkg/tde-tork/opt/trinity/share/apps/tork/icons/hicolor/16x16/apps/tork_nz.png
-- Installing: /build/tde-tork/pkg/tde-tork/opt/trinity/share/apps/tork/icons/hicolor/16x16/apps/tork_om.png
-- Installing: /build/tde-tork/pkg/tde-tork/opt/trinity/share/apps/tork/icons/hicolor/16x16/apps/tork_pa.png
-- Installing: /build/tde-tork/pkg/tde-tork/opt/trinity/share/apps/tork/icons/hicolor/16x16/apps/tork_pe.png
-- Installing: /build/tde-tork/pkg/tde-tork/opt/trinity/share/apps/tork/icons/hicolor/16x16/apps/tork_pf.png
-- Installing: /build/tde-tork/pkg/tde-tork/opt/trinity/share/apps/tork/icons/hicolor/16x16/apps/tork_pg.png
-- Installing: /build/tde-tork/pkg/tde-tork/opt/trinity/share/apps/tork/icons/hicolor/16x16/apps/tork_ph.png
-- Installing: /build/tde-tork/pkg/tde-tork/opt/trinity/share/apps/tork/icons/hicolor/16x16/apps/tork_pk.png
-- Installing: /build/tde-tork/pkg/tde-tork/opt/trinity/share/apps/tork/icons/hicolor/16x16/apps/tork_pl.png
-- Installing: /build/tde-tork/pkg/tde-tork/opt/trinity/share/apps/tork/icons/hicolor/16x16/apps/tork_pm.png
-- Installing: /build/tde-tork/pkg/tde-tork/opt/trinity/share/apps/tork/icons/hicolor/16x16/apps/tork_pn.png
-- Installing: /build/tde-tork/pkg/tde-tork/opt/trinity/share/apps/tork/icons/hicolor/16x16/apps/tork_pr.png
-- Installing: /build/tde-tork/pkg/tde-tork/opt/trinity/share/apps/tork/icons/hicolor/16x16/apps/tork_ps.png
-- Installing: /build/tde-tork/pkg/tde-tork/opt/trinity/share/apps/tork/icons/hicolor/16x16/apps/tork_pt.png
-- Installing: /build/tde-tork/pkg/tde-tork/opt/trinity/share/apps/tork/icons/hicolor/16x16/apps/tork_pw.png
-- Installing: /build/tde-tork/pkg/tde-tork/opt/trinity/share/apps/tork/icons/hicolor/16x16/apps/tork_py.png
-- Installing: /build/tde-tork/pkg/tde-tork/opt/trinity/share/apps/tork/icons/hicolor/16x16/apps/tork_qa.png
-- Installing: /build/tde-tork/pkg/tde-tork/opt/trinity/share/apps/tork/icons/hicolor/16x16/apps/tork_re.png
-- Installing: /build/tde-tork/pkg/tde-tork/opt/trinity/share/apps/tork/icons/hicolor/16x16/apps/tork_ro.png
-- Installing: /build/tde-tork/pkg/tde-tork/opt/trinity/share/apps/tork/icons/hicolor/16x16/apps/tork_rs.png
-- Installing: /build/tde-tork/pkg/tde-tork/opt/trinity/share/apps/tork/icons/hicolor/16x16/apps/tork_rs.woa.png
-- Installing: /build/tde-tork/pkg/tde-tork/opt/trinity/share/apps/tork/icons/hicolor/16x16/apps/tork_ru.png
-- Installing: /build/tde-tork/pkg/tde-tork/opt/trinity/share/apps/tork/icons/hicolor/16x16/apps/tork_rw.png
-- Installing: /build/tde-tork/pkg/tde-tork/opt/trinity/share/apps/tork/icons/hicolor/16x16/apps/tork_sa.png
-- Installing: /build/tde-tork/pkg/tde-tork/opt/trinity/share/apps/tork/icons/hicolor/16x16/apps/tork_sb.png
-- Installing: /build/tde-tork/pkg/tde-tork/opt/trinity/share/apps/tork/icons/hicolor/16x16/apps/tork_sc.png
-- Installing: /build/tde-tork/pkg/tde-tork/opt/trinity/share/apps/tork/icons/hicolor/16x16/apps/tork_sd.png
-- Installing: /build/tde-tork/pkg/tde-tork/opt/trinity/share/apps/tork/icons/hicolor/16x16/apps/tork_se.png
-- Installing: /build/tde-tork/pkg/tde-tork/opt/trinity/share/apps/tork/icons/hicolor/16x16/apps/tork_sg.png
-- Installing: /build/tde-tork/pkg/tde-tork/opt/trinity/share/apps/tork/icons/hicolor/16x16/apps/tork_sh.png
-- Installing: /build/tde-tork/pkg/tde-tork/opt/trinity/share/apps/tork/icons/hicolor/16x16/apps/tork_si.png
-- Installing: /build/tde-tork/pkg/tde-tork/opt/trinity/share/apps/tork/icons/hicolor/16x16/apps/tork_sj.png
-- Installing: /build/tde-tork/pkg/tde-tork/opt/trinity/share/apps/tork/icons/hicolor/16x16/apps/tork_sk.png
-- Installing: /build/tde-tork/pkg/tde-tork/opt/trinity/share/apps/tork/icons/hicolor/16x16/apps/tork_sl.png
-- Installing: /build/tde-tork/pkg/tde-tork/opt/trinity/share/apps/tork/icons/hicolor/16x16/apps/tork_sm.png
-- Installing: /build/tde-tork/pkg/tde-tork/opt/trinity/share/apps/tork/icons/hicolor/16x16/apps/tork_sms_protocol.png
-- Installing: /build/tde-tork/pkg/tde-tork/opt/trinity/share/apps/tork/icons/hicolor/16x16/apps/tork_sn.png
-- Installing: /build/tde-tork/pkg/tde-tork/opt/trinity/share/apps/tork/icons/hicolor/16x16/apps/tork_so.png
-- Installing: /build/tde-tork/pkg/tde-tork/opt/trinity/share/apps/tork/icons/hicolor/16x16/apps/tork_sr.png
-- Installing: /build/tde-tork/pkg/tde-tork/opt/trinity/share/apps/tork/icons/hicolor/16x16/apps/tork_st.png
-- Installing: /build/tde-tork/pkg/tde-tork/opt/trinity/share/apps/tork/icons/hicolor/16x16/apps/tork_sv.png
-- Installing: /build/tde-tork/pkg/tde-tork/opt/trinity/share/apps/tork/icons/hicolor/16x16/apps/tork_sy.png
-- Installing: /build/tde-tork/pkg/tde-tork/opt/trinity/share/apps/tork/icons/hicolor/16x16/apps/tork_sz.png
-- Installing: /build/tde-tork/pkg/tde-tork/opt/trinity/share/apps/tork/icons/hicolor/16x16/apps/tork_tc.png
-- Installing: /build/tde-tork/pkg/tde-tork/opt/trinity/share/apps/tork/icons/hicolor/16x16/apps/tork_td.png
-- Installing: /build/tde-tork/pkg/tde-tork/opt/trinity/share/apps/tork/icons/hicolor/16x16/apps/tork_testbed_protocol.png
-- Installing: /build/tde-tork/pkg/tde-tork/opt/trinity/share/apps/tork/icons/hicolor/16x16/apps/tork_tf.png
-- Installing: /build/tde-tork/pkg/tde-tork/opt/trinity/share/apps/tork/icons/hicolor/16x16/apps/tork_tg.png
-- Installing: /build/tde-tork/pkg/tde-tork/opt/trinity/share/apps/tork/icons/hicolor/16x16/apps/tork_th.png
-- Installing: /build/tde-tork/pkg/tde-tork/opt/trinity/share/apps/tork/icons/hicolor/16x16/apps/tork_tj.png
-- Installing: /build/tde-tork/pkg/tde-tork/opt/trinity/share/apps/tork/icons/hicolor/16x16/apps/tork_tk.png
-- Installing: /build/tde-tork/pkg/tde-tork/opt/trinity/share/apps/tork/icons/hicolor/16x16/apps/tork_tl.png
-- Installing: /build/tde-tork/pkg/tde-tork/opt/trinity/share/apps/tork/icons/hicolor/16x16/apps/tork_tm.png
-- Installing: /build/tde-tork/pkg/tde-tork/opt/trinity/share/apps/tork/icons/hicolor/16x16/apps/tork_tn.png
-- Installing: /build/tde-tork/pkg/tde-tork/opt/trinity/share/apps/tork/icons/hicolor/16x16/apps/tork_to.png
-- Installing: /build/tde-tork/pkg/tde-tork/opt/trinity/share/apps/tork/icons/hicolor/16x16/apps/tork_tp.png
-- Installing: /build/tde-tork/pkg/tde-tork/opt/trinity/share/apps/tork/icons/hicolor/16x16/apps/tork_tr.png
-- Installing: /build/tde-tork/pkg/tde-tork/opt/trinity/share/apps/tork/icons/hicolor/16x16/apps/tork_tt.png
-- Installing: /build/tde-tork/pkg/tde-tork/opt/trinity/share/apps/tork/icons/hicolor/16x16/apps/tork_tv.png
-- Installing: /build/tde-tork/pkg/tde-tork/opt/trinity/share/apps/tork/icons/hicolor/16x16/apps/tork_tw.png
-- Installing: /build/tde-tork/pkg/tde-tork/opt/trinity/share/apps/tork/icons/hicolor/16x16/apps/tork_tz.png
-- Installing: /build/tde-tork/pkg/tde-tork/opt/trinity/share/apps/tork/icons/hicolor/16x16/apps/tork_ua.png
-- Installing: /build/tde-tork/pkg/tde-tork/opt/trinity/share/apps/tork/icons/hicolor/16x16/apps/tork_ug.png
-- Installing: /build/tde-tork/pkg/tde-tork/opt/trinity/share/apps/tork/icons/hicolor/16x16/apps/tork_um.png
-- Installing: /build/tde-tork/pkg/tde-tork/opt/trinity/share/apps/tork/icons/hicolor/16x16/apps/tork_us.png
-- Installing: /build/tde-tork/pkg/tde-tork/opt/trinity/share/apps/tork/icons/hicolor/16x16/apps/tork_uy.png
-- Installing: /build/tde-tork/pkg/tde-tork/opt/trinity/share/apps/tork/icons/hicolor/16x16/apps/tork_uz.png
-- Installing: /build/tde-tork/pkg/tde-tork/opt/trinity/share/apps/tork/icons/hicolor/16x16/apps/tork_va.png
-- Installing: /build/tde-tork/pkg/tde-tork/opt/trinity/share/apps/tork/icons/hicolor/16x16/apps/tork_vc.png
-- Installing: /build/tde-tork/pkg/tde-tork/opt/trinity/share/apps/tork/icons/hicolor/16x16/apps/tork_ve.png
-- Installing: /build/tde-tork/pkg/tde-tork/opt/trinity/share/apps/tork/icons/hicolor/16x16/apps/tork_vg.png
-- Installing: /build/tde-tork/pkg/tde-tork/opt/trinity/share/apps/tork/icons/hicolor/16x16/apps/tork_vi.png
-- Installing: /build/tde-tork/pkg/tde-tork/opt/trinity/share/apps/tork/icons/hicolor/16x16/apps/tork_vn.png
-- Installing: /build/tde-tork/pkg/tde-tork/opt/trinity/share/apps/tork/icons/hicolor/16x16/apps/tork_vu.png
-- Installing: /build/tde-tork/pkg/tde-tork/opt/trinity/share/apps/tork/icons/hicolor/16x16/apps/tork_wf.png
-- Installing: /build/tde-tork/pkg/tde-tork/opt/trinity/share/apps/tork/icons/hicolor/16x16/apps/tork_ws.png
-- Installing: /build/tde-tork/pkg/tde-tork/opt/trinity/share/apps/tork/icons/hicolor/16x16/apps/tork_yahoo_protocol.png
-- Installing: /build/tde-tork/pkg/tde-tork/opt/trinity/share/apps/tork/icons/hicolor/16x16/apps/tork_ye.png
-- Installing: /build/tde-tork/pkg/tde-tork/opt/trinity/share/apps/tork/icons/hicolor/16x16/apps/tork_yt.png
-- Installing: /build/tde-tork/pkg/tde-tork/opt/trinity/share/apps/tork/icons/hicolor/16x16/apps/tork_yu.png
-- Installing: /build/tde-tork/pkg/tde-tork/opt/trinity/share/apps/tork/icons/hicolor/16x16/apps/tork_za.png
-- Installing: /build/tde-tork/pkg/tde-tork/opt/trinity/share/apps/tork/icons/hicolor/16x16/apps/tork_zm.png
-- Installing: /build/tde-tork/pkg/tde-tork/opt/trinity/share/apps/tork/icons/hicolor/16x16/apps/tork_zw.png
-- Installing: /build/tde-tork/pkg/tde-tork/opt/trinity/share/apps/tork/icons/hicolor/22x22/actions/tokr_green.png
-- Installing: /build/tde-tork/pkg/tde-tork/opt/trinity/share/apps/tork/icons/hicolor/22x22/actions/tork.png
-- Installing: /build/tde-tork/pkg/tde-tork/opt/trinity/share/apps/tork/icons/hicolor/22x22/actions/tork_green.png
-- Installing: /build/tde-tork/pkg/tde-tork/opt/trinity/share/apps/tork/icons/hicolor/22x22/actions/tork_green_exit.png
-- Installing: /build/tde-tork/pkg/tde-tork/opt/trinity/share/apps/tork/icons/hicolor/22x22/actions/tork_guard_detached.png
-- Installing: /build/tde-tork/pkg/tde-tork/opt/trinity/share/apps/tork/icons/hicolor/22x22/actions/tork_guard_down.png
-- Installing: /build/tde-tork/pkg/tde-tork/opt/trinity/share/apps/tork/icons/hicolor/22x22/actions/tork_guard_little.png
-- Installing: /build/tde-tork/pkg/tde-tork/opt/trinity/share/apps/tork/icons/hicolor/22x22/actions/tork_guard_red.png
-- Installing: /build/tde-tork/pkg/tde-tork/opt/trinity/share/apps/tork/icons/hicolor/22x22/actions/tork_guard_unlisted.png
-- Installing: /build/tde-tork/pkg/tde-tork/opt/trinity/share/apps/tork/icons/hicolor/22x22/actions/tork_guard_unusable.png
-- Installing: /build/tde-tork/pkg/tde-tork/opt/trinity/share/apps/tork/icons/hicolor/22x22/actions/tork_guard_up.png
-- Installing: /build/tde-tork/pkg/tde-tork/opt/trinity/share/apps/tork/icons/hicolor/22x22/actions/tork_konqueror_https.png
-- Installing: /build/tde-tork/pkg/tde-tork/opt/trinity/share/apps/tork/icons/hicolor/22x22/actions/tork_konsole_https.png
-- Installing: /build/tde-tork/pkg/tde-tork/opt/trinity/share/apps/tork/icons/hicolor/22x22/actions/tork_little.png
-- Installing: /build/tde-tork/pkg/tde-tork/opt/trinity/share/apps/tork/icons/hicolor/22x22/actions/tork_little_exit.png
-- Installing: /build/tde-tork/pkg/tde-tork/opt/trinity/share/apps/tork/icons/hicolor/22x22/actions/tork_none.png
-- Installing: /build/tde-tork/pkg/tde-tork/opt/trinity/share/apps/tork/icons/hicolor/22x22/actions/tork_orange.png
-- Installing: /build/tde-tork/pkg/tde-tork/opt/trinity/share/apps/tork/icons/hicolor/22x22/actions/tork_orange_exit.png
-- Installing: /build/tde-tork/pkg/tde-tork/opt/trinity/share/apps/tork/icons/hicolor/22x22/actions/tork_play.png
-- Installing: /build/tde-tork/pkg/tde-tork/opt/trinity/share/apps/tork/icons/hicolor/22x22/actions/tork_red.png
-- Installing: /build/tde-tork/pkg/tde-tork/opt/trinity/share/apps/tork/icons/hicolor/22x22/actions/tork_red_exit.png
-- Installing: /build/tde-tork/pkg/tde-tork/opt/trinity/share/apps/tork/icons/hicolor/22x22/actions/tork_server.png
-- Installing: /build/tde-tork/pkg/tde-tork/opt/trinity/share/apps/tork/icons/hicolor/22x22/actions/tork_stop.png
-- Installing: /build/tde-tork/pkg/tde-tork/opt/trinity/share/apps/tork/icons/hicolor/22x22/actions/tork_tor.png
-- Installing: /build/tde-tork/pkg/tde-tork/opt/trinity/share/apps/tork/icons/hicolor/22x22/actions/tork_torsmall.png
-- Installing: /build/tde-tork/pkg/tde-tork/opt/trinity/share/apps/tork/icons/hicolor/22x22/actions/tork_uncensor.png
-- Installing: /build/tde-tork/pkg/tde-tork/opt/trinity/share/apps/tork/icons/hicolor/22x22/actions/tork_yellow.png
-- Installing: /build/tde-tork/pkg/tde-tork/opt/trinity/share/apps/tork/icons/hicolor/22x22/actions/tork_yellow_exit.png
-- Installing: /build/tde-tork/pkg/tde-tork/opt/trinity/share/apps/tork/icons/hicolor/32x32/actions/tork.png
-- Installing: /build/tde-tork/pkg/tde-tork/opt/trinity/share/apps/tork/icons/hicolor/32x32/actions/tork_Apply_Settings.png
-- Installing: /build/tde-tork/pkg/tde-tork/opt/trinity/share/apps/tork/icons/hicolor/32x32/actions/tork_DNS_Leak_Warnings.png
-- Installing: /build/tde-tork/pkg/tde-tork/opt/trinity/share/apps/tork/icons/hicolor/32x32/actions/tork_Usage_Warnings.png
-- Installing: /build/tde-tork/pkg/tde-tork/opt/trinity/share/apps/tork/icons/hicolor/32x32/actions/tork_green.png
-- Installing: /build/tde-tork/pkg/tde-tork/opt/trinity/share/apps/tork/icons/hicolor/32x32/actions/tork_none.png
-- Installing: /build/tde-tork/pkg/tde-tork/opt/trinity/share/apps/tork/icons/hicolor/32x32/actions/tork_orange.png
-- Installing: /build/tde-tork/pkg/tde-tork/opt/trinity/share/apps/tork/icons/hicolor/32x32/actions/tork_red.png
-- Installing: /build/tde-tork/pkg/tde-tork/opt/trinity/share/apps/tork/icons/hicolor/32x32/actions/tork_yellow.png
-- Installing: /build/tde-tork/pkg/tde-tork/opt/trinity/share/apps/tork/icons/hicolor/32x32/apps/tork_FAILED.png
-- Installing: /build/tde-tork/pkg/tde-tork/opt/trinity/share/apps/tork/icons/hicolor/32x32/apps/tork_General_Warnings.png
-- Installing: /build/tde-tork/pkg/tde-tork/opt/trinity/share/apps/tork/icons/hicolor/32x32/apps/tork_Security_Warnings.png
-- Installing: /build/tde-tork/pkg/tde-tork/opt/trinity/share/apps/tork/icons/hicolor/32x32/apps/tork_TorK_Feedback.png
-- Installing: /build/tde-tork/pkg/tde-tork/opt/trinity/share/apps/tork/icons/hicolor/32x32/apps/tork_green.png
-- Installing: /build/tde-tork/pkg/tde-tork/opt/trinity/share/apps/tork/icons/hicolor/48x48/apps/tork.png
-- Installing: /build/tde-tork/pkg/tde-tork/opt/trinity/share/apps/tork/icons/hicolor/48x48/apps/tork_FAILED.png
-- Installing: /build/tde-tork/pkg/tde-tork/opt/trinity/share/apps/tork/icons/hicolor/48x48/apps/tork_a1.png
-- Installing: /build/tde-tork/pkg/tde-tork/opt/trinity/share/apps/tork/icons/hicolor/48x48/apps/tork_a2.png
-- Installing: /build/tde-tork/pkg/tde-tork/opt/trinity/share/apps/tork/icons/hicolor/48x48/apps/tork_agent.png
-- Installing: /build/tde-tork/pkg/tde-tork/opt/trinity/share/apps/tork/icons/hicolor/48x48/apps/tork_alert.png
-- Installing: /build/tde-tork/pkg/tde-tork/opt/trinity/share/apps/tork/icons/hicolor/48x48/apps/tork_firefox.png
-- Installing: /build/tde-tork/pkg/tde-tork/opt/trinity/share/apps/tork/icons/hicolor/48x48/apps/tork_green.png
-- Installing: /build/tde-tork/pkg/tde-tork/opt/trinity/share/apps/tork/icons/hicolor/48x48/apps/tork_help.png
-- Installing: /build/tde-tork/pkg/tde-tork/opt/trinity/share/apps/tork/icons/hicolor/48x48/apps/tork_identity.png
-- Installing: /build/tde-tork/pkg/tde-tork/opt/trinity/share/apps/tork/icons/hicolor/48x48/apps/tork_info.png
-- Installing: /build/tde-tork/pkg/tde-tork/opt/trinity/share/apps/tork/icons/hicolor/48x48/apps/tork_internet.png
-- Installing: /build/tde-tork/pkg/tde-tork/opt/trinity/share/apps/tork/icons/hicolor/48x48/apps/tork_kgpg.png
-- Installing: /build/tde-tork/pkg/tde-tork/opt/trinity/share/apps/tork/icons/hicolor/48x48/apps/tork_konqueror_play.png
-- Installing: /build/tde-tork/pkg/tde-tork/opt/trinity/share/apps/tork/icons/hicolor/48x48/apps/tork_konqueror_stop.png
-- Installing: /build/tde-tork/pkg/tde-tork/opt/trinity/share/apps/tork/icons/hicolor/48x48/apps/tork_konsole.png
-- Installing: /build/tde-tork/pkg/tde-tork/opt/trinity/share/apps/tork/icons/hicolor/48x48/apps/tork_konsolessh.png
-- Installing: /build/tde-tork/pkg/tde-tork/opt/trinity/share/apps/tork/icons/hicolor/48x48/apps/tork_mail.png
-- Installing: /build/tde-tork/pkg/tde-tork/opt/trinity/share/apps/tork/icons/hicolor/48x48/apps/tork_opera.png
-- Installing: /build/tde-tork/pkg/tde-tork/opt/trinity/share/apps/tork/icons/hicolor/48x48/apps/tork_penguin.png
-- Installing: /build/tde-tork/pkg/tde-tork/opt/trinity/share/apps/tork/icons/hicolor/48x48/apps/tork_play.png
-- Installing: /build/tde-tork/pkg/tde-tork/opt/trinity/share/apps/tork/icons/hicolor/48x48/apps/tork_pressplay.png
-- Installing: /build/tde-tork/pkg/tde-tork/opt/trinity/share/apps/tork/icons/hicolor/48x48/apps/tork_privoxy.png
-- Installing: /build/tde-tork/pkg/tde-tork/opt/trinity/share/apps/tork/icons/hicolor/48x48/apps/tork_remotetor.png
-- Installing: /build/tde-tork/pkg/tde-tork/opt/trinity/share/apps/tork/icons/hicolor/48x48/apps/tork_stop.png
-- Installing: /build/tde-tork/pkg/tde-tork/opt/trinity/share/apps/tork/icons/hicolor/48x48/apps/tork_torserver.png
-- Installing: /build/tde-tork/pkg/tde-tork/opt/trinity/share/icons/hicolor/48x48/apps/tork.png
-- Installing: /build/tde-tork/pkg/tde-tork/opt/trinity/bin/usewithtor
-- Installing: /build/tde-tork/pkg/tde-tork/opt/trinity/bin/torkarkollon
-- Set non-toolchain portion of runtime path of "/build/tde-tork/pkg/tde-tork/opt/trinity/bin/torkarkollon" to ""
-- Installing: /build/tde-tork/pkg/tde-tork/opt/trinity/share/man/man1/torkarkollon.1
-- Installing: /build/tde-tork/pkg/tde-tork/opt/trinity/share/apps/tork/privoxy/templates/blocked
-- Installing: /build/tde-tork/pkg/tde-tork/opt/trinity/share/apps/tork/privoxy/templates/cgi-error-404
-- Installing: /build/tde-tork/pkg/tde-tork/opt/trinity/share/apps/tork/privoxy/templates/cgi-error-bad-param
-- Installing: /build/tde-tork/pkg/tde-tork/opt/trinity/share/apps/tork/privoxy/templates/cgi-error-disabled
-- Installing: /build/tde-tork/pkg/tde-tork/opt/trinity/share/apps/tork/privoxy/templates/cgi-error-file
-- Installing: /build/tde-tork/pkg/tde-tork/opt/trinity/share/apps/tork/privoxy/templates/cgi-error-modified
-- Installing: /build/tde-tork/pkg/tde-tork/opt/trinity/share/apps/tork/privoxy/templates/cgi-error-parse
-- Installing: /build/tde-tork/pkg/tde-tork/opt/trinity/share/apps/tork/privoxy/templates/cgi-style.css
-- Installing: /build/tde-tork/pkg/tde-tork/opt/trinity/share/apps/tork/privoxy/templates/connect-failed
-- Installing: /build/tde-tork/pkg/tde-tork/opt/trinity/share/apps/tork/privoxy/templates/default
-- Installing: /build/tde-tork/pkg/tde-tork/opt/trinity/share/apps/tork/privoxy/templates/edit-actions-add-url-form
-- Installing: /build/tde-tork/pkg/tde-tork/opt/trinity/share/apps/tork/privoxy/templates/edit-actions-for-url
-- Installing: /build/tde-tork/pkg/tde-tork/opt/trinity/share/apps/tork/privoxy/templates/edit-actions-for-url-filter
-- Installing: /build/tde-tork/pkg/tde-tork/opt/trinity/share/apps/tork/privoxy/templates/edit-actions-list
-- Installing: /build/tde-tork/pkg/tde-tork/opt/trinity/share/apps/tork/privoxy/templates/edit-actions-list-section
-- Installing: /build/tde-tork/pkg/tde-tork/opt/trinity/share/apps/tork/privoxy/templates/edit-actions-list-url
-- Installing: /build/tde-tork/pkg/tde-tork/opt/trinity/share/apps/tork/privoxy/templates/edit-actions-remove-url-form
-- Installing: /build/tde-tork/pkg/tde-tork/opt/trinity/share/apps/tork/privoxy/templates/edit-actions-url-form
-- Installing: /build/tde-tork/pkg/tde-tork/opt/trinity/share/apps/tork/privoxy/templates/mod-local-help
-- Installing: /build/tde-tork/pkg/tde-tork/opt/trinity/share/apps/tork/privoxy/templates/mod-support-and-service
-- Installing: /build/tde-tork/pkg/tde-tork/opt/trinity/share/apps/tork/privoxy/templates/mod-title
-- Installing: /build/tde-tork/pkg/tde-tork/opt/trinity/share/apps/tork/privoxy/templates/mod-unstable-warning
-- Installing: /build/tde-tork/pkg/tde-tork/opt/trinity/share/apps/tork/privoxy/templates/no-such-domain
-- Installing: /build/tde-tork/pkg/tde-tork/opt/trinity/share/apps/tork/privoxy/templates/show-request
-- Installing: /build/tde-tork/pkg/tde-tork/opt/trinity/share/apps/tork/privoxy/templates/show-status
-- Installing: /build/tde-tork/pkg/tde-tork/opt/trinity/share/apps/tork/privoxy/templates/show-status-file
-- Installing: /build/tde-tork/pkg/tde-tork/opt/trinity/share/apps/tork/privoxy/templates/show-url-info
-- Installing: /build/tde-tork/pkg/tde-tork/opt/trinity/share/apps/tork/privoxy/templates/show-version
-- Installing: /build/tde-tork/pkg/tde-tork/opt/trinity/share/apps/tork/privoxy/templates/toggle
-- Installing: /build/tde-tork/pkg/tde-tork/opt/trinity/share/apps/tork/privoxy/templates/toggle-mini
-- Installing: /build/tde-tork/pkg/tde-tork/opt/trinity/share/apps/tork/privoxy/templates/untrusted
-- Installing: /build/tde-tork/pkg/tde-tork/opt/trinity/lib/trinity/tdehtml_tork.so
-- Set non-toolchain portion of runtime path of "/build/tde-tork/pkg/tde-tork/opt/trinity/lib/trinity/tdehtml_tork.so" to ""
-- Installing: /build/tde-tork/pkg/tde-tork/opt/trinity/lib/trinity/tdehtml_tork.la
-- Installing: /build/tde-tork/pkg/tde-tork/opt/trinity/share/apps/tork/icons/hicolor/22x22/apps/tork_konqueroroff.png
-- Installing: /build/tde-tork/pkg/tde-tork/opt/trinity/share/apps/tork/icons/hicolor/22x22/apps/tork_konqueroron.png
-- Up-to-date: /build/tde-tork/pkg/tde-tork/opt/trinity/share/apps/tork/icons/hicolor/48x48/apps/tork_firefox.png
-- Up-to-date: /build/tde-tork/pkg/tde-tork/opt/trinity/share/apps/tork/icons/hicolor/48x48/apps/tork_opera.png
-- Installing: /build/tde-tork/pkg/tde-tork/opt/trinity/share/apps/tdehtml/kpartplugins/tork_plug_in.rc
-- Installing: /build/tde-tork/pkg/tde-tork/opt/trinity/share/applications/tde/tork_plug_in.desktop
-- Installing: /build/tde-tork/pkg/tde-tork/opt/trinity/lib/trinity/kickermenu_tork.so
-- Set non-toolchain portion of runtime path of "/build/tde-tork/pkg/tde-tork/opt/trinity/lib/trinity/kickermenu_tork.so" to ""
-- Installing: /build/tde-tork/pkg/tde-tork/opt/trinity/lib/trinity/kickermenu_tork.la
-- Installing: /build/tde-tork/pkg/tde-tork/opt/trinity/share/apps/kicker/menuext/torkmenu.desktop
-- Installing: /build/tde-tork/pkg/tde-tork/opt/trinity/lib/trinity/tdeio_torioslave.so
-- Set non-toolchain portion of runtime path of "/build/tde-tork/pkg/tde-tork/opt/trinity/lib/trinity/tdeio_torioslave.so" to ""
-- Installing: /build/tde-tork/pkg/tde-tork/opt/trinity/lib/trinity/tdeio_torioslave.la
-- Installing: /build/tde-tork/pkg/tde-tork/opt/trinity/share/services/torioslave.protocol
==> Tidying install...
  -> Purging unwanted files...
  -> Copying source files needed for debug symbols...
  -> Compressing man and info pages...
==> Checking for packaging issues...
==> WARNING: Package contains reference to $srcdir
usr/src/debug/tde-tork/build/src/configdialog.moc
usr/src/debug/tde-tork/build/src/dcoptork_skel.cpp
usr/src/debug/tde-tork/build/src/dndlistview.moc
usr/src/debug/tde-tork/build/src/hitwidget.moc
usr/src/debug/tde-tork/build/src/kerrylabel.moc
usr/src/debug/tde-tork/build/src/kwidgetlistbox.moc
usr/src/debug/tde-tork/build/src/likeback.moc
usr/src/debug/tde-tork/build/src/likeback_private.moc
usr/src/debug/tde-tork/build/src/newstreamosd.moc
usr/src/debug/tde-tork/build/src/popupMessage.moc
usr/src/debug/tde-tork/build/src/statgraph.moc
usr/src/debug/tde-tork/build/src/testprivacyproxy.moc
usr/src/debug/tde-tork/build/src/torclient.moc
usr/src/debug/tde-tork/build/src/tork.moc
usr/src/debug/tde-tork/build/src/torkactivelabel.moc
usr/src/debug/tde-tork/build/src/torkview.moc
usr/src/debug/tde-tork/build/src/trayhoverpopup.moc
usr/src/debug/tde-tork/build/src/trayicon.moc
usr/src/debug/tde-tork/build/src/update.moc
usr/src/debug/tde-tork/build/src/upnp/exitoperation.moc
usr/src/debug/tde-tork/build/src/upnp/httprequest.moc
usr/src/debug/tde-tork/build/src/upnp/upnpmcastsocket.moc
usr/src/debug/tde-tork/build/src/upnp/upnprouter.moc
usr/src/debug/tde-tork/build/src/upnpmanager.moc
usr/src/debug/tde-tork/build/src/arkollon/uninstallwizard.moc
usr/src/debug/tde-tork/build/src/arkollon/wizard.moc
usr/src/debug/tde-tork/build/src/konqplugin/tork_plug_in.moc
usr/src/debug/tde-tork/build/src/torkapplet/tork_mnu.moc
==> Creating package "tde-tork"...
  -> Generating .PKGINFO file...
  -> Generating .BUILDINFO file...
  -> Generating .MTREE file...
  -> Compressing package...
==> Leaving fakeroot environment.
==> Finished making: tde-tork 14.1.3-1 (Tue Apr  8 10:35:20 2025)
==> Removing chroot copy [/home/buildbot/archpower/powerpc64le/buildbot-626679]...done
[34h[?25h