Starting build for compface
Attempting to acquire SRCDEST lock for /mnt/caches/sources (package: compface)
SRCDEST lock acquired successfully
Using ppc32 prefix for powerpc architecture to ensure 32-bit detection
Running: sudo ppc32 makechrootpkg -cuT -r /home/buildbot/archpower/powerpc -d /mnt/caches/sources
==> Synchronizing chroot copy [/home/buildbot/archpower/powerpc/root] -> [buildbot-1907]...done
:: Synchronizing package databases...
 stage-any downloading...
 stage downloading...
 testing-any downloading...
 testing downloading...
 base-any downloading...
 base downloading...
:: Starting full system upgrade...
resolving dependencies...
looking for conflicting packages...

Packages (18) audit-4.0.5-1  binutils-2.45+r29+g2b2e51a31ec7-1  ca-certificates-mozilla-3.115-1  gcc-15.2.1+r22+gc4e96a094636-1  gcc-libs-15.2.1+r22+gc4e96a094636-1  glibc-2.42+r17+gd7274d718e6f-1  gmp-6.3.0-2.3  gnupg-2.4.8-1  gnutls-3.8.10-1  gpgme-2.0.0-1  libbpf-1.5.1-1  libtool-2.5.4+r23+g5b582aed-2  libusb-1.0.29-1  linux-api-headers-6.16-1  pacman-7.0.0.r7.g1f38429-1  systemd-257.7-1  systemd-libs-257.7-1  systemd-sysvcompat-257.7-1

Total Installed Size:  462.46 MiB
Net Upgrade Size:       23.46 MiB

:: Proceed with installation? [Y/n]
checking keyring...
checking package integrity...
loading package files...
checking for file conflicts...
checking available disk space...
:: Processing package changes...
upgrading linux-api-headers...
upgrading glibc...
Generating locales...
  en_US.UTF-8... done
  de_DE.UTF-8... done
Generation complete.
upgrading gcc-libs...
upgrading audit...
upgrading gmp...
upgrading systemd-libs...
upgrading ca-certificates-mozilla...
upgrading binutils...
upgrading gcc...
upgrading gnutls...
upgrading libusb...
upgrading gnupg...
upgrading gpgme...
upgrading libbpf...
upgrading libtool...
upgrading systemd...
upgrading pacman...
upgrading systemd-sysvcompat...
:: Running post-transaction hooks...
( 1/14) Creating system user accounts...
( 2/14) Updating journal message catalog...
( 3/14) Reloading system manager configuration...
  Skipped: Current root is not booted.
( 4/14) Reloading user manager configuration...
  Skipped: Current root is not booted.
( 5/14) Updating udev hardware database...
( 6/14) Restarting marked services...
  Skipped: Current root is not booted.
( 7/14) Applying kernel sysctl settings...
  Skipped: Current root is not booted.
( 8/14) Creating temporary files...
( 9/14) Reloading device manager configuration...
  Skipped: Device manager is not running.
(10/14) Arming ConditionNeedsUpdate...
(11/14) Rebuilding certificate stores...
(12/14) Updating linux initcpios...
(13/14) Reloading system bus configuration...
  Skipped: Current root is not booted.
(14/14) Updating the info directory file...
==> Making package: compface 1.5.2-13 (Wed Aug 27 21:02:53 2025)
==> Retrieving sources...
  -> Found compface-1.5.2.tar.gz
  -> Found compface-1.5.2-build.patch
  -> Found compface-c99.patch
  -> Found compface-modern-c-porting.patch
  -> Found license-from-upstream
==> Validating source files with sha256sums...
    compface-1.5.2.tar.gz ... Passed
    compface-1.5.2-build.patch ... Passed
    compface-c99.patch ... Passed
    compface-modern-c-porting.patch ... Passed
    license-from-upstream ... Passed
==> Making package: compface 1.5.2-13 (Wed Aug 27 21:02:58 2025)
==> Checking runtime dependencies...
==> Checking buildtime dependencies...
==> Retrieving sources...
  -> Found compface-1.5.2.tar.gz
  -> Found compface-1.5.2-build.patch
  -> Found compface-c99.patch
  -> Found compface-modern-c-porting.patch
  -> Found license-from-upstream
==> WARNING: Skipping all source file integrity checks.
==> Extracting sources...
  -> Extracting compface-1.5.2.tar.gz with bsdtar
==> Starting prepare()...
patching file Makefile.in
patching file cmain.c
patching file uncmain.c
patching file arith.c
patching file cmain.c
Hunk #1 succeeded at 63 (offset 2 lines).
Hunk #2 succeeded at 121 (offset 2 lines).
Hunk #3 succeeded at 144 (offset 2 lines).
Hunk #4 succeeded at 175 (offset 2 lines).
patching file compface.c
patching file compface.h
patching file compress.c
patching file file.c
patching file gen.c
patching file uncmain.c
Hunk #1 succeeded at 59 (offset 2 lines).
Hunk #2 succeeded at 124 (offset 2 lines).
Hunk #3 succeeded at 147 (offset 2 lines).
Hunk #4 succeeded at 178 (offset 2 lines).
patching file uncompface.c
autoreconf: export WARNINGS=
autoreconf: Entering directory '.'
autoreconf: configure.ac: not using Gettext
autoreconf: running: aclocal --force
autoreconf: configure.ac: tracing
autoreconf: configure.ac: not using Libtool
autoreconf: configure.ac: not using Intltool
autoreconf: configure.ac: not using Gtkdoc
autoreconf: running: /usr/bin/autoconf --force
configure.ac:6: warning: The macro 'AC_SET_MAKE' is obsolete.
configure.ac:6: You should run autoupdate.
./lib/autoconf/oldnames.m4:72: AC_SET_MAKE is expanded from...
configure.ac:6: the top level
configure.ac:15: warning: The macro 'AC_HEADER_STDC' is obsolete.
configure.ac:15: You should run autoupdate.
./lib/autoconf/headers.m4:663: AC_HEADER_STDC is expanded from...
configure.ac:15: the top level
autoreconf: configure.ac: not using Autoheader
autoreconf: configure.ac: not using Automake
autoreconf: './install-sh' is updated
autoreconf: Leaving directory '.'
==> Starting build()...
checking whether make sets $(MAKE)... yes
checking for gcc... powerpc-unknown-linux-gnu-gcc
checking whether the C compiler works... yes
checking for C compiler default output file name... a.out
checking for suffix of executables...
checking whether we are cross compiling... no
checking for suffix of object files... o
checking whether the compiler supports GNU C... yes
checking whether powerpc-unknown-linux-gnu-gcc accepts -g... yes
checking for powerpc-unknown-linux-gnu-gcc option to enable C11 features... none needed
checking for ranlib... ranlib
checking for a BSD-compatible install... /usr/bin/install -c
checking whether ln -s works... yes
checking for stdio.h... yes
checking for stdlib.h... yes
checking for string.h... yes
checking for inttypes.h... yes
checking for stdint.h... yes
checking for strings.h... yes
checking for sys/stat.h... yes
checking for sys/types.h... yes
checking for unistd.h... yes
checking for grep that handles long lines and -e... /usr/bin/grep
checking for egrep... /usr/bin/grep -E
checking for errno.h... yes
checking for fcntl.h... yes
checking for strings.h... (cached) yes
checking for strerror... yes
configure: creating ./config.status
config.status: creating Makefile
config.status: WARNING:  'Makefile.in' seems to ignore the --datarootdir setting
powerpc-unknown-linux-gnu-gcc -c  -DPACKAGE_NAME=\"\" -DPACKAGE_TARNAME=\"\" -DPACKAGE_VERSION=\"\" -DPACKAGE_STRING=\"\" -DPACKAGE_BUGREPORT=\"\" -DPACKAGE_URL=\"\" -DHAVE_STDIO_H=1 -DHAVE_STDLIB_H=1 -DHAVE_STRING_H=1 -DHAVE_INTTYPES_H=1 -DHAVE_STDINT_H=1 -DHAVE_STRINGS_H=1 -DHAVE_SYS_STAT_H=1 -DHAVE_SYS_TYPES_H=1 -DHAVE_UNISTD_H=1 -DSTDC_HEADERS=1 -DHAVE_ERRNO_H=1 -DHAVE_FCNTL_H=1 -DHAVE_STRINGS_H=1 -DHAVE_STRERROR=1 -DHAVE_CONFIG_H -O2 -pipe -g -ffile-prefix-map=/build/compface/src=/usr/src/debug/compface -flto -fPIC cmain.c
powerpc-unknown-linux-gnu-gcc -c  -DPACKAGE_NAME=\"\" -DPACKAGE_TARNAME=\"\" -DPACKAGE_VERSION=\"\" -DPACKAGE_STRING=\"\" -DPACKAGE_BUGREPORT=\"\" -DPACKAGE_URL=\"\" -DHAVE_STDIO_H=1 -DHAVE_STDLIB_H=1 -DHAVE_STRING_H=1 -DHAVE_INTTYPES_H=1 -DHAVE_STDINT_H=1 -DHAVE_STRINGS_H=1 -DHAVE_SYS_STAT_H=1 -DHAVE_SYS_TYPES_H=1 -DHAVE_UNISTD_H=1 -DSTDC_HEADERS=1 -DHAVE_ERRNO_H=1 -DHAVE_FCNTL_H=1 -DHAVE_STRINGS_H=1 -DHAVE_STRERROR=1 -DHAVE_CONFIG_H -O2 -pipe -g -ffile-prefix-map=/build/compface/src=/usr/src/debug/compface -flto -fPIC compface.c
powerpc-unknown-linux-gnu-gcc -c  -DPACKAGE_NAME=\"\" -DPACKAGE_TARNAME=\"\" -DPACKAGE_VERSION=\"\" -DPACKAGE_STRING=\"\" -DPACKAGE_BUGREPORT=\"\" -DPACKAGE_URL=\"\" -DHAVE_STDIO_H=1 -DHAVE_STDLIB_H=1 -DHAVE_STRING_H=1 -DHAVE_INTTYPES_H=1 -DHAVE_STDINT_H=1 -DHAVE_STRINGS_H=1 -DHAVE_SYS_STAT_H=1 -DHAVE_SYS_TYPES_H=1 -DHAVE_UNISTD_H=1 -DSTDC_HEADERS=1 -DHAVE_ERRNO_H=1 -DHAVE_FCNTL_H=1 -DHAVE_STRINGS_H=1 -DHAVE_STRERROR=1 -DHAVE_CONFIG_H -O2 -pipe -g -ffile-prefix-map=/build/compface/src=/usr/src/debug/compface -flto -fPIC arith.c
powerpc-unknown-linux-gnu-gcc -c  -DPACKAGE_NAME=\"\" -DPACKAGE_TARNAME=\"\" -DPACKAGE_VERSION=\"\" -DPACKAGE_STRING=\"\" -DPACKAGE_BUGREPORT=\"\" -DPACKAGE_URL=\"\" -DHAVE_STDIO_H=1 -DHAVE_STDLIB_H=1 -DHAVE_STRING_H=1 -DHAVE_INTTYPES_H=1 -DHAVE_STDINT_H=1 -DHAVE_STRINGS_H=1 -DHAVE_SYS_STAT_H=1 -DHAVE_SYS_TYPES_H=1 -DHAVE_UNISTD_H=1 -DSTDC_HEADERS=1 -DHAVE_ERRNO_H=1 -DHAVE_FCNTL_H=1 -DHAVE_STRINGS_H=1 -DHAVE_STRERROR=1 -DHAVE_CONFIG_H -O2 -pipe -g -ffile-prefix-map=/build/compface/src=/usr/src/debug/compface -flto -fPIC file.c
powerpc-unknown-linux-gnu-gcc -c  -DPACKAGE_NAME=\"\" -DPACKAGE_TARNAME=\"\" -DPACKAGE_VERSION=\"\" -DPACKAGE_STRING=\"\" -DPACKAGE_BUGREPORT=\"\" -DPACKAGE_URL=\"\" -DHAVE_STDIO_H=1 -DHAVE_STDLIB_H=1 -DHAVE_STRING_H=1 -DHAVE_INTTYPES_H=1 -DHAVE_STDINT_H=1 -DHAVE_STRINGS_H=1 -DHAVE_SYS_STAT_H=1 -DHAVE_SYS_TYPES_H=1 -DHAVE_UNISTD_H=1 -DSTDC_HEADERS=1 -DHAVE_ERRNO_H=1 -DHAVE_FCNTL_H=1 -DHAVE_STRINGS_H=1 -DHAVE_STRERROR=1 -DHAVE_CONFIG_H -O2 -pipe -g -ffile-prefix-map=/build/compface/src=/usr/src/debug/compface -flto -fPIC compress.c
powerpc-unknown-linux-gnu-gcc -c  -DPACKAGE_NAME=\"\" -DPACKAGE_TARNAME=\"\" -DPACKAGE_VERSION=\"\" -DPACKAGE_STRING=\"\" -DPACKAGE_BUGREPORT=\"\" -DPACKAGE_URL=\"\" -DHAVE_STDIO_H=1 -DHAVE_STDLIB_H=1 -DHAVE_STRING_H=1 -DHAVE_INTTYPES_H=1 -DHAVE_STDINT_H=1 -DHAVE_STRINGS_H=1 -DHAVE_SYS_STAT_H=1 -DHAVE_SYS_TYPES_H=1 -DHAVE_UNISTD_H=1 -DSTDC_HEADERS=1 -DHAVE_ERRNO_H=1 -DHAVE_FCNTL_H=1 -DHAVE_STRINGS_H=1 -DHAVE_STRERROR=1 -DHAVE_CONFIG_H -O2 -pipe -g -ffile-prefix-map=/build/compface/src=/usr/src/debug/compface -flto -fPIC gen.c
powerpc-unknown-linux-gnu-gcc -c  -DPACKAGE_NAME=\"\" -DPACKAGE_TARNAME=\"\" -DPACKAGE_VERSION=\"\" -DPACKAGE_STRING=\"\" -DPACKAGE_BUGREPORT=\"\" -DPACKAGE_URL=\"\" -DHAVE_STDIO_H=1 -DHAVE_STDLIB_H=1 -DHAVE_STRING_H=1 -DHAVE_INTTYPES_H=1 -DHAVE_STDINT_H=1 -DHAVE_STRINGS_H=1 -DHAVE_SYS_STAT_H=1 -DHAVE_SYS_TYPES_H=1 -DHAVE_UNISTD_H=1 -DSTDC_HEADERS=1 -DHAVE_ERRNO_H=1 -DHAVE_FCNTL_H=1 -DHAVE_STRINGS_H=1 -DHAVE_STRERROR=1 -DHAVE_CONFIG_H -O2 -pipe -g -ffile-prefix-map=/build/compface/src=/usr/src/debug/compface -flto -fPIC uncompface.c
powerpc-unknown-linux-gnu-gcc -shared -Wl,-soname,libcompface.so.1 -Wl,-O1 -Wl,--sort-common -Wl,--as-needed -Wl,-z,relro -Wl,-z,now -flto -o libcompface.so arith.o file.o compress.o gen.o uncompface.o
powerpc-unknown-linux-gnu-gcc -Wl,-O1 -Wl,--sort-common -Wl,--as-needed -Wl,-z,relro -Wl,-z,now -flto -o compface cmain.o compface.o -L. -lcompface
powerpc-unknown-linux-gnu-gcc -c  -DPACKAGE_NAME=\"\" -DPACKAGE_TARNAME=\"\" -DPACKAGE_VERSION=\"\" -DPACKAGE_STRING=\"\" -DPACKAGE_BUGREPORT=\"\" -DPACKAGE_URL=\"\" -DHAVE_STDIO_H=1 -DHAVE_STDLIB_H=1 -DHAVE_STRING_H=1 -DHAVE_INTTYPES_H=1 -DHAVE_STDINT_H=1 -DHAVE_STRINGS_H=1 -DHAVE_SYS_STAT_H=1 -DHAVE_SYS_TYPES_H=1 -DHAVE_UNISTD_H=1 -DSTDC_HEADERS=1 -DHAVE_ERRNO_H=1 -DHAVE_FCNTL_H=1 -DHAVE_STRINGS_H=1 -DHAVE_STRERROR=1 -DHAVE_CONFIG_H -O2 -pipe -g -ffile-prefix-map=/build/compface/src=/usr/src/debug/compface -flto -fPIC uncmain.c
powerpc-unknown-linux-gnu-gcc -Wl,-O1 -Wl,--sort-common -Wl,--as-needed -Wl,-z,relro -Wl,-z,now -flto -o uncompface uncmain.o -L. -lcompface
==> Entering fakeroot environment...
==> Starting package()...
/usr/bin/install -c -d /build/compface/pkg/compface/usr/bin /build/compface/pkg/compface/usr/lib /build/compface/pkg/compface/usr/share/man/man1 /build/compface/pkg/compface/usr/share/man/man3 /build/compface/pkg/compface/usr/include
/usr/bin/install -c ./compface /build/compface/pkg/compface/usr/bin/compface
/bin/true /build/compface/pkg/compface/usr/bin/compface
/usr/bin/install -c ./uncompface /build/compface/pkg/compface/usr/bin/uncompface
/bin/true /build/compface/pkg/compface/usr/bin/uncompface
/usr/bin/install -c -m 644 ./compface.1 /build/compface/pkg/compface/usr/share/man/man1/compface.1
cd /build/compface/pkg/compface/usr/share/man/man1 && rm -f ./uncompface.1 && ln -s compface.1 uncompface.1
/usr/bin/install -c -m 644 ./compface.3 /build/compface/pkg/compface/usr/share/man/man3/compface.3
cd /build/compface/pkg/compface/usr/share/man/man3 && rm -f ./uncompface.3 && ln -s compface.3 uncompface.3
for hdr in compface.h; do /usr/bin/install -c -m 644 ./${hdr} /build/compface/pkg/compface/usr/include/${hdr}; done
/usr/bin/install -c ./libcompface.so /build/compface/pkg/compface/usr/lib/libcompface.so.1.0.0
ln -s libcompface.so.1.0.0 /build/compface/pkg/compface/usr/lib/libcompface.so.1
ln -s libcompface.so.1 /build/compface/pkg/compface/usr/lib/libcompface.so
==> Tidying install...
  -> Removing libtool files...
  -> Purging unwanted files...
  -> Removing static library files...
  -> Stripping unneeded symbols from binaries and libraries...
  -> Compressing man and info pages...
==> Checking for packaging issues...
==> Creating package "compface"...
  -> Generating .PKGINFO file...
  -> Generating .BUILDINFO file...
  -> Generating .MTREE file...
  -> Compressing package...
==> Creating package "compface-debug"...
  -> Generating .PKGINFO file...
  -> Generating .BUILDINFO file...
  -> Generating .MTREE file...
  -> Compressing package...
==> Leaving fakeroot environment.
==> Finished making: compface 1.5.2-13 (Wed Aug 27 21:03:11 2025)
==> Removing chroot copy [/home/buildbot/archpower/powerpc/buildbot-1907]...done
[34h[?25h
Build completed successfully