-- The C compiler identification is GNU 13.2.1
-- The CXX compiler identification is GNU 13.2.1
-- Detecting C compiler ABI info
-- Detecting C compiler ABI info - done
-- Check for working C compiler: /usr/lib/ccache/bin/powerpc64-unknown-linux-gnu-gcc - skipped
-- Detecting C compile features
-- Detecting C compile features - done
-- Detecting CXX compiler ABI info
-- Detecting CXX compiler ABI info - done
-- Check for working CXX compiler: /usr/lib/ccache/bin/powerpc64-unknown-linux-gnu-g++ - skipped
-- Detecting CXX compile features
-- Detecting CXX compile features - done
-- 

-- Installing in the same prefix as Qt, adopting their path scheme.
-- Looking for __GLIBC__
-- Looking for __GLIBC__ - found
-- Performing Test _OFFT_IS_64BIT
-- Performing Test _OFFT_IS_64BIT - Success
-- Performing Test HAVE_DATE_TIME
-- Performing Test HAVE_DATE_TIME - Success
-- Performing Test BSYMBOLICFUNCTIONS_AVAILABLE
-- Performing Test BSYMBOLICFUNCTIONS_AVAILABLE - Success
-- Found X11: /usr/include   
-- Looking for XOpenDisplay in /usr/lib/libX11.so;/usr/lib/libXext.so
-- Looking for XOpenDisplay in /usr/lib/libX11.so;/usr/lib/libXext.so - found
-- Looking for gethostbyname
-- Looking for gethostbyname - found
-- Looking for connect
-- Looking for connect - found
-- Looking for remove
-- Looking for remove - found
-- Looking for shmat
-- Looking for shmat - found
-- Looking for IceConnectionNumber in ICE
-- Looking for IceConnectionNumber in ICE - found
-- Performing Test COMPILER_HAS_HIDDEN_VISIBILITY
-- Performing Test COMPILER_HAS_HIDDEN_VISIBILITY - Success
-- Performing Test COMPILER_HAS_HIDDEN_INLINE_VISIBILITY
-- Performing Test COMPILER_HAS_HIDDEN_INLINE_VISIBILITY - Success
-- Performing Test COMPILER_HAS_DEPRECATED_ATTR
-- Performing Test COMPILER_HAS_DEPRECATED_ATTR - Success
-- Found Doxygen: /usr/bin/doxygen (found suitable version "1.10.0", minimum required is "1.8.13") found components: doxygen missing components: dot
-- Found QHelpGenerator executable: /usr/bin/qhelpgenerator


Configuration file '/build/kcrash5/src/build/src/KF5Crash_ECMQchDoxygen.config' updated.

-- The following features have been enabled:

 * QCH, API documentation in QCH format (for e.g. Qt Assistant, Qt Creator & KDevelop)
 * Core Pattern Raising, Raising signals to kernel core patterns (iff the pattern is a process). You may wish to not install drkonqi if this can cause a UI conflict.

-- The following REQUIRED packages have been found:

 * ECM (required version >= 5.114.0), Extra CMake Modules., <https://commits.kde.org/extra-cmake-modules>
 * Qt5Gui
 * X11
 * Qt5X11Extras
 * Qt5 (required version >= 5.15.2)
 * Qt5Test (required version >= 5.15.2)
 * KF5CoreAddons (required version >= 5.114.0)
 * Doxygen (required version >= 1.8.13)
   Needed for API dox QCH file generation
 * QHelpGenerator, Part of Qt5 tools
   Needed for API dox QCH file generation
 * Qt5Core

-- Configuring done (4.2s)
-- Generating done (0.0s)
-- Build files have been written to: /build/kcrash5/src/build
[  0%] Built target Qt5Core_QCH
[  0%] Built target KF5Crash_autogen_timestamp_deps
[ 12%] Generating src/KF5Crash.qch, src/KF5Crash.tags
[ 25%] Automatic MOC for target KF5Crash
[ 25%] Built target KF5Crash_autogen
[ 37%] Building CXX object src/CMakeFiles/KF5Crash.dir/kcrash.cpp.o
[ 50%] Building CXX object src/CMakeFiles/KF5Crash.dir/metadata.cpp.o
[ 62%] Building CXX object src/CMakeFiles/KF5Crash.dir/KF5Crash_autogen/mocs_compilation.cpp.o
[ 75%] Building CXX object src/CMakeFiles/KF5Crash.dir/coreconfig.cpp.o
QStandardPaths: XDG_RUNTIME_DIR not set, defaulting to '/tmp/runtime-builduser'
Building up file structure...
Insert custom filters...
Insert help data for filter section (1 of 1)...
Insert files...
Insert contents...
Insert indices...
Documentation successfully generated.
[ 75%] Built target KF5Crash_QCH
[ 87%] Linking CXX shared library ../bin/libKF5Crash.so
[100%] Built target KF5Crash
